[2020-04-21 05:04:21.689] [jointLog] [info] Fragment incompatibility prior below threshold.  Incompatible fragments will be ignored.
[2020-04-21 05:04:21.689] [jointLog] [info] Usage of --validateMappings implies use of minScoreFraction. Since not explicitly specified, it is being set to 0.65
[2020-04-21 05:04:21.689] [jointLog] [info] Usage of --validateMappings implies a default consensus slack of 0.2. Setting consensusSlack to 0.35.
[2020-04-21 05:04:21.689] [jointLog] [info] parsing read library format
[2020-04-21 05:04:21.689] [jointLog] [info] There is 1 library.
[2020-04-21 05:04:21.730] [jointLog] [info] Loading pufferfish index
[2020-04-21 05:04:21.730] [jointLog] [info] Loading dense pufferfish index.
[2020-04-21 05:04:33.934] [jointLog] [info] done
[2020-04-21 05:04:33.934] [jointLog] [info] Index contained 52,598 targets
[2020-04-21 05:04:33.952] [jointLog] [info] Number of decoys : 993
[2020-04-21 05:04:33.952] [jointLog] [info] First decoy index : 51,591 
[2020-04-21 05:04:34.228] [jointLog] [info] Automatically detected most likely library type as SR
[2020-04-21 05:05:00.152] [jointLog] [info] Thread saw mini-batch with a maximum of 0.82% zero probability fragments
[2020-04-21 05:05:00.157] [jointLog] [info] Thread saw mini-batch with a maximum of 0.80% zero probability fragments
[2020-04-21 05:05:00.166] [jointLog] [info] Thread saw mini-batch with a maximum of 0.78% zero probability fragments
[2020-04-21 05:05:00.169] [jointLog] [info] Thread saw mini-batch with a maximum of 0.76% zero probability fragments
[2020-04-21 05:05:00.181] [jointLog] [info] Thread saw mini-batch with a maximum of 0.80% zero probability fragments
[2020-04-21 05:05:00.198] [jointLog] [info] Thread saw mini-batch with a maximum of 0.76% zero probability fragments
[2020-04-21 05:05:00.207] [jointLog] [info] Thread saw mini-batch with a maximum of 0.78% zero probability fragments
[2020-04-21 05:05:00.211] [jointLog] [info] Thread saw mini-batch with a maximum of 0.76% zero probability fragments
[2020-04-21 05:05:00.213] [jointLog] [info] Thread saw mini-batch with a maximum of 0.78% zero probability fragments
[2020-04-21 05:05:00.229] [jointLog] [info] Thread saw mini-batch with a maximum of 0.72% zero probability fragments
[2020-04-21 05:05:00.233] [jointLog] [info] Thread saw mini-batch with a maximum of 0.80% zero probability fragments
[2020-04-21 05:05:00.235] [jointLog] [info] Thread saw mini-batch with a maximum of 0.70% zero probability fragments
[2020-04-21 05:05:00.235] [jointLog] [info] Thread saw mini-batch with a maximum of 0.76% zero probability fragments
[2020-04-21 05:05:00.245] [jointLog] [info] Thread saw mini-batch with a maximum of 0.84% zero probability fragments
[2020-04-21 05:05:00.246] [jointLog] [info] Thread saw mini-batch with a maximum of 0.74% zero probability fragments
[2020-04-21 05:05:00.251] [jointLog] [info] Thread saw mini-batch with a maximum of 0.84% zero probability fragments
[2020-04-21 05:05:00.331] [jointLog] [info] Computed 97,060 rich equivalence classes for further processing
[2020-04-21 05:05:00.331] [jointLog] [info] Counted 9,615,140 total reads in the equivalence classes 
[2020-04-21 05:05:00.342] [jointLog] [warning] 0.0666504% of fragments were shorter than the k used to build the index.
If this fraction is too large, consider re-building the index with a smaller k.
The minimum read size found was 15.


[2020-04-21 05:05:00.342] [jointLog] [info] Number of mappings discarded because of alignment score : 10,872,249
[2020-04-21 05:05:00.342] [jointLog] [info] Number of fragments entirely discarded because of alignment score : 578,175
[2020-04-21 05:05:00.342] [jointLog] [info] Number of fragments discarded because they are best-mapped to decoys : 549,640
[2020-04-21 05:05:00.342] [jointLog] [info] Number of fragments discarded because they have only dovetail (discordant) mappings to valid targets : 0
[2020-04-21 05:05:00.342] [jointLog] [info] Mapping rate = 46.4487%

[2020-04-21 05:05:00.342] [jointLog] [info] finished quantifyLibrary()
[2020-04-21 05:05:00.343] [jointLog] [info] Starting optimizer
[2020-04-21 05:05:00.375] [jointLog] [info] Marked 0 weighted equivalence classes as degenerate
[2020-04-21 05:05:00.379] [jointLog] [info] iteration = 0 | max rel diff. = 14754.3
[2020-04-21 05:05:00.331] [fileLog] [info] 
At end of round 0
==================
Observed 20700563 total fragments (20700563 in most recent round)

[2020-04-21 05:05:00.672] [jointLog] [info] iteration = 100 | max rel diff. = 7.41643
[2020-04-21 05:05:00.954] [jointLog] [info] iteration = 200 | max rel diff. = 9.85585
[2020-04-21 05:05:01.230] [jointLog] [info] iteration = 300 | max rel diff. = 4.59234
[2020-04-21 05:05:01.507] [jointLog] [info] iteration = 400 | max rel diff. = 2.0688
[2020-04-21 05:05:01.784] [jointLog] [info] iteration = 500 | max rel diff. = 0.540015
[2020-04-21 05:05:02.060] [jointLog] [info] iteration = 600 | max rel diff. = 17.1944
[2020-04-21 05:05:02.337] [jointLog] [info] iteration = 700 | max rel diff. = 0.157361
[2020-04-21 05:05:02.613] [jointLog] [info] iteration = 800 | max rel diff. = 0.140236
[2020-04-21 05:05:02.890] [jointLog] [info] iteration = 900 | max rel diff. = 0.23432
[2020-04-21 05:05:03.166] [jointLog] [info] iteration = 1,000 | max rel diff. = 0.169873
[2020-04-21 05:05:03.444] [jointLog] [info] iteration = 1,100 | max rel diff. = 0.227933
[2020-04-21 05:05:03.461] [jointLog] [info] iteration = 1,107 | max rel diff. = 0.00737328
[2020-04-21 05:05:03.464] [jointLog] [info] Finished optimizer
[2020-04-21 05:05:03.464] [jointLog] [info] writing output 

