                                 Started job on |	Dec 18 11:00:56
                             Started mapping on |	Dec 18 11:06:25
                                    Finished on |	Dec 18 11:13:28
       Mapping speed, Million of reads per hour |	306.82

                          Number of input reads |	36051460
                      Average input read length |	273
                                    UNIQUE READS:
                   Uniquely mapped reads number |	30844845
                        Uniquely mapped reads % |	85.56%
                          Average mapped length |	272.04
                       Number of splices: Total |	12205911
            Number of splices: Annotated (sjdb) |	12117029
                       Number of splices: GT/AG |	11904080
                       Number of splices: GC/AG |	151384
                       Number of splices: AT/AC |	11131
               Number of splices: Non-canonical |	139316
                      Mismatch rate per base, % |	0.61%
                         Deletion rate per base |	0.06%
                        Deletion average length |	2.61
                        Insertion rate per base |	0.04%
                       Insertion average length |	2.43
                             MULTI-MAPPING READS:
        Number of reads mapped to multiple loci |	3915703
             % of reads mapped to multiple loci |	10.86%
        Number of reads mapped to too many loci |	110140
             % of reads mapped to too many loci |	0.31%
                                  UNMAPPED READS:
  Number of reads unmapped: too many mismatches |	0
       % of reads unmapped: too many mismatches |	0.00%
            Number of reads unmapped: too short |	1093930
                 % of reads unmapped: too short |	3.03%
                Number of reads unmapped: other |	86842
                     % of reads unmapped: other |	0.24%
                                  CHIMERIC READS:
                       Number of chimeric reads |	0
                            % of chimeric reads |	0.00%
