                                 Started job on |	Dec 18 11:02:16
                             Started mapping on |	Dec 18 11:07:12
                                    Finished on |	Dec 18 11:13:18
       Mapping speed, Million of reads per hour |	335.90

                          Number of input reads |	34150220
                      Average input read length |	275
                                    UNIQUE READS:
                   Uniquely mapped reads number |	29214216
                        Uniquely mapped reads % |	85.55%
                          Average mapped length |	274.36
                       Number of splices: Total |	11461867
            Number of splices: Annotated (sjdb) |	11382478
                       Number of splices: GT/AG |	11222208
                       Number of splices: GC/AG |	102838
                       Number of splices: AT/AC |	10549
               Number of splices: Non-canonical |	126272
                      Mismatch rate per base, % |	0.61%
                         Deletion rate per base |	0.05%
                        Deletion average length |	2.56
                        Insertion rate per base |	0.03%
                       Insertion average length |	2.50
                             MULTI-MAPPING READS:
        Number of reads mapped to multiple loci |	3789254
             % of reads mapped to multiple loci |	11.10%
        Number of reads mapped to too many loci |	105466
             % of reads mapped to too many loci |	0.31%
                                  UNMAPPED READS:
  Number of reads unmapped: too many mismatches |	0
       % of reads unmapped: too many mismatches |	0.00%
            Number of reads unmapped: too short |	967668
                 % of reads unmapped: too short |	2.83%
                Number of reads unmapped: other |	73616
                     % of reads unmapped: other |	0.22%
                                  CHIMERIC READS:
                       Number of chimeric reads |	0
                            % of chimeric reads |	0.00%
