                                 Started job on |	Dec 18 11:02:12
                             Started mapping on |	Dec 18 11:07:24
                                    Finished on |	Dec 18 11:14:14
       Mapping speed, Million of reads per hour |	296.51

                          Number of input reads |	33769139
                      Average input read length |	274
                                    UNIQUE READS:
                   Uniquely mapped reads number |	29102936
                        Uniquely mapped reads % |	86.18%
                          Average mapped length |	273.40
                       Number of splices: Total |	12882524
            Number of splices: Annotated (sjdb) |	12803648
                       Number of splices: GT/AG |	12518747
                       Number of splices: GC/AG |	130561
                       Number of splices: AT/AC |	10876
               Number of splices: Non-canonical |	222340
                      Mismatch rate per base, % |	0.59%
                         Deletion rate per base |	0.05%
                        Deletion average length |	2.60
                        Insertion rate per base |	0.03%
                       Insertion average length |	2.28
                             MULTI-MAPPING READS:
        Number of reads mapped to multiple loci |	3530476
             % of reads mapped to multiple loci |	10.45%
        Number of reads mapped to too many loci |	92841
             % of reads mapped to too many loci |	0.27%
                                  UNMAPPED READS:
  Number of reads unmapped: too many mismatches |	0
       % of reads unmapped: too many mismatches |	0.00%
            Number of reads unmapped: too short |	970523
                 % of reads unmapped: too short |	2.87%
                Number of reads unmapped: other |	72363
                     % of reads unmapped: other |	0.21%
                                  CHIMERIC READS:
                       Number of chimeric reads |	0
                            % of chimeric reads |	0.00%
