                                 Started job on |	Dec 18 11:00:52
                             Started mapping on |	Dec 18 11:05:51
                                    Finished on |	Dec 18 11:12:07
       Mapping speed, Million of reads per hour |	312.90

                          Number of input reads |	32680818
                      Average input read length |	273
                                    UNIQUE READS:
                   Uniquely mapped reads number |	28327338
                        Uniquely mapped reads % |	86.68%
                          Average mapped length |	272.20
                       Number of splices: Total |	11140543
            Number of splices: Annotated (sjdb) |	11065000
                       Number of splices: GT/AG |	10910239
                       Number of splices: GC/AG |	103293
                       Number of splices: AT/AC |	10250
               Number of splices: Non-canonical |	116761
                      Mismatch rate per base, % |	0.59%
                         Deletion rate per base |	0.05%
                        Deletion average length |	2.57
                        Insertion rate per base |	0.03%
                       Insertion average length |	2.38
                             MULTI-MAPPING READS:
        Number of reads mapped to multiple loci |	3291927
             % of reads mapped to multiple loci |	10.07%
        Number of reads mapped to too many loci |	90007
             % of reads mapped to too many loci |	0.28%
                                  UNMAPPED READS:
  Number of reads unmapped: too many mismatches |	0
       % of reads unmapped: too many mismatches |	0.00%
            Number of reads unmapped: too short |	900758
                 % of reads unmapped: too short |	2.76%
                Number of reads unmapped: other |	70788
                     % of reads unmapped: other |	0.22%
                                  CHIMERIC READS:
                       Number of chimeric reads |	0
                            % of chimeric reads |	0.00%
