                                 Started job on |	Dec 18 11:00:56
                             Started mapping on |	Dec 18 11:06:12
                                    Finished on |	Dec 18 11:12:14
       Mapping speed, Million of reads per hour |	339.77

                          Number of input reads |	34166251
                      Average input read length |	274
                                    UNIQUE READS:
                   Uniquely mapped reads number |	29199017
                        Uniquely mapped reads % |	85.46%
                          Average mapped length |	273.44
                       Number of splices: Total |	10993544
            Number of splices: Annotated (sjdb) |	10909163
                       Number of splices: GT/AG |	10735168
                       Number of splices: GC/AG |	111338
                       Number of splices: AT/AC |	10005
               Number of splices: Non-canonical |	137033
                      Mismatch rate per base, % |	0.61%
                         Deletion rate per base |	0.06%
                        Deletion average length |	2.61
                        Insertion rate per base |	0.04%
                       Insertion average length |	2.43
                             MULTI-MAPPING READS:
        Number of reads mapped to multiple loci |	3736871
             % of reads mapped to multiple loci |	10.94%
        Number of reads mapped to too many loci |	102008
             % of reads mapped to too many loci |	0.30%
                                  UNMAPPED READS:
  Number of reads unmapped: too many mismatches |	0
       % of reads unmapped: too many mismatches |	0.00%
            Number of reads unmapped: too short |	1054517
                 % of reads unmapped: too short |	3.09%
                Number of reads unmapped: other |	73838
                     % of reads unmapped: other |	0.22%
                                  CHIMERIC READS:
                       Number of chimeric reads |	0
                            % of chimeric reads |	0.00%
