                                 Started job on |	Dec 18 11:02:12
                             Started mapping on |	Dec 18 11:06:55
                                    Finished on |	Dec 18 11:12:04
       Mapping speed, Million of reads per hour |	313.25

                          Number of input reads |	26886909
                      Average input read length |	273
                                    UNIQUE READS:
                   Uniquely mapped reads number |	23410865
                        Uniquely mapped reads % |	87.07%
                          Average mapped length |	272.82
                       Number of splices: Total |	11677100
            Number of splices: Annotated (sjdb) |	11593115
                       Number of splices: GT/AG |	11410795
                       Number of splices: GC/AG |	114968
                       Number of splices: AT/AC |	10595
               Number of splices: Non-canonical |	140742
                      Mismatch rate per base, % |	0.60%
                         Deletion rate per base |	0.06%
                        Deletion average length |	2.80
                        Insertion rate per base |	0.03%
                       Insertion average length |	2.71
                             MULTI-MAPPING READS:
        Number of reads mapped to multiple loci |	2203685
             % of reads mapped to multiple loci |	8.20%
        Number of reads mapped to too many loci |	117467
             % of reads mapped to too many loci |	0.44%
                                  UNMAPPED READS:
  Number of reads unmapped: too many mismatches |	0
       % of reads unmapped: too many mismatches |	0.00%
            Number of reads unmapped: too short |	1069814
                 % of reads unmapped: too short |	3.98%
                Number of reads unmapped: other |	85078
                     % of reads unmapped: other |	0.32%
                                  CHIMERIC READS:
                       Number of chimeric reads |	0
                            % of chimeric reads |	0.00%
