                                 Started job on |	Dec 18 11:00:53
                             Started mapping on |	Dec 18 11:06:15
                                    Finished on |	Dec 18 11:12:13
       Mapping speed, Million of reads per hour |	335.86

                          Number of input reads |	33399414
                      Average input read length |	274
                                    UNIQUE READS:
                   Uniquely mapped reads number |	28589061
                        Uniquely mapped reads % |	85.60%
                          Average mapped length |	273.36
                       Number of splices: Total |	12952162
            Number of splices: Annotated (sjdb) |	12865416
                       Number of splices: GT/AG |	12658412
                       Number of splices: GC/AG |	146239
                       Number of splices: AT/AC |	11889
               Number of splices: Non-canonical |	135622
                      Mismatch rate per base, % |	0.60%
                         Deletion rate per base |	0.05%
                        Deletion average length |	2.63
                        Insertion rate per base |	0.03%
                       Insertion average length |	2.49
                             MULTI-MAPPING READS:
        Number of reads mapped to multiple loci |	3512319
             % of reads mapped to multiple loci |	10.52%
        Number of reads mapped to too many loci |	112688
             % of reads mapped to too many loci |	0.34%
                                  UNMAPPED READS:
  Number of reads unmapped: too many mismatches |	0
       % of reads unmapped: too many mismatches |	0.00%
            Number of reads unmapped: too short |	1080848
                 % of reads unmapped: too short |	3.24%
                Number of reads unmapped: other |	104498
                     % of reads unmapped: other |	0.31%
                                  CHIMERIC READS:
                       Number of chimeric reads |	0
                            % of chimeric reads |	0.00%
