                                 Started job on |	Dec 18 11:00:57
                             Started mapping on |	Dec 18 11:06:29
                                    Finished on |	Dec 18 11:12:34
       Mapping speed, Million of reads per hour |	310.01

                          Number of input reads |	31431085
                      Average input read length |	270
                                    UNIQUE READS:
                   Uniquely mapped reads number |	28541036
                        Uniquely mapped reads % |	90.81%
                          Average mapped length |	270.25
                       Number of splices: Total |	15866199
            Number of splices: Annotated (sjdb) |	15775042
                       Number of splices: GT/AG |	15518060
                       Number of splices: GC/AG |	171371
                       Number of splices: AT/AC |	14029
               Number of splices: Non-canonical |	162739
                      Mismatch rate per base, % |	0.55%
                         Deletion rate per base |	0.05%
                        Deletion average length |	2.83
                        Insertion rate per base |	0.03%
                       Insertion average length |	2.77
                             MULTI-MAPPING READS:
        Number of reads mapped to multiple loci |	1444577
             % of reads mapped to multiple loci |	4.60%
        Number of reads mapped to too many loci |	126474
             % of reads mapped to too many loci |	0.40%
                                  UNMAPPED READS:
  Number of reads unmapped: too many mismatches |	0
       % of reads unmapped: too many mismatches |	0.00%
            Number of reads unmapped: too short |	1224424
                 % of reads unmapped: too short |	3.90%
                Number of reads unmapped: other |	94574
                     % of reads unmapped: other |	0.30%
                                  CHIMERIC READS:
                       Number of chimeric reads |	0
                            % of chimeric reads |	0.00%
