                                 Started job on |	Dec 18 11:03:28
                             Started mapping on |	Dec 18 11:08:29
                                    Finished on |	Dec 18 11:14:01
       Mapping speed, Million of reads per hour |	336.26

                          Number of input reads |	31010566
                      Average input read length |	273
                                    UNIQUE READS:
                   Uniquely mapped reads number |	27673875
                        Uniquely mapped reads % |	89.24%
                          Average mapped length |	272.74
                       Number of splices: Total |	13072601
            Number of splices: Annotated (sjdb) |	12992872
                       Number of splices: GT/AG |	12762319
                       Number of splices: GC/AG |	134787
                       Number of splices: AT/AC |	11277
               Number of splices: Non-canonical |	164218
                      Mismatch rate per base, % |	0.58%
                         Deletion rate per base |	0.05%
                        Deletion average length |	2.61
                        Insertion rate per base |	0.03%
                       Insertion average length |	2.54
                             MULTI-MAPPING READS:
        Number of reads mapped to multiple loci |	2177173
             % of reads mapped to multiple loci |	7.02%
        Number of reads mapped to too many loci |	103524
             % of reads mapped to too many loci |	0.33%
                                  UNMAPPED READS:
  Number of reads unmapped: too many mismatches |	0
       % of reads unmapped: too many mismatches |	0.00%
            Number of reads unmapped: too short |	978525
                 % of reads unmapped: too short |	3.16%
                Number of reads unmapped: other |	77469
                     % of reads unmapped: other |	0.25%
                                  CHIMERIC READS:
                       Number of chimeric reads |	0
                            % of chimeric reads |	0.00%
