[2020-04-21 05:02:22.779] [jointLog] [info] Fragment incompatibility prior below threshold.  Incompatible fragments will be ignored.
[2020-04-21 05:02:22.779] [jointLog] [info] Usage of --validateMappings implies use of minScoreFraction. Since not explicitly specified, it is being set to 0.65
[2020-04-21 05:02:22.779] [jointLog] [info] Usage of --validateMappings implies a default consensus slack of 0.2. Setting consensusSlack to 0.35.
[2020-04-21 05:02:22.779] [jointLog] [info] parsing read library format
[2020-04-21 05:02:22.779] [jointLog] [info] There is 1 library.
[2020-04-21 05:02:22.819] [jointLog] [info] Loading pufferfish index
[2020-04-21 05:02:22.820] [jointLog] [info] Loading dense pufferfish index.
[2020-04-21 05:02:35.062] [jointLog] [info] done
[2020-04-21 05:02:35.062] [jointLog] [info] Index contained 52,598 targets
[2020-04-21 05:02:35.080] [jointLog] [info] Number of decoys : 993
[2020-04-21 05:02:35.080] [jointLog] [info] First decoy index : 51,591 
[2020-04-21 05:02:35.421] [jointLog] [info] Automatically detected most likely library type as SR
[2020-04-21 05:02:57.471] [fileLog] [info] 
At end of round 0
==================
Observed 22246557 total fragments (22246557 in most recent round)

[2020-04-21 05:02:57.339] [jointLog] [info] Thread saw mini-batch with a maximum of 0.66% zero probability fragments
[2020-04-21 05:02:57.344] [jointLog] [info] Thread saw mini-batch with a maximum of 0.64% zero probability fragments
[2020-04-21 05:02:57.346] [jointLog] [info] Thread saw mini-batch with a maximum of 0.62% zero probability fragments
[2020-04-21 05:02:57.355] [jointLog] [info] Thread saw mini-batch with a maximum of 0.60% zero probability fragments
[2020-04-21 05:02:57.361] [jointLog] [info] Thread saw mini-batch with a maximum of 0.62% zero probability fragments
[2020-04-21 05:02:57.368] [jointLog] [info] Thread saw mini-batch with a maximum of 0.62% zero probability fragments
[2020-04-21 05:02:57.370] [jointLog] [info] Thread saw mini-batch with a maximum of 0.70% zero probability fragments
[2020-04-21 05:02:57.381] [jointLog] [info] Thread saw mini-batch with a maximum of 0.60% zero probability fragments
[2020-04-21 05:02:57.384] [jointLog] [info] Thread saw mini-batch with a maximum of 0.66% zero probability fragments
[2020-04-21 05:02:57.386] [jointLog] [info] Thread saw mini-batch with a maximum of 0.62% zero probability fragments
[2020-04-21 05:02:57.386] [jointLog] [info] Thread saw mini-batch with a maximum of 0.58% zero probability fragments
[2020-04-21 05:02:57.387] [jointLog] [info] Thread saw mini-batch with a maximum of 0.58% zero probability fragments
[2020-04-21 05:02:57.387] [jointLog] [info] Thread saw mini-batch with a maximum of 0.62% zero probability fragments
[2020-04-21 05:02:57.387] [jointLog] [info] Thread saw mini-batch with a maximum of 0.62% zero probability fragments
[2020-04-21 05:02:57.392] [jointLog] [info] Thread saw mini-batch with a maximum of 0.56% zero probability fragments
[2020-04-21 05:02:57.393] [jointLog] [info] Thread saw mini-batch with a maximum of 0.62% zero probability fragments
[2020-04-21 05:02:57.470] [jointLog] [info] Computed 88,206 rich equivalence classes for further processing
[2020-04-21 05:02:57.470] [jointLog] [info] Counted 9,061,050 total reads in the equivalence classes 
[2020-04-21 05:02:57.481] [jointLog] [warning] 0.0562739% of fragments were shorter than the k used to build the index.
If this fraction is too large, consider re-building the index with a smaller k.
The minimum read size found was 15.


[2020-04-21 05:02:57.481] [jointLog] [info] Number of mappings discarded because of alignment score : 8,488,914
[2020-04-21 05:02:57.481] [jointLog] [info] Number of fragments entirely discarded because of alignment score : 474,738
[2020-04-21 05:02:57.481] [jointLog] [info] Number of fragments discarded because they are best-mapped to decoys : 449,554
[2020-04-21 05:02:57.481] [jointLog] [info] Number of fragments discarded because they have only dovetail (discordant) mappings to valid targets : 0
[2020-04-21 05:02:57.481] [jointLog] [info] Mapping rate = 40.7301%

[2020-04-21 05:02:57.481] [jointLog] [info] finished quantifyLibrary()
[2020-04-21 05:02:57.482] [jointLog] [info] Starting optimizer
[2020-04-21 05:02:57.513] [jointLog] [info] Marked 0 weighted equivalence classes as degenerate
[2020-04-21 05:02:57.516] [jointLog] [info] iteration = 0 | max rel diff. = 14128.6
[2020-04-21 05:02:57.774] [jointLog] [info] iteration = 100 | max rel diff. = 19.1505
[2020-04-21 05:02:58.020] [jointLog] [info] iteration = 200 | max rel diff. = 1.74758
[2020-04-21 05:02:58.267] [jointLog] [info] iteration = 300 | max rel diff. = 10.5195
[2020-04-21 05:02:58.520] [jointLog] [info] iteration = 400 | max rel diff. = 0.183049
[2020-04-21 05:02:58.766] [jointLog] [info] iteration = 500 | max rel diff. = 2.44966
[2020-04-21 05:02:59.011] [jointLog] [info] iteration = 600 | max rel diff. = 15.5006
[2020-04-21 05:02:59.258] [jointLog] [info] iteration = 700 | max rel diff. = 1.40483
[2020-04-21 05:02:59.504] [jointLog] [info] iteration = 800 | max rel diff. = 0.0596692
[2020-04-21 05:02:59.750] [jointLog] [info] iteration = 900 | max rel diff. = 0.0514152
[2020-04-21 05:02:59.997] [jointLog] [info] iteration = 1,000 | max rel diff. = 0.0404767
[2020-04-21 05:03:00.096] [jointLog] [info] iteration = 1,041 | max rel diff. = 0.00841891
[2020-04-21 05:03:00.097] [jointLog] [info] Finished optimizer
[2020-04-21 05:03:00.097] [jointLog] [info] writing output 

