[2020-04-21 04:57:14.787] [jointLog] [info] Fragment incompatibility prior below threshold.  Incompatible fragments will be ignored.
[2020-04-21 04:57:14.787] [jointLog] [info] Usage of --validateMappings implies use of minScoreFraction. Since not explicitly specified, it is being set to 0.65
[2020-04-21 04:57:14.787] [jointLog] [info] Usage of --validateMappings implies a default consensus slack of 0.2. Setting consensusSlack to 0.35.
[2020-04-21 04:57:14.787] [jointLog] [info] parsing read library format
[2020-04-21 04:57:14.787] [jointLog] [info] There is 1 library.
[2020-04-21 04:57:14.829] [jointLog] [info] Loading pufferfish index
[2020-04-21 04:57:14.829] [jointLog] [info] Loading dense pufferfish index.
[2020-04-21 04:57:27.120] [jointLog] [info] done
[2020-04-21 04:57:27.120] [jointLog] [info] Index contained 52,598 targets
[2020-04-21 04:57:27.137] [jointLog] [info] Number of decoys : 993
[2020-04-21 04:57:27.137] [jointLog] [info] First decoy index : 51,591 
[2020-04-21 04:57:27.424] [jointLog] [info] Automatically detected most likely library type as SR
[2020-04-21 04:57:41.065] [jointLog] [info] Thread saw mini-batch with a maximum of 0.60% zero probability fragments
[2020-04-21 04:57:41.067] [jointLog] [info] Thread saw mini-batch with a maximum of 0.64% zero probability fragments
[2020-04-21 04:57:41.076] [jointLog] [info] Thread saw mini-batch with a maximum of 0.64% zero probability fragments
[2020-04-21 04:57:41.082] [jointLog] [info] Thread saw mini-batch with a maximum of 0.64% zero probability fragments
[2020-04-21 04:57:41.088] [jointLog] [info] Thread saw mini-batch with a maximum of 0.68% zero probability fragments
[2020-04-21 04:57:41.090] [jointLog] [info] Thread saw mini-batch with a maximum of 0.68% zero probability fragments
[2020-04-21 04:57:41.092] [jointLog] [info] Thread saw mini-batch with a maximum of 0.78% zero probability fragments
[2020-04-21 04:57:41.097] [jointLog] [info] Thread saw mini-batch with a maximum of 0.62% zero probability fragments
[2020-04-21 04:57:41.098] [jointLog] [info] Thread saw mini-batch with a maximum of 0.60% zero probability fragments
[2020-04-21 04:57:41.099] [jointLog] [info] Thread saw mini-batch with a maximum of 0.64% zero probability fragments
[2020-04-21 04:57:41.112] [jointLog] [info] Thread saw mini-batch with a maximum of 0.66% zero probability fragments
[2020-04-21 04:57:41.118] [jointLog] [info] Thread saw mini-batch with a maximum of 0.62% zero probability fragments
[2020-04-21 04:57:41.121] [jointLog] [info] Thread saw mini-batch with a maximum of 0.58% zero probability fragments
[2020-04-21 04:57:41.123] [jointLog] [info] Thread saw mini-batch with a maximum of 0.64% zero probability fragments
[2020-04-21 04:57:41.124] [jointLog] [info] Thread saw mini-batch with a maximum of 0.64% zero probability fragments
[2020-04-21 04:57:41.125] [jointLog] [info] Thread saw mini-batch with a maximum of 0.58% zero probability fragments
[2020-04-21 04:57:41.202] [jointLog] [info] Computed 85,023 rich equivalence classes for further processing
[2020-04-21 04:57:41.202] [jointLog] [info] Counted 6,037,185 total reads in the equivalence classes 
[2020-04-21 04:57:41.213] [jointLog] [warning] 0.712892% of fragments were shorter than the k used to build the index.
If this fraction is too large, consider re-building the index with a smaller k.
The minimum read size found was 15.


[2020-04-21 04:57:41.213] [jointLog] [info] Number of mappings discarded because of alignment score : 5,347,193
[2020-04-21 04:57:41.213] [jointLog] [info] Number of fragments entirely discarded because of alignment score : 334,727
[2020-04-21 04:57:41.213] [jointLog] [info] Number of fragments discarded because they are best-mapped to decoys : 321,439
[2020-04-21 04:57:41.213] [jointLog] [info] Number of fragments discarded because they have only dovetail (discordant) mappings to valid targets : 0
[2020-04-21 04:57:41.213] [jointLog] [info] Mapping rate = 45.9368%

[2020-04-21 04:57:41.213] [jointLog] [info] finished quantifyLibrary()
[2020-04-21 04:57:41.214] [jointLog] [info] Starting optimizer
[2020-04-21 04:57:41.249] [jointLog] [info] Marked 0 weighted equivalence classes as degenerate
[2020-04-21 04:57:41.253] [jointLog] [info] iteration = 0 | max rel diff. = 10102
[2020-04-21 04:57:41.203] [fileLog] [info] 
At end of round 0
==================
Observed 13142379 total fragments (13142379 in most recent round)

[2020-04-21 04:57:41.501] [jointLog] [info] iteration = 100 | max rel diff. = 15.043
[2020-04-21 04:57:41.739] [jointLog] [info] iteration = 200 | max rel diff. = 0.891471
[2020-04-21 04:57:41.974] [jointLog] [info] iteration = 300 | max rel diff. = 3.43473
[2020-04-21 04:57:42.209] [jointLog] [info] iteration = 400 | max rel diff. = 2.82083
[2020-04-21 04:57:42.444] [jointLog] [info] iteration = 500 | max rel diff. = 0.126703
[2020-04-21 04:57:42.679] [jointLog] [info] iteration = 600 | max rel diff. = 0.149431
[2020-04-21 04:57:42.914] [jointLog] [info] iteration = 700 | max rel diff. = 0.318984
[2020-04-21 04:57:43.150] [jointLog] [info] iteration = 800 | max rel diff. = 0.0991032
[2020-04-21 04:57:43.385] [jointLog] [info] iteration = 900 | max rel diff. = 0.0322458
[2020-04-21 04:57:43.621] [jointLog] [info] iteration = 1,000 | max rel diff. = 0.0120155
[2020-04-21 04:57:43.857] [jointLog] [info] iteration = 1,100 | max rel diff. = 0.017166
[2020-04-21 04:57:43.954] [jointLog] [info] iteration = 1,142 | max rel diff. = 0.00416653
[2020-04-21 04:57:43.955] [jointLog] [info] Finished optimizer
[2020-04-21 04:57:43.955] [jointLog] [info] writing output 

