                                 Started job on |	Oct 13 10:39:51
                             Started mapping on |	Oct 13 10:40:12
                                    Finished on |	Oct 13 10:49:15
       Mapping speed, Million of reads per hour |	180.22

                          Number of input reads |	27182483
                      Average input read length |	263
                                    UNIQUE READS:
                   Uniquely mapped reads number |	24814290
                        Uniquely mapped reads % |	91.29%
                          Average mapped length |	263.72
                       Number of splices: Total |	14885481
            Number of splices: Annotated (sjdb) |	13934656
                       Number of splices: GT/AG |	14635584
                       Number of splices: GC/AG |	138238
                       Number of splices: AT/AC |	11467
               Number of splices: Non-canonical |	100192
                      Mismatch rate per base, % |	0.54%
                         Deletion rate per base |	0.05%
                        Deletion average length |	2.85
                        Insertion rate per base |	0.03%
                       Insertion average length |	2.77
                             MULTI-MAPPING READS:
        Number of reads mapped to multiple loci |	894867
             % of reads mapped to multiple loci |	3.29%
        Number of reads mapped to too many loci |	137537
             % of reads mapped to too many loci |	0.51%
                                  UNMAPPED READS:
       % of reads unmapped: too many mismatches |	0.00%
                 % of reads unmapped: too short |	4.63%
                     % of reads unmapped: other |	0.28%
                                  CHIMERIC READS:
                       Number of chimeric reads |	0
                            % of chimeric reads |	0.00%
