                                 Started job on |	Oct 13 11:46:19
                             Started mapping on |	Oct 13 11:46:35
                                    Finished on |	Oct 13 11:53:57
       Mapping speed, Million of reads per hour |	182.26

                          Number of input reads |	22377851
                      Average input read length |	269
                                    UNIQUE READS:
                   Uniquely mapped reads number |	20424322
                        Uniquely mapped reads % |	91.27%
                          Average mapped length |	268.47
                       Number of splices: Total |	10504111
            Number of splices: Annotated (sjdb) |	9887338
                       Number of splices: GT/AG |	10324008
                       Number of splices: GC/AG |	90699
                       Number of splices: AT/AC |	8466
               Number of splices: Non-canonical |	80938
                      Mismatch rate per base, % |	0.57%
                         Deletion rate per base |	0.06%
                        Deletion average length |	2.66
                        Insertion rate per base |	0.04%
                       Insertion average length |	2.54
                             MULTI-MAPPING READS:
        Number of reads mapped to multiple loci |	940330
             % of reads mapped to multiple loci |	4.20%
        Number of reads mapped to too many loci |	85593
             % of reads mapped to too many loci |	0.38%
                                  UNMAPPED READS:
       % of reads unmapped: too many mismatches |	0.00%
                 % of reads unmapped: too short |	3.87%
                     % of reads unmapped: other |	0.27%
                                  CHIMERIC READS:
                       Number of chimeric reads |	0
                            % of chimeric reads |	0.00%
