                                 Started job on |	Oct 13 11:54:02
                             Started mapping on |	Oct 13 11:54:28
                                    Finished on |	Oct 13 12:02:01
       Mapping speed, Million of reads per hour |	180.61

                          Number of input reads |	22726809
                      Average input read length |	269
                                    UNIQUE READS:
                   Uniquely mapped reads number |	20685823
                        Uniquely mapped reads % |	91.02%
                          Average mapped length |	268.39
                       Number of splices: Total |	10409570
            Number of splices: Annotated (sjdb) |	9809532
                       Number of splices: GT/AG |	10231504
                       Number of splices: GC/AG |	88351
                       Number of splices: AT/AC |	8518
               Number of splices: Non-canonical |	81197
                      Mismatch rate per base, % |	0.58%
                         Deletion rate per base |	0.06%
                        Deletion average length |	2.64
                        Insertion rate per base |	0.04%
                       Insertion average length |	2.50
                             MULTI-MAPPING READS:
        Number of reads mapped to multiple loci |	1004831
             % of reads mapped to multiple loci |	4.42%
        Number of reads mapped to too many loci |	92495
             % of reads mapped to too many loci |	0.41%
                                  UNMAPPED READS:
       % of reads unmapped: too many mismatches |	0.00%
                 % of reads unmapped: too short |	3.87%
                     % of reads unmapped: other |	0.29%
                                  CHIMERIC READS:
                       Number of chimeric reads |	0
                            % of chimeric reads |	0.00%
