[2020-04-21 04:54:44.067] [jointLog] [info] Fragment incompatibility prior below threshold.  Incompatible fragments will be ignored.
[2020-04-21 04:54:44.067] [jointLog] [info] Usage of --validateMappings implies use of minScoreFraction. Since not explicitly specified, it is being set to 0.65
[2020-04-21 04:54:44.067] [jointLog] [info] Usage of --validateMappings implies a default consensus slack of 0.2. Setting consensusSlack to 0.35.
[2020-04-21 04:54:44.067] [jointLog] [info] parsing read library format
[2020-04-21 04:54:44.067] [jointLog] [info] There is 1 library.
[2020-04-21 04:54:44.108] [jointLog] [info] Loading pufferfish index
[2020-04-21 04:54:44.108] [jointLog] [info] Loading dense pufferfish index.
[2020-04-21 04:54:56.399] [jointLog] [info] done
[2020-04-21 04:54:56.399] [jointLog] [info] Index contained 52,598 targets
[2020-04-21 04:54:56.417] [jointLog] [info] Number of decoys : 993
[2020-04-21 04:54:56.417] [jointLog] [info] First decoy index : 51,591 
[2020-04-21 04:54:56.712] [jointLog] [info] Automatically detected most likely library type as SR
[2020-04-21 04:55:14.894] [jointLog] [info] Thread saw mini-batch with a maximum of 0.78% zero probability fragments
[2020-04-21 04:55:14.898] [jointLog] [info] Thread saw mini-batch with a maximum of 0.88% zero probability fragments
[2020-04-21 04:55:14.899] [jointLog] [info] Thread saw mini-batch with a maximum of 0.96% zero probability fragments
[2020-04-21 04:55:14.913] [jointLog] [info] Thread saw mini-batch with a maximum of 0.82% zero probability fragments
[2020-04-21 04:55:14.913] [jointLog] [info] Thread saw mini-batch with a maximum of 0.88% zero probability fragments
[2020-04-21 04:55:14.925] [jointLog] [info] Thread saw mini-batch with a maximum of 0.82% zero probability fragments
[2020-04-21 04:55:14.937] [jointLog] [info] Thread saw mini-batch with a maximum of 0.96% zero probability fragments
[2020-04-21 04:55:14.945] [jointLog] [info] Thread saw mini-batch with a maximum of 0.94% zero probability fragments
[2020-04-21 04:55:14.949] [jointLog] [info] Thread saw mini-batch with a maximum of 0.86% zero probability fragments
[2020-04-21 04:55:14.953] [jointLog] [info] Thread saw mini-batch with a maximum of 0.88% zero probability fragments
[2020-04-21 04:55:14.965] [jointLog] [info] Thread saw mini-batch with a maximum of 0.88% zero probability fragments
[2020-04-21 04:55:14.968] [jointLog] [info] Thread saw mini-batch with a maximum of 0.80% zero probability fragments
[2020-04-21 04:55:14.968] [jointLog] [info] Thread saw mini-batch with a maximum of 0.94% zero probability fragments
[2020-04-21 04:55:14.973] [jointLog] [info] Thread saw mini-batch with a maximum of 0.84% zero probability fragments
[2020-04-21 04:55:14.978] [jointLog] [info] Thread saw mini-batch with a maximum of 0.80% zero probability fragments
[2020-04-21 04:55:14.979] [jointLog] [info] Thread saw mini-batch with a maximum of 0.90% zero probability fragments
[2020-04-21 04:55:15.057] [jointLog] [info] Computed 94,216 rich equivalence classes for further processing
[2020-04-21 04:55:15.057] [jointLog] [info] Counted 8,691,749 total reads in the equivalence classes 
[2020-04-21 04:55:15.068] [jointLog] [warning] 0.361891% of fragments were shorter than the k used to build the index.
If this fraction is too large, consider re-building the index with a smaller k.
The minimum read size found was 15.


[2020-04-21 04:55:15.068] [jointLog] [info] Number of mappings discarded because of alignment score : 8,088,456
[2020-04-21 04:55:15.068] [jointLog] [info] Number of fragments entirely discarded because of alignment score : 379,487
[2020-04-21 04:55:15.068] [jointLog] [info] Number of fragments discarded because they are best-mapped to decoys : 359,818
[2020-04-21 04:55:15.068] [jointLog] [info] Number of fragments discarded because they have only dovetail (discordant) mappings to valid targets : 0
[2020-04-21 04:55:15.068] [jointLog] [info] Mapping rate = 60.2279%

[2020-04-21 04:55:15.068] [jointLog] [info] finished quantifyLibrary()
[2020-04-21 04:55:15.090] [jointLog] [info] Starting optimizer
[2020-04-21 04:55:15.121] [jointLog] [info] Marked 0 weighted equivalence classes as degenerate
[2020-04-21 04:55:15.126] [jointLog] [info] iteration = 0 | max rel diff. = 13786.4
[2020-04-21 04:55:15.058] [fileLog] [info] 
At end of round 0
==================
Observed 14431434 total fragments (14431434 in most recent round)

[2020-04-21 04:55:15.398] [jointLog] [info] iteration = 100 | max rel diff. = 11.7985
[2020-04-21 04:55:15.659] [jointLog] [info] iteration = 200 | max rel diff. = 8.21208
[2020-04-21 04:55:15.919] [jointLog] [info] iteration = 300 | max rel diff. = 3.59374
[2020-04-21 04:55:16.184] [jointLog] [info] iteration = 400 | max rel diff. = 0.177949
[2020-04-21 04:55:16.445] [jointLog] [info] iteration = 500 | max rel diff. = 0.073373
[2020-04-21 04:55:16.706] [jointLog] [info] iteration = 600 | max rel diff. = 0.259223
[2020-04-21 04:55:16.970] [jointLog] [info] iteration = 700 | max rel diff. = 0.041944
[2020-04-21 04:55:17.244] [jointLog] [info] iteration = 800 | max rel diff. = 0.0285498
[2020-04-21 04:55:17.520] [jointLog] [info] iteration = 900 | max rel diff. = 0.0331615
[2020-04-21 04:55:17.782] [jointLog] [info] iteration = 1,000 | max rel diff. = 0.258283
[2020-04-21 04:55:18.022] [jointLog] [info] iteration = 1,093 | max rel diff. = 0.00602531
[2020-04-21 04:55:18.024] [jointLog] [info] Finished optimizer
[2020-04-21 04:55:18.024] [jointLog] [info] writing output 

