[2020-04-21 04:57:44.589] [jointLog] [info] Fragment incompatibility prior below threshold.  Incompatible fragments will be ignored.
[2020-04-21 04:57:44.589] [jointLog] [info] Usage of --validateMappings implies use of minScoreFraction. Since not explicitly specified, it is being set to 0.65
[2020-04-21 04:57:44.589] [jointLog] [info] Usage of --validateMappings implies a default consensus slack of 0.2. Setting consensusSlack to 0.35.
[2020-04-21 04:57:44.589] [jointLog] [info] parsing read library format
[2020-04-21 04:57:44.589] [jointLog] [info] There is 1 library.
[2020-04-21 04:57:44.630] [jointLog] [info] Loading pufferfish index
[2020-04-21 04:57:44.631] [jointLog] [info] Loading dense pufferfish index.
[2020-04-21 04:57:56.805] [jointLog] [info] done
[2020-04-21 04:57:56.805] [jointLog] [info] Index contained 52,598 targets
[2020-04-21 04:57:56.823] [jointLog] [info] Number of decoys : 993
[2020-04-21 04:57:56.823] [jointLog] [info] First decoy index : 51,591 
[2020-04-21 04:57:57.156] [jointLog] [info] Automatically detected most likely library type as SR
[2020-04-21 04:58:11.914] [jointLog] [info] Thread saw mini-batch with a maximum of 0.58% zero probability fragments
[2020-04-21 04:58:11.922] [jointLog] [info] Thread saw mini-batch with a maximum of 0.62% zero probability fragments
[2020-04-21 04:58:11.934] [jointLog] [info] Thread saw mini-batch with a maximum of 0.62% zero probability fragments
[2020-04-21 04:58:11.941] [jointLog] [info] Thread saw mini-batch with a maximum of 0.64% zero probability fragments
[2020-04-21 04:58:11.943] [jointLog] [info] Thread saw mini-batch with a maximum of 0.60% zero probability fragments
[2020-04-21 04:58:11.943] [jointLog] [info] Thread saw mini-batch with a maximum of 0.64% zero probability fragments
[2020-04-21 04:58:11.951] [jointLog] [info] Thread saw mini-batch with a maximum of 0.58% zero probability fragments
[2020-04-21 04:58:11.953] [jointLog] [info] Thread saw mini-batch with a maximum of 0.76% zero probability fragments
[2020-04-21 04:58:11.954] [jointLog] [info] Thread saw mini-batch with a maximum of 0.58% zero probability fragments
[2020-04-21 04:58:11.962] [jointLog] [info] Thread saw mini-batch with a maximum of 0.62% zero probability fragments
[2020-04-21 04:58:11.966] [jointLog] [info] Thread saw mini-batch with a maximum of 0.62% zero probability fragments
[2020-04-21 04:58:11.966] [jointLog] [info] Thread saw mini-batch with a maximum of 0.60% zero probability fragments
[2020-04-21 04:58:11.970] [jointLog] [info] Thread saw mini-batch with a maximum of 0.58% zero probability fragments
[2020-04-21 04:58:11.976] [jointLog] [info] Thread saw mini-batch with a maximum of 0.56% zero probability fragments
[2020-04-21 04:58:11.978] [jointLog] [info] Thread saw mini-batch with a maximum of 0.60% zero probability fragments
[2020-04-21 04:58:11.980] [jointLog] [info] Thread saw mini-batch with a maximum of 0.62% zero probability fragments
[2020-04-21 04:58:12.056] [jointLog] [info] Computed 89,011 rich equivalence classes for further processing
[2020-04-21 04:58:12.056] [jointLog] [info] Counted 7,381,836 total reads in the equivalence classes 
[2020-04-21 04:58:12.068] [jointLog] [warning] 0.75472% of fragments were shorter than the k used to build the index.
If this fraction is too large, consider re-building the index with a smaller k.
The minimum read size found was 15.


[2020-04-21 04:58:12.068] [jointLog] [info] Number of mappings discarded because of alignment score : 5,750,769
[2020-04-21 04:58:12.068] [jointLog] [info] Number of fragments entirely discarded because of alignment score : 331,922
[2020-04-21 04:58:12.068] [jointLog] [info] Number of fragments discarded because they are best-mapped to decoys : 316,097
[2020-04-21 04:58:12.068] [jointLog] [info] Number of fragments discarded because they have only dovetail (discordant) mappings to valid targets : 0
[2020-04-21 04:58:12.068] [jointLog] [info] Mapping rate = 50.6171%

[2020-04-21 04:58:12.068] [jointLog] [info] finished quantifyLibrary()
[2020-04-21 04:58:12.069] [jointLog] [info] Starting optimizer
[2020-04-21 04:58:12.099] [jointLog] [info] Marked 0 weighted equivalence classes as degenerate
[2020-04-21 04:58:12.102] [jointLog] [info] iteration = 0 | max rel diff. = 11331.9
[2020-04-21 04:58:12.057] [fileLog] [info] 
At end of round 0
==================
Observed 14583683 total fragments (14583683 in most recent round)

[2020-04-21 04:58:12.358] [jointLog] [info] iteration = 100 | max rel diff. = 10.6228
[2020-04-21 04:58:12.609] [jointLog] [info] iteration = 200 | max rel diff. = 5.96603
[2020-04-21 04:58:12.852] [jointLog] [info] iteration = 300 | max rel diff. = 1.39576
[2020-04-21 04:58:13.096] [jointLog] [info] iteration = 400 | max rel diff. = 0.818512
[2020-04-21 04:58:13.340] [jointLog] [info] iteration = 500 | max rel diff. = 0.441176
[2020-04-21 04:58:13.584] [jointLog] [info] iteration = 600 | max rel diff. = 0.414417
[2020-04-21 04:58:13.826] [jointLog] [info] iteration = 700 | max rel diff. = 0.284434
[2020-04-21 04:58:14.070] [jointLog] [info] iteration = 800 | max rel diff. = 0.0385102
[2020-04-21 04:58:14.314] [jointLog] [info] iteration = 900 | max rel diff. = 0.0223144
[2020-04-21 04:58:14.558] [jointLog] [info] iteration = 1,000 | max rel diff. = 0.0417584
[2020-04-21 04:58:14.802] [jointLog] [info] iteration = 1,100 | max rel diff. = 0.0213878
[2020-04-21 04:58:15.049] [jointLog] [info] iteration = 1,200 | max rel diff. = 0.194664
[2020-04-21 04:58:15.063] [jointLog] [info] iteration = 1,207 | max rel diff. = 0.0044039
[2020-04-21 04:58:15.065] [jointLog] [info] Finished optimizer
[2020-04-21 04:58:15.065] [jointLog] [info] writing output 

