[2020-04-21 04:49:04.652] [jointLog] [info] Fragment incompatibility prior below threshold.  Incompatible fragments will be ignored.
[2020-04-21 04:49:04.652] [jointLog] [info] Usage of --validateMappings implies use of minScoreFraction. Since not explicitly specified, it is being set to 0.65
[2020-04-21 04:49:04.652] [jointLog] [info] Usage of --validateMappings implies a default consensus slack of 0.2. Setting consensusSlack to 0.35.
[2020-04-21 04:49:04.652] [jointLog] [info] parsing read library format
[2020-04-21 04:49:04.652] [jointLog] [info] There is 1 library.
[2020-04-21 04:49:04.691] [jointLog] [info] Loading pufferfish index
[2020-04-21 04:49:04.691] [jointLog] [info] Loading dense pufferfish index.
[2020-04-21 04:49:16.869] [jointLog] [info] done
[2020-04-21 04:49:16.869] [jointLog] [info] Index contained 52,598 targets
[2020-04-21 04:49:16.886] [jointLog] [info] Number of decoys : 993
[2020-04-21 04:49:16.886] [jointLog] [info] First decoy index : 51,591 
[2020-04-21 04:49:17.187] [jointLog] [info] Automatically detected most likely library type as SR
[2020-04-21 04:49:39.504] [jointLog] [info] Thread saw mini-batch with a maximum of 0.70% zero probability fragments
[2020-04-21 04:49:39.509] [jointLog] [info] Thread saw mini-batch with a maximum of 0.66% zero probability fragments
[2020-04-21 04:49:39.513] [jointLog] [info] Thread saw mini-batch with a maximum of 0.70% zero probability fragments
[2020-04-21 04:49:39.515] [jointLog] [info] Thread saw mini-batch with a maximum of 0.68% zero probability fragments
[2020-04-21 04:49:39.521] [jointLog] [info] Thread saw mini-batch with a maximum of 0.66% zero probability fragments
[2020-04-21 04:49:39.536] [jointLog] [info] Thread saw mini-batch with a maximum of 0.72% zero probability fragments
[2020-04-21 04:49:39.536] [jointLog] [info] Thread saw mini-batch with a maximum of 0.72% zero probability fragments
[2020-04-21 04:49:39.541] [jointLog] [info] Thread saw mini-batch with a maximum of 0.70% zero probability fragments
[2020-04-21 04:49:39.542] [jointLog] [info] Thread saw mini-batch with a maximum of 0.64% zero probability fragments
[2020-04-21 04:49:39.546] [jointLog] [info] Thread saw mini-batch with a maximum of 0.64% zero probability fragments
[2020-04-21 04:49:39.547] [jointLog] [info] Thread saw mini-batch with a maximum of 0.68% zero probability fragments
[2020-04-21 04:49:39.561] [jointLog] [info] Thread saw mini-batch with a maximum of 0.76% zero probability fragments
[2020-04-21 04:49:39.562] [jointLog] [info] Thread saw mini-batch with a maximum of 0.64% zero probability fragments
[2020-04-21 04:49:39.563] [jointLog] [info] Thread saw mini-batch with a maximum of 0.70% zero probability fragments
[2020-04-21 04:49:39.569] [jointLog] [info] Thread saw mini-batch with a maximum of 0.66% zero probability fragments
[2020-04-21 04:49:39.584] [jointLog] [info] Thread saw mini-batch with a maximum of 0.80% zero probability fragments
[2020-04-21 04:49:39.662] [jointLog] [info] Computed 80,101 rich equivalence classes for further processing
[2020-04-21 04:49:39.662] [jointLog] [info] Counted 4,956,093 total reads in the equivalence classes 
[2020-04-21 04:49:39.673] [jointLog] [warning] 1.33297% of fragments were shorter than the k used to build the index.
If this fraction is too large, consider re-building the index with a smaller k.
The minimum read size found was 15.


[2020-04-21 04:49:39.673] [jointLog] [info] Number of mappings discarded because of alignment score : 8,204,018
[2020-04-21 04:49:39.673] [jointLog] [info] Number of fragments entirely discarded because of alignment score : 585,847
[2020-04-21 04:49:39.673] [jointLog] [info] Number of fragments discarded because they are best-mapped to decoys : 571,867
[2020-04-21 04:49:39.673] [jointLog] [info] Number of fragments discarded because they have only dovetail (discordant) mappings to valid targets : 0
[2020-04-21 04:49:39.677] [jointLog] [warning] Only 4956093 fragments were mapped, but the number of burn-in fragments was set to 5000000.
The effective lengths have been computed using the observed mappings.

[2020-04-21 04:49:39.677] [jointLog] [info] Mapping rate = 25.4656%

[2020-04-21 04:49:39.677] [jointLog] [info] finished quantifyLibrary()
[2020-04-21 04:49:39.686] [jointLog] [info] Starting optimizer
[2020-04-21 04:49:39.714] [jointLog] [info] Marked 0 weighted equivalence classes as degenerate
[2020-04-21 04:49:39.718] [jointLog] [info] iteration = 0 | max rel diff. = 8431.89
[2020-04-21 04:49:39.662] [fileLog] [info] 
At end of round 0
==================
Observed 19461937 total fragments (19461937 in most recent round)

[2020-04-21 04:49:39.980] [jointLog] [info] iteration = 100 | max rel diff. = 10.4308
[2020-04-21 04:49:40.224] [jointLog] [info] iteration = 200 | max rel diff. = 0.788724
[2020-04-21 04:49:40.468] [jointLog] [info] iteration = 300 | max rel diff. = 1.53323
[2020-04-21 04:49:40.712] [jointLog] [info] iteration = 400 | max rel diff. = 3.12809
[2020-04-21 04:49:40.955] [jointLog] [info] iteration = 500 | max rel diff. = 0.0751667
[2020-04-21 04:49:41.198] [jointLog] [info] iteration = 600 | max rel diff. = 0.183269
[2020-04-21 04:49:41.442] [jointLog] [info] iteration = 700 | max rel diff. = 0.0334789
[2020-04-21 04:49:41.686] [jointLog] [info] iteration = 800 | max rel diff. = 0.05508
[2020-04-21 04:49:41.929] [jointLog] [info] iteration = 900 | max rel diff. = 0.0254991
[2020-04-21 04:49:42.172] [jointLog] [info] iteration = 1,000 | max rel diff. = 0.0370694
[2020-04-21 04:49:42.301] [jointLog] [info] iteration = 1,054 | max rel diff. = 0.00824943
[2020-04-21 04:49:42.302] [jointLog] [info] Finished optimizer
[2020-04-21 04:49:42.302] [jointLog] [info] writing output 

