[2020-04-21 04:56:36.481] [jointLog] [info] Fragment incompatibility prior below threshold.  Incompatible fragments will be ignored.
[2020-04-21 04:56:36.481] [jointLog] [info] Usage of --validateMappings implies use of minScoreFraction. Since not explicitly specified, it is being set to 0.65
[2020-04-21 04:56:36.481] [jointLog] [info] Usage of --validateMappings implies a default consensus slack of 0.2. Setting consensusSlack to 0.35.
[2020-04-21 04:56:36.481] [jointLog] [info] parsing read library format
[2020-04-21 04:56:36.481] [jointLog] [info] There is 1 library.
[2020-04-21 04:56:36.522] [jointLog] [info] Loading pufferfish index
[2020-04-21 04:56:36.523] [jointLog] [info] Loading dense pufferfish index.
[2020-04-21 04:56:48.797] [jointLog] [info] done
[2020-04-21 04:56:48.797] [jointLog] [info] Index contained 52,598 targets
[2020-04-21 04:56:48.816] [jointLog] [info] Number of decoys : 993
[2020-04-21 04:56:48.816] [jointLog] [info] First decoy index : 51,591 
[2020-04-21 04:56:49.123] [jointLog] [info] Automatically detected most likely library type as SR
[2020-04-21 04:57:10.703] [jointLog] [info] Thread saw mini-batch with a maximum of 0.88% zero probability fragments
[2020-04-21 04:57:10.730] [jointLog] [info] Thread saw mini-batch with a maximum of 0.92% zero probability fragments
[2020-04-21 04:57:10.731] [jointLog] [info] Thread saw mini-batch with a maximum of 1.02% zero probability fragments
[2020-04-21 04:57:10.737] [jointLog] [info] Thread saw mini-batch with a maximum of 0.90% zero probability fragments
[2020-04-21 04:57:10.741] [jointLog] [info] Thread saw mini-batch with a maximum of 0.84% zero probability fragments
[2020-04-21 04:57:10.746] [jointLog] [info] Thread saw mini-batch with a maximum of 0.84% zero probability fragments
[2020-04-21 04:57:10.747] [jointLog] [info] Thread saw mini-batch with a maximum of 0.80% zero probability fragments
[2020-04-21 04:57:10.752] [jointLog] [info] Thread saw mini-batch with a maximum of 0.94% zero probability fragments
[2020-04-21 04:57:10.759] [jointLog] [info] Thread saw mini-batch with a maximum of 0.92% zero probability fragments
[2020-04-21 04:57:10.764] [jointLog] [info] Thread saw mini-batch with a maximum of 0.88% zero probability fragments
[2020-04-21 04:57:10.767] [jointLog] [info] Thread saw mini-batch with a maximum of 0.88% zero probability fragments
[2020-04-21 04:57:10.781] [jointLog] [info] Thread saw mini-batch with a maximum of 0.92% zero probability fragments
[2020-04-21 04:57:10.782] [jointLog] [info] Thread saw mini-batch with a maximum of 0.86% zero probability fragments
[2020-04-21 04:57:10.790] [jointLog] [info] Thread saw mini-batch with a maximum of 0.88% zero probability fragments
[2020-04-21 04:57:10.792] [jointLog] [info] Thread saw mini-batch with a maximum of 0.88% zero probability fragments
[2020-04-21 04:57:10.793] [jointLog] [info] Thread saw mini-batch with a maximum of 0.94% zero probability fragments
[2020-04-21 04:57:10.875] [jointLog] [info] Computed 95,763 rich equivalence classes for further processing
[2020-04-21 04:57:10.875] [jointLog] [info] Counted 9,383,576 total reads in the equivalence classes 
[2020-04-21 04:57:10.887] [jointLog] [warning] 0.325799% of fragments were shorter than the k used to build the index.
If this fraction is too large, consider re-building the index with a smaller k.
The minimum read size found was 15.


[2020-04-21 04:57:10.887] [jointLog] [info] Number of mappings discarded because of alignment score : 9,638,455
[2020-04-21 04:57:10.887] [jointLog] [info] Number of fragments entirely discarded because of alignment score : 466,141
[2020-04-21 04:57:10.887] [jointLog] [info] Number of fragments discarded because they are best-mapped to decoys : 442,822
[2020-04-21 04:57:10.887] [jointLog] [info] Number of fragments discarded because they have only dovetail (discordant) mappings to valid targets : 0
[2020-04-21 04:57:10.887] [jointLog] [info] Mapping rate = 56.2961%

[2020-04-21 04:57:10.887] [jointLog] [info] finished quantifyLibrary()
[2020-04-21 04:57:10.888] [jointLog] [info] Starting optimizer
[2020-04-21 04:57:10.925] [jointLog] [info] Marked 0 weighted equivalence classes as degenerate
[2020-04-21 04:57:10.929] [jointLog] [info] iteration = 0 | max rel diff. = 14622.5
[2020-04-21 04:57:10.876] [fileLog] [info] 
At end of round 0
==================
Observed 16668255 total fragments (16668255 in most recent round)

[2020-04-21 04:57:11.223] [jointLog] [info] iteration = 100 | max rel diff. = 17.8965
[2020-04-21 04:57:11.511] [jointLog] [info] iteration = 200 | max rel diff. = 1.02188
[2020-04-21 04:57:11.789] [jointLog] [info] iteration = 300 | max rel diff. = 16.7504
[2020-04-21 04:57:12.061] [jointLog] [info] iteration = 400 | max rel diff. = 1.53058
[2020-04-21 04:57:12.334] [jointLog] [info] iteration = 500 | max rel diff. = 0.662751
[2020-04-21 04:57:12.607] [jointLog] [info] iteration = 600 | max rel diff. = 0.133579
[2020-04-21 04:57:12.880] [jointLog] [info] iteration = 700 | max rel diff. = 0.0768322
[2020-04-21 04:57:13.153] [jointLog] [info] iteration = 800 | max rel diff. = 0.0890582
[2020-04-21 04:57:13.427] [jointLog] [info] iteration = 900 | max rel diff. = 0.0579934
[2020-04-21 04:57:13.642] [jointLog] [info] iteration = 980 | max rel diff. = 0.00611679
[2020-04-21 04:57:13.644] [jointLog] [info] Finished optimizer
[2020-04-21 04:57:13.644] [jointLog] [info] writing output 

