                                 Started job on |	Nov 23 12:14:52
                             Started mapping on |	Nov 23 12:15:36
                                    Finished on |	Nov 23 12:21:43
       Mapping speed, Million of reads per hour |	391.64

                          Number of input reads |	39925060
                      Average input read length |	194
                                    UNIQUE READS:
                   Uniquely mapped reads number |	35505383
                        Uniquely mapped reads % |	88.93%
                          Average mapped length |	194.19
                       Number of splices: Total |	13548201
            Number of splices: Annotated (sjdb) |	13425267
                       Number of splices: GT/AG |	13408133
                       Number of splices: GC/AG |	105610
                       Number of splices: AT/AC |	14081
               Number of splices: Non-canonical |	20377
                      Mismatch rate per base, % |	0.18%
                         Deletion rate per base |	0.02%
                        Deletion average length |	1.15
                        Insertion rate per base |	0.00%
                       Insertion average length |	1.40
                             MULTI-MAPPING READS:
        Number of reads mapped to multiple loci |	4162469
             % of reads mapped to multiple loci |	10.43%
        Number of reads mapped to too many loci |	56277
             % of reads mapped to too many loci |	0.14%
                                  UNMAPPED READS:
       % of reads unmapped: too many mismatches |	0.00%
                 % of reads unmapped: too short |	0.44%
                     % of reads unmapped: other |	0.06%
                                  CHIMERIC READS:
                       Number of chimeric reads |	0
                            % of chimeric reads |	0.00%
