                                 Started job on |	Nov 23 11:55:39
                             Started mapping on |	Nov 23 11:56:17
                                    Finished on |	Nov 23 12:01:18
       Mapping speed, Million of reads per hour |	386.42

                          Number of input reads |	32308898
                      Average input read length |	196
                                    UNIQUE READS:
                   Uniquely mapped reads number |	28927543
                        Uniquely mapped reads % |	89.53%
                          Average mapped length |	195.96
                       Number of splices: Total |	12055081
            Number of splices: Annotated (sjdb) |	11946030
                       Number of splices: GT/AG |	11931375
                       Number of splices: GC/AG |	93265
                       Number of splices: AT/AC |	12419
               Number of splices: Non-canonical |	18022
                      Mismatch rate per base, % |	0.17%
                         Deletion rate per base |	0.02%
                        Deletion average length |	1.14
                        Insertion rate per base |	0.00%
                       Insertion average length |	1.47
                             MULTI-MAPPING READS:
        Number of reads mapped to multiple loci |	3181134
             % of reads mapped to multiple loci |	9.85%
        Number of reads mapped to too many loci |	41673
             % of reads mapped to too many loci |	0.13%
                                  UNMAPPED READS:
       % of reads unmapped: too many mismatches |	0.00%
                 % of reads unmapped: too short |	0.44%
                     % of reads unmapped: other |	0.05%
                                  CHIMERIC READS:
                       Number of chimeric reads |	0
                            % of chimeric reads |	0.00%
