                                 Started job on |	Nov 23 11:50:58
                             Started mapping on |	Nov 23 11:51:39
                                    Finished on |	Nov 23 11:55:34
       Mapping speed, Million of reads per hour |	414.48

                          Number of input reads |	27056485
                      Average input read length |	195
                                    UNIQUE READS:
                   Uniquely mapped reads number |	24493813
                        Uniquely mapped reads % |	90.53%
                          Average mapped length |	195.27
                       Number of splices: Total |	10795096
            Number of splices: Annotated (sjdb) |	10701643
                       Number of splices: GT/AG |	10686587
                       Number of splices: GC/AG |	83366
                       Number of splices: AT/AC |	11097
               Number of splices: Non-canonical |	14046
                      Mismatch rate per base, % |	0.18%
                         Deletion rate per base |	0.02%
                        Deletion average length |	1.12
                        Insertion rate per base |	0.00%
                       Insertion average length |	1.43
                             MULTI-MAPPING READS:
        Number of reads mapped to multiple loci |	2339827
             % of reads mapped to multiple loci |	8.65%
        Number of reads mapped to too many loci |	31256
             % of reads mapped to too many loci |	0.12%
                                  UNMAPPED READS:
       % of reads unmapped: too many mismatches |	0.00%
                 % of reads unmapped: too short |	0.67%
                     % of reads unmapped: other |	0.04%
                                  CHIMERIC READS:
                       Number of chimeric reads |	0
                            % of chimeric reads |	0.00%
