                                 Started job on |	Nov 23 11:46:59
                             Started mapping on |	Nov 23 11:47:36
                                    Finished on |	Nov 23 11:50:53
       Mapping speed, Million of reads per hour |	399.48

                          Number of input reads |	21860611
                      Average input read length |	195
                                    UNIQUE READS:
                   Uniquely mapped reads number |	19826989
                        Uniquely mapped reads % |	90.70%
                          Average mapped length |	195.20
                       Number of splices: Total |	8379361
            Number of splices: Annotated (sjdb) |	8306353
                       Number of splices: GT/AG |	8294901
                       Number of splices: GC/AG |	64725
                       Number of splices: AT/AC |	8420
               Number of splices: Non-canonical |	11315
                      Mismatch rate per base, % |	0.18%
                         Deletion rate per base |	0.02%
                        Deletion average length |	1.13
                        Insertion rate per base |	0.00%
                       Insertion average length |	1.43
                             MULTI-MAPPING READS:
        Number of reads mapped to multiple loci |	1895320
             % of reads mapped to multiple loci |	8.67%
        Number of reads mapped to too many loci |	27633
             % of reads mapped to too many loci |	0.13%
                                  UNMAPPED READS:
       % of reads unmapped: too many mismatches |	0.00%
                 % of reads unmapped: too short |	0.46%
                     % of reads unmapped: other |	0.04%
                                  CHIMERIC READS:
                       Number of chimeric reads |	0
                            % of chimeric reads |	0.00%
