                                 Started job on |	Nov 23 11:42:30
                             Started mapping on |	Nov 23 11:43:14
                                    Finished on |	Nov 23 11:46:54
       Mapping speed, Million of reads per hour |	415.15

                          Number of input reads |	25370495
                      Average input read length |	193
                                    UNIQUE READS:
                   Uniquely mapped reads number |	23087459
                        Uniquely mapped reads % |	91.00%
                          Average mapped length |	193.46
                       Number of splices: Total |	9878383
            Number of splices: Annotated (sjdb) |	9793234
                       Number of splices: GT/AG |	9778831
                       Number of splices: GC/AG |	76078
                       Number of splices: AT/AC |	9758
               Number of splices: Non-canonical |	13716
                      Mismatch rate per base, % |	0.17%
                         Deletion rate per base |	0.02%
                        Deletion average length |	1.14
                        Insertion rate per base |	0.00%
                       Insertion average length |	1.42
                             MULTI-MAPPING READS:
        Number of reads mapped to multiple loci |	2129769
             % of reads mapped to multiple loci |	8.39%
        Number of reads mapped to too many loci |	36188
             % of reads mapped to too many loci |	0.14%
                                  UNMAPPED READS:
       % of reads unmapped: too many mismatches |	0.00%
                 % of reads unmapped: too short |	0.42%
                     % of reads unmapped: other |	0.05%
                                  CHIMERIC READS:
                       Number of chimeric reads |	0
                            % of chimeric reads |	0.00%
