                                 Started job on |	Nov 23 12:05:40
                             Started mapping on |	Nov 23 12:06:27
                                    Finished on |	Nov 23 12:10:52
       Mapping speed, Million of reads per hour |	361.19

                          Number of input reads |	26587390
                      Average input read length |	195
                                    UNIQUE READS:
                   Uniquely mapped reads number |	24332758
                        Uniquely mapped reads % |	91.52%
                          Average mapped length |	195.39
                       Number of splices: Total |	9642144
            Number of splices: Annotated (sjdb) |	9554696
                       Number of splices: GT/AG |	9541389
                       Number of splices: GC/AG |	75748
                       Number of splices: AT/AC |	9862
               Number of splices: Non-canonical |	15145
                      Mismatch rate per base, % |	0.18%
                         Deletion rate per base |	0.02%
                        Deletion average length |	1.13
                        Insertion rate per base |	0.00%
                       Insertion average length |	1.46
                             MULTI-MAPPING READS:
        Number of reads mapped to multiple loci |	2044078
             % of reads mapped to multiple loci |	7.69%
        Number of reads mapped to too many loci |	30248
             % of reads mapped to too many loci |	0.11%
                                  UNMAPPED READS:
       % of reads unmapped: too many mismatches |	0.00%
                 % of reads unmapped: too short |	0.61%
                     % of reads unmapped: other |	0.07%
                                  CHIMERIC READS:
                       Number of chimeric reads |	0
                            % of chimeric reads |	0.00%
