                                 Started job on |	Nov 23 12:31:14
                             Started mapping on |	Nov 23 12:32:04
                                    Finished on |	Nov 23 12:37:54
       Mapping speed, Million of reads per hour |	393.89

                          Number of input reads |	38294592
                      Average input read length |	194
                                    UNIQUE READS:
                   Uniquely mapped reads number |	35099111
                        Uniquely mapped reads % |	91.66%
                          Average mapped length |	194.42
                       Number of splices: Total |	12327409
            Number of splices: Annotated (sjdb) |	12202845
                       Number of splices: GT/AG |	12203644
                       Number of splices: GC/AG |	92959
                       Number of splices: AT/AC |	12181
               Number of splices: Non-canonical |	18625
                      Mismatch rate per base, % |	0.21%
                         Deletion rate per base |	0.03%
                        Deletion average length |	1.10
                        Insertion rate per base |	0.00%
                       Insertion average length |	1.41
                             MULTI-MAPPING READS:
        Number of reads mapped to multiple loci |	2991368
             % of reads mapped to multiple loci |	7.81%
        Number of reads mapped to too many loci |	50812
             % of reads mapped to too many loci |	0.13%
                                  UNMAPPED READS:
       % of reads unmapped: too many mismatches |	0.00%
                 % of reads unmapped: too short |	0.34%
                     % of reads unmapped: other |	0.06%
                                  CHIMERIC READS:
                       Number of chimeric reads |	0
                            % of chimeric reads |	0.00%
