                                 Started job on |	Nov 23 12:26:08
                             Started mapping on |	Nov 23 12:26:52
                                    Finished on |	Nov 23 12:31:08
       Mapping speed, Million of reads per hour |	374.85

                          Number of input reads |	26656321
                      Average input read length |	194
                                    UNIQUE READS:
                   Uniquely mapped reads number |	24310523
                        Uniquely mapped reads % |	91.20%
                          Average mapped length |	194.69
                       Number of splices: Total |	8334652
            Number of splices: Annotated (sjdb) |	8248940
                       Number of splices: GT/AG |	8250785
                       Number of splices: GC/AG |	62012
                       Number of splices: AT/AC |	8305
               Number of splices: Non-canonical |	13550
                      Mismatch rate per base, % |	0.21%
                         Deletion rate per base |	0.03%
                        Deletion average length |	1.10
                        Insertion rate per base |	0.00%
                       Insertion average length |	1.43
                             MULTI-MAPPING READS:
        Number of reads mapped to multiple loci |	2151852
             % of reads mapped to multiple loci |	8.07%
        Number of reads mapped to too many loci |	36424
             % of reads mapped to too many loci |	0.14%
                                  UNMAPPED READS:
       % of reads unmapped: too many mismatches |	0.00%
                 % of reads unmapped: too short |	0.52%
                     % of reads unmapped: other |	0.07%
                                  CHIMERIC READS:
                       Number of chimeric reads |	0
                            % of chimeric reads |	0.00%
