                                 Started job on |	Nov 23 12:21:51
                             Started mapping on |	Nov 23 12:22:40
                                    Finished on |	Nov 23 12:26:03
       Mapping speed, Million of reads per hour |	371.77

                          Number of input reads |	20963551
                      Average input read length |	195
                                    UNIQUE READS:
                   Uniquely mapped reads number |	19118158
                        Uniquely mapped reads % |	91.20%
                          Average mapped length |	195.31
                       Number of splices: Total |	7131484
            Number of splices: Annotated (sjdb) |	7059807
                       Number of splices: GT/AG |	7061068
                       Number of splices: GC/AG |	53286
                       Number of splices: AT/AC |	7089
               Number of splices: Non-canonical |	10041
                      Mismatch rate per base, % |	0.21%
                         Deletion rate per base |	0.03%
                        Deletion average length |	1.11
                        Insertion rate per base |	0.00%
                       Insertion average length |	1.41
                             MULTI-MAPPING READS:
        Number of reads mapped to multiple loci |	1717567
             % of reads mapped to multiple loci |	8.19%
        Number of reads mapped to too many loci |	28555
             % of reads mapped to too many loci |	0.14%
                                  UNMAPPED READS:
       % of reads unmapped: too many mismatches |	0.00%
                 % of reads unmapped: too short |	0.42%
                     % of reads unmapped: other |	0.05%
                                  CHIMERIC READS:
                       Number of chimeric reads |	0
                            % of chimeric reads |	0.00%
