                                 Started job on |	Nov 23 12:58:54
                             Started mapping on |	Nov 23 12:59:42
                                    Finished on |	Nov 23 13:03:46
       Mapping speed, Million of reads per hour |	298.89

                          Number of input reads |	20257854
                      Average input read length |	194
                                    UNIQUE READS:
                   Uniquely mapped reads number |	18527035
                        Uniquely mapped reads % |	91.46%
                          Average mapped length |	194.52
                       Number of splices: Total |	6194484
            Number of splices: Annotated (sjdb) |	6127948
                       Number of splices: GT/AG |	6127924
                       Number of splices: GC/AG |	46488
                       Number of splices: AT/AC |	6472
               Number of splices: Non-canonical |	13600
                      Mismatch rate per base, % |	0.21%
                         Deletion rate per base |	0.02%
                        Deletion average length |	1.13
                        Insertion rate per base |	0.00%
                       Insertion average length |	1.58
                             MULTI-MAPPING READS:
        Number of reads mapped to multiple loci |	1482573
             % of reads mapped to multiple loci |	7.32%
        Number of reads mapped to too many loci |	32715
             % of reads mapped to too many loci |	0.16%
                                  UNMAPPED READS:
       % of reads unmapped: too many mismatches |	0.00%
                 % of reads unmapped: too short |	0.94%
                     % of reads unmapped: other |	0.12%
                                  CHIMERIC READS:
                       Number of chimeric reads |	0
                            % of chimeric reads |	0.00%
