                                 Started job on |	Nov 23 12:42:28
                             Started mapping on |	Nov 23 12:43:10
                                    Finished on |	Nov 23 12:47:10
       Mapping speed, Million of reads per hour |	321.72

                          Number of input reads |	21447679
                      Average input read length |	195
                                    UNIQUE READS:
                   Uniquely mapped reads number |	19609335
                        Uniquely mapped reads % |	91.43%
                          Average mapped length |	195.35
                       Number of splices: Total |	6052975
            Number of splices: Annotated (sjdb) |	5983658
                       Number of splices: GT/AG |	5986736
                       Number of splices: GC/AG |	45564
                       Number of splices: AT/AC |	6229
               Number of splices: Non-canonical |	14446
                      Mismatch rate per base, % |	0.21%
                         Deletion rate per base |	0.03%
                        Deletion average length |	1.12
                        Insertion rate per base |	0.00%
                       Insertion average length |	1.59
                             MULTI-MAPPING READS:
        Number of reads mapped to multiple loci |	1561231
             % of reads mapped to multiple loci |	7.28%
        Number of reads mapped to too many loci |	33063
             % of reads mapped to too many loci |	0.15%
                                  UNMAPPED READS:
       % of reads unmapped: too many mismatches |	0.00%
                 % of reads unmapped: too short |	1.01%
                     % of reads unmapped: other |	0.12%
                                  CHIMERIC READS:
                       Number of chimeric reads |	0
                            % of chimeric reads |	0.00%
