                                 Started job on |	Nov 23 12:53:13
                             Started mapping on |	Nov 23 12:53:57
                                    Finished on |	Nov 23 12:58:48
       Mapping speed, Million of reads per hour |	323.27

                          Number of input reads |	26131339
                      Average input read length |	196
                                    UNIQUE READS:
                   Uniquely mapped reads number |	24460450
                        Uniquely mapped reads % |	93.61%
                          Average mapped length |	196.24
                       Number of splices: Total |	9275520
            Number of splices: Annotated (sjdb) |	9191164
                       Number of splices: GT/AG |	9181813
                       Number of splices: GC/AG |	70933
                       Number of splices: AT/AC |	9622
               Number of splices: Non-canonical |	13152
                      Mismatch rate per base, % |	0.20%
                         Deletion rate per base |	0.02%
                        Deletion average length |	1.12
                        Insertion rate per base |	0.00%
                       Insertion average length |	1.50
                             MULTI-MAPPING READS:
        Number of reads mapped to multiple loci |	1414821
             % of reads mapped to multiple loci |	5.41%
        Number of reads mapped to too many loci |	28443
             % of reads mapped to too many loci |	0.11%
                                  UNMAPPED READS:
       % of reads unmapped: too many mismatches |	0.00%
                 % of reads unmapped: too short |	0.81%
                     % of reads unmapped: other |	0.06%
                                  CHIMERIC READS:
                       Number of chimeric reads |	0
                            % of chimeric reads |	0.00%
