                                 Started job on |	Nov 23 12:47:14
                             Started mapping on |	Nov 23 12:47:58
                                    Finished on |	Nov 23 12:53:06
       Mapping speed, Million of reads per hour |	359.79

                          Number of input reads |	30781898
                      Average input read length |	194
                                    UNIQUE READS:
                   Uniquely mapped reads number |	27699219
                        Uniquely mapped reads % |	89.99%
                          Average mapped length |	194.85
                       Number of splices: Total |	9401094
            Number of splices: Annotated (sjdb) |	9303116
                       Number of splices: GT/AG |	9306242
                       Number of splices: GC/AG |	70483
                       Number of splices: AT/AC |	9207
               Number of splices: Non-canonical |	15162
                      Mismatch rate per base, % |	0.21%
                         Deletion rate per base |	0.03%
                        Deletion average length |	1.10
                        Insertion rate per base |	0.00%
                       Insertion average length |	1.43
                             MULTI-MAPPING READS:
        Number of reads mapped to multiple loci |	2868082
             % of reads mapped to multiple loci |	9.32%
        Number of reads mapped to too many loci |	39392
             % of reads mapped to too many loci |	0.13%
                                  UNMAPPED READS:
       % of reads unmapped: too many mismatches |	0.00%
                 % of reads unmapped: too short |	0.51%
                     % of reads unmapped: other |	0.06%
                                  CHIMERIC READS:
                       Number of chimeric reads |	0
                            % of chimeric reads |	0.00%
