[2020-04-21 04:44:09.610] [jointLog] [info] Fragment incompatibility prior below threshold.  Incompatible fragments will be ignored.
[2020-04-21 04:44:09.610] [jointLog] [info] Usage of --validateMappings implies use of minScoreFraction. Since not explicitly specified, it is being set to 0.65
[2020-04-21 04:44:09.610] [jointLog] [info] Usage of --validateMappings implies a default consensus slack of 0.2. Setting consensusSlack to 0.35.
[2020-04-21 04:44:09.610] [jointLog] [info] parsing read library format
[2020-04-21 04:44:09.610] [jointLog] [info] There is 1 library.
[2020-04-21 04:44:09.649] [jointLog] [info] Loading pufferfish index
[2020-04-21 04:44:09.650] [jointLog] [info] Loading dense pufferfish index.
[2020-04-21 04:44:22.118] [jointLog] [info] done
[2020-04-21 04:44:22.118] [jointLog] [info] Index contained 52,598 targets
[2020-04-21 04:44:22.135] [jointLog] [info] Number of decoys : 993
[2020-04-21 04:44:22.135] [jointLog] [info] First decoy index : 51,591 
[2020-04-21 04:44:22.384] [jointLog] [info] Automatically detected most likely library type as SR
[2020-04-21 04:44:32.774] [jointLog] [info] Thread saw mini-batch with a maximum of 1.50% zero probability fragments
[2020-04-21 04:44:32.782] [jointLog] [info] Thread saw mini-batch with a maximum of 1.42% zero probability fragments
[2020-04-21 04:44:32.787] [jointLog] [info] Thread saw mini-batch with a maximum of 1.48% zero probability fragments
[2020-04-21 04:44:32.798] [jointLog] [info] Thread saw mini-batch with a maximum of 1.64% zero probability fragments
[2020-04-21 04:44:32.799] [jointLog] [info] Thread saw mini-batch with a maximum of 1.54% zero probability fragments
[2020-04-21 04:44:32.805] [jointLog] [info] Thread saw mini-batch with a maximum of 1.54% zero probability fragments
[2020-04-21 04:44:32.806] [jointLog] [info] Thread saw mini-batch with a maximum of 1.46% zero probability fragments
[2020-04-21 04:44:32.806] [jointLog] [info] Thread saw mini-batch with a maximum of 1.52% zero probability fragments
[2020-04-21 04:44:32.807] [jointLog] [info] Thread saw mini-batch with a maximum of 1.50% zero probability fragments
[2020-04-21 04:44:32.809] [jointLog] [info] Thread saw mini-batch with a maximum of 1.40% zero probability fragments
[2020-04-21 04:44:32.811] [jointLog] [info] Thread saw mini-batch with a maximum of 1.54% zero probability fragments
[2020-04-21 04:44:32.811] [jointLog] [info] Thread saw mini-batch with a maximum of 1.48% zero probability fragments
[2020-04-21 04:44:32.812] [jointLog] [info] Thread saw mini-batch with a maximum of 1.38% zero probability fragments
[2020-04-21 04:44:32.814] [jointLog] [info] Thread saw mini-batch with a maximum of 1.46% zero probability fragments
[2020-04-21 04:44:32.817] [jointLog] [info] Thread saw mini-batch with a maximum of 1.52% zero probability fragments
[2020-04-21 04:44:32.817] [jointLog] [info] Thread saw mini-batch with a maximum of 1.56% zero probability fragments
[2020-04-21 04:44:32.889] [jointLog] [info] Computed 81,304 rich equivalence classes for further processing
[2020-04-21 04:44:32.889] [jointLog] [info] Counted 9,438,065 total reads in the equivalence classes 
[2020-04-21 04:44:32.900] [jointLog] [warning] 0.308842% of fragments were shorter than the k used to build the index.
If this fraction is too large, consider re-building the index with a smaller k.
The minimum read size found was 15.


[2020-04-21 04:44:32.900] [jointLog] [info] Number of mappings discarded because of alignment score : 3,632,192
[2020-04-21 04:44:32.900] [jointLog] [info] Number of fragments entirely discarded because of alignment score : 170,594
[2020-04-21 04:44:32.900] [jointLog] [info] Number of fragments discarded because they are best-mapped to decoys : 142,632
[2020-04-21 04:44:32.900] [jointLog] [info] Number of fragments discarded because they have only dovetail (discordant) mappings to valid targets : 0
[2020-04-21 04:44:32.900] [jointLog] [info] Mapping rate = 70.6276%

[2020-04-21 04:44:32.900] [jointLog] [info] finished quantifyLibrary()
[2020-04-21 04:44:32.901] [jointLog] [info] Starting optimizer
[2020-04-21 04:44:32.927] [jointLog] [info] Marked 0 weighted equivalence classes as degenerate
[2020-04-21 04:44:32.930] [jointLog] [info] iteration = 0 | max rel diff. = 14440.9
[2020-04-21 04:44:33.143] [jointLog] [info] iteration = 100 | max rel diff. = 13.8793
[2020-04-21 04:44:32.890] [fileLog] [info] 
At end of round 0
==================
Observed 13363136 total fragments (13363136 in most recent round)

[2020-04-21 04:44:33.348] [jointLog] [info] iteration = 200 | max rel diff. = 6.94745
[2020-04-21 04:44:33.553] [jointLog] [info] iteration = 300 | max rel diff. = 0.373036
[2020-04-21 04:44:33.757] [jointLog] [info] iteration = 400 | max rel diff. = 1.01333
[2020-04-21 04:44:33.962] [jointLog] [info] iteration = 500 | max rel diff. = 15.6244
[2020-04-21 04:44:34.167] [jointLog] [info] iteration = 600 | max rel diff. = 0.256258
[2020-04-21 04:44:34.372] [jointLog] [info] iteration = 700 | max rel diff. = 3.98084
[2020-04-21 04:44:34.577] [jointLog] [info] iteration = 800 | max rel diff. = 0.264393
[2020-04-21 04:44:34.782] [jointLog] [info] iteration = 900 | max rel diff. = 0.0315128
[2020-04-21 04:44:34.988] [jointLog] [info] iteration = 1,000 | max rel diff. = 0.584196
[2020-04-21 04:44:35.193] [jointLog] [info] iteration = 1,100 | max rel diff. = 0.175396
[2020-04-21 04:44:35.398] [jointLog] [info] iteration = 1,200 | max rel diff. = 0.0313156
[2020-04-21 04:44:35.601] [jointLog] [info] iteration = 1,300 | max rel diff. = 0.00245464
[2020-04-21 04:44:35.602] [jointLog] [info] Finished optimizer
[2020-04-21 04:44:35.602] [jointLog] [info] writing output 

