[2020-04-21 05:03:01.078] [jointLog] [info] Fragment incompatibility prior below threshold.  Incompatible fragments will be ignored.
[2020-04-21 05:03:01.078] [jointLog] [info] Usage of --validateMappings implies use of minScoreFraction. Since not explicitly specified, it is being set to 0.65
[2020-04-21 05:03:01.078] [jointLog] [info] Usage of --validateMappings implies a default consensus slack of 0.2. Setting consensusSlack to 0.35.
[2020-04-21 05:03:01.078] [jointLog] [info] parsing read library format
[2020-04-21 05:03:01.078] [jointLog] [info] There is 1 library.
[2020-04-21 05:03:01.119] [jointLog] [info] Loading pufferfish index
[2020-04-21 05:03:01.119] [jointLog] [info] Loading dense pufferfish index.
[2020-04-21 05:03:13.354] [jointLog] [info] done
[2020-04-21 05:03:13.354] [jointLog] [info] Index contained 52,598 targets
[2020-04-21 05:03:13.372] [jointLog] [info] Number of decoys : 993
[2020-04-21 05:03:13.372] [jointLog] [info] First decoy index : 51,591 
[2020-04-21 05:03:13.627] [jointLog] [info] Automatically detected most likely library type as SR
[2020-04-21 05:03:37.391] [jointLog] [info] Thread saw mini-batch with a maximum of 0.88% zero probability fragments
[2020-04-21 05:03:37.392] [jointLog] [info] Thread saw mini-batch with a maximum of 0.70% zero probability fragments
[2020-04-21 05:03:37.403] [jointLog] [info] Thread saw mini-batch with a maximum of 0.80% zero probability fragments
[2020-04-21 05:03:37.420] [jointLog] [info] Thread saw mini-batch with a maximum of 0.78% zero probability fragments
[2020-04-21 05:03:37.436] [jointLog] [info] Thread saw mini-batch with a maximum of 0.72% zero probability fragments
[2020-04-21 05:03:37.439] [jointLog] [info] Thread saw mini-batch with a maximum of 0.80% zero probability fragments
[2020-04-21 05:03:37.441] [jointLog] [info] Thread saw mini-batch with a maximum of 0.74% zero probability fragments
[2020-04-21 05:03:37.445] [jointLog] [info] Thread saw mini-batch with a maximum of 0.72% zero probability fragments
[2020-04-21 05:03:37.453] [jointLog] [info] Thread saw mini-batch with a maximum of 0.72% zero probability fragments
[2020-04-21 05:03:37.453] [jointLog] [info] Thread saw mini-batch with a maximum of 0.88% zero probability fragments
[2020-04-21 05:03:37.454] [jointLog] [info] Thread saw mini-batch with a maximum of 0.80% zero probability fragments
[2020-04-21 05:03:37.460] [jointLog] [info] Thread saw mini-batch with a maximum of 0.74% zero probability fragments
[2020-04-21 05:03:37.461] [jointLog] [info] Thread saw mini-batch with a maximum of 0.86% zero probability fragments
[2020-04-21 05:03:37.462] [jointLog] [info] Thread saw mini-batch with a maximum of 0.76% zero probability fragments
[2020-04-21 05:03:37.466] [jointLog] [info] Thread saw mini-batch with a maximum of 0.72% zero probability fragments
[2020-04-21 05:03:37.466] [jointLog] [info] Thread saw mini-batch with a maximum of 0.70% zero probability fragments
[2020-04-21 05:03:37.543] [jointLog] [info] Computed 91,788 rich equivalence classes for further processing
[2020-04-21 05:03:37.543] [jointLog] [info] Counted 9,395,034 total reads in the equivalence classes 
[2020-04-21 05:03:37.554] [jointLog] [warning] 0.0626317% of fragments were shorter than the k used to build the index.
If this fraction is too large, consider re-building the index with a smaller k.
The minimum read size found was 15.


[2020-04-21 05:03:37.554] [jointLog] [info] Number of mappings discarded because of alignment score : 10,177,139
[2020-04-21 05:03:37.554] [jointLog] [info] Number of fragments entirely discarded because of alignment score : 531,547
[2020-04-21 05:03:37.554] [jointLog] [info] Number of fragments discarded because they are best-mapped to decoys : 504,742
[2020-04-21 05:03:37.554] [jointLog] [info] Number of fragments discarded because they have only dovetail (discordant) mappings to valid targets : 0
[2020-04-21 05:03:37.554] [jointLog] [info] Mapping rate = 44.5609%

[2020-04-21 05:03:37.554] [jointLog] [info] finished quantifyLibrary()
[2020-04-21 05:03:37.555] [jointLog] [info] Starting optimizer
[2020-04-21 05:03:37.588] [jointLog] [info] Marked 0 weighted equivalence classes as degenerate
[2020-04-21 05:03:37.598] [jointLog] [info] iteration = 0 | max rel diff. = 14408.5
[2020-04-21 05:03:37.544] [fileLog] [info] 
At end of round 0
==================
Observed 21083580 total fragments (21083580 in most recent round)

[2020-04-21 05:03:37.862] [jointLog] [info] iteration = 100 | max rel diff. = 18.4945
[2020-04-21 05:03:38.115] [jointLog] [info] iteration = 200 | max rel diff. = 1.70468
[2020-04-21 05:03:38.367] [jointLog] [info] iteration = 300 | max rel diff. = 0.800099
[2020-04-21 05:03:38.620] [jointLog] [info] iteration = 400 | max rel diff. = 0.146473
[2020-04-21 05:03:38.874] [jointLog] [info] iteration = 500 | max rel diff. = 0.269295
[2020-04-21 05:03:39.128] [jointLog] [info] iteration = 600 | max rel diff. = 0.0815317
[2020-04-21 05:03:39.382] [jointLog] [info] iteration = 700 | max rel diff. = 5.64139
[2020-04-21 05:03:39.639] [jointLog] [info] iteration = 800 | max rel diff. = 0.0882062
[2020-04-21 05:03:39.892] [jointLog] [info] iteration = 900 | max rel diff. = 0.04706
[2020-04-21 05:03:40.145] [jointLog] [info] iteration = 1,000 | max rel diff. = 0.14441
[2020-04-21 05:03:40.399] [jointLog] [info] iteration = 1,100 | max rel diff. = 0.722276
[2020-04-21 05:03:40.654] [jointLog] [info] iteration = 1,200 | max rel diff. = 0.162895
[2020-04-21 05:03:40.910] [jointLog] [info] iteration = 1,300 | max rel diff. = 0.0911201
[2020-04-21 05:03:40.941] [jointLog] [info] iteration = 1,313 | max rel diff. = 0.00748389
[2020-04-21 05:03:40.943] [jointLog] [info] Finished optimizer
[2020-04-21 05:03:40.943] [jointLog] [info] writing output 

