[2020-04-23 14:19:11.698] [jointLog] [info] Fragment incompatibility prior below threshold.  Incompatible fragments will be ignored.
[2020-04-23 14:19:11.698] [jointLog] [info] Usage of --validateMappings implies use of minScoreFraction. Since not explicitly specified, it is being set to 0.65
[2020-04-23 14:19:11.698] [jointLog] [info] Usage of --validateMappings implies a default consensus slack of 0.2. Setting consensusSlack to 0.35.
[2020-04-23 14:19:11.698] [jointLog] [info] parsing read library format
[2020-04-23 14:19:11.698] [jointLog] [info] There is 1 library.
[2020-04-23 14:19:11.824] [jointLog] [info] Loading pufferfish index
[2020-04-23 14:19:11.825] [jointLog] [info] Loading dense pufferfish index.
[2020-04-23 14:19:48.446] [jointLog] [info] done
[2020-04-23 14:19:48.446] [jointLog] [info] Index contained 52,598 targets
[2020-04-23 14:19:48.499] [jointLog] [info] Number of decoys : 993
[2020-04-23 14:19:48.499] [jointLog] [info] First decoy index : 51,591 
[2020-04-23 14:20:09.683] [jointLog] [info] Automatically detected most likely library type as SF
[2020-04-23 14:22:30.218] [fileLog] [info] 
At end of round 0
==================
Observed 66767404 total fragments (66767404 in most recent round)

[2020-04-23 14:22:30.079] [jointLog] [info] Thread saw mini-batch with a maximum of 0.14% zero probability fragments
[2020-04-23 14:22:30.079] [jointLog] [info] Thread saw mini-batch with a maximum of 0.12% zero probability fragments
[2020-04-23 14:22:30.079] [jointLog] [info] Thread saw mini-batch with a maximum of 0.10% zero probability fragments
[2020-04-23 14:22:30.079] [jointLog] [info] Thread saw mini-batch with a maximum of 0.12% zero probability fragments
[2020-04-23 14:22:30.079] [jointLog] [info] Thread saw mini-batch with a maximum of 0.14% zero probability fragments
[2020-04-23 14:22:30.079] [jointLog] [info] Thread saw mini-batch with a maximum of 0.14% zero probability fragments
[2020-04-23 14:22:30.079] [jointLog] [info] Thread saw mini-batch with a maximum of 0.16% zero probability fragments
[2020-04-23 14:22:30.079] [jointLog] [info] Thread saw mini-batch with a maximum of 0.12% zero probability fragments
[2020-04-23 14:22:30.079] [jointLog] [info] Thread saw mini-batch with a maximum of 0.16% zero probability fragments
[2020-04-23 14:22:30.100] [jointLog] [info] Thread saw mini-batch with a maximum of 0.12% zero probability fragments
[2020-04-23 14:22:30.104] [jointLog] [info] Thread saw mini-batch with a maximum of 0.14% zero probability fragments
[2020-04-23 14:22:30.117] [jointLog] [info] Thread saw mini-batch with a maximum of 0.12% zero probability fragments
[2020-04-23 14:22:30.129] [jointLog] [info] Thread saw mini-batch with a maximum of 0.14% zero probability fragments
[2020-04-23 14:22:30.133] [jointLog] [info] Thread saw mini-batch with a maximum of 0.12% zero probability fragments
[2020-04-23 14:22:30.138] [jointLog] [info] Thread saw mini-batch with a maximum of 0.14% zero probability fragments
[2020-04-23 14:22:30.151] [jointLog] [info] Thread saw mini-batch with a maximum of 0.16% zero probability fragments
[2020-04-23 14:22:30.217] [jointLog] [info] Computed 1,336 rich equivalence classes for further processing
[2020-04-23 14:22:30.217] [jointLog] [info] Counted 272,729 total reads in the equivalence classes 
[2020-04-23 14:22:30.297] [jointLog] [warning] 2.1173% of fragments were shorter than the k used to build the index.
If this fraction is too large, consider re-building the index with a smaller k.
The minimum read size found was 15.


[2020-04-23 14:22:30.297] [jointLog] [info] Number of mappings discarded because of alignment score : 2,660,261
[2020-04-23 14:22:30.297] [jointLog] [info] Number of fragments entirely discarded because of alignment score : 54,975
[2020-04-23 14:22:30.297] [jointLog] [info] Number of fragments discarded because they are best-mapped to decoys : 15,257
[2020-04-23 14:22:30.297] [jointLog] [info] Number of fragments discarded because they have only dovetail (discordant) mappings to valid targets : 0
[2020-04-23 14:22:30.307] [jointLog] [warning] Only 272729 fragments were mapped, but the number of burn-in fragments was set to 5000000.
The effective lengths have been computed using the observed mappings.

[2020-04-23 14:22:30.307] [jointLog] [info] Mapping rate = 0.408476%

[2020-04-23 14:22:30.307] [jointLog] [info] finished quantifyLibrary()
[2020-04-23 14:22:30.309] [jointLog] [info] Starting optimizer
[2020-04-23 14:22:30.342] [jointLog] [info] Marked 0 weighted equivalence classes as degenerate
[2020-04-23 14:22:30.347] [jointLog] [info] iteration = 0 | max rel diff. = 519.315
[2020-04-23 14:22:30.508] [jointLog] [info] iteration = 100 | max rel diff. = 0.0335096
[2020-04-23 14:22:30.666] [jointLog] [info] iteration = 200 | max rel diff. = 0.0957107
[2020-04-23 14:22:30.686] [jointLog] [info] iteration = 214 | max rel diff. = 9.76963e-05
[2020-04-23 14:22:30.688] [jointLog] [info] Finished optimizer
[2020-04-23 14:22:30.688] [jointLog] [info] writing output 

