[2020-04-23 12:16:03.461] [jointLog] [info] Fragment incompatibility prior below threshold.  Incompatible fragments will be ignored.
[2020-04-23 12:16:03.461] [jointLog] [info] Usage of --validateMappings implies use of minScoreFraction. Since not explicitly specified, it is being set to 0.65
[2020-04-23 12:16:03.461] [jointLog] [info] Usage of --validateMappings implies a default consensus slack of 0.2. Setting consensusSlack to 0.35.
[2020-04-23 12:16:03.461] [jointLog] [info] parsing read library format
[2020-04-23 12:16:03.461] [jointLog] [info] There is 1 library.
[2020-04-23 12:16:03.612] [jointLog] [info] Loading pufferfish index
[2020-04-23 12:16:03.627] [jointLog] [info] Loading dense pufferfish index.
[2020-04-23 12:17:03.615] [jointLog] [info] done
[2020-04-23 12:17:03.615] [jointLog] [info] Index contained 52,598 targets
[2020-04-23 12:17:03.667] [jointLog] [info] Number of decoys : 993
[2020-04-23 12:17:03.667] [jointLog] [info] First decoy index : 51,591 
[2020-04-23 12:17:44.060] [jointLog] [info] Automatically detected most likely library type as SF
[2020-04-23 12:19:42.518] [jointLog] [info] Thread saw mini-batch with a maximum of 0.18% zero probability fragments
[2020-04-23 12:19:42.556] [jointLog] [info] Thread saw mini-batch with a maximum of 0.24% zero probability fragments
[2020-04-23 12:19:42.571] [jointLog] [info] Thread saw mini-batch with a maximum of 0.20% zero probability fragments
[2020-04-23 12:19:42.665] [jointLog] [info] Thread saw mini-batch with a maximum of 0.20% zero probability fragments
[2020-04-23 12:19:42.742] [jointLog] [info] Thread saw mini-batch with a maximum of 0.18% zero probability fragments
[2020-04-23 12:19:42.755] [jointLog] [info] Thread saw mini-batch with a maximum of 0.18% zero probability fragments
[2020-04-23 12:19:42.781] [jointLog] [info] Thread saw mini-batch with a maximum of 0.20% zero probability fragments
[2020-04-23 12:19:42.838] [jointLog] [info] Thread saw mini-batch with a maximum of 0.18% zero probability fragments
[2020-04-23 12:19:42.872] [jointLog] [info] Thread saw mini-batch with a maximum of 0.18% zero probability fragments
[2020-04-23 12:19:42.879] [jointLog] [info] Thread saw mini-batch with a maximum of 0.24% zero probability fragments
[2020-04-23 12:19:42.953] [jointLog] [info] Thread saw mini-batch with a maximum of 0.24% zero probability fragments
[2020-04-23 12:19:42.993] [jointLog] [info] Thread saw mini-batch with a maximum of 0.14% zero probability fragments
[2020-04-23 12:19:43.011] [jointLog] [info] Thread saw mini-batch with a maximum of 0.22% zero probability fragments
[2020-04-23 12:19:43.022] [jointLog] [info] Thread saw mini-batch with a maximum of 0.20% zero probability fragments
[2020-04-23 12:19:43.058] [jointLog] [info] Thread saw mini-batch with a maximum of 0.14% zero probability fragments
[2020-04-23 12:19:43.133] [jointLog] [info] Thread saw mini-batch with a maximum of 0.14% zero probability fragments
[2020-04-23 12:19:43.256] [jointLog] [info] Computed 331 rich equivalence classes for further processing
[2020-04-23 12:19:43.256] [jointLog] [info] Counted 47,969 total reads in the equivalence classes 
[2020-04-23 12:19:43.369] [jointLog] [warning] 0.00414559% of fragments were shorter than the k used to build the index.
If this fraction is too large, consider re-building the index with a smaller k.
The minimum read size found was 15.


[2020-04-23 12:19:43.369] [jointLog] [info] Number of mappings discarded because of alignment score : 16,107,914
[2020-04-23 12:19:43.369] [jointLog] [info] Number of fragments entirely discarded because of alignment score : 204,418
[2020-04-23 12:19:43.369] [jointLog] [info] Number of fragments discarded because they are best-mapped to decoys : 66,632
[2020-04-23 12:19:43.369] [jointLog] [info] Number of fragments discarded because they have only dovetail (discordant) mappings to valid targets : 0
[2020-04-23 12:19:43.379] [jointLog] [warning] Only 47969 fragments were mapped, but the number of burn-in fragments was set to 5000000.
The effective lengths have been computed using the observed mappings.

[2020-04-23 12:19:43.379] [jointLog] [info] Mapping rate = 0.302219%

[2020-04-23 12:19:43.379] [jointLog] [info] finished quantifyLibrary()
[2020-04-23 12:19:43.381] [jointLog] [info] Starting optimizer
[2020-04-23 12:19:43.411] [jointLog] [info] Marked 0 weighted equivalence classes as degenerate
[2020-04-23 12:19:43.418] [jointLog] [info] iteration = 0 | max rel diff. = 21.5134
[2020-04-23 12:19:43.569] [jointLog] [info] iteration = 100 | max rel diff. = 2.45505e-05
[2020-04-23 12:19:43.571] [jointLog] [info] Finished optimizer
[2020-04-23 12:19:43.571] [jointLog] [info] writing output 

[2020-04-23 12:19:43.257] [fileLog] [info] 
At end of round 0
==================
Observed 15872275 total fragments (15872275 in most recent round)

