[2025-02-19 23:00:19.501] [jointLog] [info] setting maxHashResizeThreads to 8
[2025-02-19 23:00:19.501] [jointLog] [info] Fragment incompatibility prior below threshold.  Incompatible fragments will be ignored.
[2025-02-19 23:00:19.501] [jointLog] [info] Usage of --validateMappings implies use of minScoreFraction. Since not explicitly specified, it is being set to 0.65
[2025-02-19 23:00:19.501] [jointLog] [info] Setting consensusSlack to selective-alignment default of 0.35.
[2025-02-19 23:00:19.501] [jointLog] [info] parsing read library format
[2025-02-19 23:00:19.501] [jointLog] [info] There is 1 library.
[2025-02-19 23:00:19.501] [jointLog] [info] Loading pufferfish index
[2025-02-19 23:00:19.501] [jointLog] [info] Loading dense pufferfish index.
[2025-02-19 23:00:31.593] [jointLog] [info] done
[2025-02-19 23:00:31.618] [jointLog] [info] Index contained 58,185 targets
[2025-02-19 23:00:31.627] [jointLog] [info] Number of decoys : 993
[2025-02-19 23:00:31.627] [jointLog] [info] First decoy index : 57,178 
[2025-02-19 23:00:32.006] [jointLog] [info] Automatically detected most likely library type as SR

[2025-02-19 23:02:55.004] [jointLog] [info] Thread saw mini-batch with a maximum of 0.94% zero probability fragments
[2025-02-19 23:02:55.029] [jointLog] [info] Thread saw mini-batch with a maximum of 0.94% zero probability fragments
[2025-02-19 23:02:55.033] [jointLog] [info] Thread saw mini-batch with a maximum of 0.94% zero probability fragments
[2025-02-19 23:02:55.064] [jointLog] [info] Thread saw mini-batch with a maximum of 0.96% zero probability fragments
[2025-02-19 23:02:55.066] [jointLog] [info] Thread saw mini-batch with a maximum of 0.98% zero probability fragments
[2025-02-19 23:02:55.092] [jointLog] [info] Thread saw mini-batch with a maximum of 0.92% zero probability fragments
[2025-02-19 23:02:55.106] [jointLog] [info] Thread saw mini-batch with a maximum of 0.96% zero probability fragments
[2025-02-19 23:02:55.109] [jointLog] [info] Thread saw mini-batch with a maximum of 0.94% zero probability fragments
[2025-02-19 23:02:55.159] [jointLog] [info] Computed 114,112 rich equivalence classes for further processing
[2025-02-19 23:02:55.159] [jointLog] [info] Counted 23,412,770 total reads in the equivalence classes 
[2025-02-19 23:02:55.163] [jointLog] [info] Number of mappings discarded because of alignment score : 40,623,168
[2025-02-19 23:02:55.163] [jointLog] [info] Number of fragments entirely discarded because of alignment score : 2,125,501
[2025-02-19 23:02:55.163] [jointLog] [info] Number of fragments discarded because they are best-mapped to decoys : 1,843,765
[2025-02-19 23:02:55.163] [jointLog] [info] Number of fragments discarded because they have only dovetail (discordant) mappings to valid targets : 0
[2025-02-19 23:02:55.163] [jointLog] [info] Mapping rate = 62.7552%

[2025-02-19 23:02:55.163] [jointLog] [info] finished quantifyLibrary()
[2025-02-19 23:02:55.164] [jointLog] [info] Starting optimizer
[2025-02-19 23:02:55.183] [jointLog] [info] Marked 0 weighted equivalence classes as degenerate
[2025-02-19 23:02:55.186] [jointLog] [info] iteration = 0 | max rel diff. = 20317.6
[2025-02-19 23:02:55.159] [fileLog] [info] 
At end of round 0
==================
Observed 37308106 total fragments (37308106 in most recent round)

[2025-02-19 23:02:55.470] [jointLog] [info] iteration = 100 | max rel diff. = 18.8654
[2025-02-19 23:02:55.753] [jointLog] [info] iteration = 200 | max rel diff. = 9.29098
[2025-02-19 23:02:56.036] [jointLog] [info] iteration = 300 | max rel diff. = 2.96612
[2025-02-19 23:02:56.318] [jointLog] [info] iteration = 400 | max rel diff. = 3.4541
[2025-02-19 23:02:56.601] [jointLog] [info] iteration = 500 | max rel diff. = 0.151423
[2025-02-19 23:02:56.884] [jointLog] [info] iteration = 600 | max rel diff. = 0.207856
[2025-02-19 23:02:57.166] [jointLog] [info] iteration = 700 | max rel diff. = 0.0943609
[2025-02-19 23:02:57.448] [jointLog] [info] iteration = 800 | max rel diff. = 0.0282185
[2025-02-19 23:02:57.731] [jointLog] [info] iteration = 900 | max rel diff. = 0.0313635
[2025-02-19 23:02:58.013] [jointLog] [info] iteration = 1,000 | max rel diff. = 0.227325
[2025-02-19 23:02:58.295] [jointLog] [info] iteration = 1,100 | max rel diff. = 0.0207465
[2025-02-19 23:02:58.403] [jointLog] [info] iteration = 1,139 | max rel diff. = 0.00968059
[2025-02-19 23:02:58.404] [jointLog] [info] Finished optimizer
[2025-02-19 23:02:58.404] [jointLog] [info] writing output 

