[2020-04-23 13:59:36.807] [jointLog] [info] Fragment incompatibility prior below threshold.  Incompatible fragments will be ignored.
[2020-04-23 13:59:36.807] [jointLog] [info] Usage of --validateMappings implies use of minScoreFraction. Since not explicitly specified, it is being set to 0.65
[2020-04-23 13:59:36.807] [jointLog] [info] Usage of --validateMappings implies a default consensus slack of 0.2. Setting consensusSlack to 0.35.
[2020-04-23 13:59:36.807] [jointLog] [info] parsing read library format
[2020-04-23 13:59:36.807] [jointLog] [info] There is 1 library.
[2020-04-23 13:59:36.925] [jointLog] [info] Loading pufferfish index
[2020-04-23 13:59:36.926] [jointLog] [info] Loading dense pufferfish index.
[2020-04-23 14:00:13.813] [jointLog] [info] done
[2020-04-23 14:00:13.813] [jointLog] [info] Index contained 52,598 targets
[2020-04-23 14:00:13.874] [jointLog] [info] Number of decoys : 993
[2020-04-23 14:00:13.874] [jointLog] [info] First decoy index : 51,591 
[2020-04-23 14:00:23.713] [jointLog] [info] Automatically detected most likely library type as SF
[2020-04-23 14:02:50.069] [fileLog] [info] 
At end of round 0
==================
Observed 64209387 total fragments (64209387 in most recent round)

[2020-04-23 14:02:49.928] [jointLog] [info] Thread saw mini-batch with a maximum of 0.22% zero probability fragments
[2020-04-23 14:02:49.928] [jointLog] [info] Thread saw mini-batch with a maximum of 0.26% zero probability fragments
[2020-04-23 14:02:49.928] [jointLog] [info] Thread saw mini-batch with a maximum of 0.20% zero probability fragments
[2020-04-23 14:02:49.928] [jointLog] [info] Thread saw mini-batch with a maximum of 0.20% zero probability fragments
[2020-04-23 14:02:49.928] [jointLog] [info] Thread saw mini-batch with a maximum of 0.22% zero probability fragments
[2020-04-23 14:02:49.928] [jointLog] [info] Thread saw mini-batch with a maximum of 0.20% zero probability fragments
[2020-04-23 14:02:49.928] [jointLog] [info] Thread saw mini-batch with a maximum of 0.22% zero probability fragments
[2020-04-23 14:02:49.928] [jointLog] [info] Thread saw mini-batch with a maximum of 0.20% zero probability fragments
[2020-04-23 14:02:49.928] [jointLog] [info] Thread saw mini-batch with a maximum of 0.22% zero probability fragments
[2020-04-23 14:02:49.933] [jointLog] [info] Thread saw mini-batch with a maximum of 0.22% zero probability fragments
[2020-04-23 14:02:49.953] [jointLog] [info] Thread saw mini-batch with a maximum of 0.24% zero probability fragments
[2020-04-23 14:02:49.960] [jointLog] [info] Thread saw mini-batch with a maximum of 0.22% zero probability fragments
[2020-04-23 14:02:49.971] [jointLog] [info] Thread saw mini-batch with a maximum of 0.20% zero probability fragments
[2020-04-23 14:02:49.989] [jointLog] [info] Thread saw mini-batch with a maximum of 0.24% zero probability fragments
[2020-04-23 14:02:49.992] [jointLog] [info] Thread saw mini-batch with a maximum of 0.22% zero probability fragments
[2020-04-23 14:02:49.993] [jointLog] [info] Thread saw mini-batch with a maximum of 0.20% zero probability fragments
[2020-04-23 14:02:50.067] [jointLog] [info] Computed 1,409 rich equivalence classes for further processing
[2020-04-23 14:02:50.067] [jointLog] [info] Counted 469,598 total reads in the equivalence classes 
[2020-04-23 14:02:50.133] [jointLog] [warning] 2.52592% of fragments were shorter than the k used to build the index.
If this fraction is too large, consider re-building the index with a smaller k.
The minimum read size found was 15.


[2020-04-23 14:02:50.133] [jointLog] [info] Number of mappings discarded because of alignment score : 2,522,550
[2020-04-23 14:02:50.133] [jointLog] [info] Number of fragments entirely discarded because of alignment score : 100,345
[2020-04-23 14:02:50.133] [jointLog] [info] Number of fragments discarded because they are best-mapped to decoys : 38,186
[2020-04-23 14:02:50.133] [jointLog] [info] Number of fragments discarded because they have only dovetail (discordant) mappings to valid targets : 0
[2020-04-23 14:02:50.143] [jointLog] [warning] Only 469598 fragments were mapped, but the number of burn-in fragments was set to 5000000.
The effective lengths have been computed using the observed mappings.

[2020-04-23 14:02:50.143] [jointLog] [info] Mapping rate = 0.731354%

[2020-04-23 14:02:50.143] [jointLog] [info] finished quantifyLibrary()
[2020-04-23 14:02:50.205] [jointLog] [info] Starting optimizer
[2020-04-23 14:02:50.243] [jointLog] [info] Marked 0 weighted equivalence classes as degenerate
[2020-04-23 14:02:50.246] [jointLog] [info] iteration = 0 | max rel diff. = 872.748
[2020-04-23 14:02:50.407] [jointLog] [info] iteration = 100 | max rel diff. = 0.0998191
[2020-04-23 14:02:50.565] [jointLog] [info] iteration = 200 | max rel diff. = 0.0530747
[2020-04-23 14:02:50.723] [jointLog] [info] iteration = 300 | max rel diff. = 0.520186
[2020-04-23 14:02:50.728] [jointLog] [info] iteration = 304 | max rel diff. = 1.23491e-05
[2020-04-23 14:02:50.730] [jointLog] [info] Finished optimizer
[2020-04-23 14:02:50.730] [jointLog] [info] writing output 

