[2020-04-21 04:55:52.675] [jointLog] [info] Fragment incompatibility prior below threshold.  Incompatible fragments will be ignored.
[2020-04-21 04:55:52.675] [jointLog] [info] Usage of --validateMappings implies use of minScoreFraction. Since not explicitly specified, it is being set to 0.65
[2020-04-21 04:55:52.675] [jointLog] [info] Usage of --validateMappings implies a default consensus slack of 0.2. Setting consensusSlack to 0.35.
[2020-04-21 04:55:52.675] [jointLog] [info] parsing read library format
[2020-04-21 04:55:52.675] [jointLog] [info] There is 1 library.
[2020-04-21 04:55:52.716] [jointLog] [info] Loading pufferfish index
[2020-04-21 04:55:52.716] [jointLog] [info] Loading dense pufferfish index.
[2020-04-21 04:56:04.971] [jointLog] [info] done
[2020-04-21 04:56:04.971] [jointLog] [info] Index contained 52,598 targets
[2020-04-21 04:56:04.989] [jointLog] [info] Number of decoys : 993
[2020-04-21 04:56:04.989] [jointLog] [info] First decoy index : 51,591 
[2020-04-21 04:56:05.263] [jointLog] [info] Automatically detected most likely library type as SR
[2020-04-21 04:56:32.011] [jointLog] [info] Thread saw mini-batch with a maximum of 1.04% zero probability fragments
[2020-04-21 04:56:32.015] [jointLog] [info] Thread saw mini-batch with a maximum of 0.88% zero probability fragments
[2020-04-21 04:56:32.016] [jointLog] [info] Thread saw mini-batch with a maximum of 0.84% zero probability fragments
[2020-04-21 04:56:32.034] [jointLog] [info] Thread saw mini-batch with a maximum of 0.90% zero probability fragments
[2020-04-21 04:56:32.041] [jointLog] [info] Thread saw mini-batch with a maximum of 0.88% zero probability fragments
[2020-04-21 04:56:32.043] [jointLog] [info] Thread saw mini-batch with a maximum of 0.94% zero probability fragments
[2020-04-21 04:56:32.044] [jointLog] [info] Thread saw mini-batch with a maximum of 0.78% zero probability fragments
[2020-04-21 04:56:32.052] [jointLog] [info] Thread saw mini-batch with a maximum of 0.90% zero probability fragments
[2020-04-21 04:56:32.054] [jointLog] [info] Thread saw mini-batch with a maximum of 0.86% zero probability fragments
[2020-04-21 04:56:32.055] [jointLog] [info] Thread saw mini-batch with a maximum of 0.86% zero probability fragments
[2020-04-21 04:56:32.056] [jointLog] [info] Thread saw mini-batch with a maximum of 0.84% zero probability fragments
[2020-04-21 04:56:32.072] [jointLog] [info] Thread saw mini-batch with a maximum of 0.88% zero probability fragments
[2020-04-21 04:56:32.074] [jointLog] [info] Thread saw mini-batch with a maximum of 0.82% zero probability fragments
[2020-04-21 04:56:32.076] [jointLog] [info] Thread saw mini-batch with a maximum of 0.82% zero probability fragments
[2020-04-21 04:56:32.082] [jointLog] [info] Thread saw mini-batch with a maximum of 0.84% zero probability fragments
[2020-04-21 04:56:32.088] [jointLog] [info] Thread saw mini-batch with a maximum of 0.82% zero probability fragments
[2020-04-21 04:56:32.172] [jointLog] [info] Computed 99,472 rich equivalence classes for further processing
[2020-04-21 04:56:32.172] [jointLog] [info] Counted 10,908,088 total reads in the equivalence classes 
[2020-04-21 04:56:32.184] [jointLog] [warning] 0.498028% of fragments were shorter than the k used to build the index.
If this fraction is too large, consider re-building the index with a smaller k.
The minimum read size found was 15.


[2020-04-21 04:56:32.184] [jointLog] [info] Number of mappings discarded because of alignment score : 11,396,673
[2020-04-21 04:56:32.184] [jointLog] [info] Number of fragments entirely discarded because of alignment score : 587,389
[2020-04-21 04:56:32.184] [jointLog] [info] Number of fragments discarded because they are best-mapped to decoys : 558,647
[2020-04-21 04:56:32.184] [jointLog] [info] Number of fragments discarded because they have only dovetail (discordant) mappings to valid targets : 0
[2020-04-21 04:56:32.184] [jointLog] [info] Mapping rate = 51.2532%

[2020-04-21 04:56:32.184] [jointLog] [info] finished quantifyLibrary()
[2020-04-21 04:56:32.185] [jointLog] [info] Starting optimizer
[2020-04-21 04:56:32.219] [jointLog] [info] Marked 0 weighted equivalence classes as degenerate
[2020-04-21 04:56:32.223] [jointLog] [info] iteration = 0 | max rel diff. = 16124.3
[2020-04-21 04:56:32.173] [fileLog] [info] 
At end of round 0
==================
Observed 21282747 total fragments (21282747 in most recent round)

[2020-04-21 04:56:32.526] [jointLog] [info] iteration = 100 | max rel diff. = 14.8683
[2020-04-21 04:56:32.819] [jointLog] [info] iteration = 200 | max rel diff. = 6.19572
[2020-04-21 04:56:33.111] [jointLog] [info] iteration = 300 | max rel diff. = 1.87765
[2020-04-21 04:56:33.406] [jointLog] [info] iteration = 400 | max rel diff. = 1.65016
[2020-04-21 04:56:33.699] [jointLog] [info] iteration = 500 | max rel diff. = 0.0954632
[2020-04-21 04:56:33.991] [jointLog] [info] iteration = 600 | max rel diff. = 7.47001
[2020-04-21 04:56:34.283] [jointLog] [info] iteration = 700 | max rel diff. = 0.140652
[2020-04-21 04:56:34.575] [jointLog] [info] iteration = 800 | max rel diff. = 4.77353
[2020-04-21 04:56:34.867] [jointLog] [info] iteration = 900 | max rel diff. = 0.166182
[2020-04-21 04:56:35.158] [jointLog] [info] iteration = 1,000 | max rel diff. = 0.412948
[2020-04-21 04:56:35.304] [jointLog] [info] iteration = 1,051 | max rel diff. = 0.00698885
[2020-04-21 04:56:35.307] [jointLog] [info] Finished optimizer
[2020-04-21 04:56:35.307] [jointLog] [info] writing output 

