[2020-04-21 04:48:28.842] [jointLog] [info] Fragment incompatibility prior below threshold.  Incompatible fragments will be ignored.
[2020-04-21 04:48:28.842] [jointLog] [info] Usage of --validateMappings implies use of minScoreFraction. Since not explicitly specified, it is being set to 0.65
[2020-04-21 04:48:28.842] [jointLog] [info] Usage of --validateMappings implies a default consensus slack of 0.2. Setting consensusSlack to 0.35.
[2020-04-21 04:48:28.842] [jointLog] [info] parsing read library format
[2020-04-21 04:48:28.842] [jointLog] [info] There is 1 library.
[2020-04-21 04:48:28.882] [jointLog] [info] Loading pufferfish index
[2020-04-21 04:48:28.883] [jointLog] [info] Loading dense pufferfish index.
[2020-04-21 04:48:41.079] [jointLog] [info] done
[2020-04-21 04:48:41.079] [jointLog] [info] Index contained 52,598 targets
[2020-04-21 04:48:41.097] [jointLog] [info] Number of decoys : 993
[2020-04-21 04:48:41.097] [jointLog] [info] First decoy index : 51,591 
[2020-04-21 04:48:41.381] [jointLog] [info] Automatically detected most likely library type as SR
[2020-04-21 04:49:00.544] [jointLog] [info] Thread saw mini-batch with a maximum of 2.62% zero probability fragments
[2020-04-21 04:49:00.545] [jointLog] [info] Thread saw mini-batch with a maximum of 2.64% zero probability fragments
[2020-04-21 04:49:00.550] [jointLog] [info] Thread saw mini-batch with a maximum of 2.58% zero probability fragments
[2020-04-21 04:49:00.561] [jointLog] [info] Thread saw mini-batch with a maximum of 2.76% zero probability fragments
[2020-04-21 04:49:00.564] [jointLog] [info] Thread saw mini-batch with a maximum of 2.60% zero probability fragments
[2020-04-21 04:49:00.568] [jointLog] [info] Thread saw mini-batch with a maximum of 2.60% zero probability fragments
[2020-04-21 04:49:00.568] [jointLog] [info] Thread saw mini-batch with a maximum of 2.58% zero probability fragments
[2020-04-21 04:49:00.574] [jointLog] [info] Thread saw mini-batch with a maximum of 2.62% zero probability fragments
[2020-04-21 04:49:00.592] [jointLog] [info] Thread saw mini-batch with a maximum of 2.64% zero probability fragments
[2020-04-21 04:49:00.602] [jointLog] [info] Thread saw mini-batch with a maximum of 2.48% zero probability fragments
[2020-04-21 04:49:00.605] [jointLog] [info] Thread saw mini-batch with a maximum of 2.72% zero probability fragments
[2020-04-21 04:49:00.609] [jointLog] [info] Thread saw mini-batch with a maximum of 2.52% zero probability fragments
[2020-04-21 04:49:00.612] [jointLog] [info] Thread saw mini-batch with a maximum of 2.84% zero probability fragments
[2020-04-21 04:49:00.613] [jointLog] [info] Thread saw mini-batch with a maximum of 2.58% zero probability fragments
[2020-04-21 04:49:00.614] [jointLog] [info] Thread saw mini-batch with a maximum of 2.66% zero probability fragments
[2020-04-21 04:49:00.625] [jointLog] [info] Thread saw mini-batch with a maximum of 2.74% zero probability fragments
[2020-04-21 04:49:00.710] [jointLog] [info] Computed 93,503 rich equivalence classes for further processing
[2020-04-21 04:49:00.710] [jointLog] [info] Counted 7,775,552 total reads in the equivalence classes 
[2020-04-21 04:49:00.721] [jointLog] [warning] 0.265004% of fragments were shorter than the k used to build the index.
If this fraction is too large, consider re-building the index with a smaller k.
The minimum read size found was 15.


[2020-04-21 04:49:00.721] [jointLog] [info] Number of mappings discarded because of alignment score : 8,367,519
[2020-04-21 04:49:00.721] [jointLog] [info] Number of fragments entirely discarded because of alignment score : 500,663
[2020-04-21 04:49:00.721] [jointLog] [info] Number of fragments discarded because they are best-mapped to decoys : 415,405
[2020-04-21 04:49:00.721] [jointLog] [info] Number of fragments discarded because they have only dovetail (discordant) mappings to valid targets : 0
[2020-04-21 04:49:00.721] [jointLog] [info] Mapping rate = 55.7313%

[2020-04-21 04:49:00.721] [jointLog] [info] finished quantifyLibrary()
[2020-04-21 04:49:00.722] [jointLog] [info] Starting optimizer
[2020-04-21 04:49:00.753] [jointLog] [info] Marked 0 weighted equivalence classes as degenerate
[2020-04-21 04:49:00.756] [jointLog] [info] iteration = 0 | max rel diff. = 12449.4
[2020-04-21 04:49:00.710] [fileLog] [info] 
At end of round 0
==================
Observed 13951856 total fragments (13951856 in most recent round)

[2020-04-21 04:49:01.077] [jointLog] [info] iteration = 100 | max rel diff. = 12.2119
[2020-04-21 04:49:01.383] [jointLog] [info] iteration = 200 | max rel diff. = 3.87653
[2020-04-21 04:49:01.690] [jointLog] [info] iteration = 300 | max rel diff. = 0.879423
[2020-04-21 04:49:01.996] [jointLog] [info] iteration = 400 | max rel diff. = 0.744029
[2020-04-21 04:49:02.303] [jointLog] [info] iteration = 500 | max rel diff. = 0.48193
[2020-04-21 04:49:02.610] [jointLog] [info] iteration = 600 | max rel diff. = 0.239742
[2020-04-21 04:49:02.917] [jointLog] [info] iteration = 700 | max rel diff. = 0.123647
[2020-04-21 04:49:03.224] [jointLog] [info] iteration = 800 | max rel diff. = 15.6857
[2020-04-21 04:49:03.531] [jointLog] [info] iteration = 900 | max rel diff. = 0.190048
[2020-04-21 04:49:03.839] [jointLog] [info] iteration = 1,000 | max rel diff. = 0.0342264
[2020-04-21 04:49:04.005] [jointLog] [info] iteration = 1,055 | max rel diff. = 0.00676322
[2020-04-21 04:49:04.007] [jointLog] [info] Finished optimizer
[2020-04-21 04:49:04.007] [jointLog] [info] writing output 

