                                 Started job on |	Sep 11 14:03:43
                             Started mapping on |	Sep 11 14:04:03
                                    Finished on |	Sep 11 14:06:00
       Mapping speed, Million of reads per hour |	912.50

                          Number of input reads |	29656317
                      Average input read length |	74
                                    UNIQUE READS:
                   Uniquely mapped reads number |	27273373
                        Uniquely mapped reads % |	91.96%
                          Average mapped length |	74.66
                       Number of splices: Total |	4384004
            Number of splices: Annotated (sjdb) |	4194113
                       Number of splices: GT/AG |	4320187
                       Number of splices: GC/AG |	34973
                       Number of splices: AT/AC |	3894
               Number of splices: Non-canonical |	24950
                      Mismatch rate per base, % |	0.67%
                         Deletion rate per base |	0.04%
                        Deletion average length |	1.94
                        Insertion rate per base |	0.02%
                       Insertion average length |	1.73
                             MULTI-MAPPING READS:
        Number of reads mapped to multiple loci |	1325501
             % of reads mapped to multiple loci |	4.47%
        Number of reads mapped to too many loci |	211388
             % of reads mapped to too many loci |	0.71%
                                  UNMAPPED READS:
       % of reads unmapped: too many mismatches |	0.00%
                 % of reads unmapped: too short |	2.22%
                     % of reads unmapped: other |	0.63%
                                  CHIMERIC READS:
                       Number of chimeric reads |	0
                            % of chimeric reads |	0.00%
