                                 Started job on |	Sep 11 14:09:18
                             Started mapping on |	Sep 11 14:09:26
                                    Finished on |	Sep 11 14:11:49
       Mapping speed, Million of reads per hour |	903.31

                          Number of input reads |	35881453
                      Average input read length |	74
                                    UNIQUE READS:
                   Uniquely mapped reads number |	33583997
                        Uniquely mapped reads % |	93.60%
                          Average mapped length |	74.39
                       Number of splices: Total |	4888418
            Number of splices: Annotated (sjdb) |	4679600
                       Number of splices: GT/AG |	4813707
                       Number of splices: GC/AG |	39066
                       Number of splices: AT/AC |	4480
               Number of splices: Non-canonical |	31165
                      Mismatch rate per base, % |	0.76%
                         Deletion rate per base |	0.04%
                        Deletion average length |	1.91
                        Insertion rate per base |	0.03%
                       Insertion average length |	1.70
                             MULTI-MAPPING READS:
        Number of reads mapped to multiple loci |	1056586
             % of reads mapped to multiple loci |	2.94%
        Number of reads mapped to too many loci |	213116
             % of reads mapped to too many loci |	0.59%
                                  UNMAPPED READS:
       % of reads unmapped: too many mismatches |	0.00%
                 % of reads unmapped: too short |	2.40%
                     % of reads unmapped: other |	0.46%
                                  CHIMERIC READS:
                       Number of chimeric reads |	0
                            % of chimeric reads |	0.00%
