                                 Started job on |	Sep 11 14:16:42
                             Started mapping on |	Sep 11 14:16:52
                                    Finished on |	Sep 11 14:18:42
       Mapping speed, Million of reads per hour |	945.93

                          Number of input reads |	28903540
                      Average input read length |	75
                                    UNIQUE READS:
                   Uniquely mapped reads number |	26430704
                        Uniquely mapped reads % |	91.44%
                          Average mapped length |	74.72
                       Number of splices: Total |	4386380
            Number of splices: Annotated (sjdb) |	4188299
                       Number of splices: GT/AG |	4324660
                       Number of splices: GC/AG |	34846
                       Number of splices: AT/AC |	3635
               Number of splices: Non-canonical |	23239
                      Mismatch rate per base, % |	0.66%
                         Deletion rate per base |	0.04%
                        Deletion average length |	1.95
                        Insertion rate per base |	0.02%
                       Insertion average length |	1.76
                             MULTI-MAPPING READS:
        Number of reads mapped to multiple loci |	1404002
             % of reads mapped to multiple loci |	4.86%
        Number of reads mapped to too many loci |	204731
             % of reads mapped to too many loci |	0.71%
                                  UNMAPPED READS:
       % of reads unmapped: too many mismatches |	0.00%
                 % of reads unmapped: too short |	2.20%
                     % of reads unmapped: other |	0.79%
                                  CHIMERIC READS:
                       Number of chimeric reads |	0
                            % of chimeric reads |	0.00%
