                                 Started job on |	Sep 11 14:20:56
                             Started mapping on |	Sep 11 14:21:05
                                    Finished on |	Sep 11 14:22:59
       Mapping speed, Million of reads per hour |	954.25

                          Number of input reads |	30217987
                      Average input read length |	74
                                    UNIQUE READS:
                   Uniquely mapped reads number |	27920532
                        Uniquely mapped reads % |	92.40%
                          Average mapped length |	74.65
                       Number of splices: Total |	4516360
            Number of splices: Annotated (sjdb) |	4324673
                       Number of splices: GT/AG |	4451324
                       Number of splices: GC/AG |	35574
                       Number of splices: AT/AC |	3887
               Number of splices: Non-canonical |	25575
                      Mismatch rate per base, % |	0.66%
                         Deletion rate per base |	0.04%
                        Deletion average length |	1.94
                        Insertion rate per base |	0.02%
                       Insertion average length |	1.73
                             MULTI-MAPPING READS:
        Number of reads mapped to multiple loci |	1293071
             % of reads mapped to multiple loci |	4.28%
        Number of reads mapped to too many loci |	191317
             % of reads mapped to too many loci |	0.63%
                                  UNMAPPED READS:
       % of reads unmapped: too many mismatches |	0.00%
                 % of reads unmapped: too short |	2.14%
                     % of reads unmapped: other |	0.55%
                                  CHIMERIC READS:
                       Number of chimeric reads |	0
                            % of chimeric reads |	0.00%
