                                 Started job on |	May 03 15:00:10
                             Started mapping on |	May 03 15:00:23
                                    Finished on |	May 03 15:01:35
       Mapping speed, Million of reads per hour |	804.31

                          Number of input reads |	16086137
                      Average input read length |	136
                                    UNIQUE READS:
                   Uniquely mapped reads number |	13787991
                        Uniquely mapped reads % |	85.71%
                          Average mapped length |	136.15
                       Number of splices: Total |	4882463
            Number of splices: Annotated (sjdb) |	4816123
                       Number of splices: GT/AG |	4811156
                       Number of splices: GC/AG |	59500
                       Number of splices: AT/AC |	2087
               Number of splices: Non-canonical |	9720
                      Mismatch rate per base, % |	0.42%
                         Deletion rate per base |	0.02%
                        Deletion average length |	2.66
                        Insertion rate per base |	0.02%
                       Insertion average length |	2.06
                             MULTI-MAPPING READS:
        Number of reads mapped to multiple loci |	1684299
             % of reads mapped to multiple loci |	10.47%
        Number of reads mapped to too many loci |	36291
             % of reads mapped to too many loci |	0.23%
                                  UNMAPPED READS:
       % of reads unmapped: too many mismatches |	0.00%
                 % of reads unmapped: too short |	3.28%
                     % of reads unmapped: other |	0.31%
                                  CHIMERIC READS:
                       Number of chimeric reads |	0
                            % of chimeric reads |	0.00%
