                                 Started job on |	May 03 14:49:17
                             Started mapping on |	May 03 14:49:28
                                    Finished on |	May 03 14:50:26
       Mapping speed, Million of reads per hour |	799.00

                          Number of input reads |	12872711
                      Average input read length |	136
                                    UNIQUE READS:
                   Uniquely mapped reads number |	11126861
                        Uniquely mapped reads % |	86.44%
                          Average mapped length |	136.38
                       Number of splices: Total |	3959695
            Number of splices: Annotated (sjdb) |	3904427
                       Number of splices: GT/AG |	3900367
                       Number of splices: GC/AG |	49605
                       Number of splices: AT/AC |	1726
               Number of splices: Non-canonical |	7997
                      Mismatch rate per base, % |	0.39%
                         Deletion rate per base |	0.03%
                        Deletion average length |	2.60
                        Insertion rate per base |	0.02%
                       Insertion average length |	2.06
                             MULTI-MAPPING READS:
        Number of reads mapped to multiple loci |	1296005
             % of reads mapped to multiple loci |	10.07%
        Number of reads mapped to too many loci |	30576
             % of reads mapped to too many loci |	0.24%
                                  UNMAPPED READS:
       % of reads unmapped: too many mismatches |	0.00%
                 % of reads unmapped: too short |	2.94%
                     % of reads unmapped: other |	0.31%
                                  CHIMERIC READS:
                       Number of chimeric reads |	0
                            % of chimeric reads |	0.00%
