                                 Started job on |	May 03 14:51:44
                             Started mapping on |	May 03 14:51:58
                                    Finished on |	May 03 14:52:58
       Mapping speed, Million of reads per hour |	752.63

                          Number of input reads |	12543887
                      Average input read length |	136
                                    UNIQUE READS:
                   Uniquely mapped reads number |	10835869
                        Uniquely mapped reads % |	86.38%
                          Average mapped length |	135.96
                       Number of splices: Total |	3840010
            Number of splices: Annotated (sjdb) |	3786929
                       Number of splices: GT/AG |	3783411
                       Number of splices: GC/AG |	47330
                       Number of splices: AT/AC |	1581
               Number of splices: Non-canonical |	7688
                      Mismatch rate per base, % |	0.41%
                         Deletion rate per base |	0.03%
                        Deletion average length |	2.59
                        Insertion rate per base |	0.02%
                       Insertion average length |	2.05
                             MULTI-MAPPING READS:
        Number of reads mapped to multiple loci |	1260612
             % of reads mapped to multiple loci |	10.05%
        Number of reads mapped to too many loci |	29839
             % of reads mapped to too many loci |	0.24%
                                  UNMAPPED READS:
       % of reads unmapped: too many mismatches |	0.00%
                 % of reads unmapped: too short |	3.01%
                     % of reads unmapped: other |	0.32%
                                  CHIMERIC READS:
                       Number of chimeric reads |	0
                            % of chimeric reads |	0.00%
