                                 Started job on |	Apr 21 04:54:13
                             Started mapping on |	Apr 21 04:54:22
                                    Finished on |	Apr 21 04:55:26
       Mapping speed, Million of reads per hour |	880.99

                          Number of input reads |	15662133
                      Average input read length |	137
                                    UNIQUE READS:
                   Uniquely mapped reads number |	12855787
                        Uniquely mapped reads % |	82.08%
                          Average mapped length |	137.22
                       Number of splices: Total |	4134140
            Number of splices: Annotated (sjdb) |	4076872
                       Number of splices: GT/AG |	4072411
                       Number of splices: GC/AG |	50923
                       Number of splices: AT/AC |	1744
               Number of splices: Non-canonical |	9062
                      Mismatch rate per base, % |	0.47%
                         Deletion rate per base |	0.03%
                        Deletion average length |	2.75
                        Insertion rate per base |	0.04%
                       Insertion average length |	2.68
                             MULTI-MAPPING READS:
        Number of reads mapped to multiple loci |	1515180
             % of reads mapped to multiple loci |	9.67%
        Number of reads mapped to too many loci |	31591
             % of reads mapped to too many loci |	0.20%
                                  UNMAPPED READS:
       % of reads unmapped: too many mismatches |	0.00%
                 % of reads unmapped: too short |	7.76%
                     % of reads unmapped: other |	0.28%
                                  CHIMERIC READS:
                       Number of chimeric reads |	0
                            % of chimeric reads |	0.00%
