                                 Started job on |	May 03 15:06:03
                             Started mapping on |	May 03 15:06:16
                                    Finished on |	May 03 15:07:29
       Mapping speed, Million of reads per hour |	779.69

                          Number of input reads |	15810380
                      Average input read length |	136
                                    UNIQUE READS:
                   Uniquely mapped reads number |	13570902
                        Uniquely mapped reads % |	85.84%
                          Average mapped length |	136.65
                       Number of splices: Total |	4830652
            Number of splices: Annotated (sjdb) |	4764945
                       Number of splices: GT/AG |	4759194
                       Number of splices: GC/AG |	59799
                       Number of splices: AT/AC |	1994
               Number of splices: Non-canonical |	9665
                      Mismatch rate per base, % |	0.44%
                         Deletion rate per base |	0.02%
                        Deletion average length |	2.66
                        Insertion rate per base |	0.02%
                       Insertion average length |	2.05
                             MULTI-MAPPING READS:
        Number of reads mapped to multiple loci |	1644935
             % of reads mapped to multiple loci |	10.40%
        Number of reads mapped to too many loci |	35671
             % of reads mapped to too many loci |	0.23%
                                  UNMAPPED READS:
       % of reads unmapped: too many mismatches |	0.00%
                 % of reads unmapped: too short |	3.24%
                     % of reads unmapped: other |	0.30%
                                  CHIMERIC READS:
                       Number of chimeric reads |	0
                            % of chimeric reads |	0.00%
