                                 Started job on |	Apr 21 04:45:03
                             Started mapping on |	Apr 21 04:45:12
                                    Finished on |	Apr 21 04:46:05
       Mapping speed, Million of reads per hour |	939.26

                          Number of input reads |	13828023
                      Average input read length |	135
                                    UNIQUE READS:
                   Uniquely mapped reads number |	11787404
                        Uniquely mapped reads % |	85.24%
                          Average mapped length |	135.44
                       Number of splices: Total |	4034352
            Number of splices: Annotated (sjdb) |	3978244
                       Number of splices: GT/AG |	3975068
                       Number of splices: GC/AG |	49139
                       Number of splices: AT/AC |	1684
               Number of splices: Non-canonical |	8461
                      Mismatch rate per base, % |	0.39%
                         Deletion rate per base |	0.03%
                        Deletion average length |	2.68
                        Insertion rate per base |	0.02%
                       Insertion average length |	2.16
                             MULTI-MAPPING READS:
        Number of reads mapped to multiple loci |	1347255
             % of reads mapped to multiple loci |	9.74%
        Number of reads mapped to too many loci |	31695
             % of reads mapped to too many loci |	0.23%
                                  UNMAPPED READS:
       % of reads unmapped: too many mismatches |	0.00%
                 % of reads unmapped: too short |	4.48%
                     % of reads unmapped: other |	0.30%
                                  CHIMERIC READS:
                       Number of chimeric reads |	0
                            % of chimeric reads |	0.00%
