                                 Started job on |	May 03 14:55:50
                             Started mapping on |	May 03 14:56:03
                                    Finished on |	May 03 14:57:14
       Mapping speed, Million of reads per hour |	761.94

                          Number of input reads |	15027147
                      Average input read length |	137
                                    UNIQUE READS:
                   Uniquely mapped reads number |	12527428
                        Uniquely mapped reads % |	83.37%
                          Average mapped length |	137.73
                       Number of splices: Total |	4179820
            Number of splices: Annotated (sjdb) |	4122076
                       Number of splices: GT/AG |	4117699
                       Number of splices: GC/AG |	51673
                       Number of splices: AT/AC |	1666
               Number of splices: Non-canonical |	8782
                      Mismatch rate per base, % |	0.48%
                         Deletion rate per base |	0.03%
                        Deletion average length |	2.65
                        Insertion rate per base |	0.03%
                       Insertion average length |	2.29
                             MULTI-MAPPING READS:
        Number of reads mapped to multiple loci |	1540056
             % of reads mapped to multiple loci |	10.25%
        Number of reads mapped to too many loci |	31213
             % of reads mapped to too many loci |	0.21%
                                  UNMAPPED READS:
       % of reads unmapped: too many mismatches |	0.00%
                 % of reads unmapped: too short |	5.88%
                     % of reads unmapped: other |	0.29%
                                  CHIMERIC READS:
                       Number of chimeric reads |	0
                            % of chimeric reads |	0.00%
