                                 Started job on |	May 03 15:01:38
                             Started mapping on |	May 03 15:01:51
                                    Finished on |	May 03 15:03:04
       Mapping speed, Million of reads per hour |	792.23

                          Number of input reads |	16064697
                      Average input read length |	136
                                    UNIQUE READS:
                   Uniquely mapped reads number |	13783205
                        Uniquely mapped reads % |	85.80%
                          Average mapped length |	136.60
                       Number of splices: Total |	4904726
            Number of splices: Annotated (sjdb) |	4838279
                       Number of splices: GT/AG |	4832502
                       Number of splices: GC/AG |	60471
                       Number of splices: AT/AC |	1928
               Number of splices: Non-canonical |	9825
                      Mismatch rate per base, % |	0.43%
                         Deletion rate per base |	0.02%
                        Deletion average length |	2.66
                        Insertion rate per base |	0.02%
                       Insertion average length |	2.04
                             MULTI-MAPPING READS:
        Number of reads mapped to multiple loci |	1680744
             % of reads mapped to multiple loci |	10.46%
        Number of reads mapped to too many loci |	35772
             % of reads mapped to too many loci |	0.22%
                                  UNMAPPED READS:
       % of reads unmapped: too many mismatches |	0.00%
                 % of reads unmapped: too short |	3.22%
                     % of reads unmapped: other |	0.30%
                                  CHIMERIC READS:
                       Number of chimeric reads |	0
                            % of chimeric reads |	0.00%
