                                 Started job on |	May 03 15:03:07
                             Started mapping on |	May 03 15:03:21
                                    Finished on |	May 03 15:04:27
       Mapping speed, Million of reads per hour |	880.22

                          Number of input reads |	16137426
                      Average input read length |	137
                                    UNIQUE READS:
                   Uniquely mapped reads number |	13852231
                        Uniquely mapped reads % |	85.84%
                          Average mapped length |	136.92
                       Number of splices: Total |	4948077
            Number of splices: Annotated (sjdb) |	4879867
                       Number of splices: GT/AG |	4874616
                       Number of splices: GC/AG |	61193
                       Number of splices: AT/AC |	2119
               Number of splices: Non-canonical |	10149
                      Mismatch rate per base, % |	0.42%
                         Deletion rate per base |	0.02%
                        Deletion average length |	2.65
                        Insertion rate per base |	0.02%
                       Insertion average length |	2.05
                             MULTI-MAPPING READS:
        Number of reads mapped to multiple loci |	1680651
             % of reads mapped to multiple loci |	10.41%
        Number of reads mapped to too many loci |	36030
             % of reads mapped to too many loci |	0.22%
                                  UNMAPPED READS:
       % of reads unmapped: too many mismatches |	0.00%
                 % of reads unmapped: too short |	3.22%
                     % of reads unmapped: other |	0.30%
                                  CHIMERIC READS:
                       Number of chimeric reads |	0
                            % of chimeric reads |	0.00%
