                                 Started job on |	May 03 14:39:22
                             Started mapping on |	May 03 14:40:17
                                    Finished on |	May 03 14:41:26
       Mapping speed, Million of reads per hour |	793.24

                          Number of input reads |	15203834
                      Average input read length |	136
                                    UNIQUE READS:
                   Uniquely mapped reads number |	13091202
                        Uniquely mapped reads % |	86.10%
                          Average mapped length |	136.53
                       Number of splices: Total |	4611970
            Number of splices: Annotated (sjdb) |	4554409
                       Number of splices: GT/AG |	4551604
                       Number of splices: GC/AG |	48653
                       Number of splices: AT/AC |	1847
               Number of splices: Non-canonical |	9866
                      Mismatch rate per base, % |	0.39%
                         Deletion rate per base |	0.03%
                        Deletion average length |	2.64
                        Insertion rate per base |	0.02%
                       Insertion average length |	2.06
                             MULTI-MAPPING READS:
        Number of reads mapped to multiple loci |	1540004
             % of reads mapped to multiple loci |	10.13%
        Number of reads mapped to too many loci |	35794
             % of reads mapped to too many loci |	0.24%
                                  UNMAPPED READS:
       % of reads unmapped: too many mismatches |	0.00%
                 % of reads unmapped: too short |	3.21%
                     % of reads unmapped: other |	0.33%
                                  CHIMERIC READS:
                       Number of chimeric reads |	0
                            % of chimeric reads |	0.00%
