                                 Started job on |	May 03 14:50:28
                             Started mapping on |	May 03 14:50:40
                                    Finished on |	May 03 14:51:41
       Mapping speed, Million of reads per hour |	757.42

                          Number of input reads |	12834070
                      Average input read length |	136
                                    UNIQUE READS:
                   Uniquely mapped reads number |	11088192
                        Uniquely mapped reads % |	86.40%
                          Average mapped length |	135.88
                       Number of splices: Total |	3922023
            Number of splices: Annotated (sjdb) |	3867607
                       Number of splices: GT/AG |	3863829
                       Number of splices: GC/AG |	48461
                       Number of splices: AT/AC |	1698
               Number of splices: Non-canonical |	8035
                      Mismatch rate per base, % |	0.40%
                         Deletion rate per base |	0.03%
                        Deletion average length |	2.61
                        Insertion rate per base |	0.02%
                       Insertion average length |	2.05
                             MULTI-MAPPING READS:
        Number of reads mapped to multiple loci |	1287837
             % of reads mapped to multiple loci |	10.03%
        Number of reads mapped to too many loci |	30714
             % of reads mapped to too many loci |	0.24%
                                  UNMAPPED READS:
       % of reads unmapped: too many mismatches |	0.00%
                 % of reads unmapped: too short |	3.01%
                     % of reads unmapped: other |	0.32%
                                  CHIMERIC READS:
                       Number of chimeric reads |	0
                            % of chimeric reads |	0.00%
