                                 Started job on |	May 03 14:48:08
                             Started mapping on |	May 03 14:48:19
                                    Finished on |	May 03 14:49:16
       Mapping speed, Million of reads per hour |	826.21

                          Number of input reads |	13081688
                      Average input read length |	136
                                    UNIQUE READS:
                   Uniquely mapped reads number |	11294257
                        Uniquely mapped reads % |	86.34%
                          Average mapped length |	135.96
                       Number of splices: Total |	3999959
            Number of splices: Annotated (sjdb) |	3944708
                       Number of splices: GT/AG |	3940815
                       Number of splices: GC/AG |	49428
                       Number of splices: AT/AC |	1644
               Number of splices: Non-canonical |	8072
                      Mismatch rate per base, % |	0.40%
                         Deletion rate per base |	0.03%
                        Deletion average length |	2.61
                        Insertion rate per base |	0.02%
                       Insertion average length |	2.05
                             MULTI-MAPPING READS:
        Number of reads mapped to multiple loci |	1319122
             % of reads mapped to multiple loci |	10.08%
        Number of reads mapped to too many loci |	31268
             % of reads mapped to too many loci |	0.24%
                                  UNMAPPED READS:
       % of reads unmapped: too many mismatches |	0.00%
                 % of reads unmapped: too short |	3.02%
                     % of reads unmapped: other |	0.32%
                                  CHIMERIC READS:
                       Number of chimeric reads |	0
                            % of chimeric reads |	0.00%
