                                 Started job on |	May 03 14:41:30
                             Started mapping on |	May 03 14:41:42
                                    Finished on |	May 03 14:42:49
       Mapping speed, Million of reads per hour |	811.93

                          Number of input reads |	15110908
                      Average input read length |	137
                                    UNIQUE READS:
                   Uniquely mapped reads number |	13026604
                        Uniquely mapped reads % |	86.21%
                          Average mapped length |	136.88
                       Number of splices: Total |	4602468
            Number of splices: Annotated (sjdb) |	4545857
                       Number of splices: GT/AG |	4542361
                       Number of splices: GC/AG |	48673
                       Number of splices: AT/AC |	1877
               Number of splices: Non-canonical |	9557
                      Mismatch rate per base, % |	0.39%
                         Deletion rate per base |	0.03%
                        Deletion average length |	2.64
                        Insertion rate per base |	0.02%
                       Insertion average length |	2.03
                             MULTI-MAPPING READS:
        Number of reads mapped to multiple loci |	1524475
             % of reads mapped to multiple loci |	10.09%
        Number of reads mapped to too many loci |	35303
             % of reads mapped to too many loci |	0.23%
                                  UNMAPPED READS:
       % of reads unmapped: too many mismatches |	0.00%
                 % of reads unmapped: too short |	3.15%
                     % of reads unmapped: other |	0.32%
                                  CHIMERIC READS:
                       Number of chimeric reads |	0
                            % of chimeric reads |	0.00%
