                                 Started job on |	May 03 14:54:25
                             Started mapping on |	May 03 14:54:36
                                    Finished on |	May 03 14:55:46
       Mapping speed, Million of reads per hour |	779.54

                          Number of input reads |	15157680
                      Average input read length |	137
                                    UNIQUE READS:
                   Uniquely mapped reads number |	12636914
                        Uniquely mapped reads % |	83.37%
                          Average mapped length |	137.50
                       Number of splices: Total |	4207476
            Number of splices: Annotated (sjdb) |	4149947
                       Number of splices: GT/AG |	4145336
                       Number of splices: GC/AG |	51675
                       Number of splices: AT/AC |	1749
               Number of splices: Non-canonical |	8716
                      Mismatch rate per base, % |	0.48%
                         Deletion rate per base |	0.03%
                        Deletion average length |	2.65
                        Insertion rate per base |	0.03%
                       Insertion average length |	2.27
                             MULTI-MAPPING READS:
        Number of reads mapped to multiple loci |	1552194
             % of reads mapped to multiple loci |	10.24%
        Number of reads mapped to too many loci |	31956
             % of reads mapped to too many loci |	0.21%
                                  UNMAPPED READS:
       % of reads unmapped: too many mismatches |	0.00%
                 % of reads unmapped: too short |	5.88%
                     % of reads unmapped: other |	0.30%
                                  CHIMERIC READS:
                       Number of chimeric reads |	0
                            % of chimeric reads |	0.00%
