                                 Started job on |	May 03 14:45:42
                             Started mapping on |	May 03 14:45:52
                                    Finished on |	May 03 14:46:54
       Mapping speed, Million of reads per hour |	847.07

                          Number of input reads |	14588466
                      Average input read length |	137
                                    UNIQUE READS:
                   Uniquely mapped reads number |	12582961
                        Uniquely mapped reads % |	86.25%
                          Average mapped length |	136.92
                       Number of splices: Total |	4437118
            Number of splices: Annotated (sjdb) |	4382291
                       Number of splices: GT/AG |	4379311
                       Number of splices: GC/AG |	46852
                       Number of splices: AT/AC |	1809
               Number of splices: Non-canonical |	9146
                      Mismatch rate per base, % |	0.40%
                         Deletion rate per base |	0.03%
                        Deletion average length |	2.64
                        Insertion rate per base |	0.02%
                       Insertion average length |	2.05
                             MULTI-MAPPING READS:
        Number of reads mapped to multiple loci |	1467555
             % of reads mapped to multiple loci |	10.06%
        Number of reads mapped to too many loci |	33691
             % of reads mapped to too many loci |	0.23%
                                  UNMAPPED READS:
       % of reads unmapped: too many mismatches |	0.00%
                 % of reads unmapped: too short |	3.14%
                     % of reads unmapped: other |	0.31%
                                  CHIMERIC READS:
                       Number of chimeric reads |	0
                            % of chimeric reads |	0.00%
