                                 Started job on |	May 03 14:44:17
                             Started mapping on |	May 03 14:44:29
                                    Finished on |	May 03 14:45:38
       Mapping speed, Million of reads per hour |	780.10

                          Number of input reads |	14951959
                      Average input read length |	136
                                    UNIQUE READS:
                   Uniquely mapped reads number |	12896197
                        Uniquely mapped reads % |	86.25%
                          Average mapped length |	136.82
                       Number of splices: Total |	4552703
            Number of splices: Annotated (sjdb) |	4496062
                       Number of splices: GT/AG |	4493047
                       Number of splices: GC/AG |	48246
                       Number of splices: AT/AC |	1794
               Number of splices: Non-canonical |	9616
                      Mismatch rate per base, % |	0.39%
                         Deletion rate per base |	0.03%
                        Deletion average length |	2.62
                        Insertion rate per base |	0.02%
                       Insertion average length |	2.05
                             MULTI-MAPPING READS:
        Number of reads mapped to multiple loci |	1505478
             % of reads mapped to multiple loci |	10.07%
        Number of reads mapped to too many loci |	34614
             % of reads mapped to too many loci |	0.23%
                                  UNMAPPED READS:
       % of reads unmapped: too many mismatches |	0.00%
                 % of reads unmapped: too short |	3.13%
                     % of reads unmapped: other |	0.32%
                                  CHIMERIC READS:
                       Number of chimeric reads |	0
                            % of chimeric reads |	0.00%
