                                 Started job on |	May 03 14:42:53
                             Started mapping on |	May 03 14:43:05
                                    Finished on |	May 03 14:44:12
       Mapping speed, Million of reads per hour |	808.04

                          Number of input reads |	15038489
                      Average input read length |	137
                                    UNIQUE READS:
                   Uniquely mapped reads number |	12978618
                        Uniquely mapped reads % |	86.30%
                          Average mapped length |	137.33
                       Number of splices: Total |	4594829
            Number of splices: Annotated (sjdb) |	4537287
                       Number of splices: GT/AG |	4533933
                       Number of splices: GC/AG |	49321
                       Number of splices: AT/AC |	1793
               Number of splices: Non-canonical |	9782
                      Mismatch rate per base, % |	0.38%
                         Deletion rate per base |	0.03%
                        Deletion average length |	2.63
                        Insertion rate per base |	0.02%
                       Insertion average length |	2.07
                             MULTI-MAPPING READS:
        Number of reads mapped to multiple loci |	1515492
             % of reads mapped to multiple loci |	10.08%
        Number of reads mapped to too many loci |	34815
             % of reads mapped to too many loci |	0.23%
                                  UNMAPPED READS:
       % of reads unmapped: too many mismatches |	0.00%
                 % of reads unmapped: too short |	3.07%
                     % of reads unmapped: other |	0.32%
                                  CHIMERIC READS:
                       Number of chimeric reads |	0
                            % of chimeric reads |	0.00%
