                                 Started job on |	Apr 21 06:00:08
                             Started mapping on |	Apr 21 06:00:18
                                    Finished on |	Apr 21 06:02:28
       Mapping speed, Million of reads per hour |	1574.62

                          Number of input reads |	56861243
                      Average input read length |	49
                                    UNIQUE READS:
                   Uniquely mapped reads number |	40759018
                        Uniquely mapped reads % |	71.68%
                          Average mapped length |	49.24
                       Number of splices: Total |	4196983
            Number of splices: Annotated (sjdb) |	4138158
                       Number of splices: GT/AG |	4131730
                       Number of splices: GC/AG |	32777
                       Number of splices: AT/AC |	3926
               Number of splices: Non-canonical |	28550
                      Mismatch rate per base, % |	0.25%
                         Deletion rate per base |	0.02%
                        Deletion average length |	3.00
                        Insertion rate per base |	0.01%
                       Insertion average length |	1.18
                             MULTI-MAPPING READS:
        Number of reads mapped to multiple loci |	14202700
             % of reads mapped to multiple loci |	24.98%
        Number of reads mapped to too many loci |	529258
             % of reads mapped to too many loci |	0.93%
                                  UNMAPPED READS:
       % of reads unmapped: too many mismatches |	0.00%
                 % of reads unmapped: too short |	1.98%
                     % of reads unmapped: other |	0.43%
                                  CHIMERIC READS:
                       Number of chimeric reads |	0
                            % of chimeric reads |	0.00%
