                                 Started job on |	May 03 15:14:40
                             Started mapping on |	May 03 15:14:55
                                    Finished on |	May 03 15:16:29
       Mapping speed, Million of reads per hour |	1141.84

                          Number of input reads |	29814823
                      Average input read length |	48
                                    UNIQUE READS:
                   Uniquely mapped reads number |	13158728
                        Uniquely mapped reads % |	44.13%
                          Average mapped length |	48.38
                       Number of splices: Total |	1547969
            Number of splices: Annotated (sjdb) |	1532564
                       Number of splices: GT/AG |	1532793
                       Number of splices: GC/AG |	11290
                       Number of splices: AT/AC |	1138
               Number of splices: Non-canonical |	2748
                      Mismatch rate per base, % |	0.22%
                         Deletion rate per base |	0.00%
                        Deletion average length |	1.41
                        Insertion rate per base |	0.00%
                       Insertion average length |	1.22
                             MULTI-MAPPING READS:
        Number of reads mapped to multiple loci |	14284179
             % of reads mapped to multiple loci |	47.91%
        Number of reads mapped to too many loci |	1496675
             % of reads mapped to too many loci |	5.02%
                                  UNMAPPED READS:
       % of reads unmapped: too many mismatches |	0.00%
                 % of reads unmapped: too short |	2.52%
                     % of reads unmapped: other |	0.41%
                                  CHIMERIC READS:
                       Number of chimeric reads |	0
                            % of chimeric reads |	0.00%
