                                 Started job on |	May 03 15:13:02
                             Started mapping on |	May 03 15:13:18
                                    Finished on |	May 03 15:14:37
       Mapping speed, Million of reads per hour |	1152.06

                          Number of input reads |	25281341
                      Average input read length |	47
                                    UNIQUE READS:
                   Uniquely mapped reads number |	14688250
                        Uniquely mapped reads % |	58.10%
                          Average mapped length |	47.94
                       Number of splices: Total |	2049344
            Number of splices: Annotated (sjdb) |	2030870
                       Number of splices: GT/AG |	2029733
                       Number of splices: GC/AG |	14986
                       Number of splices: AT/AC |	1457
               Number of splices: Non-canonical |	3168
                      Mismatch rate per base, % |	0.28%
                         Deletion rate per base |	0.00%
                        Deletion average length |	1.55
                        Insertion rate per base |	0.00%
                       Insertion average length |	1.30
                             MULTI-MAPPING READS:
        Number of reads mapped to multiple loci |	9289965
             % of reads mapped to multiple loci |	36.75%
        Number of reads mapped to too many loci |	245369
             % of reads mapped to too many loci |	0.97%
                                  UNMAPPED READS:
       % of reads unmapped: too many mismatches |	0.00%
                 % of reads unmapped: too short |	3.86%
                     % of reads unmapped: other |	0.32%
                                  CHIMERIC READS:
                       Number of chimeric reads |	0
                            % of chimeric reads |	0.00%
