                                 Started job on |	May 03 15:24:32
                             Started mapping on |	May 03 15:24:47
                                    Finished on |	May 03 15:26:47
       Mapping speed, Million of reads per hour |	1143.78

                          Number of input reads |	38126070
                      Average input read length |	48
                                    UNIQUE READS:
                   Uniquely mapped reads number |	26192015
                        Uniquely mapped reads % |	68.70%
                          Average mapped length |	48.90
                       Number of splices: Total |	3767251
            Number of splices: Annotated (sjdb) |	3736703
                       Number of splices: GT/AG |	3731300
                       Number of splices: GC/AG |	28095
                       Number of splices: AT/AC |	2915
               Number of splices: Non-canonical |	4941
                      Mismatch rate per base, % |	0.46%
                         Deletion rate per base |	0.00%
                        Deletion average length |	1.56
                        Insertion rate per base |	0.00%
                       Insertion average length |	1.33
                             MULTI-MAPPING READS:
        Number of reads mapped to multiple loci |	10452344
             % of reads mapped to multiple loci |	27.42%
        Number of reads mapped to too many loci |	342739
             % of reads mapped to too many loci |	0.90%
                                  UNMAPPED READS:
       % of reads unmapped: too many mismatches |	0.00%
                 % of reads unmapped: too short |	2.61%
                     % of reads unmapped: other |	0.38%
                                  CHIMERIC READS:
                       Number of chimeric reads |	0
                            % of chimeric reads |	0.00%
