                                 Started job on |	Apr 21 06:02:32
                             Started mapping on |	Apr 21 06:02:42
                                    Finished on |	Apr 21 06:04:48
       Mapping speed, Million of reads per hour |	1604.36

                          Number of input reads |	56152636
                      Average input read length |	49
                                    UNIQUE READS:
                   Uniquely mapped reads number |	41742957
                        Uniquely mapped reads % |	74.34%
                          Average mapped length |	49.23
                       Number of splices: Total |	4233388
            Number of splices: Annotated (sjdb) |	4174947
                       Number of splices: GT/AG |	4169274
                       Number of splices: GC/AG |	32149
                       Number of splices: AT/AC |	3969
               Number of splices: Non-canonical |	27996
                      Mismatch rate per base, % |	0.23%
                         Deletion rate per base |	0.02%
                        Deletion average length |	3.00
                        Insertion rate per base |	0.01%
                       Insertion average length |	1.13
                             MULTI-MAPPING READS:
        Number of reads mapped to multiple loci |	12507554
             % of reads mapped to multiple loci |	22.27%
        Number of reads mapped to too many loci |	522295
             % of reads mapped to too many loci |	0.93%
                                  UNMAPPED READS:
       % of reads unmapped: too many mismatches |	0.00%
                 % of reads unmapped: too short |	2.06%
                     % of reads unmapped: other |	0.40%
                                  CHIMERIC READS:
                       Number of chimeric reads |	0
                            % of chimeric reads |	0.00%
