                                 Started job on |	May 03 15:29:14
                             Started mapping on |	May 03 15:29:31
                                    Finished on |	May 03 15:31:56
       Mapping speed, Million of reads per hour |	1142.84

                          Number of input reads |	46030871
                      Average input read length |	48
                                    UNIQUE READS:
                   Uniquely mapped reads number |	31146755
                        Uniquely mapped reads % |	67.66%
                          Average mapped length |	48.99
                       Number of splices: Total |	4619987
            Number of splices: Annotated (sjdb) |	4584775
                       Number of splices: GT/AG |	4578168
                       Number of splices: GC/AG |	33016
                       Number of splices: AT/AC |	3535
               Number of splices: Non-canonical |	5268
                      Mismatch rate per base, % |	0.24%
                         Deletion rate per base |	0.00%
                        Deletion average length |	1.51
                        Insertion rate per base |	0.00%
                       Insertion average length |	1.26
                             MULTI-MAPPING READS:
        Number of reads mapped to multiple loci |	13181328
             % of reads mapped to multiple loci |	28.64%
        Number of reads mapped to too many loci |	443550
             % of reads mapped to too many loci |	0.96%
                                  UNMAPPED READS:
       % of reads unmapped: too many mismatches |	0.00%
                 % of reads unmapped: too short |	2.39%
                     % of reads unmapped: other |	0.35%
                                  CHIMERIC READS:
                       Number of chimeric reads |	0
                            % of chimeric reads |	0.00%
