                                 Started job on |	May 03 15:22:28
                             Started mapping on |	May 03 15:22:42
                                    Finished on |	May 03 15:24:30
       Mapping speed, Million of reads per hour |	856.98

                          Number of input reads |	25709262
                      Average input read length |	46
                                    UNIQUE READS:
                   Uniquely mapped reads number |	13484928
                        Uniquely mapped reads % |	52.45%
                          Average mapped length |	46.35
                       Number of splices: Total |	1690716
            Number of splices: Annotated (sjdb) |	1664095
                       Number of splices: GT/AG |	1675437
                       Number of splices: GC/AG |	11084
                       Number of splices: AT/AC |	1083
               Number of splices: Non-canonical |	3112
                      Mismatch rate per base, % |	0.74%
                         Deletion rate per base |	0.00%
                        Deletion average length |	1.45
                        Insertion rate per base |	0.00%
                       Insertion average length |	1.26
                             MULTI-MAPPING READS:
        Number of reads mapped to multiple loci |	9948364
             % of reads mapped to multiple loci |	38.70%
        Number of reads mapped to too many loci |	267161
             % of reads mapped to too many loci |	1.04%
                                  UNMAPPED READS:
       % of reads unmapped: too many mismatches |	0.00%
                 % of reads unmapped: too short |	7.51%
                     % of reads unmapped: other |	0.30%
                                  CHIMERIC READS:
                       Number of chimeric reads |	0
                            % of chimeric reads |	0.00%
