                                 Started job on |	Apr 21 05:39:01
                             Started mapping on |	Apr 21 05:39:14
                                    Finished on |	Apr 21 05:41:51
       Mapping speed, Million of reads per hour |	1578.90

                          Number of input reads |	68857369
                      Average input read length |	48
                                    UNIQUE READS:
                   Uniquely mapped reads number |	52300237
                        Uniquely mapped reads % |	75.95%
                          Average mapped length |	48.89
                       Number of splices: Total |	6600759
            Number of splices: Annotated (sjdb) |	6540909
                       Number of splices: GT/AG |	6534847
                       Number of splices: GC/AG |	33743
                       Number of splices: AT/AC |	2831
               Number of splices: Non-canonical |	29338
                      Mismatch rate per base, % |	0.26%
                         Deletion rate per base |	0.01%
                        Deletion average length |	2.93
                        Insertion rate per base |	0.01%
                       Insertion average length |	1.13
                             MULTI-MAPPING READS:
        Number of reads mapped to multiple loci |	14993634
             % of reads mapped to multiple loci |	21.77%
        Number of reads mapped to too many loci |	437473
             % of reads mapped to too many loci |	0.64%
                                  UNMAPPED READS:
       % of reads unmapped: too many mismatches |	0.00%
                 % of reads unmapped: too short |	1.42%
                     % of reads unmapped: other |	0.21%
                                  CHIMERIC READS:
                       Number of chimeric reads |	0
                            % of chimeric reads |	0.00%
