                                 Started job on |	May 03 15:32:00
                             Started mapping on |	May 03 15:32:19
                                    Finished on |	May 03 15:35:07
       Mapping speed, Million of reads per hour |	1054.61

                          Number of input reads |	49215254
                      Average input read length |	48
                                    UNIQUE READS:
                   Uniquely mapped reads number |	21200780
                        Uniquely mapped reads % |	43.08%
                          Average mapped length |	48.53
                       Number of splices: Total |	2531105
            Number of splices: Annotated (sjdb) |	2505701
                       Number of splices: GT/AG |	2508736
                       Number of splices: GC/AG |	16759
                       Number of splices: AT/AC |	1676
               Number of splices: Non-canonical |	3934
                      Mismatch rate per base, % |	0.31%
                         Deletion rate per base |	0.00%
                        Deletion average length |	1.40
                        Insertion rate per base |	0.00%
                       Insertion average length |	1.21
                             MULTI-MAPPING READS:
        Number of reads mapped to multiple loci |	20952459
             % of reads mapped to multiple loci |	42.57%
        Number of reads mapped to too many loci |	5216521
             % of reads mapped to too many loci |	10.60%
                                  UNMAPPED READS:
       % of reads unmapped: too many mismatches |	0.00%
                 % of reads unmapped: too short |	3.41%
                     % of reads unmapped: other |	0.34%
                                  CHIMERIC READS:
                       Number of chimeric reads |	0
                            % of chimeric reads |	0.00%
