                                 Started job on |	Apr 21 05:19:26
                             Started mapping on |	Apr 21 05:19:35
                                    Finished on |	Apr 21 05:23:03
       Mapping speed, Million of reads per hour |	1198.47

                          Number of input reads |	69244833
                      Average input read length |	49
                                    UNIQUE READS:
                   Uniquely mapped reads number |	53725787
                        Uniquely mapped reads % |	77.59%
                          Average mapped length |	49.34
                       Number of splices: Total |	2329067
            Number of splices: Annotated (sjdb) |	2310261
                       Number of splices: GT/AG |	2307452
                       Number of splices: GC/AG |	17026
                       Number of splices: AT/AC |	1588
               Number of splices: Non-canonical |	3001
                      Mismatch rate per base, % |	0.14%
                         Deletion rate per base |	0.00%
                        Deletion average length |	1.44
                        Insertion rate per base |	0.01%
                       Insertion average length |	1.10
                             MULTI-MAPPING READS:
        Number of reads mapped to multiple loci |	14180592
             % of reads mapped to multiple loci |	20.48%
        Number of reads mapped to too many loci |	662607
             % of reads mapped to too many loci |	0.96%
                                  UNMAPPED READS:
       % of reads unmapped: too many mismatches |	0.00%
                 % of reads unmapped: too short |	0.72%
                     % of reads unmapped: other |	0.26%
                                  CHIMERIC READS:
                       Number of chimeric reads |	0
                            % of chimeric reads |	0.00%
