                                 Started job on |	Apr 21 05:05:05
                             Started mapping on |	Apr 21 05:05:14
                                    Finished on |	Apr 21 05:07:46
       Mapping speed, Million of reads per hour |	1825.52

                          Number of input reads |	77077490
                      Average input read length |	48
                                    UNIQUE READS:
                   Uniquely mapped reads number |	62375830
                        Uniquely mapped reads % |	80.93%
                          Average mapped length |	48.21
                       Number of splices: Total |	2548183
            Number of splices: Annotated (sjdb) |	2521817
                       Number of splices: GT/AG |	2521768
                       Number of splices: GC/AG |	19120
                       Number of splices: AT/AC |	1882
               Number of splices: Non-canonical |	5413
                      Mismatch rate per base, % |	0.25%
                         Deletion rate per base |	0.01%
                        Deletion average length |	1.46
                        Insertion rate per base |	0.01%
                       Insertion average length |	1.10
                             MULTI-MAPPING READS:
        Number of reads mapped to multiple loci |	13311475
             % of reads mapped to multiple loci |	17.27%
        Number of reads mapped to too many loci |	346013
             % of reads mapped to too many loci |	0.45%
                                  UNMAPPED READS:
       % of reads unmapped: too many mismatches |	0.00%
                 % of reads unmapped: too short |	1.10%
                     % of reads unmapped: other |	0.25%
                                  CHIMERIC READS:
                       Number of chimeric reads |	0
                            % of chimeric reads |	0.00%
