                                 Started job on |	Apr 21 06:04:51
                             Started mapping on |	Apr 21 06:05:01
                                    Finished on |	Apr 21 06:08:24
       Mapping speed, Million of reads per hour |	1554.67

                          Number of input reads |	87666027
                      Average input read length |	48
                                    UNIQUE READS:
                   Uniquely mapped reads number |	64337828
                        Uniquely mapped reads % |	73.39%
                          Average mapped length |	48.53
                       Number of splices: Total |	6549045
            Number of splices: Annotated (sjdb) |	6461415
                       Number of splices: GT/AG |	6455127
                       Number of splices: GC/AG |	49344
                       Number of splices: AT/AC |	5716
               Number of splices: Non-canonical |	38858
                      Mismatch rate per base, % |	0.30%
                         Deletion rate per base |	0.01%
                        Deletion average length |	2.40
                        Insertion rate per base |	0.01%
                       Insertion average length |	1.15
                             MULTI-MAPPING READS:
        Number of reads mapped to multiple loci |	20456690
             % of reads mapped to multiple loci |	23.33%
        Number of reads mapped to too many loci |	1034087
             % of reads mapped to too many loci |	1.18%
                                  UNMAPPED READS:
       % of reads unmapped: too many mismatches |	0.00%
                 % of reads unmapped: too short |	1.67%
                     % of reads unmapped: other |	0.43%
                                  CHIMERIC READS:
                       Number of chimeric reads |	0
                            % of chimeric reads |	0.00%
