                                 Started job on |	May 03 16:13:50
                             Started mapping on |	May 03 16:14:05
                                    Finished on |	May 03 16:16:53
       Mapping speed, Million of reads per hour |	992.28

                          Number of input reads |	46306518
                      Average input read length |	49
                                    UNIQUE READS:
                   Uniquely mapped reads number |	20371426
                        Uniquely mapped reads % |	43.99%
                          Average mapped length |	49.32
                       Number of splices: Total |	1902172
            Number of splices: Annotated (sjdb) |	1875298
                       Number of splices: GT/AG |	1880427
                       Number of splices: GC/AG |	14228
                       Number of splices: AT/AC |	1615
               Number of splices: Non-canonical |	5902
                      Mismatch rate per base, % |	0.33%
                         Deletion rate per base |	0.01%
                        Deletion average length |	1.55
                        Insertion rate per base |	0.01%
                       Insertion average length |	1.27
                             MULTI-MAPPING READS:
        Number of reads mapped to multiple loci |	17720030
             % of reads mapped to multiple loci |	38.27%
        Number of reads mapped to too many loci |	2946852
             % of reads mapped to too many loci |	6.36%
                                  UNMAPPED READS:
       % of reads unmapped: too many mismatches |	0.00%
                 % of reads unmapped: too short |	11.05%
                     % of reads unmapped: other |	0.33%
                                  CHIMERIC READS:
                       Number of chimeric reads |	0
                            % of chimeric reads |	0.00%
