                                 Started job on |	May 03 15:41:18
                             Started mapping on |	May 03 15:41:33
                                    Finished on |	May 03 15:44:08
       Mapping speed, Million of reads per hour |	1195.73

                          Number of input reads |	51482984
                      Average input read length |	48
                                    UNIQUE READS:
                   Uniquely mapped reads number |	37022602
                        Uniquely mapped reads % |	71.91%
                          Average mapped length |	48.66
                       Number of splices: Total |	6597292
            Number of splices: Annotated (sjdb) |	6563221
                       Number of splices: GT/AG |	6556637
                       Number of splices: GC/AG |	33243
                       Number of splices: AT/AC |	2753
               Number of splices: Non-canonical |	4659
                      Mismatch rate per base, % |	0.31%
                         Deletion rate per base |	0.00%
                        Deletion average length |	1.54
                        Insertion rate per base |	0.00%
                       Insertion average length |	1.20
                             MULTI-MAPPING READS:
        Number of reads mapped to multiple loci |	12686882
             % of reads mapped to multiple loci |	24.64%
        Number of reads mapped to too many loci |	626466
             % of reads mapped to too many loci |	1.22%
                                  UNMAPPED READS:
       % of reads unmapped: too many mismatches |	0.00%
                 % of reads unmapped: too short |	1.91%
                     % of reads unmapped: other |	0.32%
                                  CHIMERIC READS:
                       Number of chimeric reads |	0
                            % of chimeric reads |	0.00%
