                                 Started job on |	May 03 15:55:43
                             Started mapping on |	May 03 15:56:00
                                    Finished on |	May 03 16:00:35
       Mapping speed, Million of reads per hour |	774.49

                          Number of input reads |	59162717
                      Average input read length |	48
                                    UNIQUE READS:
                   Uniquely mapped reads number |	34027677
                        Uniquely mapped reads % |	57.52%
                          Average mapped length |	48.77
                       Number of splices: Total |	5912129
            Number of splices: Annotated (sjdb) |	5875924
                       Number of splices: GT/AG |	5876655
                       Number of splices: GC/AG |	28880
                       Number of splices: AT/AC |	2282
               Number of splices: Non-canonical |	4312
                      Mismatch rate per base, % |	0.33%
                         Deletion rate per base |	0.00%
                        Deletion average length |	1.48
                        Insertion rate per base |	0.00%
                       Insertion average length |	1.21
                             MULTI-MAPPING READS:
        Number of reads mapped to multiple loci |	16603486
             % of reads mapped to multiple loci |	28.06%
        Number of reads mapped to too many loci |	5494420
             % of reads mapped to too many loci |	9.29%
                                  UNMAPPED READS:
       % of reads unmapped: too many mismatches |	0.00%
                 % of reads unmapped: too short |	4.04%
                     % of reads unmapped: other |	1.10%
                                  CHIMERIC READS:
                       Number of chimeric reads |	0
                            % of chimeric reads |	0.00%
