                                 Started job on |	Apr 21 05:07:51
                             Started mapping on |	Apr 21 05:08:00
                                    Finished on |	Apr 21 05:09:57
       Mapping speed, Million of reads per hour |	1463.00

                          Number of input reads |	47547657
                      Average input read length |	47
                                    UNIQUE READS:
                   Uniquely mapped reads number |	35333753
                        Uniquely mapped reads % |	74.31%
                          Average mapped length |	48.09
                       Number of splices: Total |	1785377
            Number of splices: Annotated (sjdb) |	1762040
                       Number of splices: GT/AG |	1768276
                       Number of splices: GC/AG |	12918
                       Number of splices: AT/AC |	1353
               Number of splices: Non-canonical |	2830
                      Mismatch rate per base, % |	0.48%
                         Deletion rate per base |	0.01%
                        Deletion average length |	1.56
                        Insertion rate per base |	0.01%
                       Insertion average length |	1.11
                             MULTI-MAPPING READS:
        Number of reads mapped to multiple loci |	10626964
             % of reads mapped to multiple loci |	22.35%
        Number of reads mapped to too many loci |	304094
             % of reads mapped to too many loci |	0.64%
                                  UNMAPPED READS:
       % of reads unmapped: too many mismatches |	0.00%
                 % of reads unmapped: too short |	2.50%
                     % of reads unmapped: other |	0.20%
                                  CHIMERIC READS:
                       Number of chimeric reads |	0
                            % of chimeric reads |	0.00%
