                                 Started job on |	May 03 16:16:56
                             Started mapping on |	May 03 16:17:11
                                    Finished on |	May 03 16:19:56
       Mapping speed, Million of reads per hour |	1016.59

                          Number of input reads |	46593919
                      Average input read length |	47
                                    UNIQUE READS:
                   Uniquely mapped reads number |	28907831
                        Uniquely mapped reads % |	62.04%
                          Average mapped length |	48.27
                       Number of splices: Total |	3068381
            Number of splices: Annotated (sjdb) |	3030714
                       Number of splices: GT/AG |	3038417
                       Number of splices: GC/AG |	22523
                       Number of splices: AT/AC |	2562
               Number of splices: Non-canonical |	4879
                      Mismatch rate per base, % |	0.39%
                         Deletion rate per base |	0.01%
                        Deletion average length |	1.57
                        Insertion rate per base |	0.01%
                       Insertion average length |	1.26
                             MULTI-MAPPING READS:
        Number of reads mapped to multiple loci |	12235172
             % of reads mapped to multiple loci |	26.26%
        Number of reads mapped to too many loci |	969302
             % of reads mapped to too many loci |	2.08%
                                  UNMAPPED READS:
       % of reads unmapped: too many mismatches |	0.00%
                 % of reads unmapped: too short |	9.13%
                     % of reads unmapped: other |	0.49%
                                  CHIMERIC READS:
                       Number of chimeric reads |	0
                            % of chimeric reads |	0.00%
