                                 Started job on |	Mar 27 12:57:45
                             Started mapping on |	Mar 27 12:57:54
                                    Finished on |	Mar 27 12:58:07
       Mapping speed, Million of reads per hour |	171.68

                          Number of input reads |	619960
                      Average input read length |	50
                                    UNIQUE READS:
                   Uniquely mapped reads number |	419161
                        Uniquely mapped reads % |	67.61%
                          Average mapped length |	50.39
                       Number of splices: Total |	371
            Number of splices: Annotated (sjdb) |	12
                       Number of splices: GT/AG |	340
                       Number of splices: GC/AG |	12
                       Number of splices: AT/AC |	0
               Number of splices: Non-canonical |	19
                      Mismatch rate per base, % |	0.31%
                         Deletion rate per base |	0.01%
                        Deletion average length |	1.13
                        Insertion rate per base |	0.00%
                       Insertion average length |	1.02
                             MULTI-MAPPING READS:
        Number of reads mapped to multiple loci |	145251
             % of reads mapped to multiple loci |	23.43%
        Number of reads mapped to too many loci |	54739
             % of reads mapped to too many loci |	8.83%
                                  UNMAPPED READS:
       % of reads unmapped: too many mismatches |	0.00%
                 % of reads unmapped: too short |	0.07%
                     % of reads unmapped: other |	0.06%
                                  CHIMERIC READS:
                       Number of chimeric reads |	0
                            % of chimeric reads |	0.00%
