                                 Started job on |	Mar 27 13:01:47
                             Started mapping on |	Mar 27 13:01:56
                                    Finished on |	Mar 27 13:04:15
       Mapping speed, Million of reads per hour |	516.66

                          Number of input reads |	19948730
                      Average input read length |	48
                                    UNIQUE READS:
                   Uniquely mapped reads number |	8589395
                        Uniquely mapped reads % |	43.06%
                          Average mapped length |	48.57
                       Number of splices: Total |	607175
            Number of splices: Annotated (sjdb) |	574323
                       Number of splices: GT/AG |	596484
                       Number of splices: GC/AG |	5115
                       Number of splices: AT/AC |	523
               Number of splices: Non-canonical |	5053
                      Mismatch rate per base, % |	1.33%
                         Deletion rate per base |	0.04%
                        Deletion average length |	1.36
                        Insertion rate per base |	0.02%
                       Insertion average length |	1.41
                             MULTI-MAPPING READS:
        Number of reads mapped to multiple loci |	6115373
             % of reads mapped to multiple loci |	30.66%
        Number of reads mapped to too many loci |	1997762
             % of reads mapped to too many loci |	10.01%
                                  UNMAPPED READS:
       % of reads unmapped: too many mismatches |	0.00%
                 % of reads unmapped: too short |	15.44%
                     % of reads unmapped: other |	0.84%
                                  CHIMERIC READS:
                       Number of chimeric reads |	0
                            % of chimeric reads |	0.00%
