                                 Started job on |	Apr 21 00:38:25
                             Started mapping on |	Apr 21 00:38:31
                                    Finished on |	Apr 21 00:39:36
       Mapping speed, Million of reads per hour |	902.00

                          Number of input reads |	16286053
                      Average input read length |	48
                                    UNIQUE READS:
                   Uniquely mapped reads number |	13492100
                        Uniquely mapped reads % |	82.84%
                          Average mapped length |	48.74
                       Number of splices: Total |	1489577
            Number of splices: Annotated (sjdb) |	1451464
                       Number of splices: GT/AG |	1469584
                       Number of splices: GC/AG |	12542
                       Number of splices: AT/AC |	1363
               Number of splices: Non-canonical |	6088
                      Mismatch rate per base, % |	0.89%
                         Deletion rate per base |	0.02%
                        Deletion average length |	1.70
                        Insertion rate per base |	0.01%
                       Insertion average length |	1.51
                             MULTI-MAPPING READS:
        Number of reads mapped to multiple loci |	1442764
             % of reads mapped to multiple loci |	8.86%
        Number of reads mapped to too many loci |	522587
             % of reads mapped to too many loci |	3.21%
                                  UNMAPPED READS:
       % of reads unmapped: too many mismatches |	0.00%
                 % of reads unmapped: too short |	3.96%
                     % of reads unmapped: other |	1.13%
                                  CHIMERIC READS:
                       Number of chimeric reads |	0
                            % of chimeric reads |	0.00%
