                                 Started job on |	Mar 27 12:45:35
                             Started mapping on |	Mar 27 12:45:59
                                    Finished on |	Mar 27 12:46:08
       Mapping speed, Million of reads per hour |	205.85

                          Number of input reads |	514619
                      Average input read length |	50
                                    UNIQUE READS:
                   Uniquely mapped reads number |	406285
                        Uniquely mapped reads % |	78.95%
                          Average mapped length |	50.39
                       Number of splices: Total |	90
            Number of splices: Annotated (sjdb) |	5
                       Number of splices: GT/AG |	67
                       Number of splices: GC/AG |	6
                       Number of splices: AT/AC |	0
               Number of splices: Non-canonical |	17
                      Mismatch rate per base, % |	0.25%
                         Deletion rate per base |	0.00%
                        Deletion average length |	1.25
                        Insertion rate per base |	0.00%
                       Insertion average length |	1.05
                             MULTI-MAPPING READS:
        Number of reads mapped to multiple loci |	85321
             % of reads mapped to multiple loci |	16.58%
        Number of reads mapped to too many loci |	22714
             % of reads mapped to too many loci |	4.41%
                                  UNMAPPED READS:
       % of reads unmapped: too many mismatches |	0.00%
                 % of reads unmapped: too short |	0.04%
                     % of reads unmapped: other |	0.02%
                                  CHIMERIC READS:
                       Number of chimeric reads |	0
                            % of chimeric reads |	0.00%
