                                 Started job on |	Apr 21 00:33:19
                             Started mapping on |	Apr 21 00:33:25
                                    Finished on |	Apr 21 00:34:47
       Mapping speed, Million of reads per hour |	894.20

                          Number of input reads |	20367804
                      Average input read length |	48
                                    UNIQUE READS:
                   Uniquely mapped reads number |	16589709
                        Uniquely mapped reads % |	81.45%
                          Average mapped length |	48.73
                       Number of splices: Total |	1150326
            Number of splices: Annotated (sjdb) |	1105762
                       Number of splices: GT/AG |	1128665
                       Number of splices: GC/AG |	10096
                       Number of splices: AT/AC |	923
               Number of splices: Non-canonical |	10642
                      Mismatch rate per base, % |	1.00%
                         Deletion rate per base |	0.03%
                        Deletion average length |	1.75
                        Insertion rate per base |	0.02%
                       Insertion average length |	1.50
                             MULTI-MAPPING READS:
        Number of reads mapped to multiple loci |	1773586
             % of reads mapped to multiple loci |	8.71%
        Number of reads mapped to too many loci |	751683
             % of reads mapped to too many loci |	3.69%
                                  UNMAPPED READS:
       % of reads unmapped: too many mismatches |	0.00%
                 % of reads unmapped: too short |	4.32%
                     % of reads unmapped: other |	1.83%
                                  CHIMERIC READS:
                       Number of chimeric reads |	0
                            % of chimeric reads |	0.00%
