                                 Started job on |	Mar 27 13:12:15
                             Started mapping on |	Mar 27 13:12:26
                                    Finished on |	Mar 27 13:12:42
       Mapping speed, Million of reads per hour |	470.70

                          Number of input reads |	2092006
                      Average input read length |	49
                                    UNIQUE READS:
                   Uniquely mapped reads number |	1958557
                        Uniquely mapped reads % |	93.62%
                          Average mapped length |	49.11
                       Number of splices: Total |	349
            Number of splices: Annotated (sjdb) |	0
                       Number of splices: GT/AG |	347
                       Number of splices: GC/AG |	0
                       Number of splices: AT/AC |	0
               Number of splices: Non-canonical |	2
                      Mismatch rate per base, % |	0.52%
                         Deletion rate per base |	0.00%
                        Deletion average length |	1.24
                        Insertion rate per base |	0.00%
                       Insertion average length |	1.09
                             MULTI-MAPPING READS:
        Number of reads mapped to multiple loci |	75299
             % of reads mapped to multiple loci |	3.60%
        Number of reads mapped to too many loci |	56635
             % of reads mapped to too many loci |	2.71%
                                  UNMAPPED READS:
       % of reads unmapped: too many mismatches |	0.00%
                 % of reads unmapped: too short |	0.05%
                     % of reads unmapped: other |	0.02%
                                  CHIMERIC READS:
                       Number of chimeric reads |	0
                            % of chimeric reads |	0.00%
