                                 Started job on |	Mar 27 13:06:39
                             Started mapping on |	Mar 27 13:06:50
                                    Finished on |	Mar 27 13:07:11
       Mapping speed, Million of reads per hour |	385.67

                          Number of input reads |	2249731
                      Average input read length |	49
                                    UNIQUE READS:
                   Uniquely mapped reads number |	1382054
                        Uniquely mapped reads % |	61.43%
                          Average mapped length |	49.11
                       Number of splices: Total |	2844
            Number of splices: Annotated (sjdb) |	1
                       Number of splices: GT/AG |	2826
                       Number of splices: GC/AG |	6
                       Number of splices: AT/AC |	0
               Number of splices: Non-canonical |	12
                      Mismatch rate per base, % |	0.57%
                         Deletion rate per base |	0.00%
                        Deletion average length |	1.25
                        Insertion rate per base |	0.00%
                       Insertion average length |	1.09
                             MULTI-MAPPING READS:
        Number of reads mapped to multiple loci |	481122
             % of reads mapped to multiple loci |	21.39%
        Number of reads mapped to too many loci |	384971
             % of reads mapped to too many loci |	17.11%
                                  UNMAPPED READS:
       % of reads unmapped: too many mismatches |	0.00%
                 % of reads unmapped: too short |	0.04%
                     % of reads unmapped: other |	0.03%
                                  CHIMERIC READS:
                       Number of chimeric reads |	0
                            % of chimeric reads |	0.00%
