                                 Started job on |	Apr 12 11:30:05
                             Started mapping on |	Apr 12 11:30:10
                                    Finished on |	Apr 12 11:31:02
       Mapping speed, Million of reads per hour |	961.28

                          Number of input reads |	13885103
                      Average input read length |	50
                                    UNIQUE READS:
                   Uniquely mapped reads number |	10970530
                        Uniquely mapped reads % |	79.01%
                          Average mapped length |	50.02
                       Number of splices: Total |	1336214
            Number of splices: Annotated (sjdb) |	1302930
                       Number of splices: GT/AG |	1316700
                       Number of splices: GC/AG |	12220
                       Number of splices: AT/AC |	1331
               Number of splices: Non-canonical |	5963
                      Mismatch rate per base, % |	0.63%
                         Deletion rate per base |	0.02%
                        Deletion average length |	1.80
                        Insertion rate per base |	0.01%
                       Insertion average length |	1.56
                             MULTI-MAPPING READS:
        Number of reads mapped to multiple loci |	1934621
             % of reads mapped to multiple loci |	13.93%
        Number of reads mapped to too many loci |	351690
             % of reads mapped to too many loci |	2.53%
                                  UNMAPPED READS:
       % of reads unmapped: too many mismatches |	0.00%
                 % of reads unmapped: too short |	3.53%
                     % of reads unmapped: other |	0.99%
                                  CHIMERIC READS:
                       Number of chimeric reads |	0
                            % of chimeric reads |	0.00%
