                                 Started job on |	Mar 27 12:51:31
                             Started mapping on |	Mar 27 12:51:39
                                    Finished on |	Mar 27 12:51:49
       Mapping speed, Million of reads per hour |	184.05

                          Number of input reads |	511247
                      Average input read length |	50
                                    UNIQUE READS:
                   Uniquely mapped reads number |	358869
                        Uniquely mapped reads % |	70.19%
                          Average mapped length |	50.40
                       Number of splices: Total |	177
            Number of splices: Annotated (sjdb) |	20
                       Number of splices: GT/AG |	126
                       Number of splices: GC/AG |	20
                       Number of splices: AT/AC |	0
               Number of splices: Non-canonical |	31
                      Mismatch rate per base, % |	0.28%
                         Deletion rate per base |	0.00%
                        Deletion average length |	1.20
                        Insertion rate per base |	0.00%
                       Insertion average length |	1.07
                             MULTI-MAPPING READS:
        Number of reads mapped to multiple loci |	118157
             % of reads mapped to multiple loci |	23.11%
        Number of reads mapped to too many loci |	33514
             % of reads mapped to too many loci |	6.56%
                                  UNMAPPED READS:
       % of reads unmapped: too many mismatches |	0.00%
                 % of reads unmapped: too short |	0.06%
                     % of reads unmapped: other |	0.08%
                                  CHIMERIC READS:
                       Number of chimeric reads |	0
                            % of chimeric reads |	0.00%
