                                 Started job on |	Mar 27 13:04:44
                             Started mapping on |	Mar 27 13:04:54
                                    Finished on |	Mar 27 13:06:37
       Mapping speed, Million of reads per hour |	712.85

                          Number of input reads |	20395536
                      Average input read length |	48
                                    UNIQUE READS:
                   Uniquely mapped reads number |	16593784
                        Uniquely mapped reads % |	81.36%
                          Average mapped length |	48.73
                       Number of splices: Total |	1150335
            Number of splices: Annotated (sjdb) |	1105762
                       Number of splices: GT/AG |	1128671
                       Number of splices: GC/AG |	10096
                       Number of splices: AT/AC |	923
               Number of splices: Non-canonical |	10645
                      Mismatch rate per base, % |	1.00%
                         Deletion rate per base |	0.03%
                        Deletion average length |	1.74
                        Insertion rate per base |	0.02%
                       Insertion average length |	1.50
                             MULTI-MAPPING READS:
        Number of reads mapped to multiple loci |	1795443
             % of reads mapped to multiple loci |	8.80%
        Number of reads mapped to too many loci |	752300
             % of reads mapped to too many loci |	3.69%
                                  UNMAPPED READS:
       % of reads unmapped: too many mismatches |	0.00%
                 % of reads unmapped: too short |	4.32%
                     % of reads unmapped: other |	1.83%
                                  CHIMERIC READS:
                       Number of chimeric reads |	0
                            % of chimeric reads |	0.00%
