                                 Started job on |	Mar 27 12:56:10
                             Started mapping on |	Mar 27 12:56:19
                                    Finished on |	Mar 27 12:56:28
       Mapping speed, Million of reads per hour |	209.46

                          Number of input reads |	523652
                      Average input read length |	50
                                    UNIQUE READS:
                   Uniquely mapped reads number |	378628
                        Uniquely mapped reads % |	72.31%
                          Average mapped length |	50.40
                       Number of splices: Total |	232
            Number of splices: Annotated (sjdb) |	7
                       Number of splices: GT/AG |	207
                       Number of splices: GC/AG |	8
                       Number of splices: AT/AC |	0
               Number of splices: Non-canonical |	17
                      Mismatch rate per base, % |	0.32%
                         Deletion rate per base |	0.01%
                        Deletion average length |	1.17
                        Insertion rate per base |	0.00%
                       Insertion average length |	1.07
                             MULTI-MAPPING READS:
        Number of reads mapped to multiple loci |	108788
             % of reads mapped to multiple loci |	20.77%
        Number of reads mapped to too many loci |	35487
             % of reads mapped to too many loci |	6.78%
                                  UNMAPPED READS:
       % of reads unmapped: too many mismatches |	0.00%
                 % of reads unmapped: too short |	0.06%
                     % of reads unmapped: other |	0.08%
                                  CHIMERIC READS:
                       Number of chimeric reads |	0
                            % of chimeric reads |	0.00%
