                                 Started job on |	Apr 21 00:39:39
                             Started mapping on |	Apr 21 00:39:45
                                    Finished on |	Apr 21 00:41:15
       Mapping speed, Million of reads per hour |	909.85

                          Number of input reads |	22746147
                      Average input read length |	48
                                    UNIQUE READS:
                   Uniquely mapped reads number |	18282153
                        Uniquely mapped reads % |	80.37%
                          Average mapped length |	48.72
                       Number of splices: Total |	1254145
            Number of splices: Annotated (sjdb) |	1204141
                       Number of splices: GT/AG |	1229991
                       Number of splices: GC/AG |	10876
                       Number of splices: AT/AC |	1118
               Number of splices: Non-canonical |	12160
                      Mismatch rate per base, % |	1.01%
                         Deletion rate per base |	0.03%
                        Deletion average length |	1.74
                        Insertion rate per base |	0.02%
                       Insertion average length |	1.49
                             MULTI-MAPPING READS:
        Number of reads mapped to multiple loci |	2165278
             % of reads mapped to multiple loci |	9.52%
        Number of reads mapped to too many loci |	899416
             % of reads mapped to too many loci |	3.95%
                                  UNMAPPED READS:
       % of reads unmapped: too many mismatches |	0.00%
                 % of reads unmapped: too short |	4.33%
                     % of reads unmapped: other |	1.83%
                                  CHIMERIC READS:
                       Number of chimeric reads |	0
                            % of chimeric reads |	0.00%
