                                 Started job on |	Mar 27 13:19:29
                             Started mapping on |	Mar 27 13:19:39
                                    Finished on |	Mar 27 13:20:01
       Mapping speed, Million of reads per hour |	388.04

                          Number of input reads |	2371338
                      Average input read length |	49
                                    UNIQUE READS:
                   Uniquely mapped reads number |	2036295
                        Uniquely mapped reads % |	85.87%
                          Average mapped length |	49.12
                       Number of splices: Total |	908
            Number of splices: Annotated (sjdb) |	3
                       Number of splices: GT/AG |	896
                       Number of splices: GC/AG |	7
                       Number of splices: AT/AC |	0
               Number of splices: Non-canonical |	5
                      Mismatch rate per base, % |	0.52%
                         Deletion rate per base |	0.00%
                        Deletion average length |	1.29
                        Insertion rate per base |	0.00%
                       Insertion average length |	1.09
                             MULTI-MAPPING READS:
        Number of reads mapped to multiple loci |	183917
             % of reads mapped to multiple loci |	7.76%
        Number of reads mapped to too many loci |	149143
             % of reads mapped to too many loci |	6.29%
                                  UNMAPPED READS:
       % of reads unmapped: too many mismatches |	0.00%
                 % of reads unmapped: too short |	0.05%
                     % of reads unmapped: other |	0.04%
                                  CHIMERIC READS:
                       Number of chimeric reads |	0
                            % of chimeric reads |	0.00%
