                                 Started job on |	Apr 21 00:21:27
                             Started mapping on |	Apr 21 00:22:02
                                    Finished on |	Apr 21 00:22:54
       Mapping speed, Million of reads per hour |	1001.86

                          Number of input reads |	14471332
                      Average input read length |	50
                                    UNIQUE READS:
                   Uniquely mapped reads number |	12846858
                        Uniquely mapped reads % |	88.77%
                          Average mapped length |	50.05
                       Number of splices: Total |	2181768
            Number of splices: Annotated (sjdb) |	2130536
                       Number of splices: GT/AG |	2153754
                       Number of splices: GC/AG |	21502
                       Number of splices: AT/AC |	2199
               Number of splices: Non-canonical |	4313
                      Mismatch rate per base, % |	0.56%
                         Deletion rate per base |	0.02%
                        Deletion average length |	1.79
                        Insertion rate per base |	0.01%
                       Insertion average length |	1.55
                             MULTI-MAPPING READS:
        Number of reads mapped to multiple loci |	1108263
             % of reads mapped to multiple loci |	7.66%
        Number of reads mapped to too many loci |	141431
             % of reads mapped to too many loci |	0.98%
                                  UNMAPPED READS:
       % of reads unmapped: too many mismatches |	0.00%
                 % of reads unmapped: too short |	2.27%
                     % of reads unmapped: other |	0.32%
                                  CHIMERIC READS:
                       Number of chimeric reads |	0
                            % of chimeric reads |	0.00%
