                                 Started job on |	Mar 27 13:14:28
                             Started mapping on |	Mar 27 13:14:39
                                    Finished on |	Mar 27 13:14:59
       Mapping speed, Million of reads per hour |	598.84

                          Number of input reads |	3326872
                      Average input read length |	49
                                    UNIQUE READS:
                   Uniquely mapped reads number |	3159577
                        Uniquely mapped reads % |	94.97%
                          Average mapped length |	49.10
                       Number of splices: Total |	381
            Number of splices: Annotated (sjdb) |	2
                       Number of splices: GT/AG |	364
                       Number of splices: GC/AG |	7
                       Number of splices: AT/AC |	0
               Number of splices: Non-canonical |	10
                      Mismatch rate per base, % |	0.51%
                         Deletion rate per base |	0.00%
                        Deletion average length |	1.27
                        Insertion rate per base |	0.00%
                       Insertion average length |	1.09
                             MULTI-MAPPING READS:
        Number of reads mapped to multiple loci |	94266
             % of reads mapped to multiple loci |	2.83%
        Number of reads mapped to too many loci |	69952
             % of reads mapped to too many loci |	2.10%
                                  UNMAPPED READS:
       % of reads unmapped: too many mismatches |	0.00%
                 % of reads unmapped: too short |	0.05%
                     % of reads unmapped: other |	0.04%
                                  CHIMERIC READS:
                       Number of chimeric reads |	0
                            % of chimeric reads |	0.00%
