                                 Started job on |	Mar 27 12:50:01
                             Started mapping on |	Mar 27 12:50:10
                                    Finished on |	Mar 27 12:50:19
       Mapping speed, Million of reads per hour |	193.51

                          Number of input reads |	483771
                      Average input read length |	50
                                    UNIQUE READS:
                   Uniquely mapped reads number |	375112
                        Uniquely mapped reads % |	77.54%
                          Average mapped length |	50.39
                       Number of splices: Total |	81
            Number of splices: Annotated (sjdb) |	10
                       Number of splices: GT/AG |	47
                       Number of splices: GC/AG |	12
                       Number of splices: AT/AC |	0
               Number of splices: Non-canonical |	22
                      Mismatch rate per base, % |	0.25%
                         Deletion rate per base |	0.00%
                        Deletion average length |	1.28
                        Insertion rate per base |	0.00%
                       Insertion average length |	1.07
                             MULTI-MAPPING READS:
        Number of reads mapped to multiple loci |	87260
             % of reads mapped to multiple loci |	18.04%
        Number of reads mapped to too many loci |	20691
             % of reads mapped to too many loci |	4.28%
                                  UNMAPPED READS:
       % of reads unmapped: too many mismatches |	0.00%
                 % of reads unmapped: too short |	0.04%
                     % of reads unmapped: other |	0.11%
                                  CHIMERIC READS:
                       Number of chimeric reads |	0
                            % of chimeric reads |	0.00%
