                                 Started job on |	Apr 21 00:31:21
                             Started mapping on |	Apr 21 00:31:27
                                    Finished on |	Apr 21 00:33:15
       Mapping speed, Million of reads per hour |	648.73

                          Number of input reads |	19461937
                      Average input read length |	48
                                    UNIQUE READS:
                   Uniquely mapped reads number |	8566483
                        Uniquely mapped reads % |	44.02%
                          Average mapped length |	48.57
                       Number of splices: Total |	607053
            Number of splices: Annotated (sjdb) |	574323
                       Number of splices: GT/AG |	596389
                       Number of splices: GC/AG |	5108
                       Number of splices: AT/AC |	523
               Number of splices: Non-canonical |	5033
                      Mismatch rate per base, % |	1.33%
                         Deletion rate per base |	0.03%
                        Deletion average length |	1.39
                        Insertion rate per base |	0.02%
                       Insertion average length |	1.41
                             MULTI-MAPPING READS:
        Number of reads mapped to multiple loci |	5670930
             % of reads mapped to multiple loci |	29.14%
        Number of reads mapped to too many loci |	1993461
             % of reads mapped to too many loci |	10.24%
                                  UNMAPPED READS:
       % of reads unmapped: too many mismatches |	0.00%
                 % of reads unmapped: too short |	15.75%
                     % of reads unmapped: other |	0.86%
                                  CHIMERIC READS:
                       Number of chimeric reads |	0
                            % of chimeric reads |	0.00%
