                                 Started job on |	Mar 27 12:54:38
                             Started mapping on |	Mar 27 12:54:46
                                    Finished on |	Mar 27 12:54:54
       Mapping speed, Million of reads per hour |	180.55

                          Number of input reads |	401228
                      Average input read length |	50
                                    UNIQUE READS:
                   Uniquely mapped reads number |	298067
                        Uniquely mapped reads % |	74.29%
                          Average mapped length |	50.40
                       Number of splices: Total |	92
            Number of splices: Annotated (sjdb) |	7
                       Number of splices: GT/AG |	67
                       Number of splices: GC/AG |	8
                       Number of splices: AT/AC |	0
               Number of splices: Non-canonical |	17
                      Mismatch rate per base, % |	0.27%
                         Deletion rate per base |	0.00%
                        Deletion average length |	1.26
                        Insertion rate per base |	0.00%
                       Insertion average length |	1.04
                             MULTI-MAPPING READS:
        Number of reads mapped to multiple loci |	82213
             % of reads mapped to multiple loci |	20.49%
        Number of reads mapped to too many loci |	20379
             % of reads mapped to too many loci |	5.08%
                                  UNMAPPED READS:
       % of reads unmapped: too many mismatches |	0.00%
                 % of reads unmapped: too short |	0.04%
                     % of reads unmapped: other |	0.11%
                                  CHIMERIC READS:
                       Number of chimeric reads |	0
                            % of chimeric reads |	0.00%
