                                 Started job on |	Apr 21 00:25:35
                             Started mapping on |	Apr 21 00:25:41
                                    Finished on |	Apr 21 00:26:30
       Mapping speed, Million of reads per hour |	1001.42

                          Number of input reads |	13630399
                      Average input read length |	50
                                    UNIQUE READS:
                   Uniquely mapped reads number |	10791750
                        Uniquely mapped reads % |	79.17%
                          Average mapped length |	49.96
                       Number of splices: Total |	1325362
            Number of splices: Annotated (sjdb) |	1263006
                       Number of splices: GT/AG |	1279771
                       Number of splices: GC/AG |	11711
                       Number of splices: AT/AC |	1546
               Number of splices: Non-canonical |	32334
                      Mismatch rate per base, % |	0.64%
                         Deletion rate per base |	0.03%
                        Deletion average length |	2.11
                        Insertion rate per base |	0.01%
                       Insertion average length |	1.56
                             MULTI-MAPPING READS:
        Number of reads mapped to multiple loci |	1844038
             % of reads mapped to multiple loci |	13.53%
        Number of reads mapped to too many loci |	348058
             % of reads mapped to too many loci |	2.55%
                                  UNMAPPED READS:
       % of reads unmapped: too many mismatches |	0.00%
                 % of reads unmapped: too short |	3.64%
                     % of reads unmapped: other |	1.11%
                                  CHIMERIC READS:
                       Number of chimeric reads |	0
                            % of chimeric reads |	0.00%
