                                 Started job on |	Mar 27 12:47:15
                             Started mapping on |	Mar 27 12:47:23
                                    Finished on |	Mar 27 12:47:32
       Mapping speed, Million of reads per hour |	187.17

                          Number of input reads |	467917
                      Average input read length |	50
                                    UNIQUE READS:
                   Uniquely mapped reads number |	325652
                        Uniquely mapped reads % |	69.60%
                          Average mapped length |	50.39
                       Number of splices: Total |	205
            Number of splices: Annotated (sjdb) |	11
                       Number of splices: GT/AG |	181
                       Number of splices: GC/AG |	11
                       Number of splices: AT/AC |	0
               Number of splices: Non-canonical |	13
                      Mismatch rate per base, % |	0.29%
                         Deletion rate per base |	0.01%
                        Deletion average length |	1.15
                        Insertion rate per base |	0.00%
                       Insertion average length |	1.04
                             MULTI-MAPPING READS:
        Number of reads mapped to multiple loci |	106319
             % of reads mapped to multiple loci |	22.72%
        Number of reads mapped to too many loci |	35597
             % of reads mapped to too many loci |	7.61%
                                  UNMAPPED READS:
       % of reads unmapped: too many mismatches |	0.00%
                 % of reads unmapped: too short |	0.06%
                     % of reads unmapped: other |	0.01%
                                  CHIMERIC READS:
                       Number of chimeric reads |	0
                            % of chimeric reads |	0.00%
