                                 Started job on |	Apr 21 00:49:48
                             Started mapping on |	Apr 21 00:49:55
                                    Finished on |	Apr 21 00:51:00
       Mapping speed, Million of reads per hour |	807.71

                          Number of input reads |	14583683
                      Average input read length |	48
                                    UNIQUE READS:
                   Uniquely mapped reads number |	9505034
                        Uniquely mapped reads % |	65.18%
                          Average mapped length |	48.92
                       Number of splices: Total |	1232925
            Number of splices: Annotated (sjdb) |	1206473
                       Number of splices: GT/AG |	1218004
                       Number of splices: GC/AG |	10293
                       Number of splices: AT/AC |	975
               Number of splices: Non-canonical |	3653
                      Mismatch rate per base, % |	0.69%
                         Deletion rate per base |	0.02%
                        Deletion average length |	1.54
                        Insertion rate per base |	0.01%
                       Insertion average length |	1.47
                             MULTI-MAPPING READS:
        Number of reads mapped to multiple loci |	2798524
             % of reads mapped to multiple loci |	19.19%
        Number of reads mapped to too many loci |	864661
             % of reads mapped to too many loci |	5.93%
                                  UNMAPPED READS:
       % of reads unmapped: too many mismatches |	0.00%
                 % of reads unmapped: too short |	9.15%
                     % of reads unmapped: other |	0.55%
                                  CHIMERIC READS:
                       Number of chimeric reads |	0
                            % of chimeric reads |	0.00%
