                                 Started job on |	Apr 21 00:58:11
                             Started mapping on |	Apr 21 00:58:37
                                    Finished on |	Apr 21 00:59:50
       Mapping speed, Million of reads per hour |	956.73

                          Number of input reads |	19400320
                      Average input read length |	49
                                    UNIQUE READS:
                   Uniquely mapped reads number |	14166022
                        Uniquely mapped reads % |	73.02%
                          Average mapped length |	49.25
                       Number of splices: Total |	1319910
            Number of splices: Annotated (sjdb) |	1278264
                       Number of splices: GT/AG |	1301177
                       Number of splices: GC/AG |	10088
                       Number of splices: AT/AC |	977
               Number of splices: Non-canonical |	7668
                      Mismatch rate per base, % |	0.80%
                         Deletion rate per base |	0.02%
                        Deletion average length |	1.69
                        Insertion rate per base |	0.01%
                       Insertion average length |	1.52
                             MULTI-MAPPING READS:
        Number of reads mapped to multiple loci |	2837001
             % of reads mapped to multiple loci |	14.62%
        Number of reads mapped to too many loci |	1069670
             % of reads mapped to too many loci |	5.51%
                                  UNMAPPED READS:
       % of reads unmapped: too many mismatches |	0.00%
                 % of reads unmapped: too short |	5.83%
                     % of reads unmapped: other |	1.02%
                                  CHIMERIC READS:
                       Number of chimeric reads |	0
                            % of chimeric reads |	0.00%
