                                 Started job on |	Apr 21 00:44:53
                             Started mapping on |	Apr 21 00:44:59
                                    Finished on |	Apr 21 00:45:55
       Mapping speed, Million of reads per hour |	939.20

                          Number of input reads |	14609735
                      Average input read length |	49
                                    UNIQUE READS:
                   Uniquely mapped reads number |	10827912
                        Uniquely mapped reads % |	74.11%
                          Average mapped length |	48.96
                       Number of splices: Total |	1263133
            Number of splices: Annotated (sjdb) |	1231818
                       Number of splices: GT/AG |	1246831
                       Number of splices: GC/AG |	10451
                       Number of splices: AT/AC |	949
               Number of splices: Non-canonical |	4902
                      Mismatch rate per base, % |	0.66%
                         Deletion rate per base |	0.02%
                        Deletion average length |	1.64
                        Insertion rate per base |	0.01%
                       Insertion average length |	1.49
                             MULTI-MAPPING READS:
        Number of reads mapped to multiple loci |	2023268
             % of reads mapped to multiple loci |	13.85%
        Number of reads mapped to too many loci |	726988
             % of reads mapped to too many loci |	4.98%
                                  UNMAPPED READS:
       % of reads unmapped: too many mismatches |	0.00%
                 % of reads unmapped: too short |	6.24%
                     % of reads unmapped: other |	0.82%
                                  CHIMERIC READS:
                       Number of chimeric reads |	0
                            % of chimeric reads |	0.00%
