                                 Started job on |	Apr 21 00:47:27
                             Started mapping on |	Apr 21 00:47:34
                                    Finished on |	Apr 21 00:48:33
       Mapping speed, Million of reads per hour |	1017.05

                          Number of input reads |	16668255
                      Average input read length |	49
                                    UNIQUE READS:
                   Uniquely mapped reads number |	14101925
                        Uniquely mapped reads % |	84.60%
                          Average mapped length |	48.96
                       Number of splices: Total |	1562238
            Number of splices: Annotated (sjdb) |	1520202
                       Number of splices: GT/AG |	1540475
                       Number of splices: GC/AG |	13505
                       Number of splices: AT/AC |	1167
               Number of splices: Non-canonical |	7091
                      Mismatch rate per base, % |	0.62%
                         Deletion rate per base |	0.02%
                        Deletion average length |	1.73
                        Insertion rate per base |	0.02%
                       Insertion average length |	1.52
                             MULTI-MAPPING READS:
        Number of reads mapped to multiple loci |	1402075
             % of reads mapped to multiple loci |	8.41%
        Number of reads mapped to too many loci |	464623
             % of reads mapped to too many loci |	2.79%
                                  UNMAPPED READS:
       % of reads unmapped: too many mismatches |	0.00%
                 % of reads unmapped: too short |	3.15%
                     % of reads unmapped: other |	1.05%
                                  CHIMERIC READS:
                       Number of chimeric reads |	0
                            % of chimeric reads |	0.00%
