                                 Started job on |	Apr 12 11:37:28
                             Started mapping on |	Apr 12 11:37:35
                                    Finished on |	Apr 12 11:39:45
       Mapping speed, Million of reads per hour |	536.03

                          Number of input reads |	19356799
                      Average input read length |	48
                                    UNIQUE READS:
                   Uniquely mapped reads number |	6597791
                        Uniquely mapped reads % |	34.09%
                          Average mapped length |	48.45
                       Number of splices: Total |	733419
            Number of splices: Annotated (sjdb) |	701208
                       Number of splices: GT/AG |	723393
                       Number of splices: GC/AG |	6418
                       Number of splices: AT/AC |	623
               Number of splices: Non-canonical |	2985
                      Mismatch rate per base, % |	1.43%
                         Deletion rate per base |	0.04%
                        Deletion average length |	1.21
                        Insertion rate per base |	0.02%
                       Insertion average length |	1.28
                             MULTI-MAPPING READS:
        Number of reads mapped to multiple loci |	6991738
             % of reads mapped to multiple loci |	36.12%
        Number of reads mapped to too many loci |	1964178
             % of reads mapped to too many loci |	10.15%
                                  UNMAPPED READS:
       % of reads unmapped: too many mismatches |	0.00%
                 % of reads unmapped: too short |	19.30%
                     % of reads unmapped: other |	0.35%
                                  CHIMERIC READS:
                       Number of chimeric reads |	0
                            % of chimeric reads |	0.00%
