                                 Started job on |	Apr 21 00:45:57
                             Started mapping on |	Apr 21 00:46:03
                                    Finished on |	Apr 21 00:47:23
       Mapping speed, Million of reads per hour |	957.72

                          Number of input reads |	21282747
                      Average input read length |	49
                                    UNIQUE READS:
                   Uniquely mapped reads number |	16210678
                        Uniquely mapped reads % |	76.17%
                          Average mapped length |	48.92
                       Number of splices: Total |	1787193
            Number of splices: Annotated (sjdb) |	1732846
                       Number of splices: GT/AG |	1762763
                       Number of splices: GC/AG |	15042
                       Number of splices: AT/AC |	1412
               Number of splices: Non-canonical |	7976
                      Mismatch rate per base, % |	0.67%
                         Deletion rate per base |	0.02%
                        Deletion average length |	1.66
                        Insertion rate per base |	0.02%
                       Insertion average length |	1.48
                             MULTI-MAPPING READS:
        Number of reads mapped to multiple loci |	2744221
             % of reads mapped to multiple loci |	12.89%
        Number of reads mapped to too many loci |	873865
             % of reads mapped to too many loci |	4.11%
                                  UNMAPPED READS:
       % of reads unmapped: too many mismatches |	0.00%
                 % of reads unmapped: too short |	5.87%
                     % of reads unmapped: other |	0.96%
                                  CHIMERIC READS:
                       Number of chimeric reads |	0
                            % of chimeric reads |	0.00%
