                                 Started job on |	Mar 27 12:53:00
                             Started mapping on |	Mar 27 12:53:09
                                    Finished on |	Mar 27 12:53:19
       Mapping speed, Million of reads per hour |	212.49

                          Number of input reads |	590262
                      Average input read length |	50
                                    UNIQUE READS:
                   Uniquely mapped reads number |	411470
                        Uniquely mapped reads % |	69.71%
                          Average mapped length |	50.39
                       Number of splices: Total |	252
            Number of splices: Annotated (sjdb) |	14
                       Number of splices: GT/AG |	220
                       Number of splices: GC/AG |	15
                       Number of splices: AT/AC |	0
               Number of splices: Non-canonical |	17
                      Mismatch rate per base, % |	0.30%
                         Deletion rate per base |	0.01%
                        Deletion average length |	1.17
                        Insertion rate per base |	0.00%
                       Insertion average length |	1.05
                             MULTI-MAPPING READS:
        Number of reads mapped to multiple loci |	135105
             % of reads mapped to multiple loci |	22.89%
        Number of reads mapped to too many loci |	42904
             % of reads mapped to too many loci |	7.27%
                                  UNMAPPED READS:
       % of reads unmapped: too many mismatches |	0.00%
                 % of reads unmapped: too short |	0.06%
                     % of reads unmapped: other |	0.07%
                                  CHIMERIC READS:
                       Number of chimeric reads |	0
                            % of chimeric reads |	0.00%
