                                 Started job on |	Apr 12 11:56:32
                             Started mapping on |	Apr 12 11:56:39
                                    Finished on |	Apr 12 11:57:56
       Mapping speed, Million of reads per hour |	809.81

                          Number of input reads |	17321034
                      Average input read length |	49
                                    UNIQUE READS:
                   Uniquely mapped reads number |	12220899
                        Uniquely mapped reads % |	70.56%
                          Average mapped length |	49.21
                       Number of splices: Total |	1070460
            Number of splices: Annotated (sjdb) |	1029930
                       Number of splices: GT/AG |	1054639
                       Number of splices: GC/AG |	8060
                       Number of splices: AT/AC |	784
               Number of splices: Non-canonical |	6977
                      Mismatch rate per base, % |	0.82%
                         Deletion rate per base |	0.02%
                        Deletion average length |	1.66
                        Insertion rate per base |	0.02%
                       Insertion average length |	1.52
                             MULTI-MAPPING READS:
        Number of reads mapped to multiple loci |	2760614
             % of reads mapped to multiple loci |	15.94%
        Number of reads mapped to too many loci |	1002967
             % of reads mapped to too many loci |	5.79%
                                  UNMAPPED READS:
       % of reads unmapped: too many mismatches |	0.00%
                 % of reads unmapped: too short |	6.76%
                     % of reads unmapped: other |	0.95%
                                  CHIMERIC READS:
                       Number of chimeric reads |	0
                            % of chimeric reads |	0.00%
