                                 Started job on |	Apr 12 12:02:35
                             Started mapping on |	Apr 12 12:02:42
                                    Finished on |	Apr 12 12:04:38
       Mapping speed, Million of reads per hour |	705.31

                          Number of input reads |	22726519
                      Average input read length |	49
                                    UNIQUE READS:
                   Uniquely mapped reads number |	12039166
                        Uniquely mapped reads % |	52.97%
                          Average mapped length |	49.25
                       Number of splices: Total |	1316441
            Number of splices: Annotated (sjdb) |	1276862
                       Number of splices: GT/AG |	1299838
                       Number of splices: GC/AG |	10095
                       Number of splices: AT/AC |	982
               Number of splices: Non-canonical |	5526
                      Mismatch rate per base, % |	0.88%
                         Deletion rate per base |	0.02%
                        Deletion average length |	1.51
                        Insertion rate per base |	0.01%
                       Insertion average length |	1.49
                             MULTI-MAPPING READS:
        Number of reads mapped to multiple loci |	5691911
             % of reads mapped to multiple loci |	25.05%
        Number of reads mapped to too many loci |	2258163
             % of reads mapped to too many loci |	9.94%
                                  UNMAPPED READS:
       % of reads unmapped: too many mismatches |	0.00%
                 % of reads unmapped: too short |	11.56%
                     % of reads unmapped: other |	0.48%
                                  CHIMERIC READS:
                       Number of chimeric reads |	0
                            % of chimeric reads |	0.00%
