                                 Started job on |	Apr 21 00:30:25
                             Started mapping on |	Apr 21 00:30:31
                                    Finished on |	Apr 21 00:31:20
       Mapping speed, Million of reads per hour |	1025.03

                          Number of input reads |	13951856
                      Average input read length |	50
                                    UNIQUE READS:
                   Uniquely mapped reads number |	11226672
                        Uniquely mapped reads % |	80.47%
                          Average mapped length |	49.95
                       Number of splices: Total |	1434111
            Number of splices: Annotated (sjdb) |	1351459
                       Number of splices: GT/AG |	1375680
                       Number of splices: GC/AG |	12700
                       Number of splices: AT/AC |	1742
               Number of splices: Non-canonical |	43989
                      Mismatch rate per base, % |	0.66%
                         Deletion rate per base |	0.04%
                        Deletion average length |	2.19
                        Insertion rate per base |	0.01%
                       Insertion average length |	1.56
                             MULTI-MAPPING READS:
        Number of reads mapped to multiple loci |	1743475
             % of reads mapped to multiple loci |	12.50%
        Number of reads mapped to too many loci |	340289
             % of reads mapped to too many loci |	2.44%
                                  UNMAPPED READS:
       % of reads unmapped: too many mismatches |	0.00%
                 % of reads unmapped: too short |	3.41%
                     % of reads unmapped: other |	1.19%
                                  CHIMERIC READS:
                       Number of chimeric reads |	0
                            % of chimeric reads |	0.00%
