                                 Started job on |	Apr 21 00:41:18
                             Started mapping on |	Apr 21 00:41:24
                                    Finished on |	Apr 21 00:42:32
       Mapping speed, Million of reads per hour |	954.61

                          Number of input reads |	18031568
                      Average input read length |	48
                                    UNIQUE READS:
                   Uniquely mapped reads number |	15222969
                        Uniquely mapped reads % |	84.42%
                          Average mapped length |	48.75
                       Number of splices: Total |	1772202
            Number of splices: Annotated (sjdb) |	1727263
                       Number of splices: GT/AG |	1749209
                       Number of splices: GC/AG |	14590
                       Number of splices: AT/AC |	1538
               Number of splices: Non-canonical |	6865
                      Mismatch rate per base, % |	0.89%
                         Deletion rate per base |	0.02%
                        Deletion average length |	1.69
                        Insertion rate per base |	0.02%
                       Insertion average length |	1.51
                             MULTI-MAPPING READS:
        Number of reads mapped to multiple loci |	1398137
             % of reads mapped to multiple loci |	7.75%
        Number of reads mapped to too many loci |	557188
             % of reads mapped to too many loci |	3.09%
                                  UNMAPPED READS:
       % of reads unmapped: too many mismatches |	0.00%
                 % of reads unmapped: too short |	3.68%
                     % of reads unmapped: other |	1.05%
                                  CHIMERIC READS:
                       Number of chimeric reads |	0
                            % of chimeric reads |	0.00%
