                                 Started job on |	Mar 27 12:48:33
                             Started mapping on |	Mar 27 12:48:41
                                    Finished on |	Mar 27 12:48:53
       Mapping speed, Million of reads per hour |	180.78

                          Number of input reads |	602592
                      Average input read length |	50
                                    UNIQUE READS:
                   Uniquely mapped reads number |	363124
                        Uniquely mapped reads % |	60.26%
                          Average mapped length |	50.40
                       Number of splices: Total |	479
            Number of splices: Annotated (sjdb) |	15
                       Number of splices: GT/AG |	442
                       Number of splices: GC/AG |	15
                       Number of splices: AT/AC |	0
               Number of splices: Non-canonical |	22
                      Mismatch rate per base, % |	0.33%
                         Deletion rate per base |	0.01%
                        Deletion average length |	1.09
                        Insertion rate per base |	0.00%
                       Insertion average length |	1.05
                             MULTI-MAPPING READS:
        Number of reads mapped to multiple loci |	172855
             % of reads mapped to multiple loci |	28.69%
        Number of reads mapped to too many loci |	65970
             % of reads mapped to too many loci |	10.95%
                                  UNMAPPED READS:
       % of reads unmapped: too many mismatches |	0.00%
                 % of reads unmapped: too short |	0.09%
                     % of reads unmapped: other |	0.01%
                                  CHIMERIC READS:
                       Number of chimeric reads |	0
                            % of chimeric reads |	0.00%
