                                 Started job on |	Apr 21 00:42:35
                             Started mapping on |	Apr 21 00:42:41
                                    Finished on |	Apr 21 00:43:50
       Mapping speed, Million of reads per hour |	811.27

                          Number of input reads |	15549428
                      Average input read length |	48
                                    UNIQUE READS:
                   Uniquely mapped reads number |	11651558
                        Uniquely mapped reads % |	74.93%
                          Average mapped length |	48.71
                       Number of splices: Total |	783693
            Number of splices: Annotated (sjdb) |	750568
                       Number of splices: GT/AG |	768743
                       Number of splices: GC/AG |	6673
                       Number of splices: AT/AC |	636
               Number of splices: Non-canonical |	7641
                      Mismatch rate per base, % |	1.04%
                         Deletion rate per base |	0.03%
                        Deletion average length |	1.70
                        Insertion rate per base |	0.02%
                       Insertion average length |	1.49
                             MULTI-MAPPING READS:
        Number of reads mapped to multiple loci |	1935782
             % of reads mapped to multiple loci |	12.45%
        Number of reads mapped to too many loci |	730538
             % of reads mapped to too many loci |	4.70%
                                  UNMAPPED READS:
       % of reads unmapped: too many mismatches |	0.00%
                 % of reads unmapped: too short |	6.23%
                     % of reads unmapped: other |	1.69%
                                  CHIMERIC READS:
                       Number of chimeric reads |	0
                            % of chimeric reads |	0.00%
