                                 Started job on |	Mar 27 13:17:06
                             Started mapping on |	Mar 27 13:17:29
                                    Finished on |	Mar 27 13:17:43
       Mapping speed, Million of reads per hour |	636.16

                          Number of input reads |	2473944
                      Average input read length |	49
                                    UNIQUE READS:
                   Uniquely mapped reads number |	2421567
                        Uniquely mapped reads % |	97.88%
                          Average mapped length |	49.13
                       Number of splices: Total |	125
            Number of splices: Annotated (sjdb) |	0
                       Number of splices: GT/AG |	120
                       Number of splices: GC/AG |	0
                       Number of splices: AT/AC |	1
               Number of splices: Non-canonical |	4
                      Mismatch rate per base, % |	0.52%
                         Deletion rate per base |	0.00%
                        Deletion average length |	1.27
                        Insertion rate per base |	0.00%
                       Insertion average length |	1.09
                             MULTI-MAPPING READS:
        Number of reads mapped to multiple loci |	30126
             % of reads mapped to multiple loci |	1.22%
        Number of reads mapped to too many loci |	20605
             % of reads mapped to too many loci |	0.83%
                                  UNMAPPED READS:
       % of reads unmapped: too many mismatches |	0.00%
                 % of reads unmapped: too short |	0.05%
                     % of reads unmapped: other |	0.02%
                                  CHIMERIC READS:
                       Number of chimeric reads |	0
                            % of chimeric reads |	0.00%
