                                 Started job on |	Apr 12 11:59:33
                             Started mapping on |	Apr 12 11:59:39
                                    Finished on |	Apr 12 12:01:01
       Mapping speed, Million of reads per hour |	883.62

                          Number of input reads |	20126817
                      Average input read length |	49
                                    UNIQUE READS:
                   Uniquely mapped reads number |	14211247
                        Uniquely mapped reads % |	70.61%
                          Average mapped length |	49.25
                       Number of splices: Total |	1346751
            Number of splices: Annotated (sjdb) |	1304750
                       Number of splices: GT/AG |	1328127
                       Number of splices: GC/AG |	10126
                       Number of splices: AT/AC |	982
               Number of splices: Non-canonical |	7516
                      Mismatch rate per base, % |	0.80%
                         Deletion rate per base |	0.02%
                        Deletion average length |	1.64
                        Insertion rate per base |	0.01%
                       Insertion average length |	1.51
                             MULTI-MAPPING READS:
        Number of reads mapped to multiple loci |	3242603
             % of reads mapped to multiple loci |	16.11%
        Number of reads mapped to too many loci |	1265577
             % of reads mapped to too many loci |	6.29%
                                  UNMAPPED READS:
       % of reads unmapped: too many mismatches |	0.00%
                 % of reads unmapped: too short |	6.13%
                     % of reads unmapped: other |	0.86%
                                  CHIMERIC READS:
                       Number of chimeric reads |	0
                            % of chimeric reads |	0.00%
