                                 Started job on |	Apr 12 11:58:01
                             Started mapping on |	Apr 12 11:58:07
                                    Finished on |	Apr 12 11:59:29
       Mapping speed, Million of reads per hour |	898.44

                          Number of input reads |	20464428
                      Average input read length |	49
                                    UNIQUE READS:
                   Uniquely mapped reads number |	16022482
                        Uniquely mapped reads % |	78.29%
                          Average mapped length |	49.24
                       Number of splices: Total |	1430478
            Number of splices: Annotated (sjdb) |	1382207
                       Number of splices: GT/AG |	1409312
                       Number of splices: GC/AG |	10716
                       Number of splices: AT/AC |	1045
               Number of splices: Non-canonical |	9405
                      Mismatch rate per base, % |	0.80%
                         Deletion rate per base |	0.02%
                        Deletion average length |	1.71
                        Insertion rate per base |	0.01%
                       Insertion average length |	1.53
                             MULTI-MAPPING READS:
        Number of reads mapped to multiple loci |	2450397
             % of reads mapped to multiple loci |	11.97%
        Number of reads mapped to too many loci |	834779
             % of reads mapped to too many loci |	4.08%
                                  UNMAPPED READS:
       % of reads unmapped: too many mismatches |	0.00%
                 % of reads unmapped: too short |	4.57%
                     % of reads unmapped: other |	1.08%
                                  CHIMERIC READS:
                       Number of chimeric reads |	0
                            % of chimeric reads |	0.00%
