                                 Started job on |	Mar 27 13:12:43
                             Started mapping on |	Mar 27 13:13:05
                                    Finished on |	Mar 27 13:14:25
       Mapping speed, Million of reads per hour |	734.30

                          Number of input reads |	16317677
                      Average input read length |	48
                                    UNIQUE READS:
                   Uniquely mapped reads number |	13495006
                        Uniquely mapped reads % |	82.70%
                          Average mapped length |	48.74
                       Number of splices: Total |	1489590
            Number of splices: Annotated (sjdb) |	1451464
                       Number of splices: GT/AG |	1469594
                       Number of splices: GC/AG |	12542
                       Number of splices: AT/AC |	1363
               Number of splices: Non-canonical |	6091
                      Mismatch rate per base, % |	0.89%
                         Deletion rate per base |	0.02%
                        Deletion average length |	1.70
                        Insertion rate per base |	0.01%
                       Insertion average length |	1.51
                             MULTI-MAPPING READS:
        Number of reads mapped to multiple loci |	1470123
             % of reads mapped to multiple loci |	9.01%
        Number of reads mapped to too many loci |	522907
             % of reads mapped to too many loci |	3.20%
                                  UNMAPPED READS:
       % of reads unmapped: too many mismatches |	0.00%
                 % of reads unmapped: too short |	3.96%
                     % of reads unmapped: other |	1.13%
                                  CHIMERIC READS:
                       Number of chimeric reads |	0
                            % of chimeric reads |	0.00%
