                                 Started job on |	Apr 12 11:23:55
                             Started mapping on |	Apr 12 11:24:02
                                    Finished on |	Apr 12 11:24:49
       Mapping speed, Million of reads per hour |	1087.21

                          Number of input reads |	14194165
                      Average input read length |	50
                                    UNIQUE READS:
                   Uniquely mapped reads number |	12212517
                        Uniquely mapped reads % |	86.04%
                          Average mapped length |	50.05
                       Number of splices: Total |	2045838
            Number of splices: Annotated (sjdb) |	2000958
                       Number of splices: GT/AG |	2019863
                       Number of splices: GC/AG |	19780
                       Number of splices: AT/AC |	2105
               Number of splices: Non-canonical |	4090
                      Mismatch rate per base, % |	0.56%
                         Deletion rate per base |	0.02%
                        Deletion average length |	1.77
                        Insertion rate per base |	0.01%
                       Insertion average length |	1.54
                             MULTI-MAPPING READS:
        Number of reads mapped to multiple loci |	1263751
             % of reads mapped to multiple loci |	8.90%
        Number of reads mapped to too many loci |	189560
             % of reads mapped to too many loci |	1.34%
                                  UNMAPPED READS:
       % of reads unmapped: too many mismatches |	0.00%
                 % of reads unmapped: too short |	3.37%
                     % of reads unmapped: other |	0.35%
                                  CHIMERIC READS:
                       Number of chimeric reads |	0
                            % of chimeric reads |	0.00%
