                                 Started job on |	Mar 27 13:08:57
                             Started mapping on |	Mar 27 13:09:08
                                    Finished on |	Mar 27 13:09:34
       Mapping speed, Million of reads per hour |	472.32

                          Number of input reads |	3411207
                      Average input read length |	49
                                    UNIQUE READS:
                   Uniquely mapped reads number |	835866
                        Uniquely mapped reads % |	24.50%
                          Average mapped length |	49.08
                       Number of splices: Total |	7801
            Number of splices: Annotated (sjdb) |	7
                       Number of splices: GT/AG |	7744
                       Number of splices: GC/AG |	24
                       Number of splices: AT/AC |	0
               Number of splices: Non-canonical |	33
                      Mismatch rate per base, % |	0.75%
                         Deletion rate per base |	0.00%
                        Deletion average length |	1.28
                        Insertion rate per base |	0.00%
                       Insertion average length |	1.08
                             MULTI-MAPPING READS:
        Number of reads mapped to multiple loci |	1382091
             % of reads mapped to multiple loci |	40.52%
        Number of reads mapped to too many loci |	1191550
             % of reads mapped to too many loci |	34.93%
                                  UNMAPPED READS:
       % of reads unmapped: too many mismatches |	0.00%
                 % of reads unmapped: too short |	0.05%
                     % of reads unmapped: other |	0.00%
                                  CHIMERIC READS:
                       Number of chimeric reads |	0
                            % of chimeric reads |	0.00%
