                                 Started job on |	Apr 21 00:28:31
                             Started mapping on |	Apr 21 00:28:37
                                    Finished on |	Apr 21 00:29:29
       Mapping speed, Million of reads per hour |	1011.63

                          Number of input reads |	14612467
                      Average input read length |	50
                                    UNIQUE READS:
                   Uniquely mapped reads number |	11729117
                        Uniquely mapped reads % |	80.27%
                          Average mapped length |	50.03
                       Number of splices: Total |	1451360
            Number of splices: Annotated (sjdb) |	1414424
                       Number of splices: GT/AG |	1429898
                       Number of splices: GC/AG |	13472
                       Number of splices: AT/AC |	1403
               Number of splices: Non-canonical |	6587
                      Mismatch rate per base, % |	0.64%
                         Deletion rate per base |	0.02%
                        Deletion average length |	1.82
                        Insertion rate per base |	0.01%
                       Insertion average length |	1.55
                             MULTI-MAPPING READS:
        Number of reads mapped to multiple loci |	1974051
             % of reads mapped to multiple loci |	13.51%
        Number of reads mapped to too many loci |	371798
             % of reads mapped to too many loci |	2.54%
                                  UNMAPPED READS:
       % of reads unmapped: too many mismatches |	0.00%
                 % of reads unmapped: too short |	2.60%
                     % of reads unmapped: other |	1.08%
                                  CHIMERIC READS:
                       Number of chimeric reads |	0
                            % of chimeric reads |	0.00%
