                                 Started job on |	Mar 27 12:59:18
                             Started mapping on |	Mar 27 12:59:28
                                    Finished on |	Mar 27 12:59:36
       Mapping speed, Million of reads per hour |	191.99

                          Number of input reads |	426644
                      Average input read length |	50
                                    UNIQUE READS:
                   Uniquely mapped reads number |	336907
                        Uniquely mapped reads % |	78.97%
                          Average mapped length |	50.40
                       Number of splices: Total |	101
            Number of splices: Annotated (sjdb) |	11
                       Number of splices: GT/AG |	63
                       Number of splices: GC/AG |	11
                       Number of splices: AT/AC |	0
               Number of splices: Non-canonical |	27
                      Mismatch rate per base, % |	0.26%
                         Deletion rate per base |	0.00%
                        Deletion average length |	1.33
                        Insertion rate per base |	0.00%
                       Insertion average length |	1.06
                             MULTI-MAPPING READS:
        Number of reads mapped to multiple loci |	69873
             % of reads mapped to multiple loci |	16.38%
        Number of reads mapped to too many loci |	19228
             % of reads mapped to too many loci |	4.51%
                                  UNMAPPED READS:
       % of reads unmapped: too many mismatches |	0.00%
                 % of reads unmapped: too short |	0.04%
                     % of reads unmapped: other |	0.11%
                                  CHIMERIC READS:
                       Number of chimeric reads |	0
                            % of chimeric reads |	0.00%
