                                 Started job on |	Apr 21 00:24:40
                             Started mapping on |	Apr 21 00:24:46
                                    Finished on |	Apr 21 00:25:34
       Mapping speed, Million of reads per hour |	1010.78

                          Number of input reads |	13477078
                      Average input read length |	50
                                    UNIQUE READS:
                   Uniquely mapped reads number |	10682768
                        Uniquely mapped reads % |	79.27%
                          Average mapped length |	49.94
                       Number of splices: Total |	1295631
            Number of splices: Annotated (sjdb) |	1223172
                       Number of splices: GT/AG |	1246207
                       Number of splices: GC/AG |	11354
                       Number of splices: AT/AC |	1556
               Number of splices: Non-canonical |	36514
                      Mismatch rate per base, % |	0.65%
                         Deletion rate per base |	0.03%
                        Deletion average length |	2.13
                        Insertion rate per base |	0.01%
                       Insertion average length |	1.57
                             MULTI-MAPPING READS:
        Number of reads mapped to multiple loci |	1769997
             % of reads mapped to multiple loci |	13.13%
        Number of reads mapped to too many loci |	350280
             % of reads mapped to too many loci |	2.60%
                                  UNMAPPED READS:
       % of reads unmapped: too many mismatches |	0.00%
                 % of reads unmapped: too short |	3.80%
                     % of reads unmapped: other |	1.21%
                                  CHIMERIC READS:
                       Number of chimeric reads |	0
                            % of chimeric reads |	0.00%
