[2020-04-21 04:46:12.794] [jointLog] [info] Fragment incompatibility prior below threshold.  Incompatible fragments will be ignored.
[2020-04-21 04:46:12.794] [jointLog] [info] Usage of --validateMappings implies use of minScoreFraction. Since not explicitly specified, it is being set to 0.65
[2020-04-21 04:46:12.794] [jointLog] [info] Usage of --validateMappings implies a default consensus slack of 0.2. Setting consensusSlack to 0.35.
[2020-04-21 04:46:12.794] [jointLog] [info] parsing read library format
[2020-04-21 04:46:12.794] [jointLog] [info] There is 1 library.
[2020-04-21 04:46:12.835] [jointLog] [info] Loading pufferfish index
[2020-04-21 04:46:12.835] [jointLog] [info] Loading dense pufferfish index.
[2020-04-21 04:46:25.094] [jointLog] [info] done
[2020-04-21 04:46:25.094] [jointLog] [info] Index contained 52,598 targets
[2020-04-21 04:46:25.113] [jointLog] [info] Number of decoys : 993
[2020-04-21 04:46:25.113] [jointLog] [info] First decoy index : 51,591 
[2020-04-21 04:46:25.383] [jointLog] [info] Automatically detected most likely library type as SR
[2020-04-21 04:46:43.032] [jointLog] [info] Thread saw mini-batch with a maximum of 1.18% zero probability fragments
[2020-04-21 04:46:43.034] [jointLog] [info] Thread saw mini-batch with a maximum of 1.26% zero probability fragments
[2020-04-21 04:46:43.044] [jointLog] [info] Thread saw mini-batch with a maximum of 1.22% zero probability fragments
[2020-04-21 04:46:43.044] [jointLog] [info] Thread saw mini-batch with a maximum of 1.30% zero probability fragments
[2020-04-21 04:46:43.044] [jointLog] [info] Thread saw mini-batch with a maximum of 1.24% zero probability fragments
[2020-04-21 04:46:43.048] [jointLog] [info] Thread saw mini-batch with a maximum of 1.32% zero probability fragments
[2020-04-21 04:46:43.061] [jointLog] [info] Thread saw mini-batch with a maximum of 1.26% zero probability fragments
[2020-04-21 04:46:43.063] [jointLog] [info] Thread saw mini-batch with a maximum of 1.28% zero probability fragments
[2020-04-21 04:46:43.064] [jointLog] [info] Thread saw mini-batch with a maximum of 1.22% zero probability fragments
[2020-04-21 04:46:43.073] [jointLog] [info] Thread saw mini-batch with a maximum of 1.34% zero probability fragments
[2020-04-21 04:46:43.091] [jointLog] [info] Thread saw mini-batch with a maximum of 1.26% zero probability fragments
[2020-04-21 04:46:43.093] [jointLog] [info] Thread saw mini-batch with a maximum of 1.24% zero probability fragments
[2020-04-21 04:46:43.095] [jointLog] [info] Thread saw mini-batch with a maximum of 1.22% zero probability fragments
[2020-04-21 04:46:43.104] [jointLog] [info] Thread saw mini-batch with a maximum of 1.40% zero probability fragments
[2020-04-21 04:46:43.106] [jointLog] [info] Thread saw mini-batch with a maximum of 1.32% zero probability fragments
[2020-04-21 04:46:43.118] [jointLog] [info] Thread saw mini-batch with a maximum of 1.26% zero probability fragments
[2020-04-21 04:46:43.198] [jointLog] [info] Computed 92,441 rich equivalence classes for further processing
[2020-04-21 04:46:43.198] [jointLog] [info] Counted 8,026,802 total reads in the equivalence classes 
[2020-04-21 04:46:43.210] [jointLog] [warning] 0.374489% of fragments were shorter than the k used to build the index.
If this fraction is too large, consider re-building the index with a smaller k.
The minimum read size found was 15.


[2020-04-21 04:46:43.210] [jointLog] [info] Number of mappings discarded because of alignment score : 7,614,067
[2020-04-21 04:46:43.210] [jointLog] [info] Number of fragments entirely discarded because of alignment score : 465,762
[2020-04-21 04:46:43.210] [jointLog] [info] Number of fragments discarded because they are best-mapped to decoys : 418,269
[2020-04-21 04:46:43.210] [jointLog] [info] Number of fragments discarded because they have only dovetail (discordant) mappings to valid targets : 0
[2020-04-21 04:46:43.210] [jointLog] [info] Mapping rate = 56.1891%

[2020-04-21 04:46:43.210] [jointLog] [info] finished quantifyLibrary()
[2020-04-21 04:46:43.211] [jointLog] [info] Starting optimizer
[2020-04-21 04:46:43.249] [jointLog] [info] Marked 0 weighted equivalence classes as degenerate
[2020-04-21 04:46:43.253] [jointLog] [info] iteration = 0 | max rel diff. = 12723
[2020-04-21 04:46:43.199] [fileLog] [info] 
At end of round 0
==================
Observed 14285327 total fragments (14285327 in most recent round)

[2020-04-21 04:46:43.571] [jointLog] [info] iteration = 100 | max rel diff. = 19.7461
[2020-04-21 04:46:43.867] [jointLog] [info] iteration = 200 | max rel diff. = 9.77799
[2020-04-21 04:46:44.154] [jointLog] [info] iteration = 300 | max rel diff. = 0.210672
[2020-04-21 04:46:44.442] [jointLog] [info] iteration = 400 | max rel diff. = 0.596691
[2020-04-21 04:46:44.729] [jointLog] [info] iteration = 500 | max rel diff. = 0.247479
[2020-04-21 04:46:45.016] [jointLog] [info] iteration = 600 | max rel diff. = 0.0483806
[2020-04-21 04:46:45.303] [jointLog] [info] iteration = 700 | max rel diff. = 0.18783
[2020-04-21 04:46:45.591] [jointLog] [info] iteration = 800 | max rel diff. = 0.0240483
[2020-04-21 04:46:45.878] [jointLog] [info] iteration = 900 | max rel diff. = 0.122348
[2020-04-21 04:46:46.165] [jointLog] [info] iteration = 1,000 | max rel diff. = 0.131478
[2020-04-21 04:46:46.397] [jointLog] [info] iteration = 1,081 | max rel diff. = 0.00660041
[2020-04-21 04:46:46.399] [jointLog] [info] Finished optimizer
[2020-04-21 04:46:46.399] [jointLog] [info] writing output 

