                                 Started job on |	Oct 13 10:49:18
                             Started mapping on |	Oct 13 10:49:35
                                    Finished on |	Oct 13 10:57:47
       Mapping speed, Million of reads per hour |	184.85

                          Number of input reads |	25263284
                      Average input read length |	269
                                    UNIQUE READS:
                   Uniquely mapped reads number |	22875858
                        Uniquely mapped reads % |	90.55%
                          Average mapped length |	268.21
                       Number of splices: Total |	12018680
            Number of splices: Annotated (sjdb) |	11277657
                       Number of splices: GT/AG |	11809800
                       Number of splices: GC/AG |	104056
                       Number of splices: AT/AC |	9900
               Number of splices: Non-canonical |	94924
                      Mismatch rate per base, % |	0.59%
                         Deletion rate per base |	0.06%
                        Deletion average length |	2.68
                        Insertion rate per base |	0.04%
                       Insertion average length |	2.58
                             MULTI-MAPPING READS:
        Number of reads mapped to multiple loci |	1139425
             % of reads mapped to multiple loci |	4.51%
        Number of reads mapped to too many loci |	111667
             % of reads mapped to too many loci |	0.44%
                                  UNMAPPED READS:
       % of reads unmapped: too many mismatches |	0.00%
                 % of reads unmapped: too short |	4.22%
                     % of reads unmapped: other |	0.28%
                                  CHIMERIC READS:
                       Number of chimeric reads |	0
                            % of chimeric reads |	0.00%
