                                 Started job on |	Oct 13 10:57:50
                             Started mapping on |	Oct 13 10:58:09
                                    Finished on |	Oct 13 11:06:14
       Mapping speed, Million of reads per hour |	184.19

                          Number of input reads |	24814629
                      Average input read length |	268
                                    UNIQUE READS:
                   Uniquely mapped reads number |	22655949
                        Uniquely mapped reads % |	91.30%
                          Average mapped length |	267.69
                       Number of splices: Total |	12162061
            Number of splices: Annotated (sjdb) |	11409969
                       Number of splices: GT/AG |	11955485
                       Number of splices: GC/AG |	107436
                       Number of splices: AT/AC |	9556
               Number of splices: Non-canonical |	89584
                      Mismatch rate per base, % |	0.58%
                         Deletion rate per base |	0.06%
                        Deletion average length |	2.69
                        Insertion rate per base |	0.04%
                       Insertion average length |	2.59
                             MULTI-MAPPING READS:
        Number of reads mapped to multiple loci |	989714
             % of reads mapped to multiple loci |	3.99%
        Number of reads mapped to too many loci |	106185
             % of reads mapped to too many loci |	0.43%
                                  UNMAPPED READS:
       % of reads unmapped: too many mismatches |	0.00%
                 % of reads unmapped: too short |	4.01%
                     % of reads unmapped: other |	0.27%
                                  CHIMERIC READS:
                       Number of chimeric reads |	0
                            % of chimeric reads |	0.00%
