                                 Started job on |	Oct 13 11:06:19
                             Started mapping on |	Oct 13 11:06:38
                                    Finished on |	Oct 13 11:14:11
       Mapping speed, Million of reads per hour |	191.45

                          Number of input reads |	24090321
                      Average input read length |	270
                                    UNIQUE READS:
                   Uniquely mapped reads number |	21908602
                        Uniquely mapped reads % |	90.94%
                          Average mapped length |	269.58
                       Number of splices: Total |	10642178
            Number of splices: Annotated (sjdb) |	10039741
                       Number of splices: GT/AG |	10455255
                       Number of splices: GC/AG |	88959
                       Number of splices: AT/AC |	8843
               Number of splices: Non-canonical |	89121
                      Mismatch rate per base, % |	0.59%
                         Deletion rate per base |	0.07%
                        Deletion average length |	2.62
                        Insertion rate per base |	0.04%
                       Insertion average length |	2.52
                             MULTI-MAPPING READS:
        Number of reads mapped to multiple loci |	1078883
             % of reads mapped to multiple loci |	4.48%
        Number of reads mapped to too many loci |	94652
             % of reads mapped to too many loci |	0.39%
                                  UNMAPPED READS:
       % of reads unmapped: too many mismatches |	0.00%
                 % of reads unmapped: too short |	3.90%
                     % of reads unmapped: other |	0.29%
                                  CHIMERIC READS:
                       Number of chimeric reads |	0
                            % of chimeric reads |	0.00%
