                                 Started job on |	Oct 13 11:22:12
                             Started mapping on |	Oct 13 11:22:31
                                    Finished on |	Oct 13 11:28:56
       Mapping speed, Million of reads per hour |	195.44

                          Number of input reads |	20900931
                      Average input read length |	268
                                    UNIQUE READS:
                   Uniquely mapped reads number |	18743761
                        Uniquely mapped reads % |	89.68%
                          Average mapped length |	268.52
                       Number of splices: Total |	10187175
            Number of splices: Annotated (sjdb) |	9653299
                       Number of splices: GT/AG |	10031608
                       Number of splices: GC/AG |	85278
                       Number of splices: AT/AC |	7474
               Number of splices: Non-canonical |	62815
                      Mismatch rate per base, % |	0.52%
                         Deletion rate per base |	0.05%
                        Deletion average length |	2.59
                        Insertion rate per base |	0.03%
                       Insertion average length |	2.49
                             MULTI-MAPPING READS:
        Number of reads mapped to multiple loci |	1344703
             % of reads mapped to multiple loci |	6.43%
        Number of reads mapped to too many loci |	58138
             % of reads mapped to too many loci |	0.28%
                                  UNMAPPED READS:
       % of reads unmapped: too many mismatches |	0.00%
                 % of reads unmapped: too short |	3.41%
                     % of reads unmapped: other |	0.20%
                                  CHIMERIC READS:
                       Number of chimeric reads |	0
                            % of chimeric reads |	0.00%
