                                 Started job on |	Oct 13 11:29:00
                             Started mapping on |	Oct 13 11:29:17
                                    Finished on |	Oct 13 11:37:52
       Mapping speed, Million of reads per hour |	182.03

                          Number of input reads |	26039836
                      Average input read length |	269
                                    UNIQUE READS:
                   Uniquely mapped reads number |	23647173
                        Uniquely mapped reads % |	90.81%
                          Average mapped length |	267.97
                       Number of splices: Total |	11346633
            Number of splices: Annotated (sjdb) |	10656985
                       Number of splices: GT/AG |	11142578
                       Number of splices: GC/AG |	94943
                       Number of splices: AT/AC |	9673
               Number of splices: Non-canonical |	99439
                      Mismatch rate per base, % |	0.61%
                         Deletion rate per base |	0.07%
                        Deletion average length |	2.66
                        Insertion rate per base |	0.04%
                       Insertion average length |	2.53
                             MULTI-MAPPING READS:
        Number of reads mapped to multiple loci |	1135604
             % of reads mapped to multiple loci |	4.36%
        Number of reads mapped to too many loci |	110687
             % of reads mapped to too many loci |	0.43%
                                  UNMAPPED READS:
       % of reads unmapped: too many mismatches |	0.00%
                 % of reads unmapped: too short |	4.12%
                     % of reads unmapped: other |	0.28%
                                  CHIMERIC READS:
                       Number of chimeric reads |	0
                            % of chimeric reads |	0.00%
