                                 Started job on |	Oct 13 11:37:57
                             Started mapping on |	Oct 13 11:38:15
                                    Finished on |	Oct 13 11:46:15
       Mapping speed, Million of reads per hour |	185.00

                          Number of input reads |	24667237
                      Average input read length |	270
                                    UNIQUE READS:
                   Uniquely mapped reads number |	22394608
                        Uniquely mapped reads % |	90.79%
                          Average mapped length |	268.93
                       Number of splices: Total |	10183163
            Number of splices: Annotated (sjdb) |	9538485
                       Number of splices: GT/AG |	9988584
                       Number of splices: GC/AG |	86749
                       Number of splices: AT/AC |	8674
               Number of splices: Non-canonical |	99156
                      Mismatch rate per base, % |	0.61%
                         Deletion rate per base |	0.07%
                        Deletion average length |	2.67
                        Insertion rate per base |	0.04%
                       Insertion average length |	2.53
                             MULTI-MAPPING READS:
        Number of reads mapped to multiple loci |	1079354
             % of reads mapped to multiple loci |	4.38%
        Number of reads mapped to too many loci |	99607
             % of reads mapped to too many loci |	0.40%
                                  UNMAPPED READS:
       % of reads unmapped: too many mismatches |	0.00%
                 % of reads unmapped: too short |	4.17%
                     % of reads unmapped: other |	0.26%
                                  CHIMERIC READS:
                       Number of chimeric reads |	0
                            % of chimeric reads |	0.00%
