                                 Started job on |	Oct 13 12:02:06
                             Started mapping on |	Oct 13 12:02:43
                                    Finished on |	Oct 13 12:10:47
       Mapping speed, Million of reads per hour |	178.59

                          Number of input reads |	24010152
                      Average input read length |	270
                                    UNIQUE READS:
                   Uniquely mapped reads number |	21846774
                        Uniquely mapped reads % |	90.99%
                          Average mapped length |	269.35
                       Number of splices: Total |	11938991
            Number of splices: Annotated (sjdb) |	11256979
                       Number of splices: GT/AG |	11738168
                       Number of splices: GC/AG |	103708
                       Number of splices: AT/AC |	9457
               Number of splices: Non-canonical |	87658
                      Mismatch rate per base, % |	0.58%
                         Deletion rate per base |	0.06%
                        Deletion average length |	2.67
                        Insertion rate per base |	0.04%
                       Insertion average length |	2.53
                             MULTI-MAPPING READS:
        Number of reads mapped to multiple loci |	1078215
             % of reads mapped to multiple loci |	4.49%
        Number of reads mapped to too many loci |	91902
             % of reads mapped to too many loci |	0.38%
                                  UNMAPPED READS:
       % of reads unmapped: too many mismatches |	0.00%
                 % of reads unmapped: too short |	3.87%
                     % of reads unmapped: other |	0.27%
                                  CHIMERIC READS:
                       Number of chimeric reads |	0
                            % of chimeric reads |	0.00%
