                                 Started job on |	Oct 13 12:10:52
                             Started mapping on |	Oct 13 12:11:17
                                    Finished on |	Oct 13 12:18:56
       Mapping speed, Million of reads per hour |	176.03

                          Number of input reads |	22444278
                      Average input read length |	266
                                    UNIQUE READS:
                   Uniquely mapped reads number |	20232264
                        Uniquely mapped reads % |	90.14%
                          Average mapped length |	266.63
                       Number of splices: Total |	10893919
            Number of splices: Annotated (sjdb) |	10169924
                       Number of splices: GT/AG |	10694813
                       Number of splices: GC/AG |	97352
                       Number of splices: AT/AC |	8579
               Number of splices: Non-canonical |	93175
                      Mismatch rate per base, % |	0.59%
                         Deletion rate per base |	0.06%
                        Deletion average length |	2.82
                        Insertion rate per base |	0.04%
                       Insertion average length |	2.71
                             MULTI-MAPPING READS:
        Number of reads mapped to multiple loci |	925190
             % of reads mapped to multiple loci |	4.12%
        Number of reads mapped to too many loci |	125749
             % of reads mapped to too many loci |	0.56%
                                  UNMAPPED READS:
       % of reads unmapped: too many mismatches |	0.00%
                 % of reads unmapped: too short |	4.85%
                     % of reads unmapped: other |	0.32%
                                  CHIMERIC READS:
                       Number of chimeric reads |	0
                            % of chimeric reads |	0.00%
