[2020-04-21 04:58:16.454] [jointLog] [info] Fragment incompatibility prior below threshold.  Incompatible fragments will be ignored.
[2020-04-21 04:58:16.454] [jointLog] [info] Usage of --validateMappings implies use of minScoreFraction. Since not explicitly specified, it is being set to 0.65
[2020-04-21 04:58:16.454] [jointLog] [info] Usage of --validateMappings implies a default consensus slack of 0.2. Setting consensusSlack to 0.35.
[2020-04-21 04:58:16.454] [jointLog] [info] parsing read library format
[2020-04-21 04:58:16.454] [jointLog] [info] There is 1 library.
[2020-04-21 04:58:16.495] [jointLog] [info] Loading pufferfish index
[2020-04-21 04:58:16.495] [jointLog] [info] Loading dense pufferfish index.
[2020-04-21 04:58:28.866] [jointLog] [info] done
[2020-04-21 04:58:28.866] [jointLog] [info] Index contained 52,598 targets
[2020-04-21 04:58:28.886] [jointLog] [info] Number of decoys : 993
[2020-04-21 04:58:28.886] [jointLog] [info] First decoy index : 51,591 
[2020-04-21 04:58:29.390] [jointLog] [info] Automatically detected most likely library type as SR
[2020-04-21 04:58:46.489] [jointLog] [info] Thread saw mini-batch with a maximum of 0.78% zero probability fragments
[2020-04-21 04:58:46.491] [jointLog] [info] Thread saw mini-batch with a maximum of 0.76% zero probability fragments
[2020-04-21 04:58:46.500] [jointLog] [info] Thread saw mini-batch with a maximum of 0.72% zero probability fragments
[2020-04-21 04:58:46.507] [jointLog] [info] Thread saw mini-batch with a maximum of 0.74% zero probability fragments
[2020-04-21 04:58:46.513] [jointLog] [info] Thread saw mini-batch with a maximum of 0.86% zero probability fragments
[2020-04-21 04:58:46.515] [jointLog] [info] Thread saw mini-batch with a maximum of 0.74% zero probability fragments
[2020-04-21 04:58:46.520] [jointLog] [info] Thread saw mini-batch with a maximum of 0.82% zero probability fragments
[2020-04-21 04:58:46.528] [jointLog] [info] Thread saw mini-batch with a maximum of 0.74% zero probability fragments
[2020-04-21 04:58:46.533] [jointLog] [info] Thread saw mini-batch with a maximum of 0.74% zero probability fragments
[2020-04-21 04:58:46.535] [jointLog] [info] Thread saw mini-batch with a maximum of 0.70% zero probability fragments
[2020-04-21 04:58:46.538] [jointLog] [info] Thread saw mini-batch with a maximum of 0.74% zero probability fragments
[2020-04-21 04:58:46.539] [jointLog] [info] Thread saw mini-batch with a maximum of 0.70% zero probability fragments
[2020-04-21 04:58:46.539] [jointLog] [info] Thread saw mini-batch with a maximum of 0.84% zero probability fragments
[2020-04-21 04:58:46.541] [jointLog] [info] Thread saw mini-batch with a maximum of 0.74% zero probability fragments
[2020-04-21 04:58:46.548] [jointLog] [info] Thread saw mini-batch with a maximum of 0.68% zero probability fragments
[2020-04-21 04:58:46.549] [jointLog] [info] Thread saw mini-batch with a maximum of 0.76% zero probability fragments
[2020-04-21 04:58:46.626] [jointLog] [info] Computed 89,651 rich equivalence classes for further processing
[2020-04-21 04:58:46.626] [jointLog] [info] Counted 7,390,829 total reads in the equivalence classes 
[2020-04-21 04:58:46.637] [jointLog] [warning] 0.645416% of fragments were shorter than the k used to build the index.
If this fraction is too large, consider re-building the index with a smaller k.
The minimum read size found was 15.


[2020-04-21 04:58:46.637] [jointLog] [info] Number of mappings discarded because of alignment score : 7,277,479
[2020-04-21 04:58:46.637] [jointLog] [info] Number of fragments entirely discarded because of alignment score : 394,955
[2020-04-21 04:58:46.637] [jointLog] [info] Number of fragments discarded because they are best-mapped to decoys : 376,134
[2020-04-21 04:58:46.637] [jointLog] [info] Number of fragments discarded because they have only dovetail (discordant) mappings to valid targets : 0
[2020-04-21 04:58:46.637] [jointLog] [info] Mapping rate = 48.7318%

[2020-04-21 04:58:46.637] [jointLog] [info] finished quantifyLibrary()
[2020-04-21 04:58:46.638] [jointLog] [info] Starting optimizer
[2020-04-21 04:58:46.626] [fileLog] [info] 
At end of round 0
==================
Observed 15166347 total fragments (15166347 in most recent round)

[2020-04-21 04:58:46.676] [jointLog] [info] Marked 0 weighted equivalence classes as degenerate
[2020-04-21 04:58:46.679] [jointLog] [info] iteration = 0 | max rel diff. = 12086.6
[2020-04-21 04:58:46.950] [jointLog] [info] iteration = 100 | max rel diff. = 6.90963
[2020-04-21 04:58:47.202] [jointLog] [info] iteration = 200 | max rel diff. = 11.3276
[2020-04-21 04:58:47.454] [jointLog] [info] iteration = 300 | max rel diff. = 4.90524
[2020-04-21 04:58:47.706] [jointLog] [info] iteration = 400 | max rel diff. = 0.466646
[2020-04-21 04:58:47.958] [jointLog] [info] iteration = 500 | max rel diff. = 1.23787
[2020-04-21 04:58:48.210] [jointLog] [info] iteration = 600 | max rel diff. = 9.83687
[2020-04-21 04:58:48.462] [jointLog] [info] iteration = 700 | max rel diff. = 0.0853653
[2020-04-21 04:58:48.713] [jointLog] [info] iteration = 800 | max rel diff. = 1.19601
[2020-04-21 04:58:48.963] [jointLog] [info] iteration = 900 | max rel diff. = 0.0363474
[2020-04-21 04:58:49.211] [jointLog] [info] iteration = 1,000 | max rel diff. = 0.178612
[2020-04-21 04:58:49.458] [jointLog] [info] iteration = 1,100 | max rel diff. = 0.0444326
[2020-04-21 04:58:49.697] [jointLog] [info] iteration = 1,198 | max rel diff. = 0.00221012
[2020-04-21 04:58:49.699] [jointLog] [info] Finished optimizer
[2020-04-21 04:58:49.699] [jointLog] [info] writing output 

