[2020-04-21 04:45:38.496] [jointLog] [info] Fragment incompatibility prior below threshold.  Incompatible fragments will be ignored.
[2020-04-21 04:45:38.496] [jointLog] [info] Usage of --validateMappings implies use of minScoreFraction. Since not explicitly specified, it is being set to 0.65
[2020-04-21 04:45:38.496] [jointLog] [info] Usage of --validateMappings implies a default consensus slack of 0.2. Setting consensusSlack to 0.35.
[2020-04-21 04:45:38.496] [jointLog] [info] parsing read library format
[2020-04-21 04:45:38.496] [jointLog] [info] There is 1 library.
[2020-04-21 04:45:38.536] [jointLog] [info] Loading pufferfish index
[2020-04-21 04:45:38.537] [jointLog] [info] Loading dense pufferfish index.
[2020-04-21 04:45:50.708] [jointLog] [info] done
[2020-04-21 04:45:50.708] [jointLog] [info] Index contained 52,598 targets
[2020-04-21 04:45:50.726] [jointLog] [info] Number of decoys : 993
[2020-04-21 04:45:50.726] [jointLog] [info] First decoy index : 51,591 
[2020-04-21 04:45:50.988] [jointLog] [info] Automatically detected most likely library type as SR
[2020-04-21 04:46:08.486] [jointLog] [info] Thread saw mini-batch with a maximum of 1.46% zero probability fragments
[2020-04-21 04:46:08.488] [jointLog] [info] Thread saw mini-batch with a maximum of 2.51% zero probability fragments
[2020-04-21 04:46:08.491] [jointLog] [info] Thread saw mini-batch with a maximum of 1.50% zero probability fragments
[2020-04-21 04:46:08.498] [jointLog] [info] Thread saw mini-batch with a maximum of 1.62% zero probability fragments
[2020-04-21 04:46:08.499] [jointLog] [info] Thread saw mini-batch with a maximum of 1.46% zero probability fragments
[2020-04-21 04:46:08.508] [jointLog] [info] Thread saw mini-batch with a maximum of 1.44% zero probability fragments
[2020-04-21 04:46:08.512] [jointLog] [info] Thread saw mini-batch with a maximum of 1.48% zero probability fragments
[2020-04-21 04:46:08.515] [jointLog] [info] Thread saw mini-batch with a maximum of 1.44% zero probability fragments
[2020-04-21 04:46:08.516] [jointLog] [info] Thread saw mini-batch with a maximum of 1.50% zero probability fragments
[2020-04-21 04:46:08.536] [jointLog] [info] Thread saw mini-batch with a maximum of 1.50% zero probability fragments
[2020-04-21 04:46:08.551] [jointLog] [info] Thread saw mini-batch with a maximum of 1.58% zero probability fragments
[2020-04-21 04:46:08.552] [jointLog] [info] Thread saw mini-batch with a maximum of 1.42% zero probability fragments
[2020-04-21 04:46:08.555] [jointLog] [info] Thread saw mini-batch with a maximum of 1.56% zero probability fragments
[2020-04-21 04:46:08.559] [jointLog] [info] Thread saw mini-batch with a maximum of 1.58% zero probability fragments
[2020-04-21 04:46:08.570] [jointLog] [info] Thread saw mini-batch with a maximum of 1.56% zero probability fragments
[2020-04-21 04:46:08.580] [jointLog] [info] Thread saw mini-batch with a maximum of 1.46% zero probability fragments
[2020-04-21 04:46:08.661] [jointLog] [info] Computed 92,154 rich equivalence classes for further processing
[2020-04-21 04:46:08.662] [jointLog] [info] Counted 7,443,713 total reads in the equivalence classes 
[2020-04-21 04:46:08.673] [jointLog] [warning] 0.330658% of fragments were shorter than the k used to build the index.
If this fraction is too large, consider re-building the index with a smaller k.
The minimum read size found was 15.


[2020-04-21 04:46:08.673] [jointLog] [info] Number of mappings discarded because of alignment score : 7,725,787
[2020-04-21 04:46:08.673] [jointLog] [info] Number of fragments entirely discarded because of alignment score : 482,720
[2020-04-21 04:46:08.673] [jointLog] [info] Number of fragments discarded because they are best-mapped to decoys : 416,651
[2020-04-21 04:46:08.673] [jointLog] [info] Number of fragments discarded because they have only dovetail (discordant) mappings to valid targets : 0
[2020-04-21 04:46:08.673] [jointLog] [info] Mapping rate = 54.6111%

[2020-04-21 04:46:08.673] [jointLog] [info] finished quantifyLibrary()
[2020-04-21 04:46:08.674] [jointLog] [info] Starting optimizer
[2020-04-21 04:46:08.662] [fileLog] [info] 
At end of round 0
==================
Observed 13630399 total fragments (13630399 in most recent round)

[2020-04-21 04:46:08.705] [jointLog] [info] Marked 0 weighted equivalence classes as degenerate
[2020-04-21 04:46:08.710] [jointLog] [info] iteration = 0 | max rel diff. = 11959.9
[2020-04-21 04:46:09.036] [jointLog] [info] iteration = 100 | max rel diff. = 8.84602
[2020-04-21 04:46:09.338] [jointLog] [info] iteration = 200 | max rel diff. = 4.49079
[2020-04-21 04:46:09.639] [jointLog] [info] iteration = 300 | max rel diff. = 1.17925
[2020-04-21 04:46:09.941] [jointLog] [info] iteration = 400 | max rel diff. = 3.27521
[2020-04-21 04:46:10.243] [jointLog] [info] iteration = 500 | max rel diff. = 0.997033
[2020-04-21 04:46:10.544] [jointLog] [info] iteration = 600 | max rel diff. = 0.235658
[2020-04-21 04:46:10.845] [jointLog] [info] iteration = 700 | max rel diff. = 0.151428
[2020-04-21 04:46:11.152] [jointLog] [info] iteration = 800 | max rel diff. = 0.13072
[2020-04-21 04:46:11.457] [jointLog] [info] iteration = 900 | max rel diff. = 0.272506
[2020-04-21 04:46:11.761] [jointLog] [info] iteration = 1,000 | max rel diff. = 0.0740213
[2020-04-21 04:46:11.801] [jointLog] [info] iteration = 1,014 | max rel diff. = 0.00523891
[2020-04-21 04:46:11.802] [jointLog] [info] Finished optimizer
[2020-04-21 04:46:11.802] [jointLog] [info] writing output 

