                                 Started job on |	Oct 21 12:55:13
                             Started mapping on |	Oct 21 12:55:35
                                    Finished on |	Oct 21 13:12:14
       Mapping speed, Million of reads per hour |	140.75

                          Number of input reads |	39058818
                      Average input read length |	261
                                    UNIQUE READS:
                   Uniquely mapped reads number |	34683573
                        Uniquely mapped reads % |	88.80%
                          Average mapped length |	259.64
                       Number of splices: Total |	18891655
            Number of splices: Annotated (sjdb) |	18039265
                       Number of splices: GT/AG |	18603868
                       Number of splices: GC/AG |	147196
                       Number of splices: AT/AC |	18055
               Number of splices: Non-canonical |	122536
                      Mismatch rate per base, % |	0.69%
                         Deletion rate per base |	0.06%
                        Deletion average length |	2.55
                        Insertion rate per base |	0.04%
                       Insertion average length |	2.20
                             MULTI-MAPPING READS:
        Number of reads mapped to multiple loci |	1248053
             % of reads mapped to multiple loci |	3.20%
        Number of reads mapped to too many loci |	134382
             % of reads mapped to too many loci |	0.34%
                                  UNMAPPED READS:
       % of reads unmapped: too many mismatches |	0.00%
                 % of reads unmapped: too short |	7.36%
                     % of reads unmapped: other |	0.30%
                                  CHIMERIC READS:
                       Number of chimeric reads |	0
                            % of chimeric reads |	0.00%
