           Time    Speed        Read     Read   Mapped   Mapped   Mapped   Mapped Unmapped Unmapped Unmapped Unmapped
                    M/hr      number   length   unique   length   MMrate    multi   multi+       MM    short    other
Oct 21 13:13:44    114.4     1906141      263    89.1%    261.7     0.7%     3.3%     0.4%     0.0%     6.9%     0.3%
Oct 21 13:14:44    128.5     4282896      263    89.1%    261.8     0.7%     3.3%     0.4%     0.0%     7.0%     0.3%
Oct 21 13:15:44    142.8     7138871      263    89.0%    261.7     0.7%     3.3%     0.4%     0.0%     7.0%     0.3%
Oct 21 13:16:44    142.8     9519154      263    88.9%    261.6     0.7%     3.3%     0.4%     0.0%     7.1%     0.3%
Oct 21 13:17:44    147.3    12272558      263    88.9%    261.6     0.7%     3.3%     0.4%     0.0%     7.1%     0.3%
Oct 21 13:18:44    146.4    14642438      263    88.9%    261.7     0.7%     3.3%     0.4%     0.0%     7.1%     0.3%
Oct 21 13:19:46    149.2    17486218      263    88.9%    261.7     0.7%     3.3%     0.4%     0.0%     7.1%     0.3%
Oct 21 13:20:46    149.0    19954239      263    88.9%    261.7     0.7%     3.3%     0.4%     0.0%     7.1%     0.3%
Oct 21 13:21:48    150.9    22801174      263    88.9%    261.6     0.7%     3.3%     0.4%     0.0%     7.1%     0.3%
Oct 21 13:22:58    149.8    25549392      263    88.9%    261.7     0.7%     3.3%     0.4%     0.0%     7.1%     0.3%
Oct 21 13:23:58    150.6    28204975      263    88.9%    261.7     0.7%     3.3%     0.4%     0.0%     7.1%     0.3%
Oct 21 13:24:59    148.8    30388453      263    88.9%    261.6     0.7%     3.3%     0.4%     0.0%     7.1%     0.3%
Oct 21 13:25:59    148.8    32855958      263    88.9%    261.6     0.7%     3.3%     0.4%     0.0%     7.1%     0.3%
Oct 21 13:27:00    148.1    35225828      263    88.9%    261.6     0.7%     3.3%     0.4%     0.0%     7.1%     0.3%
Oct 21 13:28:01    148.3    37784776      263    88.9%    261.7     0.7%     3.3%     0.4%     0.0%     7.1%     0.3%
Oct 21 13:29:02    147.8    40157159      263    88.9%    261.7     0.7%     3.3%     0.4%     0.0%     7.1%     0.3%
Oct 21 13:30:02    147.8    42624472      263    88.8%    261.7     0.7%     3.3%     0.4%     0.0%     7.2%     0.3%
Oct 21 13:31:58    137.8    44170591      263    88.8%    261.6     0.7%     3.3%     0.4%     0.0%     7.2%     0.3%
ALL DONE!
