                                 Started job on |	Oct 21 13:12:21
                             Started mapping on |	Oct 21 13:12:44
                                    Finished on |	Oct 21 13:31:58
       Mapping speed, Million of reads per hour |	137.79

                          Number of input reads |	44170591
                      Average input read length |	263
                                    UNIQUE READS:
                   Uniquely mapped reads number |	39231693
                        Uniquely mapped reads % |	88.82%
                          Average mapped length |	261.65
                       Number of splices: Total |	19683708
            Number of splices: Annotated (sjdb) |	18746769
                       Number of splices: GT/AG |	19357902
                       Number of splices: GC/AG |	154054
                       Number of splices: AT/AC |	18908
               Number of splices: Non-canonical |	152844
                      Mismatch rate per base, % |	0.73%
                         Deletion rate per base |	0.07%
                        Deletion average length |	2.59
                        Insertion rate per base |	0.05%
                       Insertion average length |	2.24
                             MULTI-MAPPING READS:
        Number of reads mapped to multiple loci |	1444066
             % of reads mapped to multiple loci |	3.27%
        Number of reads mapped to too many loci |	171587
             % of reads mapped to too many loci |	0.39%
                                  UNMAPPED READS:
       % of reads unmapped: too many mismatches |	0.00%
                 % of reads unmapped: too short |	7.20%
                     % of reads unmapped: other |	0.33%
                                  CHIMERIC READS:
                       Number of chimeric reads |	0
                            % of chimeric reads |	0.00%
