                                 Started job on |	Oct 21 13:32:05
                             Started mapping on |	Oct 21 13:32:27
                                    Finished on |	Oct 21 13:48:23
       Mapping speed, Million of reads per hour |	144.10

                          Number of input reads |	38266492
                      Average input read length |	263
                                    UNIQUE READS:
                   Uniquely mapped reads number |	34364501
                        Uniquely mapped reads % |	89.80%
                          Average mapped length |	261.50
                       Number of splices: Total |	19839761
            Number of splices: Annotated (sjdb) |	18951271
                       Number of splices: GT/AG |	19548659
                       Number of splices: GC/AG |	157712
                       Number of splices: AT/AC |	18335
               Number of splices: Non-canonical |	115055
                      Mismatch rate per base, % |	0.68%
                         Deletion rate per base |	0.06%
                        Deletion average length |	2.57
                        Insertion rate per base |	0.04%
                       Insertion average length |	2.26
                             MULTI-MAPPING READS:
        Number of reads mapped to multiple loci |	1197363
             % of reads mapped to multiple loci |	3.13%
        Number of reads mapped to too many loci |	120052
             % of reads mapped to too many loci |	0.31%
                                  UNMAPPED READS:
       % of reads unmapped: too many mismatches |	0.00%
                 % of reads unmapped: too short |	6.50%
                     % of reads unmapped: other |	0.25%
                                  CHIMERIC READS:
                       Number of chimeric reads |	0
                            % of chimeric reads |	0.00%
