                                 Started job on |	Oct 21 15:51:32
                             Started mapping on |	Oct 21 15:51:55
                                    Finished on |	Oct 21 16:07:37
       Mapping speed, Million of reads per hour |	135.94

                          Number of input reads |	35571374
                      Average input read length |	237
                                    UNIQUE READS:
                   Uniquely mapped reads number |	30835401
                        Uniquely mapped reads % |	86.69%
                          Average mapped length |	235.81
                       Number of splices: Total |	13925666
            Number of splices: Annotated (sjdb) |	13253845
                       Number of splices: GT/AG |	13698529
                       Number of splices: GC/AG |	110949
                       Number of splices: AT/AC |	13134
               Number of splices: Non-canonical |	103054
                      Mismatch rate per base, % |	0.79%
                         Deletion rate per base |	0.06%
                        Deletion average length |	2.48
                        Insertion rate per base |	0.04%
                       Insertion average length |	2.16
                             MULTI-MAPPING READS:
        Number of reads mapped to multiple loci |	1342438
             % of reads mapped to multiple loci |	3.77%
        Number of reads mapped to too many loci |	157113
             % of reads mapped to too many loci |	0.44%
                                  UNMAPPED READS:
       % of reads unmapped: too many mismatches |	0.00%
                 % of reads unmapped: too short |	8.71%
                     % of reads unmapped: other |	0.39%
                                  CHIMERIC READS:
                       Number of chimeric reads |	0
                            % of chimeric reads |	0.00%
