                                 Started job on |	Oct 21 16:07:44
                             Started mapping on |	Oct 21 16:08:06
                                    Finished on |	Oct 21 16:25:18
       Mapping speed, Million of reads per hour |	133.66

                          Number of input reads |	38315912
                      Average input read length |	240
                                    UNIQUE READS:
                   Uniquely mapped reads number |	33386173
                        Uniquely mapped reads % |	87.13%
                          Average mapped length |	238.43
                       Number of splices: Total |	17017661
            Number of splices: Annotated (sjdb) |	16249900
                       Number of splices: GT/AG |	16765868
                       Number of splices: GC/AG |	133762
                       Number of splices: AT/AC |	15142
               Number of splices: Non-canonical |	102889
                      Mismatch rate per base, % |	0.77%
                         Deletion rate per base |	0.06%
                        Deletion average length |	2.46
                        Insertion rate per base |	0.04%
                       Insertion average length |	2.15
                             MULTI-MAPPING READS:
        Number of reads mapped to multiple loci |	1338058
             % of reads mapped to multiple loci |	3.49%
        Number of reads mapped to too many loci |	141382
             % of reads mapped to too many loci |	0.37%
                                  UNMAPPED READS:
       % of reads unmapped: too many mismatches |	0.00%
                 % of reads unmapped: too short |	8.65%
                     % of reads unmapped: other |	0.35%
                                  CHIMERIC READS:
                       Number of chimeric reads |	0
                            % of chimeric reads |	0.00%
