[2020-04-21 04:47:56.047] [jointLog] [info] Fragment incompatibility prior below threshold.  Incompatible fragments will be ignored.
[2020-04-21 04:47:56.047] [jointLog] [info] Usage of --validateMappings implies use of minScoreFraction. Since not explicitly specified, it is being set to 0.65
[2020-04-21 04:47:56.047] [jointLog] [info] Usage of --validateMappings implies a default consensus slack of 0.2. Setting consensusSlack to 0.35.
[2020-04-21 04:47:56.047] [jointLog] [info] parsing read library format
[2020-04-21 04:47:56.047] [jointLog] [info] There is 1 library.
[2020-04-21 04:47:56.088] [jointLog] [info] Loading pufferfish index
[2020-04-21 04:47:56.088] [jointLog] [info] Loading dense pufferfish index.
[2020-04-21 04:48:08.303] [jointLog] [info] done
[2020-04-21 04:48:08.303] [jointLog] [info] Index contained 52,598 targets
[2020-04-21 04:48:08.322] [jointLog] [info] Number of decoys : 993
[2020-04-21 04:48:08.322] [jointLog] [info] First decoy index : 51,591 
[2020-04-21 04:48:08.618] [jointLog] [info] Automatically detected most likely library type as SR
[2020-04-21 04:48:25.163] [jointLog] [info] Thread saw mini-batch with a maximum of 1.30% zero probability fragments
[2020-04-21 04:48:25.163] [jointLog] [info] Thread saw mini-batch with a maximum of 1.28% zero probability fragments
[2020-04-21 04:48:25.168] [jointLog] [info] Thread saw mini-batch with a maximum of 1.34% zero probability fragments
[2020-04-21 04:48:25.171] [jointLog] [info] Thread saw mini-batch with a maximum of 1.32% zero probability fragments
[2020-04-21 04:48:25.172] [jointLog] [info] Thread saw mini-batch with a maximum of 1.42% zero probability fragments
[2020-04-21 04:48:25.175] [jointLog] [info] Thread saw mini-batch with a maximum of 1.28% zero probability fragments
[2020-04-21 04:48:25.178] [jointLog] [info] Thread saw mini-batch with a maximum of 1.40% zero probability fragments
[2020-04-21 04:48:25.185] [jointLog] [info] Thread saw mini-batch with a maximum of 1.32% zero probability fragments
[2020-04-21 04:48:25.189] [jointLog] [info] Thread saw mini-batch with a maximum of 1.20% zero probability fragments
[2020-04-21 04:48:25.193] [jointLog] [info] Thread saw mini-batch with a maximum of 1.34% zero probability fragments
[2020-04-21 04:48:25.199] [jointLog] [info] Thread saw mini-batch with a maximum of 1.30% zero probability fragments
[2020-04-21 04:48:25.204] [jointLog] [info] Thread saw mini-batch with a maximum of 1.38% zero probability fragments
[2020-04-21 04:48:25.221] [jointLog] [info] Thread saw mini-batch with a maximum of 1.40% zero probability fragments
[2020-04-21 04:48:25.230] [jointLog] [info] Thread saw mini-batch with a maximum of 1.36% zero probability fragments
[2020-04-21 04:48:25.231] [jointLog] [info] Thread saw mini-batch with a maximum of 1.28% zero probability fragments
[2020-04-21 04:48:25.237] [jointLog] [info] Thread saw mini-batch with a maximum of 1.28% zero probability fragments
[2020-04-21 04:48:25.318] [jointLog] [info] Computed 88,617 rich equivalence classes for further processing
[2020-04-21 04:48:25.318] [jointLog] [info] Counted 7,711,638 total reads in the equivalence classes 
[2020-04-21 04:48:25.330] [jointLog] [warning] 0.343813% of fragments were shorter than the k used to build the index.
If this fraction is too large, consider re-building the index with a smaller k.
The minimum read size found was 15.


[2020-04-21 04:48:25.330] [jointLog] [info] Number of mappings discarded because of alignment score : 6,911,690
[2020-04-21 04:48:25.330] [jointLog] [info] Number of fragments entirely discarded because of alignment score : 434,123
[2020-04-21 04:48:25.330] [jointLog] [info] Number of fragments discarded because they are best-mapped to decoys : 408,084
[2020-04-21 04:48:25.330] [jointLog] [info] Number of fragments discarded because they have only dovetail (discordant) mappings to valid targets : 0
[2020-04-21 04:48:25.330] [jointLog] [info] Mapping rate = 55.7747%

[2020-04-21 04:48:25.330] [jointLog] [info] finished quantifyLibrary()
[2020-04-21 04:48:25.331] [jointLog] [info] Starting optimizer
[2020-04-21 04:48:25.361] [jointLog] [info] Marked 0 weighted equivalence classes as degenerate
[2020-04-21 04:48:25.366] [jointLog] [info] iteration = 0 | max rel diff. = 11893.2
[2020-04-21 04:48:25.631] [jointLog] [info] iteration = 100 | max rel diff. = 17.9822
[2020-04-21 04:48:25.319] [fileLog] [info] 
At end of round 0
==================
Observed 13826414 total fragments (13826414 in most recent round)

[2020-04-21 04:48:25.887] [jointLog] [info] iteration = 200 | max rel diff. = 3.90537
[2020-04-21 04:48:26.145] [jointLog] [info] iteration = 300 | max rel diff. = 16.9682
[2020-04-21 04:48:26.402] [jointLog] [info] iteration = 400 | max rel diff. = 1.26369
[2020-04-21 04:48:26.658] [jointLog] [info] iteration = 500 | max rel diff. = 0.876533
[2020-04-21 04:48:26.914] [jointLog] [info] iteration = 600 | max rel diff. = 0.241668
[2020-04-21 04:48:27.171] [jointLog] [info] iteration = 700 | max rel diff. = 0.272355
[2020-04-21 04:48:27.428] [jointLog] [info] iteration = 800 | max rel diff. = 0.0148744
[2020-04-21 04:48:27.684] [jointLog] [info] iteration = 900 | max rel diff. = 0.0234575
[2020-04-21 04:48:27.942] [jointLog] [info] iteration = 1,000 | max rel diff. = 0.119555
[2020-04-21 04:48:27.965] [jointLog] [info] iteration = 1,010 | max rel diff. = 0.0075457
[2020-04-21 04:48:27.966] [jointLog] [info] Finished optimizer
[2020-04-21 04:48:27.966] [jointLog] [info] writing output 

