[2020-04-21 05:00:10.857] [jointLog] [info] Fragment incompatibility prior below threshold.  Incompatible fragments will be ignored.
[2020-04-21 05:00:10.857] [jointLog] [info] Usage of --validateMappings implies use of minScoreFraction. Since not explicitly specified, it is being set to 0.65
[2020-04-21 05:00:10.857] [jointLog] [info] Usage of --validateMappings implies a default consensus slack of 0.2. Setting consensusSlack to 0.35.
[2020-04-21 05:00:10.857] [jointLog] [info] parsing read library format
[2020-04-21 05:00:10.857] [jointLog] [info] There is 1 library.
[2020-04-21 05:00:10.898] [jointLog] [info] Loading pufferfish index
[2020-04-21 05:00:10.898] [jointLog] [info] Loading dense pufferfish index.
[2020-04-21 05:00:23.211] [jointLog] [info] done
[2020-04-21 05:00:23.211] [jointLog] [info] Index contained 52,598 targets
[2020-04-21 05:00:23.229] [jointLog] [info] Number of decoys : 993
[2020-04-21 05:00:23.229] [jointLog] [info] First decoy index : 51,591 
[2020-04-21 05:00:23.560] [jointLog] [info] Automatically detected most likely library type as SR
[2020-04-21 05:00:52.270] [jointLog] [info] Thread saw mini-batch with a maximum of 0.96% zero probability fragments
[2020-04-21 05:00:52.290] [jointLog] [info] Thread saw mini-batch with a maximum of 0.84% zero probability fragments
[2020-04-21 05:00:52.295] [jointLog] [info] Thread saw mini-batch with a maximum of 0.94% zero probability fragments
[2020-04-21 05:00:52.297] [jointLog] [info] Thread saw mini-batch with a maximum of 0.82% zero probability fragments
[2020-04-21 05:00:52.314] [jointLog] [info] Thread saw mini-batch with a maximum of 0.84% zero probability fragments
[2020-04-21 05:00:52.315] [jointLog] [info] Thread saw mini-batch with a maximum of 0.88% zero probability fragments
[2020-04-21 05:00:52.317] [jointLog] [info] Thread saw mini-batch with a maximum of 0.88% zero probability fragments
[2020-04-21 05:00:52.320] [jointLog] [info] Thread saw mini-batch with a maximum of 0.88% zero probability fragments
[2020-04-21 05:00:52.323] [jointLog] [info] Thread saw mini-batch with a maximum of 0.82% zero probability fragments
[2020-04-21 05:00:52.323] [jointLog] [info] Thread saw mini-batch with a maximum of 0.88% zero probability fragments
[2020-04-21 05:00:52.335] [jointLog] [info] Thread saw mini-batch with a maximum of 0.84% zero probability fragments
[2020-04-21 05:00:52.345] [jointLog] [info] Thread saw mini-batch with a maximum of 0.88% zero probability fragments
[2020-04-21 05:00:52.349] [jointLog] [info] Thread saw mini-batch with a maximum of 1.06% zero probability fragments
[2020-04-21 05:00:52.366] [jointLog] [info] Thread saw mini-batch with a maximum of 0.94% zero probability fragments
[2020-04-21 05:00:52.379] [jointLog] [info] Thread saw mini-batch with a maximum of 0.84% zero probability fragments
[2020-04-21 05:00:52.380] [jointLog] [info] Thread saw mini-batch with a maximum of 0.86% zero probability fragments
[2020-04-21 05:00:52.468] [jointLog] [info] Computed 93,703 rich equivalence classes for further processing
[2020-04-21 05:00:52.468] [jointLog] [info] Counted 9,095,566 total reads in the equivalence classes 
[2020-04-21 05:00:52.480] [jointLog] [warning] 0.071146% of fragments were shorter than the k used to build the index.
If this fraction is too large, consider re-building the index with a smaller k.
The minimum read size found was 15.


[2020-04-21 05:00:52.480] [jointLog] [info] Number of mappings discarded because of alignment score : 13,768,541
[2020-04-21 05:00:52.480] [jointLog] [info] Number of fragments entirely discarded because of alignment score : 661,969
[2020-04-21 05:00:52.480] [jointLog] [info] Number of fragments discarded because they are best-mapped to decoys : 634,071
[2020-04-21 05:00:52.480] [jointLog] [info] Number of fragments discarded because they have only dovetail (discordant) mappings to valid targets : 0
[2020-04-21 05:00:52.480] [jointLog] [info] Mapping rate = 44.6624%

[2020-04-21 05:00:52.480] [jointLog] [info] finished quantifyLibrary()
[2020-04-21 05:00:52.481] [jointLog] [info] Starting optimizer
[2020-04-21 05:00:52.512] [jointLog] [info] Marked 0 weighted equivalence classes as degenerate
[2020-04-21 05:00:52.516] [jointLog] [info] iteration = 0 | max rel diff. = 12709.6
[2020-04-21 05:00:52.469] [fileLog] [info] 
At end of round 0
==================
Observed 20365170 total fragments (20365170 in most recent round)

[2020-04-21 05:00:52.802] [jointLog] [info] iteration = 100 | max rel diff. = 17.7638
[2020-04-21 05:00:53.070] [jointLog] [info] iteration = 200 | max rel diff. = 19.773
[2020-04-21 05:00:53.331] [jointLog] [info] iteration = 300 | max rel diff. = 2.69961
[2020-04-21 05:00:53.592] [jointLog] [info] iteration = 400 | max rel diff. = 0.297327
[2020-04-21 05:00:53.855] [jointLog] [info] iteration = 500 | max rel diff. = 0.111391
[2020-04-21 05:00:54.116] [jointLog] [info] iteration = 600 | max rel diff. = 0.192212
[2020-04-21 05:00:54.377] [jointLog] [info] iteration = 700 | max rel diff. = 0.33986
[2020-04-21 05:00:54.639] [jointLog] [info] iteration = 800 | max rel diff. = 0.086767
[2020-04-21 05:00:54.900] [jointLog] [info] iteration = 900 | max rel diff. = 0.0148437
[2020-04-21 05:00:55.161] [jointLog] [info] iteration = 1,000 | max rel diff. = 1.17849
[2020-04-21 05:00:55.422] [jointLog] [info] iteration = 1,100 | max rel diff. = 0.0231584
[2020-04-21 05:00:55.682] [jointLog] [info] iteration = 1,200 | max rel diff. = 0.0139401
[2020-04-21 05:00:55.943] [jointLog] [info] iteration = 1,300 | max rel diff. = 0.0283564
[2020-04-21 05:00:56.203] [jointLog] [info] iteration = 1,400 | max rel diff. = 0.738588
[2020-04-21 05:00:56.208] [jointLog] [info] iteration = 1,403 | max rel diff. = 0.00473947
[2020-04-21 05:00:56.211] [jointLog] [info] Finished optimizer
[2020-04-21 05:00:56.211] [jointLog] [info] writing output 

