[2020-04-23 12:23:03.330] [jointLog] [info] Fragment incompatibility prior below threshold.  Incompatible fragments will be ignored.
[2020-04-23 12:23:03.330] [jointLog] [info] Usage of --validateMappings implies use of minScoreFraction. Since not explicitly specified, it is being set to 0.65
[2020-04-23 12:23:03.330] [jointLog] [info] Usage of --validateMappings implies a default consensus slack of 0.2. Setting consensusSlack to 0.35.
[2020-04-23 12:23:03.330] [jointLog] [info] parsing read library format
[2020-04-23 12:23:03.330] [jointLog] [info] There is 1 library.
[2020-04-23 12:23:03.479] [jointLog] [info] Loading pufferfish index
[2020-04-23 12:23:03.480] [jointLog] [info] Loading dense pufferfish index.
[2020-04-23 12:23:39.875] [jointLog] [info] done
[2020-04-23 12:23:39.875] [jointLog] [info] Index contained 52,598 targets
[2020-04-23 12:23:39.926] [jointLog] [info] Number of decoys : 993
[2020-04-23 12:23:39.926] [jointLog] [info] First decoy index : 51,591 
[2020-04-23 12:24:19.719] [jointLog] [info] Automatically detected most likely library type as SF
[2020-04-23 12:26:19.303] [jointLog] [info] Thread saw mini-batch with a maximum of 0.20% zero probability fragments
[2020-04-23 12:26:19.330] [jointLog] [info] Thread saw mini-batch with a maximum of 0.24% zero probability fragments
[2020-04-23 12:26:19.348] [jointLog] [info] Thread saw mini-batch with a maximum of 0.20% zero probability fragments
[2020-04-23 12:26:19.392] [jointLog] [info] Thread saw mini-batch with a maximum of 0.18% zero probability fragments
[2020-04-23 12:26:19.456] [jointLog] [info] Thread saw mini-batch with a maximum of 0.18% zero probability fragments
[2020-04-23 12:26:19.553] [jointLog] [info] Thread saw mini-batch with a maximum of 0.20% zero probability fragments
[2020-04-23 12:26:19.553] [jointLog] [info] Thread saw mini-batch with a maximum of 0.18% zero probability fragments
[2020-04-23 12:26:19.570] [jointLog] [info] Thread saw mini-batch with a maximum of 0.22% zero probability fragments
[2020-04-23 12:26:19.575] [jointLog] [info] Thread saw mini-batch with a maximum of 0.22% zero probability fragments
[2020-04-23 12:26:19.867] [jointLog] [info] Thread saw mini-batch with a maximum of 0.22% zero probability fragments
[2020-04-23 12:26:19.931] [jointLog] [info] Thread saw mini-batch with a maximum of 0.28% zero probability fragments
[2020-04-23 12:26:19.934] [jointLog] [info] Thread saw mini-batch with a maximum of 0.18% zero probability fragments
[2020-04-23 12:26:19.947] [jointLog] [info] Thread saw mini-batch with a maximum of 0.16% zero probability fragments
[2020-04-23 12:26:19.974] [jointLog] [info] Thread saw mini-batch with a maximum of 0.22% zero probability fragments
[2020-04-23 12:26:20.001] [jointLog] [info] Thread saw mini-batch with a maximum of 0.22% zero probability fragments
[2020-04-23 12:26:20.019] [jointLog] [info] Thread saw mini-batch with a maximum of 0.22% zero probability fragments
[2020-04-23 12:26:20.173] [jointLog] [info] Computed 304 rich equivalence classes for further processing
[2020-04-23 12:26:20.173] [jointLog] [info] Counted 49,265 total reads in the equivalence classes 
[2020-04-23 12:26:20.289] [jointLog] [warning] 0.00386188% of fragments were shorter than the k used to build the index.
If this fraction is too large, consider re-building the index with a smaller k.
The minimum read size found was 15.


[2020-04-23 12:26:20.289] [jointLog] [info] Number of mappings discarded because of alignment score : 15,770,293
[2020-04-23 12:26:20.289] [jointLog] [info] Number of fragments entirely discarded because of alignment score : 202,522
[2020-04-23 12:26:20.289] [jointLog] [info] Number of fragments discarded because they are best-mapped to decoys : 65,491
[2020-04-23 12:26:20.289] [jointLog] [info] Number of fragments discarded because they have only dovetail (discordant) mappings to valid targets : 0
[2020-04-23 12:26:20.298] [jointLog] [warning] Only 49265 fragments were mapped, but the number of burn-in fragments was set to 5000000.
The effective lengths have been computed using the observed mappings.

[2020-04-23 12:26:20.298] [jointLog] [info] Mapping rate = 0.313953%

[2020-04-23 12:26:20.298] [jointLog] [info] finished quantifyLibrary()
[2020-04-23 12:26:20.319] [jointLog] [info] Starting optimizer
[2020-04-23 12:26:20.349] [jointLog] [info] Marked 0 weighted equivalence classes as degenerate
[2020-04-23 12:26:20.352] [jointLog] [info] iteration = 0 | max rel diff. = 39.6568
[2020-04-23 12:26:20.502] [jointLog] [info] iteration = 100 | max rel diff. = 5.40668e-07
[2020-04-23 12:26:20.504] [jointLog] [info] Finished optimizer
[2020-04-23 12:26:20.504] [jointLog] [info] writing output 

[2020-04-23 12:26:20.175] [fileLog] [info] 
At end of round 0
==================
Observed 15691853 total fragments (15691853 in most recent round)

