                                 Started job on |	Feb 19 17:37:54
                             Started mapping on |	Feb 19 17:39:55
                                    Finished on |	Feb 19 17:41:19
       Mapping speed, Million of reads per hour |	1697.10

                          Number of input reads |	39598909
                      Average input read length |	75
                                    UNIQUE READS:
                   Uniquely mapped reads number |	35850147
                        Uniquely mapped reads % |	90.53%
                          Average mapped length |	75.58
                       Number of splices: Total |	6158560
            Number of splices: Annotated (sjdb) |	6129178
                       Number of splices: GT/AG |	6057501
                       Number of splices: GC/AG |	52534
                       Number of splices: AT/AC |	5687
               Number of splices: Non-canonical |	42838
                      Mismatch rate per base, % |	0.81%
                         Deletion rate per base |	0.04%
                        Deletion average length |	1.93
                        Insertion rate per base |	0.02%
                       Insertion average length |	1.75
                             MULTI-MAPPING READS:
        Number of reads mapped to multiple loci |	2224724
             % of reads mapped to multiple loci |	5.62%
        Number of reads mapped to too many loci |	283969
             % of reads mapped to too many loci |	0.72%
                                  UNMAPPED READS:
  Number of reads unmapped: too many mismatches |	0
       % of reads unmapped: too many mismatches |	0.00%
            Number of reads unmapped: too short |	1042560
                 % of reads unmapped: too short |	2.63%
                Number of reads unmapped: other |	197509
                     % of reads unmapped: other |	0.50%
                                  CHIMERIC READS:
                       Number of chimeric reads |	0
                            % of chimeric reads |	0.00%
