                                 Started job on |	Feb 19 17:49:40
                             Started mapping on |	Feb 19 17:51:36
                                    Finished on |	Feb 19 17:52:53
       Mapping speed, Million of reads per hour |	1689.54

                          Number of input reads |	36137451
                      Average input read length |	75
                                    UNIQUE READS:
                   Uniquely mapped reads number |	32787528
                        Uniquely mapped reads % |	90.73%
                          Average mapped length |	75.54
                       Number of splices: Total |	5491166
            Number of splices: Annotated (sjdb) |	5462246
                       Number of splices: GT/AG |	5395833
                       Number of splices: GC/AG |	47362
                       Number of splices: AT/AC |	5088
               Number of splices: Non-canonical |	42883
                      Mismatch rate per base, % |	0.79%
                         Deletion rate per base |	0.04%
                        Deletion average length |	1.93
                        Insertion rate per base |	0.02%
                       Insertion average length |	1.75
                             MULTI-MAPPING READS:
        Number of reads mapped to multiple loci |	1816679
             % of reads mapped to multiple loci |	5.03%
        Number of reads mapped to too many loci |	266597
             % of reads mapped to too many loci |	0.74%
                                  UNMAPPED READS:
  Number of reads unmapped: too many mismatches |	0
       % of reads unmapped: too many mismatches |	0.00%
            Number of reads unmapped: too short |	958200
                 % of reads unmapped: too short |	2.65%
                Number of reads unmapped: other |	308447
                     % of reads unmapped: other |	0.85%
                                  CHIMERIC READS:
                       Number of chimeric reads |	0
                            % of chimeric reads |	0.00%
