                                 Started job on |	Feb 19 17:50:12
                             Started mapping on |	Feb 19 17:52:19
                                    Finished on |	Feb 19 17:53:45
       Mapping speed, Million of reads per hour |	1701.34

                          Number of input reads |	40643005
                      Average input read length |	75
                                    UNIQUE READS:
                   Uniquely mapped reads number |	36696715
                        Uniquely mapped reads % |	90.29%
                          Average mapped length |	75.50
                       Number of splices: Total |	5803542
            Number of splices: Annotated (sjdb) |	5770532
                       Number of splices: GT/AG |	5695476
                       Number of splices: GC/AG |	51089
                       Number of splices: AT/AC |	6437
               Number of splices: Non-canonical |	50540
                      Mismatch rate per base, % |	0.84%
                         Deletion rate per base |	0.04%
                        Deletion average length |	1.91
                        Insertion rate per base |	0.03%
                       Insertion average length |	1.68
                             MULTI-MAPPING READS:
        Number of reads mapped to multiple loci |	2299156
             % of reads mapped to multiple loci |	5.66%
        Number of reads mapped to too many loci |	307740
             % of reads mapped to too many loci |	0.76%
                                  UNMAPPED READS:
  Number of reads unmapped: too many mismatches |	0
       % of reads unmapped: too many mismatches |	0.00%
            Number of reads unmapped: too short |	1158722
                 % of reads unmapped: too short |	2.85%
                Number of reads unmapped: other |	180672
                     % of reads unmapped: other |	0.44%
                                  CHIMERIC READS:
                       Number of chimeric reads |	0
                            % of chimeric reads |	0.00%
