                                 Started job on |	Feb 19 17:42:51
                             Started mapping on |	Feb 19 17:44:56
                                    Finished on |	Feb 19 17:46:26
       Mapping speed, Million of reads per hour |	1660.99

                          Number of input reads |	41524698
                      Average input read length |	75
                                    UNIQUE READS:
                   Uniquely mapped reads number |	37671930
                        Uniquely mapped reads % |	90.72%
                          Average mapped length |	75.55
                       Number of splices: Total |	6265246
            Number of splices: Annotated (sjdb) |	6232904
                       Number of splices: GT/AG |	6155464
                       Number of splices: GC/AG |	54292
                       Number of splices: AT/AC |	5907
               Number of splices: Non-canonical |	49583
                      Mismatch rate per base, % |	0.81%
                         Deletion rate per base |	0.04%
                        Deletion average length |	1.93
                        Insertion rate per base |	0.02%
                       Insertion average length |	1.74
                             MULTI-MAPPING READS:
        Number of reads mapped to multiple loci |	2077639
             % of reads mapped to multiple loci |	5.00%
        Number of reads mapped to too many loci |	312150
             % of reads mapped to too many loci |	0.75%
                                  UNMAPPED READS:
  Number of reads unmapped: too many mismatches |	0
       % of reads unmapped: too many mismatches |	0.00%
            Number of reads unmapped: too short |	1098578
                 % of reads unmapped: too short |	2.65%
                Number of reads unmapped: other |	364401
                     % of reads unmapped: other |	0.88%
                                  CHIMERIC READS:
                       Number of chimeric reads |	0
                            % of chimeric reads |	0.00%
