                                 Started job on |	Feb 19 17:52:40
                             Started mapping on |	Feb 19 17:54:37
                                    Finished on |	Feb 19 17:55:56
       Mapping speed, Million of reads per hour |	1738.24

                          Number of input reads |	38144646
                      Average input read length |	75
                                    UNIQUE READS:
                   Uniquely mapped reads number |	34299482
                        Uniquely mapped reads % |	89.92%
                          Average mapped length |	75.55
                       Number of splices: Total |	5694190
            Number of splices: Annotated (sjdb) |	5665125
                       Number of splices: GT/AG |	5595408
                       Number of splices: GC/AG |	50109
                       Number of splices: AT/AC |	5207
               Number of splices: Non-canonical |	43466
                      Mismatch rate per base, % |	0.80%
                         Deletion rate per base |	0.04%
                        Deletion average length |	1.94
                        Insertion rate per base |	0.02%
                       Insertion average length |	1.75
                             MULTI-MAPPING READS:
        Number of reads mapped to multiple loci |	2263239
             % of reads mapped to multiple loci |	5.93%
        Number of reads mapped to too many loci |	309260
             % of reads mapped to too many loci |	0.81%
                                  UNMAPPED READS:
  Number of reads unmapped: too many mismatches |	0
       % of reads unmapped: too many mismatches |	0.00%
            Number of reads unmapped: too short |	1002823
                 % of reads unmapped: too short |	2.63%
                Number of reads unmapped: other |	269842
                     % of reads unmapped: other |	0.71%
                                  CHIMERIC READS:
                       Number of chimeric reads |	0
                            % of chimeric reads |	0.00%
