                                 Started job on |	Feb 19 17:52:47
                             Started mapping on |	Feb 19 17:54:27
                                    Finished on |	Feb 19 17:55:29
       Mapping speed, Million of reads per hour |	1733.66

                          Number of input reads |	29857488
                      Average input read length |	75
                                    UNIQUE READS:
                   Uniquely mapped reads number |	27418723
                        Uniquely mapped reads % |	91.83%
                          Average mapped length |	75.57
                       Number of splices: Total |	4553446
            Number of splices: Annotated (sjdb) |	4527885
                       Number of splices: GT/AG |	4473866
                       Number of splices: GC/AG |	39067
                       Number of splices: AT/AC |	4823
               Number of splices: Non-canonical |	35690
                      Mismatch rate per base, % |	0.71%
                         Deletion rate per base |	0.04%
                        Deletion average length |	1.95
                        Insertion rate per base |	0.02%
                       Insertion average length |	1.74
                             MULTI-MAPPING READS:
        Number of reads mapped to multiple loci |	1345342
             % of reads mapped to multiple loci |	4.51%
        Number of reads mapped to too many loci |	201858
             % of reads mapped to too many loci |	0.68%
                                  UNMAPPED READS:
  Number of reads unmapped: too many mismatches |	0
       % of reads unmapped: too many mismatches |	0.00%
            Number of reads unmapped: too short |	731036
                 % of reads unmapped: too short |	2.45%
                Number of reads unmapped: other |	160529
                     % of reads unmapped: other |	0.54%
                                  CHIMERIC READS:
                       Number of chimeric reads |	0
                            % of chimeric reads |	0.00%
