                                 Started job on |	Feb 19 22:43:56
                             Started mapping on |	Feb 19 22:45:38
                                    Finished on |	Feb 19 22:46:39
       Mapping speed, Million of reads per hour |	1795.87

                          Number of input reads |	30429981
                      Average input read length |	75
                                    UNIQUE READS:
                   Uniquely mapped reads number |	28070788
                        Uniquely mapped reads % |	92.25%
                          Average mapped length |	75.58
                       Number of splices: Total |	4700391
            Number of splices: Annotated (sjdb) |	4674146
                       Number of splices: GT/AG |	4616578
                       Number of splices: GC/AG |	40790
                       Number of splices: AT/AC |	5246
               Number of splices: Non-canonical |	37777
                      Mismatch rate per base, % |	0.70%
                         Deletion rate per base |	0.04%
                        Deletion average length |	1.94
                        Insertion rate per base |	0.02%
                       Insertion average length |	1.74
                             MULTI-MAPPING READS:
        Number of reads mapped to multiple loci |	1313886
             % of reads mapped to multiple loci |	4.32%
        Number of reads mapped to too many loci |	181455
             % of reads mapped to too many loci |	0.60%
                                  UNMAPPED READS:
  Number of reads unmapped: too many mismatches |	0
       % of reads unmapped: too many mismatches |	0.00%
            Number of reads unmapped: too short |	723050
                 % of reads unmapped: too short |	2.38%
                Number of reads unmapped: other |	140802
                     % of reads unmapped: other |	0.46%
                                  CHIMERIC READS:
                       Number of chimeric reads |	0
                            % of chimeric reads |	0.00%
