                                 Started job on |	Feb 19 17:51:21
                             Started mapping on |	Feb 19 17:52:53
                                    Finished on |	Feb 19 17:53:46
       Mapping speed, Million of reads per hour |	1771.98

                          Number of input reads |	26087468
                      Average input read length |	75
                                    UNIQUE READS:
                   Uniquely mapped reads number |	23696637
                        Uniquely mapped reads % |	90.84%
                          Average mapped length |	75.60
                       Number of splices: Total |	4037065
            Number of splices: Annotated (sjdb) |	4016398
                       Number of splices: GT/AG |	3968947
                       Number of splices: GC/AG |	35322
                       Number of splices: AT/AC |	4157
               Number of splices: Non-canonical |	28639
                      Mismatch rate per base, % |	0.70%
                         Deletion rate per base |	0.04%
                        Deletion average length |	1.94
                        Insertion rate per base |	0.02%
                       Insertion average length |	1.76
                             MULTI-MAPPING READS:
        Number of reads mapped to multiple loci |	1377992
             % of reads mapped to multiple loci |	5.28%
        Number of reads mapped to too many loci |	197674
             % of reads mapped to too many loci |	0.76%
                                  UNMAPPED READS:
  Number of reads unmapped: too many mismatches |	0
       % of reads unmapped: too many mismatches |	0.00%
            Number of reads unmapped: too short |	598368
                 % of reads unmapped: too short |	2.29%
                Number of reads unmapped: other |	216797
                     % of reads unmapped: other |	0.83%
                                  CHIMERIC READS:
                       Number of chimeric reads |	0
                            % of chimeric reads |	0.00%
