                                 Started job on |	Feb 19 17:47:29
                             Started mapping on |	Feb 19 17:49:41
                                    Finished on |	Feb 19 17:51:17
       Mapping speed, Million of reads per hour |	1819.10

                          Number of input reads |	48509277
                      Average input read length |	75
                                    UNIQUE READS:
                   Uniquely mapped reads number |	44971521
                        Uniquely mapped reads % |	92.71%
                          Average mapped length |	75.56
                       Number of splices: Total |	7514843
            Number of splices: Annotated (sjdb) |	7474632
                       Number of splices: GT/AG |	7380581
                       Number of splices: GC/AG |	65180
                       Number of splices: AT/AC |	8556
               Number of splices: Non-canonical |	60526
                      Mismatch rate per base, % |	0.71%
                         Deletion rate per base |	0.04%
                        Deletion average length |	1.94
                        Insertion rate per base |	0.03%
                       Insertion average length |	1.75
                             MULTI-MAPPING READS:
        Number of reads mapped to multiple loci |	1901720
             % of reads mapped to multiple loci |	3.92%
        Number of reads mapped to too many loci |	282462
             % of reads mapped to too many loci |	0.58%
                                  UNMAPPED READS:
  Number of reads unmapped: too many mismatches |	0
       % of reads unmapped: too many mismatches |	0.00%
            Number of reads unmapped: too short |	1156095
                 % of reads unmapped: too short |	2.38%
                Number of reads unmapped: other |	197479
                     % of reads unmapped: other |	0.41%
                                  CHIMERIC READS:
                       Number of chimeric reads |	0
                            % of chimeric reads |	0.00%
