                                 Started job on |	Sep 30 15:13:16
                             Started mapping on |	Sep 30 15:13:25
                                    Finished on |	Sep 30 15:16:38
       Mapping speed, Million of reads per hour |	887.47

                          Number of input reads |	47578238
                      Average input read length |	74
                                    UNIQUE READS:
                   Uniquely mapped reads number |	44533919
                        Uniquely mapped reads % |	93.60%
                          Average mapped length |	74.67
                       Number of splices: Total |	7226546
            Number of splices: Annotated (sjdb) |	6912769
                       Number of splices: GT/AG |	7122195
                       Number of splices: GC/AG |	57034
                       Number of splices: AT/AC |	6208
               Number of splices: Non-canonical |	41109
                      Mismatch rate per base, % |	0.68%
                         Deletion rate per base |	0.04%
                        Deletion average length |	1.94
                        Insertion rate per base |	0.02%
                       Insertion average length |	1.75
                             MULTI-MAPPING READS:
        Number of reads mapped to multiple loci |	1523827
             % of reads mapped to multiple loci |	3.20%
        Number of reads mapped to too many loci |	255518
             % of reads mapped to too many loci |	0.54%
                                  UNMAPPED READS:
       % of reads unmapped: too many mismatches |	0.00%
                 % of reads unmapped: too short |	2.19%
                     % of reads unmapped: other |	0.47%
                                  CHIMERIC READS:
                       Number of chimeric reads |	0
                            % of chimeric reads |	0.00%
