                                 Started job on |	Sep 30 15:24:41
                             Started mapping on |	Sep 30 15:24:54
                                    Finished on |	Sep 30 15:26:49
       Mapping speed, Million of reads per hour |	886.46

                          Number of input reads |	28317600
                      Average input read length |	75
                                    UNIQUE READS:
                   Uniquely mapped reads number |	26288431
                        Uniquely mapped reads % |	92.83%
                          Average mapped length |	74.72
                       Number of splices: Total |	4386077
            Number of splices: Annotated (sjdb) |	4188298
                       Number of splices: GT/AG |	4324508
                       Number of splices: GC/AG |	34841
                       Number of splices: AT/AC |	3634
               Number of splices: Non-canonical |	23094
                      Mismatch rate per base, % |	0.66%
                         Deletion rate per base |	0.04%
                        Deletion average length |	1.95
                        Insertion rate per base |	0.02%
                       Insertion average length |	1.76
                             MULTI-MAPPING READS:
        Number of reads mapped to multiple loci |	1000075
             % of reads mapped to multiple loci |	3.53%
        Number of reads mapped to too many loci |	166749
             % of reads mapped to too many loci |	0.59%
                                  UNMAPPED READS:
       % of reads unmapped: too many mismatches |	0.00%
                 % of reads unmapped: too short |	2.24%
                     % of reads unmapped: other |	0.80%
                                  CHIMERIC READS:
                       Number of chimeric reads |	0
                            % of chimeric reads |	0.00%
