[2020-04-21 04:51:45.846] [jointLog] [info] Fragment incompatibility prior below threshold.  Incompatible fragments will be ignored.
[2020-04-21 04:51:45.846] [jointLog] [info] Usage of --validateMappings implies use of minScoreFraction. Since not explicitly specified, it is being set to 0.65
[2020-04-21 04:51:45.846] [jointLog] [info] Usage of --validateMappings implies a default consensus slack of 0.2. Setting consensusSlack to 0.35.
[2020-04-21 04:51:45.846] [jointLog] [info] parsing read library format
[2020-04-21 04:51:45.846] [jointLog] [info] There is 1 library.
[2020-04-21 04:51:45.886] [jointLog] [info] Loading pufferfish index
[2020-04-21 04:51:45.886] [jointLog] [info] Loading dense pufferfish index.
[2020-04-21 04:51:58.137] [jointLog] [info] done
[2020-04-21 04:51:58.137] [jointLog] [info] Index contained 52,598 targets
[2020-04-21 04:51:58.155] [jointLog] [info] Number of decoys : 993
[2020-04-21 04:51:58.155] [jointLog] [info] First decoy index : 51,591 
[2020-04-21 04:51:58.435] [jointLog] [info] Automatically detected most likely library type as SR
[2020-04-21 04:52:20.032] [jointLog] [info] Thread saw mini-batch with a maximum of 1.06% zero probability fragments
[2020-04-21 04:52:20.033] [jointLog] [info] Thread saw mini-batch with a maximum of 1.04% zero probability fragments
[2020-04-21 04:52:20.034] [jointLog] [info] Thread saw mini-batch with a maximum of 0.98% zero probability fragments
[2020-04-21 04:52:20.039] [jointLog] [info] Thread saw mini-batch with a maximum of 1.14% zero probability fragments
[2020-04-21 04:52:20.039] [jointLog] [info] Thread saw mini-batch with a maximum of 0.94% zero probability fragments
[2020-04-21 04:52:20.047] [jointLog] [info] Thread saw mini-batch with a maximum of 1.02% zero probability fragments
[2020-04-21 04:52:20.051] [jointLog] [info] Thread saw mini-batch with a maximum of 1.00% zero probability fragments
[2020-04-21 04:52:20.053] [jointLog] [info] Thread saw mini-batch with a maximum of 1.12% zero probability fragments
[2020-04-21 04:52:20.058] [jointLog] [info] Thread saw mini-batch with a maximum of 0.96% zero probability fragments
[2020-04-21 04:52:20.062] [jointLog] [info] Thread saw mini-batch with a maximum of 1.12% zero probability fragments
[2020-04-21 04:52:20.063] [jointLog] [info] Thread saw mini-batch with a maximum of 0.96% zero probability fragments
[2020-04-21 04:52:20.067] [jointLog] [info] Thread saw mini-batch with a maximum of 1.04% zero probability fragments
[2020-04-21 04:52:20.079] [jointLog] [info] Thread saw mini-batch with a maximum of 1.08% zero probability fragments
[2020-04-21 04:52:20.096] [jointLog] [info] Thread saw mini-batch with a maximum of 1.00% zero probability fragments
[2020-04-21 04:52:20.123] [jointLog] [info] Thread saw mini-batch with a maximum of 1.06% zero probability fragments
[2020-04-21 04:52:20.126] [jointLog] [info] Thread saw mini-batch with a maximum of 1.02% zero probability fragments
[2020-04-21 04:52:20.212] [jointLog] [info] Computed 94,448 rich equivalence classes for further processing
[2020-04-21 04:52:20.212] [jointLog] [info] Counted 8,677,590 total reads in the equivalence classes 
[2020-04-21 04:52:20.224] [jointLog] [warning] 0.450846% of fragments were shorter than the k used to build the index.
If this fraction is too large, consider re-building the index with a smaller k.
The minimum read size found was 15.


[2020-04-21 04:52:20.224] [jointLog] [info] Number of mappings discarded because of alignment score : 9,126,727
[2020-04-21 04:52:20.224] [jointLog] [info] Number of fragments entirely discarded because of alignment score : 451,710
[2020-04-21 04:52:20.224] [jointLog] [info] Number of fragments discarded because they are best-mapped to decoys : 430,691
[2020-04-21 04:52:20.224] [jointLog] [info] Number of fragments discarded because they have only dovetail (discordant) mappings to valid targets : 0
[2020-04-21 04:52:20.224] [jointLog] [info] Mapping rate = 53.2823%

[2020-04-21 04:52:20.224] [jointLog] [info] finished quantifyLibrary()
[2020-04-21 04:52:20.225] [jointLog] [info] Starting optimizer
[2020-04-21 04:52:20.257] [jointLog] [info] Marked 0 weighted equivalence classes as degenerate
[2020-04-21 04:52:20.262] [jointLog] [info] iteration = 0 | max rel diff. = 13817.1
[2020-04-21 04:52:20.213] [fileLog] [info] 
At end of round 0
==================
Observed 16286053 total fragments (16286053 in most recent round)

[2020-04-21 04:52:20.556] [jointLog] [info] iteration = 100 | max rel diff. = 17.7072
[2020-04-21 04:52:20.839] [jointLog] [info] iteration = 200 | max rel diff. = 1.06946
[2020-04-21 04:52:21.120] [jointLog] [info] iteration = 300 | max rel diff. = 0.47359
[2020-04-21 04:52:21.403] [jointLog] [info] iteration = 400 | max rel diff. = 2.25562
[2020-04-21 04:52:21.685] [jointLog] [info] iteration = 500 | max rel diff. = 0.116723
[2020-04-21 04:52:21.967] [jointLog] [info] iteration = 600 | max rel diff. = 0.0285394
[2020-04-21 04:52:22.249] [jointLog] [info] iteration = 700 | max rel diff. = 0.0354445
[2020-04-21 04:52:22.531] [jointLog] [info] iteration = 800 | max rel diff. = 0.0340918
[2020-04-21 04:52:22.813] [jointLog] [info] iteration = 900 | max rel diff. = 0.344953
[2020-04-21 04:52:23.095] [jointLog] [info] iteration = 1,000 | max rel diff. = 0.261076
[2020-04-21 04:52:23.378] [jointLog] [info] iteration = 1,100 | max rel diff. = 0.0454733
[2020-04-21 04:52:23.661] [jointLog] [info] iteration = 1,200 | max rel diff. = 0.0507178
[2020-04-21 04:52:23.943] [jointLog] [info] iteration = 1,300 | max rel diff. = 0.0219957
[2020-04-21 04:52:24.149] [jointLog] [info] iteration = 1,374 | max rel diff. = 0.00450992
[2020-04-21 04:52:24.150] [jointLog] [info] Finished optimizer
[2020-04-21 04:52:24.150] [jointLog] [info] writing output 

