[2020-04-23 12:38:52.777] [jointLog] [info] Fragment incompatibility prior below threshold.  Incompatible fragments will be ignored.
[2020-04-23 12:38:52.777] [jointLog] [info] Usage of --validateMappings implies use of minScoreFraction. Since not explicitly specified, it is being set to 0.65
[2020-04-23 12:38:52.777] [jointLog] [info] Usage of --validateMappings implies a default consensus slack of 0.2. Setting consensusSlack to 0.35.
[2020-04-23 12:38:52.777] [jointLog] [info] parsing read library format
[2020-04-23 12:38:52.777] [jointLog] [info] There is 1 library.
[2020-04-23 12:38:52.898] [jointLog] [info] Loading pufferfish index
[2020-04-23 12:38:52.898] [jointLog] [info] Loading dense pufferfish index.
[2020-04-23 12:39:30.002] [jointLog] [info] done
[2020-04-23 12:39:30.002] [jointLog] [info] Index contained 52,598 targets
[2020-04-23 12:39:30.057] [jointLog] [info] Number of decoys : 993
[2020-04-23 12:39:30.057] [jointLog] [info] First decoy index : 51,591 
[2020-04-23 12:40:05.513] [jointLog] [info] Automatically detected most likely library type as SF
[2020-04-23 12:41:43.704] [jointLog] [info] Thread saw mini-batch with a maximum of 0.20% zero probability fragments
[2020-04-23 12:41:43.786] [jointLog] [info] Thread saw mini-batch with a maximum of 0.26% zero probability fragments
[2020-04-23 12:41:43.794] [jointLog] [info] Thread saw mini-batch with a maximum of 0.20% zero probability fragments
[2020-04-23 12:41:43.829] [jointLog] [info] Thread saw mini-batch with a maximum of 0.22% zero probability fragments
[2020-04-23 12:41:43.834] [jointLog] [info] Thread saw mini-batch with a maximum of 0.20% zero probability fragments
[2020-04-23 12:41:43.863] [jointLog] [info] Thread saw mini-batch with a maximum of 0.26% zero probability fragments
[2020-04-23 12:41:43.965] [jointLog] [info] Thread saw mini-batch with a maximum of 0.24% zero probability fragments
[2020-04-23 12:41:43.966] [jointLog] [info] Thread saw mini-batch with a maximum of 0.20% zero probability fragments
[2020-04-23 12:41:44.048] [jointLog] [info] Thread saw mini-batch with a maximum of 0.22% zero probability fragments
[2020-04-23 12:41:44.109] [jointLog] [info] Thread saw mini-batch with a maximum of 0.22% zero probability fragments
[2020-04-23 12:41:44.115] [jointLog] [info] Thread saw mini-batch with a maximum of 0.22% zero probability fragments
[2020-04-23 12:41:44.137] [jointLog] [info] Thread saw mini-batch with a maximum of 0.20% zero probability fragments
[2020-04-23 12:41:44.164] [jointLog] [info] Thread saw mini-batch with a maximum of 0.18% zero probability fragments
[2020-04-23 12:41:44.255] [jointLog] [info] Thread saw mini-batch with a maximum of 0.18% zero probability fragments
[2020-04-23 12:41:44.265] [jointLog] [info] Thread saw mini-batch with a maximum of 0.20% zero probability fragments
[2020-04-23 12:41:44.319] [jointLog] [info] Thread saw mini-batch with a maximum of 0.24% zero probability fragments
[2020-04-23 12:41:44.503] [jointLog] [info] Computed 312 rich equivalence classes for further processing
[2020-04-23 12:41:44.503] [jointLog] [info] Counted 45,530 total reads in the equivalence classes 
[2020-04-23 12:41:44.504] [fileLog] [info] 
At end of round 0
==================
Observed 13435912 total fragments (13435912 in most recent round)

[2020-04-23 12:41:44.614] [jointLog] [warning] 0.00410095% of fragments were shorter than the k used to build the index.
If this fraction is too large, consider re-building the index with a smaller k.
The minimum read size found was 15.


[2020-04-23 12:41:44.614] [jointLog] [info] Number of mappings discarded because of alignment score : 12,938,254
[2020-04-23 12:41:44.614] [jointLog] [info] Number of fragments entirely discarded because of alignment score : 174,828
[2020-04-23 12:41:44.614] [jointLog] [info] Number of fragments discarded because they are best-mapped to decoys : 59,519
[2020-04-23 12:41:44.614] [jointLog] [info] Number of fragments discarded because they have only dovetail (discordant) mappings to valid targets : 0
[2020-04-23 12:41:44.626] [jointLog] [warning] Only 45530 fragments were mapped, but the number of burn-in fragments was set to 5000000.
The effective lengths have been computed using the observed mappings.

[2020-04-23 12:41:44.626] [jointLog] [info] Mapping rate = 0.338868%

[2020-04-23 12:41:44.626] [jointLog] [info] finished quantifyLibrary()
[2020-04-23 12:41:44.627] [jointLog] [info] Starting optimizer
[2020-04-23 12:41:44.659] [jointLog] [info] Marked 0 weighted equivalence classes as degenerate
[2020-04-23 12:41:44.664] [jointLog] [info] iteration = 0 | max rel diff. = 31.2229
[2020-04-23 12:41:44.813] [jointLog] [info] iteration = 100 | max rel diff. = 0.000110224
[2020-04-23 12:41:44.815] [jointLog] [info] Finished optimizer
[2020-04-23 12:41:44.815] [jointLog] [info] writing output 

