[2020-04-21 04:51:14.044] [jointLog] [info] Fragment incompatibility prior below threshold.  Incompatible fragments will be ignored.
[2020-04-21 04:51:14.044] [jointLog] [info] Usage of --validateMappings implies use of minScoreFraction. Since not explicitly specified, it is being set to 0.65
[2020-04-21 04:51:14.044] [jointLog] [info] Usage of --validateMappings implies a default consensus slack of 0.2. Setting consensusSlack to 0.35.
[2020-04-21 04:51:14.044] [jointLog] [info] parsing read library format
[2020-04-21 04:51:14.044] [jointLog] [info] There is 1 library.
[2020-04-21 04:51:14.086] [jointLog] [info] Loading pufferfish index
[2020-04-21 04:51:14.087] [jointLog] [info] Loading dense pufferfish index.
[2020-04-21 04:51:26.286] [jointLog] [info] done
[2020-04-21 04:51:26.286] [jointLog] [info] Index contained 52,598 targets
[2020-04-21 04:51:26.304] [jointLog] [info] Number of decoys : 993
[2020-04-21 04:51:26.304] [jointLog] [info] First decoy index : 51,591 
[2020-04-21 04:51:26.609] [jointLog] [info] Automatically detected most likely library type as SR
[2020-04-21 04:51:42.331] [jointLog] [info] Thread saw mini-batch with a maximum of 0.42% zero probability fragments
[2020-04-21 04:51:42.332] [jointLog] [info] Thread saw mini-batch with a maximum of 0.44% zero probability fragments
[2020-04-21 04:51:42.335] [jointLog] [info] Thread saw mini-batch with a maximum of 0.52% zero probability fragments
[2020-04-21 04:51:42.337] [jointLog] [info] Thread saw mini-batch with a maximum of 0.44% zero probability fragments
[2020-04-21 04:51:42.346] [jointLog] [info] Thread saw mini-batch with a maximum of 0.46% zero probability fragments
[2020-04-21 04:51:42.348] [jointLog] [info] Thread saw mini-batch with a maximum of 0.42% zero probability fragments
[2020-04-21 04:51:42.352] [jointLog] [info] Thread saw mini-batch with a maximum of 0.42% zero probability fragments
[2020-04-21 04:51:42.353] [jointLog] [info] Thread saw mini-batch with a maximum of 0.38% zero probability fragments
[2020-04-21 04:51:42.356] [jointLog] [info] Thread saw mini-batch with a maximum of 0.40% zero probability fragments
[2020-04-21 04:51:42.363] [jointLog] [info] Thread saw mini-batch with a maximum of 0.46% zero probability fragments
[2020-04-21 04:51:42.367] [jointLog] [info] Thread saw mini-batch with a maximum of 0.40% zero probability fragments
[2020-04-21 04:51:42.368] [jointLog] [info] Thread saw mini-batch with a maximum of 0.46% zero probability fragments
[2020-04-21 04:51:42.371] [jointLog] [info] Thread saw mini-batch with a maximum of 0.46% zero probability fragments
[2020-04-21 04:51:42.378] [jointLog] [info] Thread saw mini-batch with a maximum of 0.42% zero probability fragments
[2020-04-21 04:51:42.380] [jointLog] [info] Thread saw mini-batch with a maximum of 0.42% zero probability fragments
[2020-04-21 04:51:42.381] [jointLog] [info] Thread saw mini-batch with a maximum of 0.40% zero probability fragments
[2020-04-21 04:51:42.460] [jointLog] [info] Computed 76,957 rich equivalence classes for further processing
[2020-04-21 04:51:42.460] [jointLog] [info] Counted 5,361,399 total reads in the equivalence classes 
[2020-04-21 04:51:42.474] [jointLog] [warning] 1.67298% of fragments were shorter than the k used to build the index.
If this fraction is too large, consider re-building the index with a smaller k.
The minimum read size found was 15.


[2020-04-21 04:51:42.474] [jointLog] [info] Number of mappings discarded because of alignment score : 4,086,457
[2020-04-21 04:51:42.474] [jointLog] [info] Number of fragments entirely discarded because of alignment score : 410,445
[2020-04-21 04:51:42.474] [jointLog] [info] Number of fragments discarded because they are best-mapped to decoys : 397,618
[2020-04-21 04:51:42.474] [jointLog] [info] Number of fragments discarded because they have only dovetail (discordant) mappings to valid targets : 0
[2020-04-21 04:51:42.474] [jointLog] [info] Mapping rate = 28.5716%

[2020-04-21 04:51:42.474] [jointLog] [info] finished quantifyLibrary()
[2020-04-21 04:51:42.475] [jointLog] [info] Starting optimizer
[2020-04-21 04:51:42.514] [jointLog] [info] Marked 0 weighted equivalence classes as degenerate
[2020-04-21 04:51:42.518] [jointLog] [info] iteration = 0 | max rel diff. = 9099.97
[2020-04-21 04:51:42.461] [fileLog] [info] 
At end of round 0
==================
Observed 18764780 total fragments (18764780 in most recent round)

[2020-04-21 04:51:42.756] [jointLog] [info] iteration = 100 | max rel diff. = 12.8201
[2020-04-21 04:51:42.986] [jointLog] [info] iteration = 200 | max rel diff. = 10.9513
[2020-04-21 04:51:43.209] [jointLog] [info] iteration = 300 | max rel diff. = 0.240008
[2020-04-21 04:51:43.433] [jointLog] [info] iteration = 400 | max rel diff. = 0.104464
[2020-04-21 04:51:43.656] [jointLog] [info] iteration = 500 | max rel diff. = 0.0630525
[2020-04-21 04:51:43.881] [jointLog] [info] iteration = 600 | max rel diff. = 0.0702746
[2020-04-21 04:51:44.105] [jointLog] [info] iteration = 700 | max rel diff. = 0.0928198
[2020-04-21 04:51:44.328] [jointLog] [info] iteration = 800 | max rel diff. = 0.0660465
[2020-04-21 04:51:44.553] [jointLog] [info] iteration = 900 | max rel diff. = 0.130933
[2020-04-21 04:51:44.777] [jointLog] [info] iteration = 1,000 | max rel diff. = 0.657137
[2020-04-21 04:51:44.949] [jointLog] [info] iteration = 1,078 | max rel diff. = 0.0058289
[2020-04-21 04:51:44.952] [jointLog] [info] Finished optimizer
[2020-04-21 04:51:44.952] [jointLog] [info] writing output 

