[2020-04-21 04:54:01.759] [jointLog] [info] Fragment incompatibility prior below threshold.  Incompatible fragments will be ignored.
[2020-04-21 04:54:01.759] [jointLog] [info] Usage of --validateMappings implies use of minScoreFraction. Since not explicitly specified, it is being set to 0.65
[2020-04-21 04:54:01.759] [jointLog] [info] Usage of --validateMappings implies a default consensus slack of 0.2. Setting consensusSlack to 0.35.
[2020-04-21 04:54:01.759] [jointLog] [info] parsing read library format
[2020-04-21 04:54:01.759] [jointLog] [info] There is 1 library.
[2020-04-21 04:54:01.800] [jointLog] [info] Loading pufferfish index
[2020-04-21 04:54:01.800] [jointLog] [info] Loading dense pufferfish index.
[2020-04-21 04:54:14.076] [jointLog] [info] done
[2020-04-21 04:54:14.076] [jointLog] [info] Index contained 52,598 targets
[2020-04-21 04:54:14.094] [jointLog] [info] Number of decoys : 993
[2020-04-21 04:54:14.094] [jointLog] [info] First decoy index : 51,591 
[2020-04-21 04:54:14.457] [jointLog] [info] Automatically detected most likely library type as SR
[2020-04-21 04:54:40.649] [jointLog] [info] Thread saw mini-batch with a maximum of 1.16% zero probability fragments
[2020-04-21 04:54:40.654] [jointLog] [info] Thread saw mini-batch with a maximum of 1.22% zero probability fragments
[2020-04-21 04:54:40.662] [jointLog] [info] Thread saw mini-batch with a maximum of 1.24% zero probability fragments
[2020-04-21 04:54:40.672] [jointLog] [info] Thread saw mini-batch with a maximum of 1.36% zero probability fragments
[2020-04-21 04:54:40.681] [jointLog] [info] Thread saw mini-batch with a maximum of 1.18% zero probability fragments
[2020-04-21 04:54:40.681] [jointLog] [info] Thread saw mini-batch with a maximum of 1.26% zero probability fragments
[2020-04-21 04:54:40.686] [jointLog] [info] Thread saw mini-batch with a maximum of 1.22% zero probability fragments
[2020-04-21 04:54:40.692] [jointLog] [info] Thread saw mini-batch with a maximum of 1.18% zero probability fragments
[2020-04-21 04:54:40.700] [jointLog] [info] Thread saw mini-batch with a maximum of 1.38% zero probability fragments
[2020-04-21 04:54:40.702] [jointLog] [info] Thread saw mini-batch with a maximum of 1.24% zero probability fragments
[2020-04-21 04:54:40.705] [jointLog] [info] Thread saw mini-batch with a maximum of 1.14% zero probability fragments
[2020-04-21 04:54:40.708] [jointLog] [info] Thread saw mini-batch with a maximum of 1.24% zero probability fragments
[2020-04-21 04:54:40.709] [jointLog] [info] Thread saw mini-batch with a maximum of 1.24% zero probability fragments
[2020-04-21 04:54:40.747] [jointLog] [info] Thread saw mini-batch with a maximum of 1.14% zero probability fragments
[2020-04-21 04:54:40.754] [jointLog] [info] Thread saw mini-batch with a maximum of 1.30% zero probability fragments
[2020-04-21 04:54:40.764] [jointLog] [info] Thread saw mini-batch with a maximum of 1.26% zero probability fragments
[2020-04-21 04:54:40.845] [jointLog] [info] Computed 88,319 rich equivalence classes for further processing
[2020-04-21 04:54:40.845] [jointLog] [info] Counted 5,241,382 total reads in the equivalence classes 
[2020-04-21 04:54:40.856] [jointLog] [warning] 0.628235% of fragments were shorter than the k used to build the index.
If this fraction is too large, consider re-building the index with a smaller k.
The minimum read size found was 15.


[2020-04-21 04:54:40.856] [jointLog] [info] Number of mappings discarded because of alignment score : 12,096,388
[2020-04-21 04:54:40.856] [jointLog] [info] Number of fragments entirely discarded because of alignment score : 639,631
[2020-04-21 04:54:40.856] [jointLog] [info] Number of fragments discarded because they are best-mapped to decoys : 620,704
[2020-04-21 04:54:40.856] [jointLog] [info] Number of fragments discarded because they have only dovetail (discordant) mappings to valid targets : 0
[2020-04-21 04:54:40.856] [jointLog] [info] Mapping rate = 33.7079%

[2020-04-21 04:54:40.856] [jointLog] [info] finished quantifyLibrary()
[2020-04-21 04:54:40.866] [jointLog] [info] Starting optimizer
[2020-04-21 04:54:40.897] [jointLog] [info] Marked 0 weighted equivalence classes as degenerate
[2020-04-21 04:54:40.901] [jointLog] [info] iteration = 0 | max rel diff. = 8752.7
[2020-04-21 04:54:40.846] [fileLog] [info] 
At end of round 0
==================
Observed 15549428 total fragments (15549428 in most recent round)

[2020-04-21 04:54:41.172] [jointLog] [info] iteration = 100 | max rel diff. = 18.0396
[2020-04-21 04:54:41.437] [jointLog] [info] iteration = 200 | max rel diff. = 4.42844
[2020-04-21 04:54:41.702] [jointLog] [info] iteration = 300 | max rel diff. = 0.515829
[2020-04-21 04:54:41.968] [jointLog] [info] iteration = 400 | max rel diff. = 0.113903
[2020-04-21 04:54:42.234] [jointLog] [info] iteration = 500 | max rel diff. = 0.0894742
[2020-04-21 04:54:42.500] [jointLog] [info] iteration = 600 | max rel diff. = 1.82923
[2020-04-21 04:54:42.765] [jointLog] [info] iteration = 700 | max rel diff. = 0.191433
[2020-04-21 04:54:43.030] [jointLog] [info] iteration = 800 | max rel diff. = 3.15516
[2020-04-21 04:54:43.139] [jointLog] [info] iteration = 842 | max rel diff. = 0.00611255
[2020-04-21 04:54:43.141] [jointLog] [info] Finished optimizer
[2020-04-21 04:54:43.141] [jointLog] [info] writing output 

