[2020-04-23 12:47:24.526] [jointLog] [info] Fragment incompatibility prior below threshold.  Incompatible fragments will be ignored.
[2020-04-23 12:47:24.526] [jointLog] [info] Usage of --validateMappings implies use of minScoreFraction. Since not explicitly specified, it is being set to 0.65
[2020-04-23 12:47:24.526] [jointLog] [info] Usage of --validateMappings implies a default consensus slack of 0.2. Setting consensusSlack to 0.35.
[2020-04-23 12:47:24.526] [jointLog] [info] parsing read library format
[2020-04-23 12:47:24.526] [jointLog] [info] There is 1 library.
[2020-04-23 12:47:24.648] [jointLog] [info] Loading pufferfish index
[2020-04-23 12:47:24.649] [jointLog] [info] Loading dense pufferfish index.
[2020-04-23 12:48:01.221] [jointLog] [info] done
[2020-04-23 12:48:01.221] [jointLog] [info] Index contained 52,598 targets
[2020-04-23 12:48:01.272] [jointLog] [info] Number of decoys : 993
[2020-04-23 12:48:01.272] [jointLog] [info] First decoy index : 51,591 
[2020-04-23 12:48:16.434] [jointLog] [info] Automatically detected most likely library type as U
[2020-04-23 12:50:41.693] [fileLog] [info] 
At end of round 0
==================
Observed 16008297 total fragments (16008297 in most recent round)

[2020-04-23 12:50:41.692] [jointLog] [info] Computed 523 rich equivalence classes for further processing
[2020-04-23 12:50:41.692] [jointLog] [info] Counted 153,617 total reads in the equivalence classes 
[2020-04-23 12:50:41.776] [jointLog] [warning] 0.00527851% of fragments were shorter than the k used to build the index.
If this fraction is too large, consider re-building the index with a smaller k.
The minimum read size found was 15.


[2020-04-23 12:50:41.776] [jointLog] [info] Number of mappings discarded because of alignment score : 16,220,741
[2020-04-23 12:50:41.776] [jointLog] [info] Number of fragments entirely discarded because of alignment score : 432,068
[2020-04-23 12:50:41.776] [jointLog] [info] Number of fragments discarded because they are best-mapped to decoys : 286,509
[2020-04-23 12:50:41.776] [jointLog] [info] Number of fragments discarded because they have only dovetail (discordant) mappings to valid targets : 0
[2020-04-23 12:50:41.785] [jointLog] [warning] Only 153617 fragments were mapped, but the number of burn-in fragments was set to 5000000.
The effective lengths have been computed using the observed mappings.

[2020-04-23 12:50:41.785] [jointLog] [info] Mapping rate = 0.959609%

[2020-04-23 12:50:41.785] [jointLog] [info] finished quantifyLibrary()
[2020-04-23 12:50:41.787] [jointLog] [info] Starting optimizer
[2020-04-23 12:50:41.820] [jointLog] [info] Marked 0 weighted equivalence classes as degenerate
[2020-04-23 12:50:41.826] [jointLog] [info] iteration = 0 | max rel diff. = 146.465
[2020-04-23 12:50:41.982] [jointLog] [info] iteration = 100 | max rel diff. = 2.8386e-06
[2020-04-23 12:50:41.984] [jointLog] [info] Finished optimizer
[2020-04-23 12:50:41.984] [jointLog] [info] writing output 

[2020-04-23 12:50:42.233] [jointLog] [warning] NOTE: Read Lib [[ /fast/users/a1647910/20200310_rRNADepletion/2_alignedDataBwa/fastq/ERR2682253_1.fastq.gz ]] :

Detected a *potential* strand bias > 1% in an unstranded protocol check the file: /fast/users/a1647910/20200310_rRNADepletion/4_alignedDataSalmon/quant/ERR2682253_1/lib_format_counts.json for details

