                                 Started job on |	Sep 09 17:24:02
                             Started mapping on |	Sep 09 17:24:21
                                    Finished on |	Sep 09 17:34:02
       Mapping speed, Million of reads per hour |	208.30

                          Number of input reads |	33616951
                      Average input read length |	264
                                    UNIQUE READS:
                   Uniquely mapped reads number |	28364667
                        Uniquely mapped reads % |	84.38%
                          Average mapped length |	266.06
                       Number of splices: Total |	10658922
            Number of splices: Annotated (sjdb) |	10051704
                       Number of splices: GT/AG |	10468399
                       Number of splices: GC/AG |	89210
                       Number of splices: AT/AC |	8853
               Number of splices: Non-canonical |	92460
                      Mismatch rate per base, % |	0.51%
                         Deletion rate per base |	0.05%
                        Deletion average length |	2.57
                        Insertion rate per base |	0.03%
                       Insertion average length |	2.50
                             MULTI-MAPPING READS:
        Number of reads mapped to multiple loci |	4060380
             % of reads mapped to multiple loci |	12.08%
        Number of reads mapped to too many loci |	111298
             % of reads mapped to too many loci |	0.33%
                                  UNMAPPED READS:
       % of reads unmapped: too many mismatches |	0.00%
                 % of reads unmapped: too short |	3.01%
                     % of reads unmapped: other |	0.21%
                                  CHIMERIC READS:
                       Number of chimeric reads |	0
                            % of chimeric reads |	0.00%
