                                 Started job on |	Sep 09 17:34:08
                             Started mapping on |	Sep 09 17:34:19
                                    Finished on |	Sep 09 17:43:45
       Mapping speed, Million of reads per hour |	213.92

                          Number of input reads |	33633649
                      Average input read length |	262
                                    UNIQUE READS:
                   Uniquely mapped reads number |	28695588
                        Uniquely mapped reads % |	85.32%
                          Average mapped length |	264.66
                       Number of splices: Total |	10927961
            Number of splices: Annotated (sjdb) |	10316002
                       Number of splices: GT/AG |	10742132
                       Number of splices: GC/AG |	93079
                       Number of splices: AT/AC |	8912
               Number of splices: Non-canonical |	83838
                      Mismatch rate per base, % |	0.48%
                         Deletion rate per base |	0.05%
                        Deletion average length |	2.55
                        Insertion rate per base |	0.03%
                       Insertion average length |	2.48
                             MULTI-MAPPING READS:
        Number of reads mapped to multiple loci |	3810628
             % of reads mapped to multiple loci |	11.33%
        Number of reads mapped to too many loci |	90713
             % of reads mapped to too many loci |	0.27%
                                  UNMAPPED READS:
       % of reads unmapped: too many mismatches |	0.00%
                 % of reads unmapped: too short |	2.89%
                     % of reads unmapped: other |	0.19%
                                  CHIMERIC READS:
                       Number of chimeric reads |	0
                            % of chimeric reads |	0.00%
