                                 Started job on |	Sep 09 17:43:50
                             Started mapping on |	Sep 09 17:44:06
                                    Finished on |	Sep 09 17:53:01
       Mapping speed, Million of reads per hour |	219.96

                          Number of input reads |	32688932
                      Average input read length |	259
                                    UNIQUE READS:
                   Uniquely mapped reads number |	25709036
                        Uniquely mapped reads % |	78.65%
                          Average mapped length |	263.82
                       Number of splices: Total |	10209307
            Number of splices: Annotated (sjdb) |	9669329
                       Number of splices: GT/AG |	10048788
                       Number of splices: GC/AG |	85696
                       Number of splices: AT/AC |	7478
               Number of splices: Non-canonical |	67345
                      Mismatch rate per base, % |	0.46%
                         Deletion rate per base |	0.04%
                        Deletion average length |	2.50
                        Insertion rate per base |	0.03%
                       Insertion average length |	2.29
                             MULTI-MAPPING READS:
        Number of reads mapped to multiple loci |	6078053
             % of reads mapped to multiple loci |	18.59%
        Number of reads mapped to too many loci |	62048
             % of reads mapped to too many loci |	0.19%
                                  UNMAPPED READS:
       % of reads unmapped: too many mismatches |	0.00%
                 % of reads unmapped: too short |	2.44%
                     % of reads unmapped: other |	0.13%
                                  CHIMERIC READS:
                       Number of chimeric reads |	0
                            % of chimeric reads |	0.00%
