                                 Started job on |	Sep 09 18:03:59
                             Started mapping on |	Sep 09 18:04:12
                                    Finished on |	Sep 09 18:14:10
       Mapping speed, Million of reads per hour |	202.94

                          Number of input reads |	33710024
                      Average input read length |	264
                                    UNIQUE READS:
                   Uniquely mapped reads number |	28516402
                        Uniquely mapped reads % |	84.59%
                          Average mapped length |	265.56
                       Number of splices: Total |	10199562
            Number of splices: Annotated (sjdb) |	9550425
                       Number of splices: GT/AG |	10001800
                       Number of splices: GC/AG |	86976
                       Number of splices: AT/AC |	8685
               Number of splices: Non-canonical |	102101
                      Mismatch rate per base, % |	0.53%
                         Deletion rate per base |	0.06%
                        Deletion average length |	2.62
                        Insertion rate per base |	0.04%
                       Insertion average length |	2.46
                             MULTI-MAPPING READS:
        Number of reads mapped to multiple loci |	3916550
             % of reads mapped to multiple loci |	11.62%
        Number of reads mapped to too many loci |	111904
             % of reads mapped to too many loci |	0.33%
                                  UNMAPPED READS:
       % of reads unmapped: too many mismatches |	0.00%
                 % of reads unmapped: too short |	3.26%
                     % of reads unmapped: other |	0.19%
                                  CHIMERIC READS:
                       Number of chimeric reads |	0
                            % of chimeric reads |	0.00%
