                                 Started job on |	Sep 09 18:14:15
                             Started mapping on |	Sep 09 18:14:31
                                    Finished on |	Sep 09 18:23:09
       Mapping speed, Million of reads per hour |	208.81

                          Number of input reads |	30045929
                      Average input read length |	263
                                    UNIQUE READS:
                   Uniquely mapped reads number |	26026825
                        Uniquely mapped reads % |	86.62%
                          Average mapped length |	264.99
                       Number of splices: Total |	10519343
            Number of splices: Annotated (sjdb) |	9898839
                       Number of splices: GT/AG |	10336585
                       Number of splices: GC/AG |	90863
                       Number of splices: AT/AC |	8476
               Number of splices: Non-canonical |	83419
                      Mismatch rate per base, % |	0.50%
                         Deletion rate per base |	0.05%
                        Deletion average length |	2.61
                        Insertion rate per base |	0.03%
                       Insertion average length |	2.45
                             MULTI-MAPPING READS:
        Number of reads mapped to multiple loci |	2939184
             % of reads mapped to multiple loci |	9.78%
        Number of reads mapped to too many loci |	88566
             % of reads mapped to too many loci |	0.29%
                                  UNMAPPED READS:
       % of reads unmapped: too many mismatches |	0.00%
                 % of reads unmapped: too short |	3.10%
                     % of reads unmapped: other |	0.20%
                                  CHIMERIC READS:
                       Number of chimeric reads |	0
                            % of chimeric reads |	0.00%
