                                 Started job on |	Sep 09 18:43:29
                             Started mapping on |	Sep 09 18:43:47
                                    Finished on |	Sep 09 18:52:37
       Mapping speed, Million of reads per hour |	180.39

                          Number of input reads |	26558035
                      Average input read length |	264
                                    UNIQUE READS:
                   Uniquely mapped reads number |	23048117
                        Uniquely mapped reads % |	86.78%
                          Average mapped length |	265.16
                       Number of splices: Total |	10905556
            Number of splices: Annotated (sjdb) |	10178562
                       Number of splices: GT/AG |	10704736
                       Number of splices: GC/AG |	97408
                       Number of splices: AT/AC |	8587
               Number of splices: Non-canonical |	94825
                      Mismatch rate per base, % |	0.55%
                         Deletion rate per base |	0.05%
                        Deletion average length |	2.79
                        Insertion rate per base |	0.03%
                       Insertion average length |	2.70
                             MULTI-MAPPING READS:
        Number of reads mapped to multiple loci |	2171085
             % of reads mapped to multiple loci |	8.17%
        Number of reads mapped to too many loci |	128736
             % of reads mapped to too many loci |	0.48%
                                  UNMAPPED READS:
       % of reads unmapped: too many mismatches |	0.00%
                 % of reads unmapped: too short |	4.28%
                     % of reads unmapped: other |	0.27%
                                  CHIMERIC READS:
                       Number of chimeric reads |	0
                            % of chimeric reads |	0.00%
