                                 Started job on |	Sep 30 15:10:53
                             Started mapping on |	Sep 30 15:11:15
                                    Finished on |	Sep 30 15:13:14
       Mapping speed, Million of reads per hour |	882.54

                          Number of input reads |	29172958
                      Average input read length |	74
                                    UNIQUE READS:
                   Uniquely mapped reads number |	27112042
                        Uniquely mapped reads % |	92.94%
                          Average mapped length |	74.66
                       Number of splices: Total |	4383724
            Number of splices: Annotated (sjdb) |	4194112
                       Number of splices: GT/AG |	4320017
                       Number of splices: GC/AG |	34972
                       Number of splices: AT/AC |	3894
               Number of splices: Non-canonical |	24841
                      Mismatch rate per base, % |	0.68%
                         Deletion rate per base |	0.04%
                        Deletion average length |	1.94
                        Insertion rate per base |	0.02%
                       Insertion average length |	1.73
                             MULTI-MAPPING READS:
        Number of reads mapped to multiple loci |	1037967
             % of reads mapped to multiple loci |	3.56%
        Number of reads mapped to too many loci |	178500
             % of reads mapped to too many loci |	0.61%
                                  UNMAPPED READS:
       % of reads unmapped: too many mismatches |	0.00%
                 % of reads unmapped: too short |	2.26%
                     % of reads unmapped: other |	0.64%
                                  CHIMERIC READS:
                       Number of chimeric reads |	0
                            % of chimeric reads |	0.00%
