                                 Started job on |	Sep 30 15:21:31
                             Started mapping on |	Sep 30 15:21:40
                                    Finished on |	Sep 30 15:24:38
       Mapping speed, Million of reads per hour |	890.26

                          Number of input reads |	44018259
                      Average input read length |	75
                                    UNIQUE READS:
                   Uniquely mapped reads number |	41039239
                        Uniquely mapped reads % |	93.23%
                          Average mapped length |	74.71
                       Number of splices: Total |	6794527
            Number of splices: Annotated (sjdb) |	6494947
                       Number of splices: GT/AG |	6699089
                       Number of splices: GC/AG |	53790
                       Number of splices: AT/AC |	5816
               Number of splices: Non-canonical |	35832
                      Mismatch rate per base, % |	0.67%
                         Deletion rate per base |	0.04%
                        Deletion average length |	1.93
                        Insertion rate per base |	0.02%
                       Insertion average length |	1.76
                             MULTI-MAPPING READS:
        Number of reads mapped to multiple loci |	1418878
             % of reads mapped to multiple loci |	3.22%
        Number of reads mapped to too many loci |	251799
             % of reads mapped to too many loci |	0.57%
                                  UNMAPPED READS:
       % of reads unmapped: too many mismatches |	0.00%
                 % of reads unmapped: too short |	2.19%
                     % of reads unmapped: other |	0.78%
                                  CHIMERIC READS:
                       Number of chimeric reads |	0
                            % of chimeric reads |	0.00%
