                                 Started job on |	Sep 30 15:26:51
                             Started mapping on |	Sep 30 15:26:59
                                    Finished on |	Sep 30 15:29:06
       Mapping speed, Million of reads per hour |	883.75

                          Number of input reads |	31176718
                      Average input read length |	75
                                    UNIQUE READS:
                   Uniquely mapped reads number |	29059310
                        Uniquely mapped reads % |	93.21%
                          Average mapped length |	74.67
                       Number of splices: Total |	4370534
            Number of splices: Annotated (sjdb) |	4166382
                       Number of splices: GT/AG |	4302447
                       Number of splices: GC/AG |	35349
                       Number of splices: AT/AC |	3806
               Number of splices: Non-canonical |	28932
                      Mismatch rate per base, % |	0.70%
                         Deletion rate per base |	0.04%
                        Deletion average length |	1.95
                        Insertion rate per base |	0.03%
                       Insertion average length |	1.70
                             MULTI-MAPPING READS:
        Number of reads mapped to multiple loci |	1036969
             % of reads mapped to multiple loci |	3.33%
        Number of reads mapped to too many loci |	177124
             % of reads mapped to too many loci |	0.57%
                                  UNMAPPED READS:
       % of reads unmapped: too many mismatches |	0.00%
                 % of reads unmapped: too short |	2.37%
                     % of reads unmapped: other |	0.53%
                                  CHIMERIC READS:
                       Number of chimeric reads |	0
                            % of chimeric reads |	0.00%
