[2020-04-21 05:03:41.885] [jointLog] [info] Fragment incompatibility prior below threshold.  Incompatible fragments will be ignored.
[2020-04-21 05:03:41.885] [jointLog] [info] Usage of --validateMappings implies use of minScoreFraction. Since not explicitly specified, it is being set to 0.65
[2020-04-21 05:03:41.885] [jointLog] [info] Usage of --validateMappings implies a default consensus slack of 0.2. Setting consensusSlack to 0.35.
[2020-04-21 05:03:41.885] [jointLog] [info] parsing read library format
[2020-04-21 05:03:41.885] [jointLog] [info] There is 1 library.
[2020-04-21 05:03:41.925] [jointLog] [info] Loading pufferfish index
[2020-04-21 05:03:41.926] [jointLog] [info] Loading dense pufferfish index.
[2020-04-21 05:03:54.200] [jointLog] [info] done
[2020-04-21 05:03:54.200] [jointLog] [info] Index contained 52,598 targets
[2020-04-21 05:03:54.218] [jointLog] [info] Number of decoys : 993
[2020-04-21 05:03:54.218] [jointLog] [info] First decoy index : 51,591 
[2020-04-21 05:03:54.502] [jointLog] [info] Automatically detected most likely library type as SR
[2020-04-21 05:04:16.748] [jointLog] [info] Thread saw mini-batch with a maximum of 0.74% zero probability fragments
[2020-04-21 05:04:16.758] [jointLog] [info] Thread saw mini-batch with a maximum of 0.76% zero probability fragments
[2020-04-21 05:04:16.764] [jointLog] [info] Thread saw mini-batch with a maximum of 0.78% zero probability fragments
[2020-04-21 05:04:16.764] [jointLog] [info] Thread saw mini-batch with a maximum of 0.80% zero probability fragments
[2020-04-21 05:04:16.773] [jointLog] [info] Thread saw mini-batch with a maximum of 0.72% zero probability fragments
[2020-04-21 05:04:16.774] [jointLog] [info] Thread saw mini-batch with a maximum of 0.84% zero probability fragments
[2020-04-21 05:04:16.777] [jointLog] [info] Thread saw mini-batch with a maximum of 0.76% zero probability fragments
[2020-04-21 05:04:16.798] [jointLog] [info] Thread saw mini-batch with a maximum of 0.74% zero probability fragments
[2020-04-21 05:04:16.804] [jointLog] [info] Thread saw mini-batch with a maximum of 0.70% zero probability fragments
[2020-04-21 05:04:16.813] [jointLog] [info] Thread saw mini-batch with a maximum of 0.78% zero probability fragments
[2020-04-21 05:04:16.820] [jointLog] [info] Thread saw mini-batch with a maximum of 0.78% zero probability fragments
[2020-04-21 05:04:16.827] [jointLog] [info] Thread saw mini-batch with a maximum of 0.74% zero probability fragments
[2020-04-21 05:04:16.827] [jointLog] [info] Thread saw mini-batch with a maximum of 0.68% zero probability fragments
[2020-04-21 05:04:16.829] [jointLog] [info] Thread saw mini-batch with a maximum of 0.86% zero probability fragments
[2020-04-21 05:04:16.830] [jointLog] [info] Thread saw mini-batch with a maximum of 0.74% zero probability fragments
[2020-04-21 05:04:16.833] [jointLog] [info] Thread saw mini-batch with a maximum of 0.76% zero probability fragments
[2020-04-21 05:04:16.914] [jointLog] [info] Computed 91,607 rich equivalence classes for further processing
[2020-04-21 05:04:16.914] [jointLog] [info] Counted 9,554,698 total reads in the equivalence classes 
[2020-04-21 05:04:16.925] [jointLog] [warning] 0.0679681% of fragments were shorter than the k used to build the index.
If this fraction is too large, consider re-building the index with a smaller k.
The minimum read size found was 15.


[2020-04-21 05:04:16.925] [jointLog] [info] Number of mappings discarded because of alignment score : 10,082,939
[2020-04-21 05:04:16.925] [jointLog] [info] Number of fragments entirely discarded because of alignment score : 484,011
[2020-04-21 05:04:16.925] [jointLog] [info] Number of fragments discarded because they are best-mapped to decoys : 458,399
[2020-04-21 05:04:16.925] [jointLog] [info] Number of fragments discarded because they have only dovetail (discordant) mappings to valid targets : 0
[2020-04-21 05:04:16.925] [jointLog] [info] Mapping rate = 49.9742%

[2020-04-21 05:04:16.925] [jointLog] [info] finished quantifyLibrary()
[2020-04-21 05:04:16.926] [jointLog] [info] Starting optimizer
[2020-04-21 05:04:16.963] [jointLog] [info] Marked 0 weighted equivalence classes as degenerate
[2020-04-21 05:04:16.966] [jointLog] [info] iteration = 0 | max rel diff. = 14647.5
[2020-04-21 05:04:16.915] [fileLog] [info] 
At end of round 0
==================
Observed 19119259 total fragments (19119259 in most recent round)

[2020-04-21 05:04:17.238] [jointLog] [info] iteration = 100 | max rel diff. = 7.64348
[2020-04-21 05:04:17.505] [jointLog] [info] iteration = 200 | max rel diff. = 11.5227
[2020-04-21 05:04:17.764] [jointLog] [info] iteration = 300 | max rel diff. = 8.01414
[2020-04-21 05:04:18.024] [jointLog] [info] iteration = 400 | max rel diff. = 6.64119
[2020-04-21 05:04:18.285] [jointLog] [info] iteration = 500 | max rel diff. = 0.227927
[2020-04-21 05:04:18.544] [jointLog] [info] iteration = 600 | max rel diff. = 0.147651
[2020-04-21 05:04:18.803] [jointLog] [info] iteration = 700 | max rel diff. = 0.37767
[2020-04-21 05:04:19.061] [jointLog] [info] iteration = 800 | max rel diff. = 0.388706
[2020-04-21 05:04:19.319] [jointLog] [info] iteration = 900 | max rel diff. = 0.0155798
[2020-04-21 05:04:19.577] [jointLog] [info] iteration = 1,000 | max rel diff. = 0.0549424
[2020-04-21 05:04:19.835] [jointLog] [info] iteration = 1,100 | max rel diff. = 0.120946
[2020-04-21 05:04:20.095] [jointLog] [info] iteration = 1,200 | max rel diff. = 0.0616371
[2020-04-21 05:04:20.167] [jointLog] [info] iteration = 1,229 | max rel diff. = 0.00908638
[2020-04-21 05:04:20.171] [jointLog] [info] Finished optimizer
[2020-04-21 05:04:20.171] [jointLog] [info] writing output 

