                                 Started job on |	Nov 30 13:26:13
                             Started mapping on |	Nov 30 13:27:04
                                    Finished on |	Nov 30 13:31:02
       Mapping speed, Million of reads per hour |	324.89

                          Number of input reads |	21478979
                      Average input read length |	195
                                    UNIQUE READS:
                   Uniquely mapped reads number |	19071605
                        Uniquely mapped reads % |	88.79%
                          Average mapped length |	195.30
                       Number of splices: Total |	10793565
            Number of splices: Annotated (sjdb) |	10700666
                       Number of splices: GT/AG |	10685546
                       Number of splices: GC/AG |	83360
                       Number of splices: AT/AC |	11092
               Number of splices: Non-canonical |	13567
                      Mismatch rate per base, % |	0.15%
                         Deletion rate per base |	0.01%
                        Deletion average length |	1.62
                        Insertion rate per base |	0.00%
                       Insertion average length |	1.49
                             MULTI-MAPPING READS:
        Number of reads mapped to multiple loci |	2226938
             % of reads mapped to multiple loci |	10.37%
        Number of reads mapped to too many loci |	31015
             % of reads mapped to too many loci |	0.14%
                                  UNMAPPED READS:
       % of reads unmapped: too many mismatches |	0.00%
                 % of reads unmapped: too short |	0.65%
                     % of reads unmapped: other |	0.05%
                                  CHIMERIC READS:
                       Number of chimeric reads |	0
                            % of chimeric reads |	0.00%
