                                 Started job on |	Nov 30 13:41:09
                             Started mapping on |	Nov 30 13:41:50
                                    Finished on |	Nov 30 13:45:53
       Mapping speed, Million of reads per hour |	302.85

                          Number of input reads |	20442075
                      Average input read length |	195
                                    UNIQUE READS:
                   Uniquely mapped reads number |	18343838
                        Uniquely mapped reads % |	89.74%
                          Average mapped length |	195.37
                       Number of splices: Total |	9640955
            Number of splices: Annotated (sjdb) |	9554052
                       Number of splices: GT/AG |	9540656
                       Number of splices: GC/AG |	75737
                       Number of splices: AT/AC |	9855
               Number of splices: Non-canonical |	14707
                      Mismatch rate per base, % |	0.16%
                         Deletion rate per base |	0.01%
                        Deletion average length |	1.65
                        Insertion rate per base |	0.00%
                       Insertion average length |	1.53
                             MULTI-MAPPING READS:
        Number of reads mapped to multiple loci |	1912059
             % of reads mapped to multiple loci |	9.35%
        Number of reads mapped to too many loci |	29948
             % of reads mapped to too many loci |	0.15%
                                  UNMAPPED READS:
       % of reads unmapped: too many mismatches |	0.00%
                 % of reads unmapped: too short |	0.68%
                     % of reads unmapped: other |	0.08%
                                  CHIMERIC READS:
                       Number of chimeric reads |	0
                            % of chimeric reads |	0.00%
