                                 Started job on |	Nov 30 13:45:57
                             Started mapping on |	Nov 30 13:46:36
                                    Finished on |	Nov 30 13:49:36
       Mapping speed, Million of reads per hour |	313.34

                          Number of input reads |	15666971
                      Average input read length |	195
                                    UNIQUE READS:
                   Uniquely mapped reads number |	13663322
                        Uniquely mapped reads % |	87.21%
                          Average mapped length |	195.53
                       Number of splices: Total |	7374811
            Number of splices: Annotated (sjdb) |	7311420
                       Number of splices: GT/AG |	7299988
                       Number of splices: GC/AG |	57230
                       Number of splices: AT/AC |	7672
               Number of splices: Non-canonical |	9921
                      Mismatch rate per base, % |	0.15%
                         Deletion rate per base |	0.01%
                        Deletion average length |	1.64
                        Insertion rate per base |	0.00%
                       Insertion average length |	1.48
                             MULTI-MAPPING READS:
        Number of reads mapped to multiple loci |	1855755
             % of reads mapped to multiple loci |	11.85%
        Number of reads mapped to too many loci |	26399
             % of reads mapped to too many loci |	0.17%
                                  UNMAPPED READS:
       % of reads unmapped: too many mismatches |	0.00%
                 % of reads unmapped: too short |	0.72%
                     % of reads unmapped: other |	0.06%
                                  CHIMERIC READS:
                       Number of chimeric reads |	0
                            % of chimeric reads |	0.00%
