                                 Started job on |	Nov 30 13:37:00
                             Started mapping on |	Nov 30 13:37:41
                                    Finished on |	Nov 30 13:41:05
       Mapping speed, Million of reads per hour |	318.18

                          Number of input reads |	18030013
                      Average input read length |	192
                                    UNIQUE READS:
                   Uniquely mapped reads number |	15879125
                        Uniquely mapped reads % |	88.07%
                          Average mapped length |	192.48
                       Number of splices: Total |	8517270
            Number of splices: Annotated (sjdb) |	8442681
                       Number of splices: GT/AG |	8430248
                       Number of splices: GC/AG |	67041
                       Number of splices: AT/AC |	8722
               Number of splices: Non-canonical |	11259
                      Mismatch rate per base, % |	0.15%
                         Deletion rate per base |	0.01%
                        Deletion average length |	1.64
                        Insertion rate per base |	0.00%
                       Insertion average length |	1.46
                             MULTI-MAPPING READS:
        Number of reads mapped to multiple loci |	2024550
             % of reads mapped to multiple loci |	11.23%
        Number of reads mapped to too many loci |	35333
             % of reads mapped to too many loci |	0.20%
                                  UNMAPPED READS:
       % of reads unmapped: too many mismatches |	0.00%
                 % of reads unmapped: too short |	0.44%
                     % of reads unmapped: other |	0.06%
                                  CHIMERIC READS:
                       Number of chimeric reads |	0
                            % of chimeric reads |	0.00%
