                                 Started job on |	Nov 30 13:31:06
                             Started mapping on |	Nov 30 13:31:47
                                    Finished on |	Nov 30 13:36:55
       Mapping speed, Million of reads per hour |	300.80

                          Number of input reads |	25735014
                      Average input read length |	196
                                    UNIQUE READS:
                   Uniquely mapped reads number |	22944803
                        Uniquely mapped reads % |	89.16%
                          Average mapped length |	195.92
                       Number of splices: Total |	12053622
            Number of splices: Annotated (sjdb) |	11945145
                       Number of splices: GT/AG |	11930396
                       Number of splices: GC/AG |	93261
                       Number of splices: AT/AC |	12415
               Number of splices: Non-canonical |	17550
                      Mismatch rate per base, % |	0.15%
                         Deletion rate per base |	0.01%
                        Deletion average length |	1.64
                        Insertion rate per base |	0.00%
                       Insertion average length |	1.53
                             MULTI-MAPPING READS:
        Number of reads mapped to multiple loci |	2607867
             % of reads mapped to multiple loci |	10.13%
        Number of reads mapped to too many loci |	40377
             % of reads mapped to too many loci |	0.16%
                                  UNMAPPED READS:
       % of reads unmapped: too many mismatches |	0.00%
                 % of reads unmapped: too short |	0.49%
                     % of reads unmapped: other |	0.06%
                                  CHIMERIC READS:
                       Number of chimeric reads |	0
                            % of chimeric reads |	0.00%
