                                 Started job on |	Nov 30 14:27:03
                             Started mapping on |	Nov 30 14:27:42
                                    Finished on |	Nov 30 14:30:58
       Mapping speed, Million of reads per hour |	283.11

                          Number of input reads |	15413546
                      Average input read length |	194
                                    UNIQUE READS:
                   Uniquely mapped reads number |	13806694
                        Uniquely mapped reads % |	89.58%
                          Average mapped length |	194.45
                       Number of splices: Total |	6193691
            Number of splices: Annotated (sjdb) |	6127602
                       Number of splices: GT/AG |	6127490
                       Number of splices: GC/AG |	46481
                       Number of splices: AT/AC |	6461
               Number of splices: Non-canonical |	13259
                      Mismatch rate per base, % |	0.17%
                         Deletion rate per base |	0.01%
                        Deletion average length |	1.69
                        Insertion rate per base |	0.00%
                       Insertion average length |	1.65
                             MULTI-MAPPING READS:
        Number of reads mapped to multiple loci |	1377106
             % of reads mapped to multiple loci |	8.93%
        Number of reads mapped to too many loci |	32470
             % of reads mapped to too many loci |	0.21%
                                  UNMAPPED READS:
       % of reads unmapped: too many mismatches |	0.00%
                 % of reads unmapped: too short |	1.12%
                     % of reads unmapped: other |	0.16%
                                  CHIMERIC READS:
                       Number of chimeric reads |	0
                            % of chimeric reads |	0.00%
