                                 Started job on |	Nov 30 14:03:30
                             Started mapping on |	Nov 30 14:04:14
                                    Finished on |	Nov 30 14:09:10
       Mapping speed, Million of reads per hour |	332.62

                          Number of input reads |	27348995
                      Average input read length |	194
                                    UNIQUE READS:
                   Uniquely mapped reads number |	24487270
                        Uniquely mapped reads % |	89.54%
                          Average mapped length |	194.48
                       Number of splices: Total |	12325692
            Number of splices: Annotated (sjdb) |	12202009
                       Number of splices: GT/AG |	12202643
                       Number of splices: GC/AG |	92941
                       Number of splices: AT/AC |	12173
               Number of splices: Non-canonical |	17935
                      Mismatch rate per base, % |	0.16%
                         Deletion rate per base |	0.01%
                        Deletion average length |	1.61
                        Insertion rate per base |	0.00%
                       Insertion average length |	1.49
                             MULTI-MAPPING READS:
        Number of reads mapped to multiple loci |	2692183
             % of reads mapped to multiple loci |	9.84%
        Number of reads mapped to too many loci |	50209
             % of reads mapped to too many loci |	0.18%
                                  UNMAPPED READS:
       % of reads unmapped: too many mismatches |	0.00%
                 % of reads unmapped: too short |	0.36%
                     % of reads unmapped: other |	0.08%
                                  CHIMERIC READS:
                       Number of chimeric reads |	0
                            % of chimeric reads |	0.00%
