                                 Started job on |	Nov 30 13:59:26
                             Started mapping on |	Nov 30 14:00:08
                                    Finished on |	Nov 30 14:03:26
       Mapping speed, Million of reads per hour |	342.36

                          Number of input reads |	18829933
                      Average input read length |	194
                                    UNIQUE READS:
                   Uniquely mapped reads number |	16719859
                        Uniquely mapped reads % |	88.79%
                          Average mapped length |	194.72
                       Number of splices: Total |	8333227
            Number of splices: Annotated (sjdb) |	8248316
                       Number of splices: GT/AG |	8250057
                       Number of splices: GC/AG |	62000
                       Number of splices: AT/AC |	8294
               Number of splices: Non-canonical |	12876
                      Mismatch rate per base, % |	0.16%
                         Deletion rate per base |	0.01%
                        Deletion average length |	1.61
                        Insertion rate per base |	0.00%
                       Insertion average length |	1.51
                             MULTI-MAPPING READS:
        Number of reads mapped to multiple loci |	1953452
             % of reads mapped to multiple loci |	10.37%
        Number of reads mapped to too many loci |	35993
             % of reads mapped to too many loci |	0.19%
                                  UNMAPPED READS:
       % of reads unmapped: too many mismatches |	0.00%
                 % of reads unmapped: too short |	0.55%
                     % of reads unmapped: other |	0.09%
                                  CHIMERIC READS:
                       Number of chimeric reads |	0
                            % of chimeric reads |	0.00%
