                                 Started job on |	Nov 30 14:22:04
                             Started mapping on |	Nov 30 14:22:50
                                    Finished on |	Nov 30 14:26:59
       Mapping speed, Million of reads per hour |	275.55

                          Number of input reads |	19059147
                      Average input read length |	196
                                    UNIQUE READS:
                   Uniquely mapped reads number |	17690638
                        Uniquely mapped reads % |	92.82%
                          Average mapped length |	196.17
                       Number of splices: Total |	9274565
            Number of splices: Annotated (sjdb) |	9190851
                       Number of splices: GT/AG |	9181407
                       Number of splices: GC/AG |	70921
                       Number of splices: AT/AC |	9614
               Number of splices: Non-canonical |	12623
                      Mismatch rate per base, % |	0.16%
                         Deletion rate per base |	0.01%
                        Deletion average length |	1.64
                        Insertion rate per base |	0.00%
                       Insertion average length |	1.58
                             MULTI-MAPPING READS:
        Number of reads mapped to multiple loci |	1143018
             % of reads mapped to multiple loci |	6.00%
        Number of reads mapped to too many loci |	27779
             % of reads mapped to too many loci |	0.15%
                                  UNMAPPED READS:
       % of reads unmapped: too many mismatches |	0.00%
                 % of reads unmapped: too short |	0.95%
                     % of reads unmapped: other |	0.08%
                                  CHIMERIC READS:
                       Number of chimeric reads |	0
                            % of chimeric reads |	0.00%
