                                 Started job on |	Nov 30 14:17:20
                             Started mapping on |	Nov 30 14:17:58
                                    Finished on |	Nov 30 14:22:00
       Mapping speed, Million of reads per hour |	325.48

                          Number of input reads |	21879413
                      Average input read length |	194
                                    UNIQUE READS:
                   Uniquely mapped reads number |	19460038
                        Uniquely mapped reads % |	88.94%
                          Average mapped length |	194.82
                       Number of splices: Total |	9399278
            Number of splices: Annotated (sjdb) |	9302344
                       Number of splices: GT/AG |	9305323
                       Number of splices: GC/AG |	70466
                       Number of splices: AT/AC |	9203
               Number of splices: Non-canonical |	14286
                      Mismatch rate per base, % |	0.16%
                         Deletion rate per base |	0.01%
                        Deletion average length |	1.61
                        Insertion rate per base |	0.00%
                       Insertion average length |	1.50
                             MULTI-MAPPING READS:
        Number of reads mapped to multiple loci |	2251620
             % of reads mapped to multiple loci |	10.29%
        Number of reads mapped to too many loci |	38136
             % of reads mapped to too many loci |	0.17%
                                  UNMAPPED READS:
       % of reads unmapped: too many mismatches |	0.00%
                 % of reads unmapped: too short |	0.51%
                     % of reads unmapped: other |	0.08%
                                  CHIMERIC READS:
                       Number of chimeric reads |	0
                            % of chimeric reads |	0.00%
