                                 Started job on |	Nov 30 14:09:15
                             Started mapping on |	Nov 30 14:09:57
                                    Finished on |	Nov 30 14:13:04
       Mapping speed, Million of reads per hour |	299.36

                          Number of input reads |	15549977
                      Average input read length |	195
                                    UNIQUE READS:
                   Uniquely mapped reads number |	13728267
                        Uniquely mapped reads % |	88.28%
                          Average mapped length |	195.18
                       Number of splices: Total |	6890900
            Number of splices: Annotated (sjdb) |	6820666
                       Number of splices: GT/AG |	6823212
                       Number of splices: GC/AG |	51892
                       Number of splices: AT/AC |	6660
               Number of splices: Non-canonical |	9136
                      Mismatch rate per base, % |	0.16%
                         Deletion rate per base |	0.01%
                        Deletion average length |	1.59
                        Insertion rate per base |	0.01%
                       Insertion average length |	1.45
                             MULTI-MAPPING READS:
        Number of reads mapped to multiple loci |	1720702
             % of reads mapped to multiple loci |	11.07%
        Number of reads mapped to too many loci |	32172
             % of reads mapped to too many loci |	0.21%
                                  UNMAPPED READS:
       % of reads unmapped: too many mismatches |	0.00%
                 % of reads unmapped: too short |	0.36%
                     % of reads unmapped: other |	0.08%
                                  CHIMERIC READS:
                       Number of chimeric reads |	0
                            % of chimeric reads |	0.00%
