[2020-04-21 04:43:12.310] [jointLog] [info] Fragment incompatibility prior below threshold.  Incompatible fragments will be ignored.
[2020-04-21 04:43:12.310] [jointLog] [info] Usage of --validateMappings implies use of minScoreFraction. Since not explicitly specified, it is being set to 0.65
[2020-04-21 04:43:12.310] [jointLog] [info] Usage of --validateMappings implies a default consensus slack of 0.2. Setting consensusSlack to 0.35.
[2020-04-21 04:43:12.310] [jointLog] [info] parsing read library format
[2020-04-21 04:43:12.310] [jointLog] [info] There is 1 library.
[2020-04-21 04:43:12.368] [jointLog] [info] Loading pufferfish index
[2020-04-21 04:43:12.379] [jointLog] [info] Loading dense pufferfish index.
[2020-04-21 04:43:54.638] [jointLog] [info] done
[2020-04-21 04:43:54.638] [jointLog] [info] Index contained 52,598 targets
[2020-04-21 04:43:54.655] [jointLog] [info] Number of decoys : 993
[2020-04-21 04:43:54.655] [jointLog] [info] First decoy index : 51,591 
[2020-04-21 04:43:54.993] [jointLog] [info] Automatically detected most likely library type as SR
[2020-04-21 04:44:06.257] [jointLog] [info] Thread saw mini-batch with a maximum of 2.32% zero probability fragments
[2020-04-21 04:44:06.258] [jointLog] [info] Thread saw mini-batch with a maximum of 2.34% zero probability fragments
[2020-04-21 04:44:06.259] [jointLog] [info] Thread saw mini-batch with a maximum of 2.30% zero probability fragments
[2020-04-21 04:44:06.259] [jointLog] [info] Thread saw mini-batch with a maximum of 2.46% zero probability fragments
[2020-04-21 04:44:06.271] [jointLog] [info] Thread saw mini-batch with a maximum of 2.36% zero probability fragments
[2020-04-21 04:44:06.281] [jointLog] [info] Thread saw mini-batch with a maximum of 2.28% zero probability fragments
[2020-04-21 04:44:06.284] [jointLog] [info] Thread saw mini-batch with a maximum of 2.38% zero probability fragments
[2020-04-21 04:44:06.286] [jointLog] [info] Thread saw mini-batch with a maximum of 2.30% zero probability fragments
[2020-04-21 04:44:06.287] [jointLog] [info] Thread saw mini-batch with a maximum of 2.56% zero probability fragments
[2020-04-21 04:44:06.289] [jointLog] [info] Thread saw mini-batch with a maximum of 2.38% zero probability fragments
[2020-04-21 04:44:06.290] [jointLog] [info] Thread saw mini-batch with a maximum of 2.48% zero probability fragments
[2020-04-21 04:44:06.300] [jointLog] [info] Thread saw mini-batch with a maximum of 2.34% zero probability fragments
[2020-04-21 04:44:06.301] [jointLog] [info] Thread saw mini-batch with a maximum of 2.48% zero probability fragments
[2020-04-21 04:44:06.305] [jointLog] [info] Thread saw mini-batch with a maximum of 2.38% zero probability fragments
[2020-04-21 04:44:06.307] [jointLog] [info] Thread saw mini-batch with a maximum of 2.36% zero probability fragments
[2020-04-21 04:44:06.309] [jointLog] [info] Thread saw mini-batch with a maximum of 2.38% zero probability fragments
[2020-04-21 04:44:06.381] [jointLog] [info] Computed 82,163 rich equivalence classes for further processing
[2020-04-21 04:44:06.381] [jointLog] [info] Counted 10,170,519 total reads in the equivalence classes 
[2020-04-21 04:44:06.392] [jointLog] [warning] 0.288951% of fragments were shorter than the k used to build the index.
If this fraction is too large, consider re-building the index with a smaller k.
The minimum read size found was 15.


[2020-04-21 04:44:06.392] [jointLog] [info] Number of mappings discarded because of alignment score : 4,044,366
[2020-04-21 04:44:06.392] [jointLog] [info] Number of fragments entirely discarded because of alignment score : 177,435
[2020-04-21 04:44:06.392] [jointLog] [info] Number of fragments discarded because they are best-mapped to decoys : 147,515
[2020-04-21 04:44:06.392] [jointLog] [info] Number of fragments discarded because they have only dovetail (discordant) mappings to valid targets : 0
[2020-04-21 04:44:06.392] [jointLog] [info] Mapping rate = 70.2805%

[2020-04-21 04:44:06.392] [jointLog] [info] finished quantifyLibrary()
[2020-04-21 04:44:06.445] [jointLog] [info] Starting optimizer
[2020-04-21 04:44:06.473] [jointLog] [info] Marked 0 weighted equivalence classes as degenerate
[2020-04-21 04:44:06.476] [jointLog] [info] iteration = 0 | max rel diff. = 14833.4
[2020-04-21 04:44:06.381] [fileLog] [info] 
At end of round 0
==================
Observed 14471332 total fragments (14471332 in most recent round)

[2020-04-21 04:44:06.700] [jointLog] [info] iteration = 100 | max rel diff. = 18.4009
[2020-04-21 04:44:06.908] [jointLog] [info] iteration = 200 | max rel diff. = 7.22957
[2020-04-21 04:44:07.117] [jointLog] [info] iteration = 300 | max rel diff. = 1.62683
[2020-04-21 04:44:07.326] [jointLog] [info] iteration = 400 | max rel diff. = 7.46816
[2020-04-21 04:44:07.534] [jointLog] [info] iteration = 500 | max rel diff. = 0.108981
[2020-04-21 04:44:07.743] [jointLog] [info] iteration = 600 | max rel diff. = 0.062177
[2020-04-21 04:44:07.952] [jointLog] [info] iteration = 700 | max rel diff. = 0.0351832
[2020-04-21 04:44:08.161] [jointLog] [info] iteration = 800 | max rel diff. = 0.1498
[2020-04-21 04:44:08.369] [jointLog] [info] iteration = 900 | max rel diff. = 0.116068
[2020-04-21 04:44:08.556] [jointLog] [info] iteration = 990 | max rel diff. = 0.00956638
[2020-04-21 04:44:08.557] [jointLog] [info] Finished optimizer
[2020-04-21 04:44:08.557] [jointLog] [info] writing output 

