[2020-04-21 05:00:57.164] [jointLog] [info] Fragment incompatibility prior below threshold.  Incompatible fragments will be ignored.
[2020-04-21 05:00:57.164] [jointLog] [info] Usage of --validateMappings implies use of minScoreFraction. Since not explicitly specified, it is being set to 0.65
[2020-04-21 05:00:57.164] [jointLog] [info] Usage of --validateMappings implies a default consensus slack of 0.2. Setting consensusSlack to 0.35.
[2020-04-21 05:00:57.164] [jointLog] [info] parsing read library format
[2020-04-21 05:00:57.164] [jointLog] [info] There is 1 library.
[2020-04-21 05:00:57.207] [jointLog] [info] Loading pufferfish index
[2020-04-21 05:00:57.207] [jointLog] [info] Loading dense pufferfish index.
[2020-04-21 05:01:09.473] [jointLog] [info] done
[2020-04-21 05:01:09.473] [jointLog] [info] Index contained 52,598 targets
[2020-04-21 05:01:09.491] [jointLog] [info] Number of decoys : 993
[2020-04-21 05:01:09.491] [jointLog] [info] First decoy index : 51,591 
[2020-04-21 05:01:09.755] [jointLog] [info] Automatically detected most likely library type as SR
[2020-04-21 05:01:34.873] [jointLog] [info] Thread saw mini-batch with a maximum of 0.74% zero probability fragments
[2020-04-21 05:01:34.874] [jointLog] [info] Thread saw mini-batch with a maximum of 0.74% zero probability fragments
[2020-04-21 05:01:34.874] [jointLog] [info] Thread saw mini-batch with a maximum of 0.72% zero probability fragments
[2020-04-21 05:01:34.876] [jointLog] [info] Thread saw mini-batch with a maximum of 0.82% zero probability fragments
[2020-04-21 05:01:34.888] [jointLog] [info] Thread saw mini-batch with a maximum of 0.78% zero probability fragments
[2020-04-21 05:01:34.898] [jointLog] [info] Thread saw mini-batch with a maximum of 0.76% zero probability fragments
[2020-04-21 05:01:34.898] [jointLog] [info] Thread saw mini-batch with a maximum of 0.84% zero probability fragments
[2020-04-21 05:01:34.903] [jointLog] [info] Thread saw mini-batch with a maximum of 0.84% zero probability fragments
[2020-04-21 05:01:34.921] [jointLog] [info] Thread saw mini-batch with a maximum of 0.90% zero probability fragments
[2020-04-21 05:01:34.924] [jointLog] [info] Thread saw mini-batch with a maximum of 0.74% zero probability fragments
[2020-04-21 05:01:34.925] [jointLog] [info] Thread saw mini-batch with a maximum of 0.70% zero probability fragments
[2020-04-21 05:01:34.937] [jointLog] [info] Thread saw mini-batch with a maximum of 0.76% zero probability fragments
[2020-04-21 05:01:34.939] [jointLog] [info] Thread saw mini-batch with a maximum of 0.76% zero probability fragments
[2020-04-21 05:01:34.959] [jointLog] [info] Thread saw mini-batch with a maximum of 0.78% zero probability fragments
[2020-04-21 05:01:34.961] [jointLog] [info] Thread saw mini-batch with a maximum of 0.72% zero probability fragments
[2020-04-21 05:01:34.968] [jointLog] [info] Thread saw mini-batch with a maximum of 0.72% zero probability fragments
[2020-04-21 05:01:35.046] [jointLog] [info] Computed 91,400 rich equivalence classes for further processing
[2020-04-21 05:01:35.046] [jointLog] [info] Counted 8,881,517 total reads in the equivalence classes 
[2020-04-21 05:01:35.058] [jointLog] [warning] 0.0680173% of fragments were shorter than the k used to build the index.
If this fraction is too large, consider re-building the index with a smaller k.
The minimum read size found was 15.


[2020-04-21 05:01:35.058] [jointLog] [info] Number of mappings discarded because of alignment score : 11,349,026
[2020-04-21 05:01:35.058] [jointLog] [info] Number of fragments entirely discarded because of alignment score : 572,856
[2020-04-21 05:01:35.058] [jointLog] [info] Number of fragments discarded because they are best-mapped to decoys : 548,120
[2020-04-21 05:01:35.058] [jointLog] [info] Number of fragments discarded because they have only dovetail (discordant) mappings to valid targets : 0
[2020-04-21 05:01:35.058] [jointLog] [info] Mapping rate = 44.5335%

[2020-04-21 05:01:35.058] [jointLog] [info] finished quantifyLibrary()
[2020-04-21 05:01:35.059] [jointLog] [info] Starting optimizer
[2020-04-21 05:01:35.092] [jointLog] [info] Marked 0 weighted equivalence classes as degenerate
[2020-04-21 05:01:35.095] [jointLog] [info] iteration = 0 | max rel diff. = 12577.1
[2020-04-21 05:01:35.047] [fileLog] [info] 
At end of round 0
==================
Observed 19943469 total fragments (19943469 in most recent round)

[2020-04-21 05:01:35.370] [jointLog] [info] iteration = 100 | max rel diff. = 10.2391
[2020-04-21 05:01:35.626] [jointLog] [info] iteration = 200 | max rel diff. = 2.16414
[2020-04-21 05:01:35.882] [jointLog] [info] iteration = 300 | max rel diff. = 0.617861
[2020-04-21 05:01:36.137] [jointLog] [info] iteration = 400 | max rel diff. = 0.254042
[2020-04-21 05:01:36.393] [jointLog] [info] iteration = 500 | max rel diff. = 0.37276
[2020-04-21 05:01:36.650] [jointLog] [info] iteration = 600 | max rel diff. = 6.97709
[2020-04-21 05:01:36.906] [jointLog] [info] iteration = 700 | max rel diff. = 0.0703777
[2020-04-21 05:01:37.161] [jointLog] [info] iteration = 800 | max rel diff. = 0.0394237
[2020-04-21 05:01:37.417] [jointLog] [info] iteration = 900 | max rel diff. = 0.124488
[2020-04-21 05:01:37.672] [jointLog] [info] iteration = 1,000 | max rel diff. = 0.0141155
[2020-04-21 05:01:37.928] [jointLog] [info] iteration = 1,100 | max rel diff. = 0.0290052
[2020-04-21 05:01:38.186] [jointLog] [info] iteration = 1,200 | max rel diff. = 0.18044
[2020-04-21 05:01:38.222] [jointLog] [info] iteration = 1,215 | max rel diff. = 0.00395461
[2020-04-21 05:01:38.223] [jointLog] [info] Finished optimizer
[2020-04-21 05:01:38.223] [jointLog] [info] writing output 

