[2020-04-21 04:45:03.694] [jointLog] [info] Fragment incompatibility prior below threshold.  Incompatible fragments will be ignored.
[2020-04-21 04:45:03.694] [jointLog] [info] Usage of --validateMappings implies use of minScoreFraction. Since not explicitly specified, it is being set to 0.65
[2020-04-21 04:45:03.694] [jointLog] [info] Usage of --validateMappings implies a default consensus slack of 0.2. Setting consensusSlack to 0.35.
[2020-04-21 04:45:03.694] [jointLog] [info] parsing read library format
[2020-04-21 04:45:03.694] [jointLog] [info] There is 1 library.
[2020-04-21 04:45:03.734] [jointLog] [info] Loading pufferfish index
[2020-04-21 04:45:03.734] [jointLog] [info] Loading dense pufferfish index.
[2020-04-21 04:45:15.898] [jointLog] [info] done
[2020-04-21 04:45:15.898] [jointLog] [info] Index contained 52,598 targets
[2020-04-21 04:45:15.916] [jointLog] [info] Number of decoys : 993
[2020-04-21 04:45:15.916] [jointLog] [info] First decoy index : 51,591 
[2020-04-21 04:45:16.195] [jointLog] [info] Automatically detected most likely library type as SR
[2020-04-21 04:45:34.459] [jointLog] [info] Thread saw mini-batch with a maximum of 2.80% zero probability fragments
[2020-04-21 04:45:34.460] [jointLog] [info] Thread saw mini-batch with a maximum of 2.74% zero probability fragments
[2020-04-21 04:45:34.461] [jointLog] [info] Thread saw mini-batch with a maximum of 2.66% zero probability fragments
[2020-04-21 04:45:34.465] [jointLog] [info] Thread saw mini-batch with a maximum of 2.76% zero probability fragments
[2020-04-21 04:45:34.473] [jointLog] [info] Thread saw mini-batch with a maximum of 2.82% zero probability fragments
[2020-04-21 04:45:34.479] [jointLog] [info] Thread saw mini-batch with a maximum of 2.70% zero probability fragments
[2020-04-21 04:45:34.482] [jointLog] [info] Thread saw mini-batch with a maximum of 2.68% zero probability fragments
[2020-04-21 04:45:34.485] [jointLog] [info] Thread saw mini-batch with a maximum of 2.74% zero probability fragments
[2020-04-21 04:45:34.496] [jointLog] [info] Thread saw mini-batch with a maximum of 2.68% zero probability fragments
[2020-04-21 04:45:34.498] [jointLog] [info] Thread saw mini-batch with a maximum of 2.86% zero probability fragments
[2020-04-21 04:45:34.509] [jointLog] [info] Thread saw mini-batch with a maximum of 2.90% zero probability fragments
[2020-04-21 04:45:34.510] [jointLog] [info] Thread saw mini-batch with a maximum of 2.68% zero probability fragments
[2020-04-21 04:45:34.519] [jointLog] [info] Thread saw mini-batch with a maximum of 2.70% zero probability fragments
[2020-04-21 04:45:34.522] [jointLog] [info] Thread saw mini-batch with a maximum of 2.64% zero probability fragments
[2020-04-21 04:45:34.536] [jointLog] [info] Thread saw mini-batch with a maximum of 2.90% zero probability fragments
[2020-04-21 04:45:34.550] [jointLog] [info] Thread saw mini-batch with a maximum of 2.68% zero probability fragments
[2020-04-21 04:45:34.633] [jointLog] [info] Computed 91,295 rich equivalence classes for further processing
[2020-04-21 04:45:34.633] [jointLog] [info] Counted 7,077,993 total reads in the equivalence classes 
[2020-04-21 04:45:34.644] [jointLog] [warning] 0.317383% of fragments were shorter than the k used to build the index.
If this fraction is too large, consider re-building the index with a smaller k.
The minimum read size found was 15.


[2020-04-21 04:45:34.644] [jointLog] [info] Number of mappings discarded because of alignment score : 8,015,890
[2020-04-21 04:45:34.644] [jointLog] [info] Number of fragments entirely discarded because of alignment score : 494,867
[2020-04-21 04:45:34.644] [jointLog] [info] Number of fragments discarded because they are best-mapped to decoys : 423,917
[2020-04-21 04:45:34.644] [jointLog] [info] Number of fragments discarded because they have only dovetail (discordant) mappings to valid targets : 0
[2020-04-21 04:45:34.644] [jointLog] [info] Mapping rate = 52.5188%

[2020-04-21 04:45:34.644] [jointLog] [info] finished quantifyLibrary()
[2020-04-21 04:45:34.645] [jointLog] [info] Starting optimizer
[2020-04-21 04:45:34.831] [jointLog] [info] Marked 0 weighted equivalence classes as degenerate
[2020-04-21 04:45:34.838] [jointLog] [info] iteration = 0 | max rel diff. = 11054.7
[2020-04-21 04:45:34.633] [fileLog] [info] 
At end of round 0
==================
Observed 13477078 total fragments (13477078 in most recent round)

[2020-04-21 04:45:35.153] [jointLog] [info] iteration = 100 | max rel diff. = 17.5601
[2020-04-21 04:45:35.451] [jointLog] [info] iteration = 200 | max rel diff. = 1.92815
[2020-04-21 04:45:35.750] [jointLog] [info] iteration = 300 | max rel diff. = 0.418137
[2020-04-21 04:45:36.049] [jointLog] [info] iteration = 400 | max rel diff. = 0.509908
[2020-04-21 04:45:36.347] [jointLog] [info] iteration = 500 | max rel diff. = 0.102114
[2020-04-21 04:45:36.646] [jointLog] [info] iteration = 600 | max rel diff. = 0.0578873
[2020-04-21 04:45:36.945] [jointLog] [info] iteration = 700 | max rel diff. = 0.10278
[2020-04-21 04:45:37.244] [jointLog] [info] iteration = 800 | max rel diff. = 0.0266892
[2020-04-21 04:45:37.543] [jointLog] [info] iteration = 900 | max rel diff. = 0.0541679
[2020-04-21 04:45:37.587] [jointLog] [info] iteration = 916 | max rel diff. = 0.00923154
[2020-04-21 04:45:37.589] [jointLog] [info] Finished optimizer
[2020-04-21 04:45:37.589] [jointLog] [info] writing output 

