                                 Started job on |	Sep 11 14:13:43
                             Started mapping on |	Sep 11 14:13:50
                                    Finished on |	Sep 11 14:16:40
       Mapping speed, Million of reads per hour |	946.01

                          Number of input reads |	44672787
                      Average input read length |	75
                                    UNIQUE READS:
                   Uniquely mapped reads number |	41273554
                        Uniquely mapped reads % |	92.39%
                          Average mapped length |	74.71
                       Number of splices: Total |	6794919
            Number of splices: Annotated (sjdb) |	6494948
                       Number of splices: GT/AG |	6699303
                       Number of splices: GC/AG |	53790
                       Number of splices: AT/AC |	5817
               Number of splices: Non-canonical |	36009
                      Mismatch rate per base, % |	0.67%
                         Deletion rate per base |	0.04%
                        Deletion average length |	1.93
                        Insertion rate per base |	0.02%
                       Insertion average length |	1.76
                             MULTI-MAPPING READS:
        Number of reads mapped to multiple loci |	1794780
             % of reads mapped to multiple loci |	4.02%
        Number of reads mapped to too many loci |	293441
             % of reads mapped to too many loci |	0.66%
                                  UNMAPPED READS:
       % of reads unmapped: too many mismatches |	0.00%
                 % of reads unmapped: too short |	2.16%
                     % of reads unmapped: other |	0.78%
                                  CHIMERIC READS:
                       Number of chimeric reads |	0
                            % of chimeric reads |	0.00%
