                                 Started job on |	Sep 09 17:04:06
                             Started mapping on |	Sep 09 17:04:15
                                    Finished on |	Sep 09 17:14:22
       Mapping speed, Million of reads per hour |	195.09

                          Number of input reads |	32895183
                      Average input read length |	263
                                    UNIQUE READS:
                   Uniquely mapped reads number |	27920875
                        Uniquely mapped reads % |	84.88%
                          Average mapped length |	265.48
                       Number of splices: Total |	12033961
            Number of splices: Annotated (sjdb) |	11288791
                       Number of splices: GT/AG |	11822339
                       Number of splices: GC/AG |	104239
                       Number of splices: AT/AC |	9911
               Number of splices: Non-canonical |	97472
                      Mismatch rate per base, % |	0.53%
                         Deletion rate per base |	0.05%
                        Deletion average length |	2.64
                        Insertion rate per base |	0.03%
                       Insertion average length |	2.51
                             MULTI-MAPPING READS:
        Number of reads mapped to multiple loci |	3636380
             % of reads mapped to multiple loci |	11.05%
        Number of reads mapped to too many loci |	121167
             % of reads mapped to too many loci |	0.37%
                                  UNMAPPED READS:
       % of reads unmapped: too many mismatches |	0.00%
                 % of reads unmapped: too short |	3.48%
                     % of reads unmapped: other |	0.22%
                                  CHIMERIC READS:
                       Number of chimeric reads |	0
                            % of chimeric reads |	0.00%
