                                 Started job on |	Sep 09 18:23:15
                             Started mapping on |	Sep 09 18:23:53
                                    Finished on |	Sep 09 18:33:09
       Mapping speed, Million of reads per hour |	208.45

                          Number of input reads |	32193899
                      Average input read length |	262
                                    UNIQUE READS:
                   Uniquely mapped reads number |	27582651
                        Uniquely mapped reads % |	85.68%
                          Average mapped length |	264.22
                       Number of splices: Total |	10425176
            Number of splices: Annotated (sjdb) |	9821011
                       Number of splices: GT/AG |	10244085
                       Number of splices: GC/AG |	88538
                       Number of splices: AT/AC |	8525
               Number of splices: Non-canonical |	84028
                      Mismatch rate per base, % |	0.50%
                         Deletion rate per base |	0.05%
                        Deletion average length |	2.58
                        Insertion rate per base |	0.03%
                       Insertion average length |	2.42
                             MULTI-MAPPING READS:
        Number of reads mapped to multiple loci |	3496777
             % of reads mapped to multiple loci |	10.86%
        Number of reads mapped to too many loci |	96495
             % of reads mapped to too many loci |	0.30%
                                  UNMAPPED READS:
       % of reads unmapped: too many mismatches |	0.00%
                 % of reads unmapped: too short |	2.96%
                     % of reads unmapped: other |	0.20%
                                  CHIMERIC READS:
                       Number of chimeric reads |	0
                            % of chimeric reads |	0.00%
