                                 Started job on |	Sep 09 18:33:14
                             Started mapping on |	Sep 09 18:33:32
                                    Finished on |	Sep 09 18:43:24
       Mapping speed, Million of reads per hour |	202.60

                          Number of input reads |	33316915
                      Average input read length |	263
                                    UNIQUE READS:
                   Uniquely mapped reads number |	28345699
                        Uniquely mapped reads % |	85.08%
                          Average mapped length |	265.55
                       Number of splices: Total |	11957336
            Number of splices: Annotated (sjdb) |	11270696
                       Number of splices: GT/AG |	11753112
                       Number of splices: GC/AG |	103937
                       Number of splices: AT/AC |	9466
               Number of splices: Non-canonical |	90821
                      Mismatch rate per base, % |	0.50%
                         Deletion rate per base |	0.05%
                        Deletion average length |	2.61
                        Insertion rate per base |	0.03%
                       Insertion average length |	2.35
                             MULTI-MAPPING READS:
        Number of reads mapped to multiple loci |	3800058
             % of reads mapped to multiple loci |	11.41%
        Number of reads mapped to too many loci |	95538
             % of reads mapped to too many loci |	0.29%
                                  UNMAPPED READS:
       % of reads unmapped: too many mismatches |	0.00%
                 % of reads unmapped: too short |	3.04%
                     % of reads unmapped: other |	0.19%
                                  CHIMERIC READS:
                       Number of chimeric reads |	0
                            % of chimeric reads |	0.00%
