[2020-04-21 05:01:39.474] [jointLog] [info] Fragment incompatibility prior below threshold.  Incompatible fragments will be ignored.
[2020-04-21 05:01:39.474] [jointLog] [info] Usage of --validateMappings implies use of minScoreFraction. Since not explicitly specified, it is being set to 0.65
[2020-04-21 05:01:39.474] [jointLog] [info] Usage of --validateMappings implies a default consensus slack of 0.2. Setting consensusSlack to 0.35.
[2020-04-21 05:01:39.474] [jointLog] [info] parsing read library format
[2020-04-21 05:01:39.474] [jointLog] [info] There is 1 library.
[2020-04-21 05:01:39.515] [jointLog] [info] Loading pufferfish index
[2020-04-21 05:01:39.515] [jointLog] [info] Loading dense pufferfish index.
[2020-04-21 05:01:52.219] [jointLog] [info] done
[2020-04-21 05:01:52.219] [jointLog] [info] Index contained 52,598 targets
[2020-04-21 05:01:52.236] [jointLog] [info] Number of decoys : 993
[2020-04-21 05:01:52.236] [jointLog] [info] First decoy index : 51,591 
[2020-04-21 05:01:52.570] [jointLog] [info] Automatically detected most likely library type as SR
[2020-04-21 05:02:18.634] [jointLog] [info] Thread saw mini-batch with a maximum of 0.90% zero probability fragments
[2020-04-21 05:02:18.637] [jointLog] [info] Thread saw mini-batch with a maximum of 0.84% zero probability fragments
[2020-04-21 05:02:18.647] [jointLog] [info] Thread saw mini-batch with a maximum of 0.90% zero probability fragments
[2020-04-21 05:02:18.654] [jointLog] [info] Thread saw mini-batch with a maximum of 0.88% zero probability fragments
[2020-04-21 05:02:18.655] [jointLog] [info] Thread saw mini-batch with a maximum of 0.94% zero probability fragments
[2020-04-21 05:02:18.674] [jointLog] [info] Thread saw mini-batch with a maximum of 0.90% zero probability fragments
[2020-04-21 05:02:18.675] [jointLog] [info] Thread saw mini-batch with a maximum of 0.98% zero probability fragments
[2020-04-21 05:02:18.679] [jointLog] [info] Thread saw mini-batch with a maximum of 0.90% zero probability fragments
[2020-04-21 05:02:18.679] [jointLog] [info] Thread saw mini-batch with a maximum of 0.98% zero probability fragments
[2020-04-21 05:02:18.682] [jointLog] [info] Thread saw mini-batch with a maximum of 0.88% zero probability fragments
[2020-04-21 05:02:18.683] [jointLog] [info] Thread saw mini-batch with a maximum of 0.90% zero probability fragments
[2020-04-21 05:02:18.687] [jointLog] [info] Thread saw mini-batch with a maximum of 0.98% zero probability fragments
[2020-04-21 05:02:18.708] [jointLog] [info] Thread saw mini-batch with a maximum of 0.86% zero probability fragments
[2020-04-21 05:02:18.708] [jointLog] [info] Thread saw mini-batch with a maximum of 0.90% zero probability fragments
[2020-04-21 05:02:18.717] [jointLog] [info] Thread saw mini-batch with a maximum of 0.88% zero probability fragments
[2020-04-21 05:02:18.733] [jointLog] [info] Thread saw mini-batch with a maximum of 0.94% zero probability fragments
[2020-04-21 05:02:18.812] [jointLog] [info] Computed 93,117 rich equivalence classes for further processing
[2020-04-21 05:02:18.812] [jointLog] [info] Counted 8,612,013 total reads in the equivalence classes 
[2020-04-21 05:02:18.823] [jointLog] [warning] 0.0724215% of fragments were shorter than the k used to build the index.
If this fraction is too large, consider re-building the index with a smaller k.
The minimum read size found was 15.


[2020-04-21 05:02:18.823] [jointLog] [info] Number of mappings discarded because of alignment score : 12,345,579
[2020-04-21 05:02:18.823] [jointLog] [info] Number of fragments entirely discarded because of alignment score : 611,011
[2020-04-21 05:02:18.823] [jointLog] [info] Number of fragments discarded because they are best-mapped to decoys : 585,810
[2020-04-21 05:02:18.823] [jointLog] [info] Number of fragments discarded because they have only dovetail (discordant) mappings to valid targets : 0
[2020-04-21 05:02:18.823] [jointLog] [info] Mapping rate = 44.3911%

[2020-04-21 05:02:18.823] [jointLog] [info] finished quantifyLibrary()
[2020-04-21 05:02:18.824] [jointLog] [info] Starting optimizer
[2020-04-21 05:02:18.856] [jointLog] [info] Marked 0 weighted equivalence classes as degenerate
[2020-04-21 05:02:18.860] [jointLog] [info] iteration = 0 | max rel diff. = 13688.3
[2020-04-21 05:02:18.812] [fileLog] [info] 
At end of round 0
==================
Observed 19400320 total fragments (19400320 in most recent round)

[2020-04-21 05:02:19.134] [jointLog] [info] iteration = 100 | max rel diff. = 19.3481
[2020-04-21 05:02:19.403] [jointLog] [info] iteration = 200 | max rel diff. = 1.23968
[2020-04-21 05:02:19.672] [jointLog] [info] iteration = 300 | max rel diff. = 3.64667
[2020-04-21 05:02:19.941] [jointLog] [info] iteration = 400 | max rel diff. = 6.39249
[2020-04-21 05:02:20.210] [jointLog] [info] iteration = 500 | max rel diff. = 0.132272
[2020-04-21 05:02:20.479] [jointLog] [info] iteration = 600 | max rel diff. = 0.0517312
[2020-04-21 05:02:20.747] [jointLog] [info] iteration = 700 | max rel diff. = 0.44846
[2020-04-21 05:02:21.016] [jointLog] [info] iteration = 800 | max rel diff. = 0.11375
[2020-04-21 05:02:21.285] [jointLog] [info] iteration = 900 | max rel diff. = 0.0310174
[2020-04-21 05:02:21.555] [jointLog] [info] iteration = 1,000 | max rel diff. = 0.92451
[2020-04-21 05:02:21.609] [jointLog] [info] iteration = 1,021 | max rel diff. = 0.00852368
[2020-04-21 05:02:21.610] [jointLog] [info] Finished optimizer
[2020-04-21 05:02:21.610] [jointLog] [info] writing output 

