[2020-04-21 04:59:31.049] [jointLog] [info] Fragment incompatibility prior below threshold.  Incompatible fragments will be ignored.
[2020-04-21 04:59:31.049] [jointLog] [info] Usage of --validateMappings implies use of minScoreFraction. Since not explicitly specified, it is being set to 0.65
[2020-04-21 04:59:31.049] [jointLog] [info] Usage of --validateMappings implies a default consensus slack of 0.2. Setting consensusSlack to 0.35.
[2020-04-21 04:59:31.049] [jointLog] [info] parsing read library format
[2020-04-21 04:59:31.049] [jointLog] [info] There is 1 library.
[2020-04-21 04:59:31.090] [jointLog] [info] Loading pufferfish index
[2020-04-21 04:59:31.091] [jointLog] [info] Loading dense pufferfish index.
[2020-04-21 04:59:43.344] [jointLog] [info] done
[2020-04-21 04:59:43.344] [jointLog] [info] Index contained 52,598 targets
[2020-04-21 04:59:43.361] [jointLog] [info] Number of decoys : 993
[2020-04-21 04:59:43.361] [jointLog] [info] First decoy index : 51,591 
[2020-04-21 04:59:43.662] [jointLog] [info] Automatically detected most likely library type as SR
[2020-04-21 05:00:06.277] [jointLog] [info] Thread saw mini-batch with a maximum of 0.82% zero probability fragments
[2020-04-21 05:00:06.278] [jointLog] [info] Thread saw mini-batch with a maximum of 0.80% zero probability fragments
[2020-04-21 05:00:06.285] [jointLog] [info] Thread saw mini-batch with a maximum of 0.82% zero probability fragments
[2020-04-21 05:00:06.286] [jointLog] [info] Thread saw mini-batch with a maximum of 0.84% zero probability fragments
[2020-04-21 05:00:06.286] [jointLog] [info] Thread saw mini-batch with a maximum of 0.92% zero probability fragments
[2020-04-21 05:00:06.290] [jointLog] [info] Thread saw mini-batch with a maximum of 0.82% zero probability fragments
[2020-04-21 05:00:06.308] [jointLog] [info] Thread saw mini-batch with a maximum of 0.90% zero probability fragments
[2020-04-21 05:00:06.314] [jointLog] [info] Thread saw mini-batch with a maximum of 0.78% zero probability fragments
[2020-04-21 05:00:06.320] [jointLog] [info] Thread saw mini-batch with a maximum of 0.80% zero probability fragments
[2020-04-21 05:00:06.331] [jointLog] [info] Thread saw mini-batch with a maximum of 0.92% zero probability fragments
[2020-04-21 05:00:06.344] [jointLog] [info] Thread saw mini-batch with a maximum of 0.90% zero probability fragments
[2020-04-21 05:00:06.350] [jointLog] [info] Thread saw mini-batch with a maximum of 0.80% zero probability fragments
[2020-04-21 05:00:06.352] [jointLog] [info] Thread saw mini-batch with a maximum of 0.86% zero probability fragments
[2020-04-21 05:00:06.360] [jointLog] [info] Thread saw mini-batch with a maximum of 0.82% zero probability fragments
[2020-04-21 05:00:06.371] [jointLog] [info] Thread saw mini-batch with a maximum of 0.78% zero probability fragments
[2020-04-21 05:00:06.377] [jointLog] [info] Thread saw mini-batch with a maximum of 0.76% zero probability fragments
[2020-04-21 05:00:06.455] [jointLog] [info] Computed 87,807 rich equivalence classes for further processing
[2020-04-21 05:00:06.455] [jointLog] [info] Counted 7,098,391 total reads in the equivalence classes 
[2020-04-21 05:00:06.467] [jointLog] [warning] 0.113679% of fragments were shorter than the k used to build the index.
If this fraction is too large, consider re-building the index with a smaller k.
The minimum read size found was 15.


[2020-04-21 05:00:06.467] [jointLog] [info] Number of mappings discarded because of alignment score : 10,410,103
[2020-04-21 05:00:06.467] [jointLog] [info] Number of fragments entirely discarded because of alignment score : 525,764
[2020-04-21 05:00:06.467] [jointLog] [info] Number of fragments discarded because they are best-mapped to decoys : 504,263
[2020-04-21 05:00:06.467] [jointLog] [info] Number of fragments discarded because they have only dovetail (discordant) mappings to valid targets : 0
[2020-04-21 05:00:06.467] [jointLog] [info] Mapping rate = 41.3286%

[2020-04-21 05:00:06.467] [jointLog] [info] finished quantifyLibrary()
[2020-04-21 05:00:06.479] [jointLog] [info] Starting optimizer
[2020-04-21 05:00:06.508] [jointLog] [info] Marked 0 weighted equivalence classes as degenerate
[2020-04-21 05:00:06.512] [jointLog] [info] iteration = 0 | max rel diff. = 11727.9
[2020-04-21 05:00:06.456] [fileLog] [info] 
At end of round 0
==================
Observed 17175488 total fragments (17175488 in most recent round)

[2020-04-21 05:00:06.759] [jointLog] [info] iteration = 100 | max rel diff. = 5.25227
[2020-04-21 05:00:07.000] [jointLog] [info] iteration = 200 | max rel diff. = 15.6604
[2020-04-21 05:00:07.241] [jointLog] [info] iteration = 300 | max rel diff. = 0.641311
[2020-04-21 05:00:07.481] [jointLog] [info] iteration = 400 | max rel diff. = 0.597476
[2020-04-21 05:00:07.723] [jointLog] [info] iteration = 500 | max rel diff. = 0.13078
[2020-04-21 05:00:07.964] [jointLog] [info] iteration = 600 | max rel diff. = 0.424839
[2020-04-21 05:00:08.206] [jointLog] [info] iteration = 700 | max rel diff. = 0.987275
[2020-04-21 05:00:08.451] [jointLog] [info] iteration = 800 | max rel diff. = 6.76177
[2020-04-21 05:00:08.697] [jointLog] [info] iteration = 900 | max rel diff. = 0.0668475
[2020-04-21 05:00:08.941] [jointLog] [info] iteration = 1,000 | max rel diff. = 0.072511
[2020-04-21 05:00:09.186] [jointLog] [info] iteration = 1,100 | max rel diff. = 0.051612
[2020-04-21 05:00:09.430] [jointLog] [info] iteration = 1,200 | max rel diff. = 0.0594333
[2020-04-21 05:00:09.675] [jointLog] [info] iteration = 1,300 | max rel diff. = 0.0486741
[2020-04-21 05:00:09.724] [jointLog] [info] iteration = 1,321 | max rel diff. = 0.00790066
[2020-04-21 05:00:09.725] [jointLog] [info] Finished optimizer
[2020-04-21 05:00:09.725] [jointLog] [info] writing output 

