[2025-02-19 22:58:08.151] [jointLog] [info] setting maxHashResizeThreads to 8
[2025-02-19 22:58:08.151] [jointLog] [info] Fragment incompatibility prior below threshold.  Incompatible fragments will be ignored.
[2025-02-19 22:58:08.151] [jointLog] [info] Usage of --validateMappings implies use of minScoreFraction. Since not explicitly specified, it is being set to 0.65
[2025-02-19 22:58:08.151] [jointLog] [info] Setting consensusSlack to selective-alignment default of 0.35.
[2025-02-19 22:58:08.151] [jointLog] [info] parsing read library format
[2025-02-19 22:58:08.151] [jointLog] [info] There is 1 library.
[2025-02-19 22:58:08.151] [jointLog] [info] Loading pufferfish index
[2025-02-19 22:58:08.152] [jointLog] [info] Loading dense pufferfish index.
[2025-02-19 22:58:20.347] [jointLog] [info] done
[2025-02-19 22:58:20.373] [jointLog] [info] Index contained 58,185 targets
[2025-02-19 22:58:20.381] [jointLog] [info] Number of decoys : 993
[2025-02-19 22:58:20.381] [jointLog] [info] First decoy index : 57,178 
[2025-02-19 22:58:20.743] [jointLog] [info] Automatically detected most likely library type as SR

[2025-02-19 23:01:07.125] [jointLog] [info] Thread saw mini-batch with a maximum of 0.84% zero probability fragments
[2025-02-19 23:01:07.141] [jointLog] [info] Thread saw mini-batch with a maximum of 0.82% zero probability fragments
[2025-02-19 23:01:07.159] [jointLog] [info] Thread saw mini-batch with a maximum of 0.89% zero probability fragments
[2025-02-19 23:01:07.172] [jointLog] [info] Thread saw mini-batch with a maximum of 0.82% zero probability fragments
[2025-02-19 23:01:07.177] [jointLog] [info] Thread saw mini-batch with a maximum of 0.82% zero probability fragments
[2025-02-19 23:01:07.186] [jointLog] [info] Thread saw mini-batch with a maximum of 0.90% zero probability fragments
[2025-02-19 23:01:07.232] [jointLog] [info] Thread saw mini-batch with a maximum of 0.86% zero probability fragments
[2025-02-19 23:01:07.232] [jointLog] [info] Thread saw mini-batch with a maximum of 0.90% zero probability fragments
[2025-02-19 23:01:07.283] [jointLog] [info] Computed 117,300 rich equivalence classes for further processing
[2025-02-19 23:01:07.283] [jointLog] [info] Counted 28,898,686 total reads in the equivalence classes 
[2025-02-19 23:01:07.287] [jointLog] [info] Number of mappings discarded because of alignment score : 46,208,252
[2025-02-19 23:01:07.287] [jointLog] [info] Number of fragments entirely discarded because of alignment score : 2,424,955
[2025-02-19 23:01:07.287] [jointLog] [info] Number of fragments discarded because they are best-mapped to decoys : 2,100,094
[2025-02-19 23:01:07.287] [jointLog] [info] Number of fragments discarded because they have only dovetail (discordant) mappings to valid targets : 0
[2025-02-19 23:01:07.287] [jointLog] [info] Mapping rate = 64.2672%

[2025-02-19 23:01:07.287] [jointLog] [info] finished quantifyLibrary()
[2025-02-19 23:01:07.287] [jointLog] [info] Starting optimizer
[2025-02-19 23:01:07.310] [jointLog] [info] Marked 0 weighted equivalence classes as degenerate
[2025-02-19 23:01:07.313] [jointLog] [info] iteration = 0 | max rel diff. = 20462.5
[2025-02-19 23:01:07.283] [fileLog] [info] 
At end of round 0
==================
Observed 44966456 total fragments (44966456 in most recent round)

[2025-02-19 23:01:07.596] [jointLog] [info] iteration = 100 | max rel diff. = 9.07892
[2025-02-19 23:01:07.877] [jointLog] [info] iteration = 200 | max rel diff. = 5.44377
[2025-02-19 23:01:08.159] [jointLog] [info] iteration = 300 | max rel diff. = 4.85094
[2025-02-19 23:01:08.440] [jointLog] [info] iteration = 400 | max rel diff. = 1.51908
[2025-02-19 23:01:08.721] [jointLog] [info] iteration = 500 | max rel diff. = 0.590589
[2025-02-19 23:01:09.002] [jointLog] [info] iteration = 600 | max rel diff. = 0.538732
[2025-02-19 23:01:09.283] [jointLog] [info] iteration = 700 | max rel diff. = 3.29778
[2025-02-19 23:01:09.564] [jointLog] [info] iteration = 800 | max rel diff. = 0.025771
[2025-02-19 23:01:09.845] [jointLog] [info] iteration = 900 | max rel diff. = 19.2627
[2025-02-19 23:01:10.126] [jointLog] [info] iteration = 1,000 | max rel diff. = 0.0495908
[2025-02-19 23:01:10.407] [jointLog] [info] iteration = 1,100 | max rel diff. = 0.0211783
[2025-02-19 23:01:10.688] [jointLog] [info] iteration = 1,200 | max rel diff. = 0.0568147
[2025-02-19 23:01:10.969] [jointLog] [info] iteration = 1,300 | max rel diff. = 0.0956428
[2025-02-19 23:01:11.250] [jointLog] [info] iteration = 1,400 | max rel diff. = 0.0316084
[2025-02-19 23:01:11.531] [jointLog] [info] iteration = 1,500 | max rel diff. = 0.0234333
[2025-02-19 23:01:11.812] [jointLog] [info] iteration = 1,600 | max rel diff. = 0.027407
[2025-02-19 23:01:12.093] [jointLog] [info] iteration = 1,700 | max rel diff. = 0.109133
[2025-02-19 23:01:12.374] [jointLog] [info] iteration = 1,800 | max rel diff. = 0.417003
[2025-02-19 23:01:12.385] [jointLog] [info] iteration = 1,805 | max rel diff. = 0.00800066
[2025-02-19 23:01:12.387] [jointLog] [info] Finished optimizer
[2025-02-19 23:01:12.387] [jointLog] [info] writing output 

