[2020-04-23 14:39:17.707] [jointLog] [info] Fragment incompatibility prior below threshold.  Incompatible fragments will be ignored.
[2020-04-23 14:39:17.707] [jointLog] [info] Usage of --validateMappings implies use of minScoreFraction. Since not explicitly specified, it is being set to 0.65
[2020-04-23 14:39:17.707] [jointLog] [info] Usage of --validateMappings implies a default consensus slack of 0.2. Setting consensusSlack to 0.35.
[2020-04-23 14:39:17.707] [jointLog] [info] parsing read library format
[2020-04-23 14:39:17.707] [jointLog] [info] There is 1 library.
[2020-04-23 14:39:17.847] [jointLog] [info] Loading pufferfish index
[2020-04-23 14:39:17.848] [jointLog] [info] Loading dense pufferfish index.
[2020-04-23 14:39:54.048] [jointLog] [info] done
[2020-04-23 14:39:54.048] [jointLog] [info] Index contained 52,598 targets
[2020-04-23 14:39:54.101] [jointLog] [info] Number of decoys : 993
[2020-04-23 14:39:54.101] [jointLog] [info] First decoy index : 51,591 
[2020-04-23 14:40:08.867] [jointLog] [info] Automatically detected most likely library type as SF
[2020-04-23 14:41:38.395] [jointLog] [info] Thread saw mini-batch with a maximum of 0.16% zero probability fragments
[2020-04-23 14:41:38.395] [jointLog] [info] Thread saw mini-batch with a maximum of 0.14% zero probability fragments
[2020-04-23 14:41:38.395] [jointLog] [info] Thread saw mini-batch with a maximum of 0.18% zero probability fragments
[2020-04-23 14:41:38.396] [jointLog] [info] Thread saw mini-batch with a maximum of 0.14% zero probability fragments
[2020-04-23 14:41:38.396] [jointLog] [info] Thread saw mini-batch with a maximum of 0.14% zero probability fragments
[2020-04-23 14:41:38.396] [jointLog] [info] Thread saw mini-batch with a maximum of 0.14% zero probability fragments
[2020-04-23 14:41:38.402] [jointLog] [info] Thread saw mini-batch with a maximum of 0.16% zero probability fragments
[2020-04-23 14:41:38.405] [jointLog] [info] Thread saw mini-batch with a maximum of 0.14% zero probability fragments
[2020-04-23 14:41:38.419] [jointLog] [info] Thread saw mini-batch with a maximum of 0.18% zero probability fragments
[2020-04-23 14:41:38.441] [jointLog] [info] Thread saw mini-batch with a maximum of 0.14% zero probability fragments
[2020-04-23 14:41:38.442] [jointLog] [info] Thread saw mini-batch with a maximum of 0.14% zero probability fragments
[2020-04-23 14:41:38.456] [jointLog] [info] Thread saw mini-batch with a maximum of 0.18% zero probability fragments
[2020-04-23 14:41:38.457] [jointLog] [info] Thread saw mini-batch with a maximum of 0.14% zero probability fragments
[2020-04-23 14:41:38.467] [jointLog] [info] Thread saw mini-batch with a maximum of 0.14% zero probability fragments
[2020-04-23 14:41:38.476] [jointLog] [info] Thread saw mini-batch with a maximum of 0.14% zero probability fragments
[2020-04-23 14:41:38.481] [jointLog] [info] Thread saw mini-batch with a maximum of 0.18% zero probability fragments
[2020-04-23 14:41:38.549] [jointLog] [info] Computed 2,042 rich equivalence classes for further processing
[2020-04-23 14:41:38.549] [jointLog] [info] Counted 288,829 total reads in the equivalence classes 
[2020-04-23 14:41:38.624] [jointLog] [warning] 1.74339% of fragments were shorter than the k used to build the index.
If this fraction is too large, consider re-building the index with a smaller k.
The minimum read size found was 15.


[2020-04-23 14:41:38.625] [jointLog] [info] Number of mappings discarded because of alignment score : 3,389,595
[2020-04-23 14:41:38.625] [jointLog] [info] Number of fragments entirely discarded because of alignment score : 55,023
[2020-04-23 14:41:38.625] [jointLog] [info] Number of fragments discarded because they are best-mapped to decoys : 21,801
[2020-04-23 14:41:38.625] [jointLog] [info] Number of fragments discarded because they have only dovetail (discordant) mappings to valid targets : 0
[2020-04-23 14:41:38.636] [jointLog] [warning] Only 288829 fragments were mapped, but the number of burn-in fragments was set to 5000000.
The effective lengths have been computed using the observed mappings.

[2020-04-23 14:41:38.636] [jointLog] [info] Mapping rate = 0.644173%

[2020-04-23 14:41:38.636] [jointLog] [info] finished quantifyLibrary()
[2020-04-23 14:41:38.644] [jointLog] [info] Starting optimizer
[2020-04-23 14:41:38.680] [jointLog] [info] Marked 0 weighted equivalence classes as degenerate
[2020-04-23 14:41:38.682] [jointLog] [info] iteration = 0 | max rel diff. = 436.184
[2020-04-23 14:41:38.854] [jointLog] [info] iteration = 100 | max rel diff. = 8.12405
[2020-04-23 14:41:38.550] [fileLog] [info] 
At end of round 0
==================
Observed 44837191 total fragments (44837191 in most recent round)

[2020-04-23 14:41:38.973] [jointLog] [info] iteration = 173 | max rel diff. = 0.000296761
[2020-04-23 14:41:38.975] [jointLog] [info] Finished optimizer
[2020-04-23 14:41:38.975] [jointLog] [info] writing output 

